<?xml version="1.0" encoding="UTF-8"?>
<testsuites name="Sprint--2 Android" time="424.711" tests="3" failures="0" errors="0">
   <testsuite name="Sprint--2 Android" tests="3" failures="0" errors="0" time="424.711" skipped="0" timestamp="25-03-2025T05:01:13" hostname="**********" id="Test Suites/Sprint--2 Android">
      <properties>
         <property name="deviceName" value="samsung SM-A146B (Android 14)"/>
         <property name="devicePlatform" value="Android"/>
         <property name="logFolder" value="C:\\Users\\GVVignesh\\Katalon Studio\\WGR-Android-Automation\\Reports\\20250325_050101\\Sprint--2 Android\\20250325_050101"/>
         <property name="logFiles" value="C:\\Users\\GVVignesh\\Katalon Studio\\WGR-Android-Automation\\Reports\\20250325_050101\\Sprint--2 Android\\20250325_050101\\appium.log, C:\\Users\\GVVignesh\\Katalon Studio\\WGR-Android-Automation\\Reports\\20250325_050101\\Sprint--2 Android\\20250325_050101\\appium_error.log, C:\\Users\\GVVignesh\\Katalon Studio\\WGR-Android-Automation\\Reports\\20250325_050101\\Sprint--2 Android\\20250325_050101\\execution0.log"/>
         <property name="attachments" value=""/>
         <property name="hostName" value="**********"/>
         <property name="os" value="Windows 11 64bit"/>
         <property name="appiumServerStatus" value="{&quot;value&quot;:{&quot;ready&quot;:true,&quot;message&quot;:&quot;The server is ready to accept new connections&quot;,&quot;build&quot;:{&quot;version&quot;:&quot;2.16.0&quot;}}}"/>
         <property name="katalonVersion" value="10.1.1.0"/>
         <property name="deviceOS" value="Android"/>
         <property name="appiumVersion" value="2.16.0"/>
         <property name="deviceModel" value="SM-A146B"/>
         <property name="hostAddress" value="**********"/>
         <property name="deviceManufacturer" value="samsung"/>
         <property name="deviceId" value="adb-RZCW811B2MK-cCoIXY._adb-tls-connect._tcp"/>
         <property name="deviceName" value="samsung SM-A146B (Android 14)"/>
         <property name="deviceOSVersion" value="14"/>
      </properties>
      <testcase name="Test Cases/Sprint 2/WRMA-157/C666" time="120.582" classname="Test Cases/Sprint 2/WRMA-157/C666" status="PASSED">
         <system-out><![CDATA[25-03-2025T05:01:13 - [TEST_CASE][PASSED] - Test Cases/Sprint 2/WRMA-157/C666: Test Cases/Sprint 2/WRMA-157/C666

25-03-2025T05:01:14 - [TEST_STEP][PASSED] - startApplication("C:\Users\GVVignesh\git\WGR_Android\App Folder\universal.apk", false): Started application: 'C:\Users\GVVignesh\git\WGR_Android\App Folder\universal.apk'

25-03-2025T05:01:14 - [MESSAGE][INFO] - Starting application: 'C:\Users\GVVignesh\git\WGR_Android\App Folder\universal.apk'

25-03-2025T05:01:14 - [MESSAGE][INFO] - User set preference: ['deviceId', '']

25-03-2025T05:01:14 - [MESSAGE][INFO] - Detected NodeJS location: "C:\Program Files\nodejs\node.exe"

25-03-2025T05:01:24 - [MESSAGE][INFO] - PATH: C:\Program Files\nodejs;

25-03-2025T05:01:24 - [MESSAGE][INFO] - APPIUM_HOME: C:\Users\GVVignesh\.appium

25-03-2025T05:01:24 - [MESSAGE][INFO] - appium outlog: C:\Users\GVVignesh\Katalon Studio\WGR-Android-Automation\Reports\20250325_050101\Sprint--2 Android\20250325_050101\appium.log

25-03-2025T05:01:24 - [MESSAGE][INFO] - appium errlog: C:\Users\GVVignesh\Katalon Studio\WGR-Android-Automation\Reports\20250325_050101\Sprint--2 Android\20250325_050101\appium_error.log

25-03-2025T05:01:27 - [MESSAGE][INFO] - Appium server started on port 63,496

25-03-2025T05:02:31 - [MESSAGE][PASSED] - Started application: 'C:\Users\GVVignesh\git\WGR_Android\App Folder\universal.apk'

25-03-2025T05:02:31 - [TEST_STEP][PASSED] - delay(10): Delayed 10 second(s)

25-03-2025T05:02:41 - [MESSAGE][PASSED] - Delayed 10 second(s)

25-03-2025T05:02:41 - [TEST_STEP][PASSED] - tap(findTestObject("Object Repository/Repo/android.widget.TextView - Continue as a Guest"), 0): Tapped on element 'Object Repository/Repo/android.widget.TextView - Continue as a Guest'

25-03-2025T05:02:41 - [MESSAGE][WARNING] - Timeout '0' is invalid. Using default page load timeout: '30'

25-03-2025T05:02:42 - [MESSAGE][PASSED] - Tapped on element 'Object Repository/Repo/android.widget.TextView - Continue as a Guest'

25-03-2025T05:02:42 - [TEST_STEP][PASSED] - delay(10): Delayed 10 second(s)

25-03-2025T05:02:52 - [MESSAGE][PASSED] - Delayed 10 second(s)

25-03-2025T05:02:52 - [TEST_STEP][PASSED] - tap(findTestObject("Object Repository/Repo/android.widget.Button - menu"), 0): Tapped on element 'Object Repository/Repo/android.widget.Button - menu'

25-03-2025T05:02:52 - [MESSAGE][WARNING] - Timeout '0' is invalid. Using default page load timeout: '30'

25-03-2025T05:02:52 - [MESSAGE][PASSED] - Tapped on element 'Object Repository/Repo/android.widget.Button - menu'

25-03-2025T05:02:52 - [TEST_STEP][PASSED] - delay(10): Delayed 10 second(s)

25-03-2025T05:03:02 - [MESSAGE][PASSED] - Delayed 10 second(s)

25-03-2025T05:03:02 - [TEST_STEP][PASSED] - tap(findTestObject("Object Repository/Repo/android.widget.TabWidget (1)"), 0): Tapped on element 'Object Repository/Repo/android.widget.TabWidget (1)'

25-03-2025T05:03:02 - [MESSAGE][WARNING] - Timeout '0' is invalid. Using default page load timeout: '30'

25-03-2025T05:03:02 - [MESSAGE][PASSED] - Tapped on element 'Object Repository/Repo/android.widget.TabWidget (1)'

25-03-2025T05:03:02 - [TEST_STEP][PASSED] - delay(10): Delayed 10 second(s)

25-03-2025T05:03:13 - [MESSAGE][PASSED] - Delayed 10 second(s)

25-03-2025T05:03:13 - [TEST_STEP][PASSED] - actualText = getText(findTestObject("Object Repository/Repo/android.widget.Button - Version 2.81.111"), 0): Text of element 'Object Repository/Repo/android.widget.Button - Version 2.81.111' is: 'Version 2.81.111'

25-03-2025T05:03:13 - [MESSAGE][WARNING] - Timeout '0' is invalid. Using default page load timeout: '30'

25-03-2025T05:03:13 - [MESSAGE][PASSED] - Text of element 'Object Repository/Repo/android.widget.Button - Version 2.81.111' is: 'Version 2.81.111'

25-03-2025T05:03:13 - [TEST_STEP][PASSED] - println("Actual Text: " + actualText): null

25-03-2025T05:03:13 - [TEST_STEP][PASSED] - expectedText = "Version 2.81.111": null

25-03-2025T05:03:13 - [TEST_STEP][PASSED] - println("Expected Text: " + expectedText): null

25-03-2025T05:03:13 - [TEST_STEP][PASSED] - assert actualText == expectedText: null

25-03-2025T05:03:13 - [TEST_STEP][PASSED] - println("Version verification successful!"): null

25-03-2025T05:03:13 - [TEST_STEP][PASSED] - closeApplication(): Close app successfully

25-03-2025T05:03:14 - [MESSAGE][PASSED] - Close app successfully]]></system-out>
         <system-err><![CDATA[]]></system-err>
      </testcase>
      <testcase name="Test Cases/Sprint 2/WRMA-157/C719" time="84.104" classname="Test Cases/Sprint 2/WRMA-157/C719" status="PASSED">
         <system-out><![CDATA[25-03-2025T05:03:14 - [TEST_CASE][PASSED] - Test Cases/Sprint 2/WRMA-157/C719: Test Cases/Sprint 2/WRMA-157/C719

25-03-2025T05:03:14 - [TEST_STEP][PASSED] - startApplication("C:\Users\GVVignesh\git\WGR_Android\App Folder\universal.apk", false): Started application: 'C:\Users\GVVignesh\git\WGR_Android\App Folder\universal.apk'

25-03-2025T05:03:14 - [MESSAGE][INFO] - Starting application: 'C:\Users\GVVignesh\git\WGR_Android\App Folder\universal.apk'

25-03-2025T05:03:14 - [MESSAGE][INFO] - User set preference: ['deviceId', '']

25-03-2025T05:03:14 - [MESSAGE][INFO] - Detected NodeJS location: "C:\Program Files\nodejs\node.exe"

25-03-2025T05:03:24 - [MESSAGE][INFO] - PATH: C:\Program Files\nodejs;

25-03-2025T05:03:24 - [MESSAGE][INFO] - APPIUM_HOME: C:\Users\GVVignesh\.appium

25-03-2025T05:03:24 - [MESSAGE][INFO] - appium outlog: C:\Users\GVVignesh\Katalon Studio\WGR-Android-Automation\Reports\20250325_050101\Sprint--2 Android\20250325_050101\appium.log

25-03-2025T05:03:24 - [MESSAGE][INFO] - appium errlog: C:\Users\GVVignesh\Katalon Studio\WGR-Android-Automation\Reports\20250325_050101\Sprint--2 Android\20250325_050101\appium_error.log

25-03-2025T05:03:27 - [MESSAGE][INFO] - Appium server started on port 63,784

25-03-2025T05:03:35 - [MESSAGE][PASSED] - Started application: 'C:\Users\GVVignesh\git\WGR_Android\App Folder\universal.apk'

25-03-2025T05:03:35 - [TEST_STEP][PASSED] - delay(10): Delayed 10 second(s)

25-03-2025T05:03:45 - [MESSAGE][PASSED] - Delayed 10 second(s)

25-03-2025T05:03:45 - [TEST_STEP][PASSED] - tap(findTestObject("Object Repository/Repo/android.widget.TextView - Continue as a Guest"), 0): Tapped on element 'Object Repository/Repo/android.widget.TextView - Continue as a Guest'

25-03-2025T05:03:45 - [MESSAGE][WARNING] - Timeout '0' is invalid. Using default page load timeout: '30'

25-03-2025T05:03:46 - [MESSAGE][PASSED] - Tapped on element 'Object Repository/Repo/android.widget.TextView - Continue as a Guest'

25-03-2025T05:03:46 - [TEST_STEP][PASSED] - delay(10): Delayed 10 second(s)

25-03-2025T05:03:56 - [MESSAGE][PASSED] - Delayed 10 second(s)

25-03-2025T05:03:56 - [TEST_STEP][PASSED] - tap(findTestObject("Object Repository/Repo/android.widget.Button - menu"), 0): Tapped on element 'Object Repository/Repo/android.widget.Button - menu'

25-03-2025T05:03:56 - [MESSAGE][WARNING] - Timeout '0' is invalid. Using default page load timeout: '30'

25-03-2025T05:03:56 - [MESSAGE][PASSED] - Tapped on element 'Object Repository/Repo/android.widget.Button - menu'

25-03-2025T05:03:56 - [TEST_STEP][PASSED] - delay(20): Delayed 20 second(s)

25-03-2025T05:04:16 - [MESSAGE][PASSED] - Delayed 20 second(s)

25-03-2025T05:04:16 - [TEST_STEP][PASSED] - tap(findTestObject("Object Repository/Repo/android.widget.TabWidget (1)"), 0): Tapped on element 'Object Repository/Repo/android.widget.TabWidget (1)'

25-03-2025T05:04:16 - [MESSAGE][WARNING] - Timeout '0' is invalid. Using default page load timeout: '30'

25-03-2025T05:04:17 - [MESSAGE][PASSED] - Tapped on element 'Object Repository/Repo/android.widget.TabWidget (1)'

25-03-2025T05:04:17 - [TEST_STEP][PASSED] - delay(10): Delayed 10 second(s)

25-03-2025T05:04:27 - [MESSAGE][PASSED] - Delayed 10 second(s)

25-03-2025T05:04:27 - [TEST_STEP][PASSED] - actualText = getText(findTestObject("Object Repository/Repo/android.widget.Button - Version 2.81.111"), 0): Text of element 'Object Repository/Repo/android.widget.Button - Version 2.81.111' is: 'Version 2.81.111'

25-03-2025T05:04:27 - [MESSAGE][WARNING] - Timeout '0' is invalid. Using default page load timeout: '30'

25-03-2025T05:04:27 - [MESSAGE][PASSED] - Text of element 'Object Repository/Repo/android.widget.Button - Version 2.81.111' is: 'Version 2.81.111'

25-03-2025T05:04:27 - [TEST_STEP][PASSED] - println("Actual Text: " + actualText): null

25-03-2025T05:04:27 - [TEST_STEP][PASSED] - expectedText = "Version 2.81.111": null

25-03-2025T05:04:27 - [TEST_STEP][PASSED] - println("Expected Text: " + expectedText): null

25-03-2025T05:04:27 - [TEST_STEP][PASSED] - assert actualText == expectedText: null

25-03-2025T05:04:27 - [TEST_STEP][PASSED] - println("Version verification successful!"): null

25-03-2025T05:04:27 - [TEST_STEP][PASSED] - delay(10): Delayed 10 second(s)

25-03-2025T05:04:37 - [MESSAGE][PASSED] - Delayed 10 second(s)

25-03-2025T05:04:37 - [TEST_STEP][PASSED] - closeApplication(): Close app successfully

25-03-2025T05:04:38 - [MESSAGE][PASSED] - Close app successfully]]></system-out>
         <system-err><![CDATA[]]></system-err>
      </testcase>
      <testcase name="Test Cases/Sprint 2/WRMA-161/C722" time="219.695" classname="Test Cases/Sprint 2/WRMA-161/C722" status="PASSED">
         <system-out><![CDATA[25-03-2025T05:04:38 - [TEST_CASE][PASSED] - Test Cases/Sprint 2/WRMA-161/C722: Test Cases/Sprint 2/WRMA-161/C722

25-03-2025T05:04:38 - [TEST_STEP][PASSED] - testData = findTestData("Data Files/C722"): null

25-03-2025T05:04:39 - [TEST_STEP][PASSED] - username = testData.getValue("email", 1): null

25-03-2025T05:04:39 - [TEST_STEP][PASSED] - password = testData.getValue("password", 1): null

25-03-2025T05:04:39 - [TEST_STEP][PASSED] - startApplication("C:\Users\GVVignesh\git\WGR_Android\App Folder\universal.apk", false): Started application: 'C:\Users\GVVignesh\git\WGR_Android\App Folder\universal.apk'

25-03-2025T05:04:39 - [MESSAGE][INFO] - Starting application: 'C:\Users\GVVignesh\git\WGR_Android\App Folder\universal.apk'

25-03-2025T05:04:39 - [MESSAGE][INFO] - User set preference: ['deviceId', '']

25-03-2025T05:04:39 - [MESSAGE][INFO] - Detected NodeJS location: "C:\Program Files\nodejs\node.exe"

25-03-2025T05:04:49 - [MESSAGE][INFO] - PATH: C:\Program Files\nodejs;

25-03-2025T05:04:49 - [MESSAGE][INFO] - APPIUM_HOME: C:\Users\GVVignesh\.appium

25-03-2025T05:04:49 - [MESSAGE][INFO] - appium outlog: C:\Users\GVVignesh\Katalon Studio\WGR-Android-Automation\Reports\20250325_050101\Sprint--2 Android\20250325_050101\appium.log

25-03-2025T05:04:49 - [MESSAGE][INFO] - appium errlog: C:\Users\GVVignesh\Katalon Studio\WGR-Android-Automation\Reports\20250325_050101\Sprint--2 Android\20250325_050101\appium_error.log

25-03-2025T05:04:52 - [MESSAGE][INFO] - Appium server started on port 64,024

25-03-2025T05:04:59 - [MESSAGE][PASSED] - Started application: 'C:\Users\GVVignesh\git\WGR_Android\App Folder\universal.apk'

25-03-2025T05:04:59 - [TEST_STEP][PASSED] - delay(10): Delayed 10 second(s)

25-03-2025T05:05:09 - [MESSAGE][PASSED] - Delayed 10 second(s)

25-03-2025T05:05:09 - [TEST_STEP][PASSED] - tap(findTestObject("Object Repository/Repo/android.widget.Button - Login or Sign Up"), 0): Tapped on element 'Object Repository/Repo/android.widget.Button - Login or Sign Up'

25-03-2025T05:05:09 - [MESSAGE][WARNING] - Timeout '0' is invalid. Using default page load timeout: '30'

25-03-2025T05:05:10 - [MESSAGE][PASSED] - Tapped on element 'Object Repository/Repo/android.widget.Button - Login or Sign Up'

25-03-2025T05:05:10 - [TEST_STEP][PASSED] - delay(10): Delayed 10 second(s)

25-03-2025T05:05:20 - [MESSAGE][PASSED] - Delayed 10 second(s)

25-03-2025T05:05:20 - [TEST_STEP][PASSED] - setText(findTestObject("Object Repository/Repo/android.widget.EditText-LoginorSignUp"), username, 0): Text '03205198TM@WG.COM' has been set to element 'Object Repository/Repo/android.widget.EditText-LoginorSignUp'

25-03-2025T05:05:20 - [MESSAGE][WARNING] - Timeout '0' is invalid. Using default page load timeout: '30'

25-03-2025T05:05:20 - [MESSAGE][PASSED] - Text '03205198TM@WG.COM' has been set to element 'Object Repository/Repo/android.widget.EditText-LoginorSignUp'

25-03-2025T05:05:20 - [TEST_STEP][PASSED] - hideKeyboard(): Keyboard is hidden

25-03-2025T05:05:21 - [MESSAGE][PASSED] - Keyboard is hidden

25-03-2025T05:05:21 - [TEST_STEP][PASSED] - delay(10): Delayed 10 second(s)

25-03-2025T05:05:31 - [MESSAGE][PASSED] - Delayed 10 second(s)

25-03-2025T05:05:31 - [TEST_STEP][PASSED] - tap(findTestObject("Object Repository/Repo/android.widget.Button - Next"), 0): Tapped on element 'Object Repository/Repo/android.widget.Button - Next'

25-03-2025T05:05:31 - [MESSAGE][WARNING] - Timeout '0' is invalid. Using default page load timeout: '30'

25-03-2025T05:05:32 - [MESSAGE][PASSED] - Tapped on element 'Object Repository/Repo/android.widget.Button - Next'

25-03-2025T05:05:32 - [TEST_STEP][PASSED] - delay(30): Delayed 30 second(s)

25-03-2025T05:06:02 - [MESSAGE][PASSED] - Delayed 30 second(s)

25-03-2025T05:06:02 - [TEST_STEP][PASSED] - setText(findTestObject("Object Repository/Repo/android.widget.EditText-OAM(Login)"), username, 0): Text '03205198TM@WG.COM' has been set to element 'Object Repository/Repo/android.widget.EditText-OAM(Login)'

25-03-2025T05:06:02 - [MESSAGE][WARNING] - Timeout '0' is invalid. Using default page load timeout: '30'

25-03-2025T05:06:02 - [MESSAGE][PASSED] - Text '03205198TM@WG.COM' has been set to element 'Object Repository/Repo/android.widget.EditText-OAM(Login)'

25-03-2025T05:06:02 - [TEST_STEP][PASSED] - hideKeyboard(): Keyboard is hidden

25-03-2025T05:06:03 - [MESSAGE][PASSED] - Keyboard is hidden

25-03-2025T05:06:03 - [TEST_STEP][PASSED] - delay(30): Delayed 30 second(s)

25-03-2025T05:06:33 - [MESSAGE][PASSED] - Delayed 30 second(s)

25-03-2025T05:06:33 - [TEST_STEP][PASSED] - setText(findTestObject("Object Repository/Repo/android.widget.EditText-OAM(Password)"), password, 0): Text 'password' has been set to element 'Object Repository/Repo/android.widget.EditText-OAM(Password)'

25-03-2025T05:06:33 - [MESSAGE][WARNING] - Timeout '0' is invalid. Using default page load timeout: '30'

25-03-2025T05:06:33 - [MESSAGE][PASSED] - Text 'password' has been set to element 'Object Repository/Repo/android.widget.EditText-OAM(Password)'

25-03-2025T05:06:33 - [TEST_STEP][PASSED] - hideKeyboard(): Keyboard is hidden

25-03-2025T05:06:34 - [MESSAGE][PASSED] - Keyboard is hidden

25-03-2025T05:06:34 - [TEST_STEP][PASSED] - delay(20): Delayed 20 second(s)

25-03-2025T05:06:54 - [MESSAGE][PASSED] - Delayed 20 second(s)

25-03-2025T05:06:54 - [TEST_STEP][PASSED] - tap(findTestObject("Object Repository/Repo/android.widget.Button - LOGIN"), 0): Tapped on element 'Object Repository/Repo/android.widget.Button - LOGIN'

25-03-2025T05:06:54 - [MESSAGE][WARNING] - Timeout '0' is invalid. Using default page load timeout: '30'

25-03-2025T05:06:54 - [MESSAGE][PASSED] - Tapped on element 'Object Repository/Repo/android.widget.Button - LOGIN'

25-03-2025T05:06:54 - [TEST_STEP][PASSED] - delay(10): Delayed 10 second(s)

25-03-2025T05:07:04 - [MESSAGE][PASSED] - Delayed 10 second(s)

25-03-2025T05:07:04 - [TEST_STEP][PASSED] - tap(findTestObject("Object Repository/Repo/android.view.View - Home"), 0): Tapped on element 'Object Repository/Repo/android.view.View - Home'

25-03-2025T05:07:04 - [MESSAGE][WARNING] - Timeout '0' is invalid. Using default page load timeout: '30'

25-03-2025T05:07:04 - [MESSAGE][PASSED] - Tapped on element 'Object Repository/Repo/android.view.View - Home'

25-03-2025T05:07:04 - [TEST_STEP][PASSED] - delay(10): Delayed 10 second(s)

25-03-2025T05:07:14 - [MESSAGE][PASSED] - Delayed 10 second(s)

25-03-2025T05:07:14 - [TEST_STEP][PASSED] - tap(findTestObject("Object Repository/Repo/android.widget.Button - menu"), 0): Tapped on element 'Object Repository/Repo/android.widget.Button - menu'

25-03-2025T05:07:14 - [MESSAGE][WARNING] - Timeout '0' is invalid. Using default page load timeout: '30'

25-03-2025T05:07:15 - [MESSAGE][PASSED] - Tapped on element 'Object Repository/Repo/android.widget.Button - menu'

25-03-2025T05:07:15 - [TEST_STEP][PASSED] - delay(10): Delayed 10 second(s)

25-03-2025T05:07:25 - [MESSAGE][PASSED] - Delayed 10 second(s)

25-03-2025T05:07:25 - [TEST_STEP][PASSED] - tap(findTestObject("Object Repository/Repo/android.widget.TabWidget-Settings"), 0): Tapped on element 'Object Repository/Repo/android.widget.TabWidget-Settings'

25-03-2025T05:07:25 - [MESSAGE][WARNING] - Timeout '0' is invalid. Using default page load timeout: '30'

25-03-2025T05:07:25 - [MESSAGE][PASSED] - Tapped on element 'Object Repository/Repo/android.widget.TabWidget-Settings'

25-03-2025T05:07:25 - [TEST_STEP][PASSED] - delay(20): Delayed 20 second(s)

25-03-2025T05:07:45 - [MESSAGE][PASSED] - Delayed 20 second(s)

25-03-2025T05:07:45 - [TEST_STEP][PASSED] - verifyElementExist(findTestObject("Object Repository/Repo/android.widget.Button - LOGOUT"), 0): Element 'Object Repository/Repo/android.widget.Button - LOGOUT' is exist

25-03-2025T05:07:46 - [MESSAGE][WARNING] - Timeout '0' is invalid. Using default page load timeout: '30'

25-03-2025T05:07:46 - [MESSAGE][PASSED] - Element 'Object Repository/Repo/android.widget.Button - LOGOUT' is exist

25-03-2025T05:07:46 - [TEST_STEP][PASSED] - getText(findTestObject("Object Repository/Repo/android.widget.Button - LOGOUT"), 0): Text of element 'Object Repository/Repo/android.widget.Button - LOGOUT' is: 'LOGOUT'

25-03-2025T05:07:46 - [MESSAGE][WARNING] - Timeout '0' is invalid. Using default page load timeout: '30'

25-03-2025T05:07:46 - [MESSAGE][PASSED] - Text of element 'Object Repository/Repo/android.widget.Button - LOGOUT' is: 'LOGOUT'

25-03-2025T05:07:46 - [TEST_STEP][PASSED] - getText(findTestObject("Object Repository/Repo/android.widget.Button - Signed in As 03205198tmwg.com"), 0): Text of element 'Object Repository/Repo/android.widget.Button - Signed in As 03205198tmwg.com' is: 'Signed in As 03205198tm@wg.com'

25-03-2025T05:07:46 - [MESSAGE][WARNING] - Timeout '0' is invalid. Using default page load timeout: '30'

25-03-2025T05:07:46 - [MESSAGE][PASSED] - Text of element 'Object Repository/Repo/android.widget.Button - Signed in As 03205198tmwg.com' is: 'Signed in As 03205198tm@wg.com'

25-03-2025T05:07:46 - [TEST_STEP][PASSED] - delay(30): Delayed 30 second(s)

25-03-2025T05:08:16 - [MESSAGE][PASSED] - Delayed 30 second(s)

25-03-2025T05:08:16 - [TEST_STEP][PASSED] - tap(findTestObject("Object Repository/Repo/android.widget.Button - LOGOUT"), 0): Tapped on element 'Object Repository/Repo/android.widget.Button - LOGOUT'

25-03-2025T05:08:16 - [MESSAGE][WARNING] - Timeout '0' is invalid. Using default page load timeout: '30'

25-03-2025T05:08:16 - [MESSAGE][PASSED] - Tapped on element 'Object Repository/Repo/android.widget.Button - LOGOUT'

25-03-2025T05:08:16 - [TEST_STEP][PASSED] - closeApplication(): Close app successfully

25-03-2025T05:08:18 - [MESSAGE][PASSED] - Close app successfully]]></system-out>
         <system-err><![CDATA[]]></system-err>
      </testcase>
      <system-out><![CDATA[25-03-2025T05:01:13 - [TEST_SUITE][PASSED] - Sprint--2 Android: Test Cases/Sprint 2/WRMA-161/C722]]></system-out>
      <system-err><![CDATA[]]></system-err>
   </testsuite>
</testsuites>
