<?xml version="1.0" encoding="UTF-8"?>
<testsuites name="Merged Sprint-1 and Sprint-2 Android" time="3544.643" tests="10" failures="0" errors="0">
   <testsuite name="Merged Sprint-1 and Sprint-2 Android" tests="10" failures="0" errors="0" time="3544.643" skipped="0" timestamp="26-03-2025T03:02:25" hostname="**********" id="Test Suites/Merged Sprint-1 and Sprint-2 Android">
      <properties>
         <property name="deviceName" value="samsung SM-A146B (Android 14)"/>
         <property name="devicePlatform" value="Android"/>
         <property name="logFolder" value="C:\\Users\\GVVignesh\\Katalon Studio\\WGR-Android-Automation\\Reports\\20250326_030210\\Merged Sprint-1 and Sprint-2 Android\\20250326_030210"/>
         <property name="logFiles" value="C:\\Users\\GVVignesh\\Katalon Studio\\WGR-Android-Automation\\Reports\\20250326_030210\\Merged Sprint-1 and Sprint-2 Android\\20250326_030210\\appium.log, C:\\Users\\GVVignesh\\Katalon Studio\\WGR-Android-Automation\\Reports\\20250326_030210\\Merged Sprint-1 and Sprint-2 Android\\20250326_030210\\appium_error.log, C:\\Users\\GVVignesh\\Katalon Studio\\WGR-Android-Automation\\Reports\\20250326_030210\\Merged Sprint-1 and Sprint-2 Android\\20250326_030210\\execution0.log"/>
         <property name="attachments" value="C:\\Users\\GVVignesh\\Katalon Studio\\WGR-Android-Automation\\Reports\\20250326_030210\\Merged Sprint-1 and Sprint-2 Android\\20250326_030210\\1742984707068.png, C:\\Users\\GVVignesh\\Katalon Studio\\WGR-Android-Automation\\Reports\\20250326_030210\\Merged Sprint-1 and Sprint-2 Android\\20250326_030210\\1742984709073.png, C:\\Users\\GVVignesh\\Katalon Studio\\WGR-Android-Automation\\Reports\\20250326_030210\\Merged Sprint-1 and Sprint-2 Android\\20250326_030210\\1742984769023.png, C:\\Users\\GVVignesh\\Katalon Studio\\WGR-Android-Automation\\Reports\\20250326_030210\\Merged Sprint-1 and Sprint-2 Android\\20250326_030210\\1742984771282.png, C:\\Users\\GVVignesh\\Katalon Studio\\WGR-Android-Automation\\Reports\\20250326_030210\\Merged Sprint-1 and Sprint-2 Android\\20250326_030210\\1742984926552.png, C:\\Users\\GVVignesh\\Katalon Studio\\WGR-Android-Automation\\Reports\\20250326_030210\\Merged Sprint-1 and Sprint-2 Android\\20250326_030210\\1742984928776.png, C:\\Users\\GVVignesh\\Katalon Studio\\WGR-Android-Automation\\Reports\\20250326_030210\\Merged Sprint-1 and Sprint-2 Android\\20250326_030210\\1742985107764.png, C:\\Users\\GVVignesh\\Katalon Studio\\WGR-Android-Automation\\Reports\\20250326_030210\\Merged Sprint-1 and Sprint-2 Android\\20250326_030210\\1742985109989.png"/>
         <property name="hostName" value="**********"/>
         <property name="os" value="Windows 11 64bit"/>
         <property name="appiumServerStatus" value="{&quot;value&quot;:{&quot;ready&quot;:true,&quot;message&quot;:&quot;The server is ready to accept new connections&quot;,&quot;build&quot;:{&quot;version&quot;:&quot;2.16.0&quot;}}}"/>
         <property name="katalonVersion" value="10.1.1.0"/>
         <property name="deviceOS" value="Android"/>
         <property name="appiumVersion" value="2.16.0"/>
         <property name="deviceModel" value="SM-A146B"/>
         <property name="hostAddress" value="**********"/>
         <property name="deviceManufacturer" value="samsung"/>
         <property name="deviceId" value="adb-RZCW811B2MK-cCoIXY._adb-tls-connect._tcp"/>
         <property name="deviceName" value="samsung SM-A146B (Android 14)"/>
         <property name="deviceOSVersion" value="14"/>
      </properties>
      <testcase name="Test Cases/Sprint 1/Internal Demo-Sprint1/C658-C667-C668" time="265.101" classname="Test Cases/Sprint 1/Internal Demo-Sprint1/C658-C667-C668" status="PASSED">
         <system-out><![CDATA[26-03-2025T03:02:26 - [TEST_CASE][PASSED] - Test Cases/Sprint 1/Internal Demo-Sprint1/C658-C667-C668: Test Cases/Sprint 1/Internal Demo-Sprint1/C658-C667-C668

26-03-2025T03:02:26 - [TEST_STEP][PASSED] - startApplication("C:\Users\GVVignesh\git\WGR_Android\App Folder\universal.apk", true): Started application: 'C:\Users\GVVignesh\git\WGR_Android\App Folder\universal.apk'

26-03-2025T03:02:26 - [MESSAGE][INFO] - Starting application: 'C:\Users\GVVignesh\git\WGR_Android\App Folder\universal.apk'

26-03-2025T03:02:26 - [MESSAGE][INFO] - User set preference: ['deviceId', '']

26-03-2025T03:02:27 - [MESSAGE][INFO] - Detected NodeJS location: "C:\Program Files\nodejs\node.exe"

26-03-2025T03:02:37 - [MESSAGE][INFO] - PATH: C:\Program Files\nodejs;

26-03-2025T03:02:37 - [MESSAGE][INFO] - APPIUM_HOME: C:\Users\GVVignesh\.appium

26-03-2025T03:02:37 - [MESSAGE][INFO] - appium outlog: C:\Users\GVVignesh\Katalon Studio\WGR-Android-Automation\Reports\20250326_030210\Merged Sprint-1 and Sprint-2 Android\20250326_030210\appium.log

26-03-2025T03:02:37 - [MESSAGE][INFO] - appium errlog: C:\Users\GVVignesh\Katalon Studio\WGR-Android-Automation\Reports\20250326_030210\Merged Sprint-1 and Sprint-2 Android\20250326_030210\appium_error.log

26-03-2025T03:02:39 - [MESSAGE][INFO] - Appium server started on port 54,492

26-03-2025T03:03:16 - [MESSAGE][PASSED] - Started application: 'C:\Users\GVVignesh\git\WGR_Android\App Folder\universal.apk'

26-03-2025T03:03:16 - [TEST_STEP][PASSED] - delay(3): Delayed 3 second(s)

26-03-2025T03:03:19 - [MESSAGE][PASSED] - Delayed 3 second(s)

26-03-2025T03:03:19 - [TEST_STEP][PASSED] - verifyElementExist(findTestObject("Object Repository/Repo/android.widget.TextView - Youre Moments Away FromCustomized Vacation Experiences"), 0): Element 'Object Repository/Repo/android.widget.TextView - Youre Moments Away FromCustomized Vacation Experiences' is exist

26-03-2025T03:03:19 - [MESSAGE][WARNING] - Timeout '0' is invalid. Using default page load timeout: '30'

26-03-2025T03:03:22 - [MESSAGE][PASSED] - Element 'Object Repository/Repo/android.widget.TextView - Youre Moments Away FromCustomized Vacation Experiences' is exist

26-03-2025T03:03:22 - [TEST_STEP][PASSED] - delay(3): Delayed 3 second(s)

26-03-2025T03:03:25 - [MESSAGE][PASSED] - Delayed 3 second(s)

26-03-2025T03:03:25 - [TEST_STEP][PASSED] - text = getText(findTestObject("Object Repository/Repo/android.widget.TextView - Youre Moments Away FromCustomized Vacation Experiences"), 0): Text of element 'Object Repository/Repo/android.widget.TextView - Youre Moments Away FromCustomized Vacation Experiences' is: 'You’re Moments Away From
Customized Vacation Experiences.'

26-03-2025T03:03:25 - [MESSAGE][WARNING] - Timeout '0' is invalid. Using default page load timeout: '30'

26-03-2025T03:03:25 - [MESSAGE][PASSED] - Text of element 'Object Repository/Repo/android.widget.TextView - Youre Moments Away FromCustomized Vacation Experiences' is: 'You’re Moments Away From
Customized Vacation Experiences.'

26-03-2025T03:03:25 - [TEST_STEP][PASSED] - println("Text: " + text): null

26-03-2025T03:03:25 - [TEST_STEP][PASSED] - delay(3): Delayed 3 second(s)

26-03-2025T03:03:28 - [MESSAGE][PASSED] - Delayed 3 second(s)

26-03-2025T03:03:28 - [TEST_STEP][PASSED] - verifyElementExist(findTestObject("Object Repository/Repo/android.widget.Button - Login or Sign Up"), 0): Element 'Object Repository/Repo/android.widget.Button - Login or Sign Up' is exist

26-03-2025T03:03:28 - [MESSAGE][WARNING] - Timeout '0' is invalid. Using default page load timeout: '30'

26-03-2025T03:03:29 - [MESSAGE][PASSED] - Element 'Object Repository/Repo/android.widget.Button - Login or Sign Up' is exist

26-03-2025T03:03:29 - [TEST_STEP][PASSED] - delay(3): Delayed 3 second(s)

26-03-2025T03:03:32 - [MESSAGE][PASSED] - Delayed 3 second(s)

26-03-2025T03:03:32 - [TEST_STEP][PASSED] - verifyElementExist(findTestObject("Object Repository/Repo/android.view.View - Home"), 0): Element 'Object Repository/Repo/android.view.View - Home' is exist

26-03-2025T03:03:32 - [MESSAGE][WARNING] - Timeout '0' is invalid. Using default page load timeout: '30'

26-03-2025T03:03:33 - [MESSAGE][PASSED] - Element 'Object Repository/Repo/android.view.View - Home' is exist

26-03-2025T03:03:33 - [TEST_STEP][PASSED] - delay(3): Delayed 3 second(s)

26-03-2025T03:03:36 - [MESSAGE][PASSED] - Delayed 3 second(s)

26-03-2025T03:03:36 - [TEST_STEP][PASSED] - verifyElementExist(findTestObject("Object Repository/Repo/android.view.View - My Account"), 0): Element 'Object Repository/Repo/android.view.View - My Account' is exist

26-03-2025T03:03:36 - [MESSAGE][WARNING] - Timeout '0' is invalid. Using default page load timeout: '30'

26-03-2025T03:03:36 - [MESSAGE][PASSED] - Element 'Object Repository/Repo/android.view.View - My Account' is exist

26-03-2025T03:03:36 - [TEST_STEP][PASSED] - delay(3): Delayed 3 second(s)

26-03-2025T03:03:39 - [MESSAGE][PASSED] - Delayed 3 second(s)

26-03-2025T03:03:39 - [TEST_STEP][PASSED] - tap(findTestObject("Object Repository/Repo/android.widget.TextView - Vacation More. Get More"), 0): Tapped on element 'Object Repository/Repo/android.widget.TextView - Vacation More. Get More'

26-03-2025T03:03:39 - [MESSAGE][WARNING] - Timeout '0' is invalid. Using default page load timeout: '30'

26-03-2025T03:03:40 - [MESSAGE][PASSED] - Tapped on element 'Object Repository/Repo/android.widget.TextView - Vacation More. Get More'

26-03-2025T03:03:40 - [TEST_STEP][PASSED] - delay(3): Delayed 3 second(s)

26-03-2025T03:03:43 - [MESSAGE][PASSED] - Delayed 3 second(s)

26-03-2025T03:03:43 - [TEST_STEP][PASSED] - verifyElementVisible(findTestObject("Object Repository/Repo/android.widget.TextView - Vacation More. Get More"), 0): Element 'Object Repository/Repo/android.widget.TextView - Vacation More. Get More' is visible

26-03-2025T03:03:43 - [MESSAGE][WARNING] - Timeout '0' is invalid. Using default page load timeout: '30'

26-03-2025T03:03:43 - [MESSAGE][PASSED] - Element 'Object Repository/Repo/android.widget.TextView - Vacation More. Get More' is visible

26-03-2025T03:03:43 - [TEST_STEP][PASSED] - delay(3): Delayed 3 second(s)

26-03-2025T03:03:46 - [MESSAGE][PASSED] - Delayed 3 second(s)

26-03-2025T03:03:46 - [TEST_STEP][PASSED] - verifyElementVisible(findTestObject("Object Repository/Repo/android.widget.TextView - Explore Westgate Loyalty"), 0): Element 'Object Repository/Repo/android.widget.TextView - Explore Westgate Loyalty' is visible

26-03-2025T03:03:46 - [MESSAGE][WARNING] - Timeout '0' is invalid. Using default page load timeout: '30'

26-03-2025T03:03:47 - [MESSAGE][PASSED] - Element 'Object Repository/Repo/android.widget.TextView - Explore Westgate Loyalty' is visible

26-03-2025T03:03:47 - [TEST_STEP][PASSED] - delay(3): Delayed 3 second(s)

26-03-2025T03:03:50 - [MESSAGE][PASSED] - Delayed 3 second(s)

26-03-2025T03:03:50 - [TEST_STEP][PASSED] - tap(findTestObject("Object Repository/Repo/android.widget.TextView - Continue as a Guest"), 0): Tapped on element 'Object Repository/Repo/android.widget.TextView - Continue as a Guest'

26-03-2025T03:03:50 - [MESSAGE][WARNING] - Timeout '0' is invalid. Using default page load timeout: '30'

26-03-2025T03:03:50 - [MESSAGE][PASSED] - Tapped on element 'Object Repository/Repo/android.widget.TextView - Continue as a Guest'

26-03-2025T03:03:50 - [TEST_STEP][PASSED] - isElementVisible = waitForElementPresent(findTestObject("Object Repository/Repo/android.widget.TextView - Continue as a Guest"), 10): Element 'Object Repository/Repo/android.widget.TextView - Continue as a Guest' is present

26-03-2025T03:03:50 - [MESSAGE][PASSED] - Element 'Object Repository/Repo/android.widget.TextView - Continue as a Guest' is present

26-03-2025T03:03:50 - [TEST_STEP][PASSED] - if (!(isElementVisible)): null

26-03-2025T03:03:50 - [TEST_STEP][PASSED] - else: Success: Tapped on 'Continue as a Guest' and expected element is present.

26-03-2025T03:03:50 - [TEST_STEP][PASSED] - logInfo("Success: Tapped on 'Continue as a Guest' and expected element is present."): Success: Tapped on 'Continue as a Guest' and expected element is present.

26-03-2025T03:03:50 - [MESSAGE][INFO] - Success: Tapped on 'Continue as a Guest' and expected element is present.

26-03-2025T03:03:50 - [TEST_STEP][PASSED] - delay(5): Delayed 5 second(s)

26-03-2025T03:03:55 - [MESSAGE][PASSED] - Delayed 5 second(s)

26-03-2025T03:03:55 - [TEST_STEP][PASSED] - tap(findTestObject("Object Repository/Repo/android.widget.Button - menu"), 0): Tapped on element 'Object Repository/Repo/android.widget.Button - menu'

26-03-2025T03:03:55 - [MESSAGE][WARNING] - Timeout '0' is invalid. Using default page load timeout: '30'

26-03-2025T03:03:57 - [MESSAGE][PASSED] - Tapped on element 'Object Repository/Repo/android.widget.Button - menu'

26-03-2025T03:03:57 - [TEST_STEP][PASSED] - delay(30): Delayed 30 second(s)

26-03-2025T03:04:27 - [MESSAGE][PASSED] - Delayed 30 second(s)

26-03-2025T03:04:27 - [TEST_STEP][PASSED] - tap(findTestObject("Object Repository/Repo/android.widget.TextView - Terms and Conditions-Menu"), 0): Tapped on element 'Object Repository/Repo/android.widget.TextView - Terms and Conditions-Menu'

26-03-2025T03:04:27 - [MESSAGE][WARNING] - Timeout '0' is invalid. Using default page load timeout: '30'

26-03-2025T03:04:27 - [MESSAGE][PASSED] - Tapped on element 'Object Repository/Repo/android.widget.TextView - Terms and Conditions-Menu'

26-03-2025T03:04:27 - [TEST_STEP][PASSED] - delay(30): Delayed 30 second(s)

26-03-2025T03:04:57 - [MESSAGE][PASSED] - Delayed 30 second(s)

26-03-2025T03:04:57 - [TEST_STEP][PASSED] - isElementPresent = verifyElementExist(findTestObject("Object Repository/Repo/android.view.View-Terms and conditions web"), 10): Element 'Object Repository/Repo/android.view.View-Terms and conditions web' is exist

26-03-2025T03:04:58 - [MESSAGE][PASSED] - Element 'Object Repository/Repo/android.view.View-Terms and conditions web' is exist

26-03-2025T03:04:58 - [TEST_STEP][PASSED] - assert isElementPresent : "Element 'android.view.View - Terms & Conditions-Webview' does not exist": null

26-03-2025T03:04:58 - [TEST_STEP][PASSED] - println(Element exists: $isElementPresent): null

26-03-2025T03:04:58 - [TEST_STEP][PASSED] - delay(30): Delayed 30 second(s)

26-03-2025T03:05:28 - [MESSAGE][PASSED] - Delayed 30 second(s)

26-03-2025T03:05:28 - [TEST_STEP][PASSED] - tap(findTestObject("Object Repository/Repo/android.widget.ImageButton-Cancel web"), 0): Tapped on element 'Object Repository/Repo/android.widget.ImageButton-Cancel web'

26-03-2025T03:05:28 - [MESSAGE][WARNING] - Timeout '0' is invalid. Using default page load timeout: '30'

26-03-2025T03:05:30 - [MESSAGE][PASSED] - Tapped on element 'Object Repository/Repo/android.widget.ImageButton-Cancel web'

26-03-2025T03:05:30 - [TEST_STEP][PASSED] - delay(15): Delayed 15 second(s)

26-03-2025T03:05:45 - [MESSAGE][PASSED] - Delayed 15 second(s)

26-03-2025T03:05:45 - [TEST_STEP][PASSED] - tap(findTestObject("Object Repository/Repo/android.widget.Button - menu"), 0): Tapped on element 'Object Repository/Repo/android.widget.Button - menu'

26-03-2025T03:05:45 - [MESSAGE][WARNING] - Timeout '0' is invalid. Using default page load timeout: '30'

26-03-2025T03:05:46 - [MESSAGE][PASSED] - Tapped on element 'Object Repository/Repo/android.widget.Button - menu'

26-03-2025T03:05:46 - [TEST_STEP][PASSED] - delay(30): Delayed 30 second(s)

26-03-2025T03:06:16 - [MESSAGE][PASSED] - Delayed 30 second(s)

26-03-2025T03:06:16 - [TEST_STEP][PASSED] - tap(findTestObject("Object Repository/Repo/android.widget.TextView - Privacy Policy-Menu"), 0): Tapped on element 'Object Repository/Repo/android.widget.TextView - Privacy Policy-Menu'

26-03-2025T03:06:16 - [MESSAGE][WARNING] - Timeout '0' is invalid. Using default page load timeout: '30'

26-03-2025T03:06:16 - [MESSAGE][PASSED] - Tapped on element 'Object Repository/Repo/android.widget.TextView - Privacy Policy-Menu'

26-03-2025T03:06:16 - [TEST_STEP][PASSED] - delay(30): Delayed 30 second(s)

26-03-2025T03:06:46 - [MESSAGE][PASSED] - Delayed 30 second(s)

26-03-2025T03:06:46 - [TEST_STEP][PASSED] - isPrivacyElementPresent = verifyElementExist(findTestObject("Object Repository/Repo/android.widget.TextView - Privacy Policy-web"), 0): Element 'Object Repository/Repo/android.widget.TextView - Privacy Policy-web' is exist

26-03-2025T03:06:46 - [MESSAGE][WARNING] - Timeout '0' is invalid. Using default page load timeout: '30'

26-03-2025T03:06:47 - [MESSAGE][PASSED] - Element 'Object Repository/Repo/android.widget.TextView - Privacy Policy-web' is exist

26-03-2025T03:06:47 - [TEST_STEP][PASSED] - assert isPrivacyElementPresent : "Element 'android.widget.TextView - Privacy Policy-web' does not exist": null

26-03-2025T03:06:47 - [TEST_STEP][PASSED] - println(Element exists: $isPrivacyElementPresent): null

26-03-2025T03:06:47 - [TEST_STEP][PASSED] - closeApplication(): Close app successfully

26-03-2025T03:06:51 - [MESSAGE][PASSED] - Close app successfully]]></system-out>
         <system-err><![CDATA[]]></system-err>
      </testcase>
      <testcase name="Test Cases/Sprint 1/Internal Demo-Sprint1/C735-C736" time="392.693" classname="Test Cases/Sprint 1/Internal Demo-Sprint1/C735-C736" status="PASSED">
         <system-out><![CDATA[26-03-2025T03:06:51 - [TEST_CASE][PASSED] - Test Cases/Sprint 1/Internal Demo-Sprint1/C735-C736: Test Cases/Sprint 1/Internal Demo-Sprint1/C735-C736

26-03-2025T03:06:51 - [TEST_STEP][PASSED] - loginData = findTestData("Data Files/C735 (1)"): null

26-03-2025T03:06:52 - [TEST_STEP][PASSED] - email = loginData.getValue("email", 1): null

26-03-2025T03:06:52 - [TEST_STEP][PASSED] - password = loginData.getValue("password", 1): null

26-03-2025T03:06:52 - [TEST_STEP][PASSED] - startApplication("C:\Users\GVVignesh\git\WGR_Android\App Folder\app-debug.apk", true, STOP_ON_FAILURE): Started application: 'C:\Users\GVVignesh\git\WGR_Android\App Folder\app-debug.apk'

26-03-2025T03:06:52 - [MESSAGE][INFO] - Starting application: 'C:\Users\GVVignesh\git\WGR_Android\App Folder\app-debug.apk'

26-03-2025T03:06:52 - [MESSAGE][INFO] - User set preference: ['deviceId', '']

26-03-2025T03:06:52 - [MESSAGE][INFO] - Detected NodeJS location: "C:\Program Files\nodejs\node.exe"

26-03-2025T03:07:02 - [MESSAGE][INFO] - PATH: C:\Program Files\nodejs;

26-03-2025T03:07:02 - [MESSAGE][INFO] - APPIUM_HOME: C:\Users\GVVignesh\.appium

26-03-2025T03:07:02 - [MESSAGE][INFO] - appium outlog: C:\Users\GVVignesh\Katalon Studio\WGR-Android-Automation\Reports\20250326_030210\Merged Sprint-1 and Sprint-2 Android\20250326_030210\appium.log

26-03-2025T03:07:02 - [MESSAGE][INFO] - appium errlog: C:\Users\GVVignesh\Katalon Studio\WGR-Android-Automation\Reports\20250326_030210\Merged Sprint-1 and Sprint-2 Android\20250326_030210\appium_error.log

26-03-2025T03:07:04 - [MESSAGE][INFO] - Appium server started on port 54,811

26-03-2025T03:07:35 - [MESSAGE][PASSED] - Started application: 'C:\Users\GVVignesh\git\WGR_Android\App Folder\app-debug.apk'

26-03-2025T03:07:35 - [TEST_STEP][PASSED] - delay(5): Delayed 5 second(s)

26-03-2025T03:07:40 - [MESSAGE][PASSED] - Delayed 5 second(s)

26-03-2025T03:07:40 - [TEST_STEP][PASSED] - tap(findTestObject("Object Repository/Repo/android.widget.Button - Login or Sign Up"), 0, STOP_ON_FAILURE): Tapped on element 'Object Repository/Repo/android.widget.Button - Login or Sign Up'

26-03-2025T03:07:40 - [MESSAGE][WARNING] - Timeout '0' is invalid. Using default page load timeout: '30'

26-03-2025T03:07:43 - [MESSAGE][PASSED] - Tapped on element 'Object Repository/Repo/android.widget.Button - Login or Sign Up'

26-03-2025T03:07:43 - [TEST_STEP][PASSED] - delay(10): Delayed 10 second(s)

26-03-2025T03:07:53 - [MESSAGE][PASSED] - Delayed 10 second(s)

26-03-2025T03:07:53 - [TEST_STEP][PASSED] - setText(findTestObject("Object Repository/Repo/android.widget.EditText-LoginorSignUp"), email, 0, STOP_ON_FAILURE): Text '0225109tm@wg.com' has been set to element 'Object Repository/Repo/android.widget.EditText-LoginorSignUp'

26-03-2025T03:07:53 - [MESSAGE][WARNING] - Timeout '0' is invalid. Using default page load timeout: '30'

26-03-2025T03:07:54 - [MESSAGE][PASSED] - Text '0225109tm@wg.com' has been set to element 'Object Repository/Repo/android.widget.EditText-LoginorSignUp'

26-03-2025T03:07:54 - [TEST_STEP][PASSED] - hideKeyboard(): Keyboard is hidden

26-03-2025T03:07:55 - [MESSAGE][PASSED] - Keyboard is hidden

26-03-2025T03:07:55 - [TEST_STEP][PASSED] - delay(10): Delayed 10 second(s)

26-03-2025T03:08:05 - [MESSAGE][PASSED] - Delayed 10 second(s)

26-03-2025T03:08:05 - [TEST_STEP][PASSED] - tap(findTestObject("Object Repository/Repo/android.widget.Button - Next"), 0, STOP_ON_FAILURE): Tapped on element 'Object Repository/Repo/android.widget.Button - Next'

26-03-2025T03:08:05 - [MESSAGE][WARNING] - Timeout '0' is invalid. Using default page load timeout: '30'

26-03-2025T03:08:06 - [MESSAGE][PASSED] - Tapped on element 'Object Repository/Repo/android.widget.Button - Next'

26-03-2025T03:08:06 - [TEST_STEP][PASSED] - delay(30): Delayed 30 second(s)

26-03-2025T03:08:36 - [MESSAGE][PASSED] - Delayed 30 second(s)

26-03-2025T03:08:36 - [TEST_STEP][PASSED] - setText(findTestObject("Object Repository/Repo/android.widget.EditText-OAM(Login)"), email, 0, STOP_ON_FAILURE): Text '0225109tm@wg.com' has been set to element 'Object Repository/Repo/android.widget.EditText-OAM(Login)'

26-03-2025T03:08:36 - [MESSAGE][WARNING] - Timeout '0' is invalid. Using default page load timeout: '30'

26-03-2025T03:08:38 - [MESSAGE][PASSED] - Text '0225109tm@wg.com' has been set to element 'Object Repository/Repo/android.widget.EditText-OAM(Login)'

26-03-2025T03:08:38 - [TEST_STEP][PASSED] - hideKeyboard(): Keyboard is hidden

26-03-2025T03:08:41 - [MESSAGE][PASSED] - Keyboard is hidden

26-03-2025T03:08:41 - [TEST_STEP][PASSED] - delay(30): Delayed 30 second(s)

26-03-2025T03:09:11 - [MESSAGE][PASSED] - Delayed 30 second(s)

26-03-2025T03:09:11 - [TEST_STEP][PASSED] - setText(findTestObject("Object Repository/Repo/android.widget.EditText-OAM(Password)"), password, 0, STOP_ON_FAILURE): Text 'password' has been set to element 'Object Repository/Repo/android.widget.EditText-OAM(Password)'

26-03-2025T03:09:11 - [MESSAGE][WARNING] - Timeout '0' is invalid. Using default page load timeout: '30'

26-03-2025T03:09:12 - [MESSAGE][PASSED] - Text 'password' has been set to element 'Object Repository/Repo/android.widget.EditText-OAM(Password)'

26-03-2025T03:09:12 - [TEST_STEP][PASSED] - hideKeyboard(): Keyboard is hidden

26-03-2025T03:09:15 - [MESSAGE][PASSED] - Keyboard is hidden

26-03-2025T03:09:15 - [TEST_STEP][PASSED] - delay(30): Delayed 30 second(s)

26-03-2025T03:09:45 - [MESSAGE][PASSED] - Delayed 30 second(s)

26-03-2025T03:09:45 - [TEST_STEP][PASSED] - tap(findTestObject("Object Repository/Repo/android.widget.Button -OAM(Login)"), 0, STOP_ON_FAILURE): Tapped on element 'Object Repository/Repo/android.widget.Button -OAM(Login)'

26-03-2025T03:09:45 - [MESSAGE][WARNING] - Timeout '0' is invalid. Using default page load timeout: '30'

26-03-2025T03:09:45 - [MESSAGE][PASSED] - Tapped on element 'Object Repository/Repo/android.widget.Button -OAM(Login)'

26-03-2025T03:09:45 - [TEST_STEP][PASSED] - delay(10): Delayed 10 second(s)

26-03-2025T03:09:55 - [MESSAGE][PASSED] - Delayed 10 second(s)

26-03-2025T03:09:55 - [TEST_STEP][PASSED] - tap(findTestObject("Object Repository/Repo/android.view.View - Home"), 0, STOP_ON_FAILURE): Tapped on element 'Object Repository/Repo/android.view.View - Home'

26-03-2025T03:09:55 - [MESSAGE][WARNING] - Timeout '0' is invalid. Using default page load timeout: '30'

26-03-2025T03:09:56 - [MESSAGE][PASSED] - Tapped on element 'Object Repository/Repo/android.view.View - Home'

26-03-2025T03:09:56 - [TEST_STEP][PASSED] - delay(5): Delayed 5 second(s)

26-03-2025T03:10:01 - [MESSAGE][PASSED] - Delayed 5 second(s)

26-03-2025T03:10:01 - [TEST_STEP][PASSED] - tap(findTestObject("Object Repository/Repo/android.widget.Button - menu"), 0, STOP_ON_FAILURE): Tapped on element 'Object Repository/Repo/android.widget.Button - menu'

26-03-2025T03:10:01 - [MESSAGE][WARNING] - Timeout '0' is invalid. Using default page load timeout: '30'

26-03-2025T03:10:01 - [MESSAGE][PASSED] - Tapped on element 'Object Repository/Repo/android.widget.Button - menu'

26-03-2025T03:10:01 - [TEST_STEP][PASSED] - delay(30): Delayed 30 second(s)

26-03-2025T03:10:31 - [MESSAGE][PASSED] - Delayed 30 second(s)

26-03-2025T03:10:31 - [TEST_STEP][PASSED] - if (waitForElementPresent(findTestObject("Object Repository/Repo/android.widget.TextView - Terms and Conditions-Menu"), 10, CONTINUE_ON_FAILURE)): null

26-03-2025T03:10:32 - [MESSAGE][PASSED] - Element 'Object Repository/Repo/android.widget.TextView - Terms and Conditions-Menu' is present

26-03-2025T03:10:32 - [TEST_STEP][PASSED] - tap(findTestObject("Object Repository/Repo/android.widget.TextView - Terms and Conditions-Menu"), 0, STOP_ON_FAILURE): Tapped on element 'Object Repository/Repo/android.widget.TextView - Terms and Conditions-Menu'

26-03-2025T03:10:32 - [MESSAGE][WARNING] - Timeout '0' is invalid. Using default page load timeout: '30'

26-03-2025T03:10:32 - [MESSAGE][PASSED] - Tapped on element 'Object Repository/Repo/android.widget.TextView - Terms and Conditions-Menu'

26-03-2025T03:10:32 - [TEST_STEP][PASSED] - delay(30): Delayed 30 second(s)

26-03-2025T03:11:02 - [MESSAGE][PASSED] - Delayed 30 second(s)

26-03-2025T03:11:02 - [TEST_STEP][PASSED] - if (waitForElementPresent(findTestObject("Object Repository/Repo/android.view.View-Terms and conditions web"), 30, CONTINUE_ON_FAILURE)): Object Object Repository/Repo/android.view.View-Terms and conditions web not found

26-03-2025T03:11:32 - [MESSAGE][WARNING] - Object Object Repository/Repo/android.view.View-Terms and conditions web not found

26-03-2025T03:11:32 - [TEST_STEP][PASSED] - else: null

26-03-2025T03:11:32 - [TEST_STEP][PASSED] - println("Element 'android.view.View - Terms & Conditions-Webview' does not exist after waiting."): null

26-03-2025T03:11:32 - [TEST_STEP][PASSED] - delay(30): Delayed 30 second(s)

26-03-2025T03:12:02 - [MESSAGE][PASSED] - Delayed 30 second(s)

26-03-2025T03:12:02 - [TEST_STEP][PASSED] - tap(findTestObject("Object Repository/Repo/android.widget.ImageButton-Cancel web"), 0, STOP_ON_FAILURE): Tapped on element 'Object Repository/Repo/android.widget.ImageButton-Cancel web'

26-03-2025T03:12:02 - [MESSAGE][WARNING] - Timeout '0' is invalid. Using default page load timeout: '30'

26-03-2025T03:12:03 - [MESSAGE][PASSED] - Tapped on element 'Object Repository/Repo/android.widget.ImageButton-Cancel web'

26-03-2025T03:12:03 - [TEST_STEP][PASSED] - delay(15): Delayed 15 second(s)

26-03-2025T03:12:18 - [MESSAGE][PASSED] - Delayed 15 second(s)

26-03-2025T03:12:18 - [TEST_STEP][PASSED] - tap(findTestObject("Object Repository/Repo/android.widget.Button - menu"), 0, STOP_ON_FAILURE): Tapped on element 'Object Repository/Repo/android.widget.Button - menu'

26-03-2025T03:12:18 - [MESSAGE][WARNING] - Timeout '0' is invalid. Using default page load timeout: '30'

26-03-2025T03:12:18 - [MESSAGE][PASSED] - Tapped on element 'Object Repository/Repo/android.widget.Button - menu'

26-03-2025T03:12:18 - [TEST_STEP][PASSED] - delay(30): Delayed 30 second(s)

26-03-2025T03:12:48 - [MESSAGE][PASSED] - Delayed 30 second(s)

26-03-2025T03:12:48 - [TEST_STEP][PASSED] - tap(findTestObject("Object Repository/Repo/android.widget.TextView - Privacy Policy-Menu"), 0, STOP_ON_FAILURE): Tapped on element 'Object Repository/Repo/android.widget.TextView - Privacy Policy-Menu'

26-03-2025T03:12:48 - [MESSAGE][WARNING] - Timeout '0' is invalid. Using default page load timeout: '30'

26-03-2025T03:12:49 - [MESSAGE][PASSED] - Tapped on element 'Object Repository/Repo/android.widget.TextView - Privacy Policy-Menu'

26-03-2025T03:12:49 - [TEST_STEP][PASSED] - delay(30): Delayed 30 second(s)

26-03-2025T03:13:19 - [MESSAGE][PASSED] - Delayed 30 second(s)

26-03-2025T03:13:19 - [TEST_STEP][PASSED] - if (waitForElementPresent(findTestObject("Object Repository/Repo/android.widget.TextView - Privacy Policy-web"), 30, CONTINUE_ON_FAILURE)): null

26-03-2025T03:13:20 - [MESSAGE][PASSED] - Element 'Object Repository/Repo/android.widget.TextView - Privacy Policy-web' is present

26-03-2025T03:13:20 - [TEST_STEP][PASSED] - println("Element 'android.widget.TextView - Privacy Policy-web' exists."): null

26-03-2025T03:13:20 - [TEST_STEP][PASSED] - closeApplication(): Close app successfully

26-03-2025T03:13:24 - [MESSAGE][PASSED] - Close app successfully]]></system-out>
         <system-err><![CDATA[]]></system-err>
      </testcase>
      <testcase name="Test Cases/Sprint 2/WRMA-119/C764" time="214.575" classname="Test Cases/Sprint 2/WRMA-119/C764" status="PASSED">
         <system-out><![CDATA[26-03-2025T03:13:24 - [TEST_CASE][PASSED] - Test Cases/Sprint 2/WRMA-119/C764: Test Cases/Sprint 2/WRMA-119/C764

26-03-2025T03:13:24 - [TEST_STEP][PASSED] - startApplication("C:\Users\GVVignesh\git\WGR_Android\App Folder\app-debug.apk", true): Started application: 'C:\Users\GVVignesh\git\WGR_Android\App Folder\app-debug.apk'

26-03-2025T03:13:24 - [MESSAGE][INFO] - Starting application: 'C:\Users\GVVignesh\git\WGR_Android\App Folder\app-debug.apk'

26-03-2025T03:13:24 - [MESSAGE][INFO] - User set preference: ['deviceId', '']

26-03-2025T03:13:24 - [MESSAGE][INFO] - Detected NodeJS location: "C:\Program Files\nodejs\node.exe"

26-03-2025T03:13:34 - [MESSAGE][INFO] - PATH: C:\Program Files\nodejs;

26-03-2025T03:13:34 - [MESSAGE][INFO] - APPIUM_HOME: C:\Users\GVVignesh\.appium

26-03-2025T03:13:34 - [MESSAGE][INFO] - appium outlog: C:\Users\GVVignesh\Katalon Studio\WGR-Android-Automation\Reports\20250326_030210\Merged Sprint-1 and Sprint-2 Android\20250326_030210\appium.log

26-03-2025T03:13:34 - [MESSAGE][INFO] - appium errlog: C:\Users\GVVignesh\Katalon Studio\WGR-Android-Automation\Reports\20250326_030210\Merged Sprint-1 and Sprint-2 Android\20250326_030210\appium_error.log

26-03-2025T03:13:37 - [MESSAGE][INFO] - Appium server started on port 55,471

26-03-2025T03:14:11 - [MESSAGE][PASSED] - Started application: 'C:\Users\GVVignesh\git\WGR_Android\App Folder\app-debug.apk'

26-03-2025T03:14:11 - [TEST_STEP][PASSED] - delay(10): Delayed 10 second(s)

26-03-2025T03:14:21 - [MESSAGE][PASSED] - Delayed 10 second(s)

26-03-2025T03:14:21 - [TEST_STEP][PASSED] - verifyElementExist(findTestObject("Object Repository/Repo/android.view.View - Home"), 0): Element 'Object Repository/Repo/android.view.View - Home' is exist

26-03-2025T03:14:21 - [MESSAGE][WARNING] - Timeout '0' is invalid. Using default page load timeout: '30'

26-03-2025T03:14:22 - [MESSAGE][PASSED] - Element 'Object Repository/Repo/android.view.View - Home' is exist

26-03-2025T03:14:22 - [TEST_STEP][PASSED] - delay(5): Delayed 5 second(s)

26-03-2025T03:14:27 - [MESSAGE][PASSED] - Delayed 5 second(s)

26-03-2025T03:14:27 - [TEST_STEP][PASSED] - tap(findTestObject("Object Repository/Repo/android.view.View - Home"), 0): Tapped on element 'Object Repository/Repo/android.view.View - Home'

26-03-2025T03:14:27 - [MESSAGE][WARNING] - Timeout '0' is invalid. Using default page load timeout: '30'

26-03-2025T03:14:27 - [MESSAGE][PASSED] - Tapped on element 'Object Repository/Repo/android.view.View - Home'

26-03-2025T03:14:27 - [TEST_STEP][PASSED] - delay(10): Delayed 10 second(s)

26-03-2025T03:14:37 - [MESSAGE][PASSED] - Delayed 10 second(s)

26-03-2025T03:14:37 - [TEST_STEP][PASSED] - verifyElementExist(findTestObject("Object Repository/Repo/android.view.View - Home (1)"), 0): Element 'Object Repository/Repo/android.view.View - Home (1)' is exist

26-03-2025T03:14:37 - [MESSAGE][WARNING] - Timeout '0' is invalid. Using default page load timeout: '30'

26-03-2025T03:14:38 - [MESSAGE][PASSED] - Element 'Object Repository/Repo/android.view.View - Home (1)' is exist

26-03-2025T03:14:38 - [TEST_STEP][PASSED] - delay(5): Delayed 5 second(s)

26-03-2025T03:14:43 - [MESSAGE][PASSED] - Delayed 5 second(s)

26-03-2025T03:14:43 - [TEST_STEP][PASSED] - verifyElementExist(findTestObject("Object Repository/Repo/android.widget.TextView-Slide"), 0): Element 'Object Repository/Repo/android.widget.TextView-Slide' is exist

26-03-2025T03:14:43 - [MESSAGE][WARNING] - Timeout '0' is invalid. Using default page load timeout: '30'

26-03-2025T03:14:44 - [MESSAGE][PASSED] - Element 'Object Repository/Repo/android.widget.TextView-Slide' is exist

26-03-2025T03:14:44 - [TEST_STEP][PASSED] - startX = 1000: null

26-03-2025T03:14:44 - [TEST_STEP][PASSED] - startY = 2000: null

26-03-2025T03:14:44 - [TEST_STEP][PASSED] - endX = 200: null

26-03-2025T03:14:44 - [TEST_STEP][PASSED] - endY = 1000: null

26-03-2025T03:14:44 - [TEST_STEP][PASSED] - swipe(startX, startY, endX, endY): Swiped from 1,000,2,000 to 200,1,000

26-03-2025T03:14:46 - [MESSAGE][PASSED] - Swiped from 1,000,2,000 to 200,1,000

26-03-2025T03:14:46 - [TEST_STEP][PASSED] - delay(5): Delayed 5 second(s)

26-03-2025T03:14:51 - [MESSAGE][PASSED] - Delayed 5 second(s)

26-03-2025T03:14:51 - [TEST_STEP][PASSED] - homeText = View - Home (1)"), 0).trim(): Text of element 'Object Repository/Repo/android.view.View - Home (1)' is: 'Home'

26-03-2025T03:14:51 - [MESSAGE][WARNING] - Timeout '0' is invalid. Using default page load timeout: '30'

26-03-2025T03:14:51 - [MESSAGE][PASSED] - Text of element 'Object Repository/Repo/android.view.View - Home (1)' is: 'Home'

26-03-2025T03:14:51 - [TEST_STEP][PASSED] - println("Home Text: " + homeText): null

26-03-2025T03:14:51 - [TEST_STEP][PASSED] - verifyEqual(homeText, "Home", STOP_ON_FAILURE): Actual object 'Home' and expected object 'Home' are equal

26-03-2025T03:14:51 - [MESSAGE][PASSED] - Actual object 'Home' and expected object 'Home' are equal

26-03-2025T03:14:51 - [TEST_STEP][PASSED] - delay(5): Delayed 5 second(s)

26-03-2025T03:14:56 - [MESSAGE][PASSED] - Delayed 5 second(s)

26-03-2025T03:14:56 - [TEST_STEP][PASSED] - verifyElementExist(findTestObject("Object Repository/Repo/android.view.View - My Account (1)"), 0): Element 'Object Repository/Repo/android.view.View - My Account (1)' is exist

26-03-2025T03:14:56 - [MESSAGE][WARNING] - Timeout '0' is invalid. Using default page load timeout: '30'

26-03-2025T03:14:57 - [MESSAGE][PASSED] - Element 'Object Repository/Repo/android.view.View - My Account (1)' is exist

26-03-2025T03:14:57 - [TEST_STEP][PASSED] - delay(5): Delayed 5 second(s)

26-03-2025T03:15:02 - [MESSAGE][PASSED] - Delayed 5 second(s)

26-03-2025T03:15:02 - [TEST_STEP][PASSED] - myAccountText = View - My Account (1)"), 0).trim(): Text of element 'Object Repository/Repo/android.view.View - My Account (1)' is: 'My Account'

26-03-2025T03:15:02 - [MESSAGE][WARNING] - Timeout '0' is invalid. Using default page load timeout: '30'

26-03-2025T03:15:03 - [MESSAGE][PASSED] - Text of element 'Object Repository/Repo/android.view.View - My Account (1)' is: 'My Account'

26-03-2025T03:15:03 - [TEST_STEP][PASSED] - println("My Account Text: " + myAccountText): null

26-03-2025T03:15:03 - [TEST_STEP][PASSED] - verifyEqual(myAccountText, "My Account", STOP_ON_FAILURE): Actual object 'My Account' and expected object 'My Account' are equal

26-03-2025T03:15:03 - [MESSAGE][PASSED] - Actual object 'My Account' and expected object 'My Account' are equal

26-03-2025T03:15:03 - [TEST_STEP][PASSED] - delay(15): Delayed 15 second(s)

26-03-2025T03:15:18 - [MESSAGE][PASSED] - Delayed 15 second(s)

26-03-2025T03:15:18 - [TEST_STEP][PASSED] - scrollToText("Recommended for you"): Scrolling to text 'Recommended for you' successfully

26-03-2025T03:15:20 - [MESSAGE][PASSED] - Scrolling to text 'Recommended for you' successfully

26-03-2025T03:15:20 - [TEST_STEP][PASSED] - delay(5): Delayed 5 second(s)

26-03-2025T03:15:25 - [MESSAGE][PASSED] - Delayed 5 second(s)

26-03-2025T03:15:25 - [TEST_STEP][PASSED] - delay(5): Delayed 5 second(s)

26-03-2025T03:15:30 - [MESSAGE][PASSED] - Delayed 5 second(s)

26-03-2025T03:15:30 - [TEST_STEP][PASSED] - verifyElementExist(findTestObject("Object Repository/Repo/android.widget.TextView - RECOMMENDED FOR YOU"), 0): Element 'Object Repository/Repo/android.widget.TextView - RECOMMENDED FOR YOU' is exist

26-03-2025T03:15:30 - [MESSAGE][WARNING] - Timeout '0' is invalid. Using default page load timeout: '30'

26-03-2025T03:15:31 - [MESSAGE][PASSED] - Element 'Object Repository/Repo/android.widget.TextView - RECOMMENDED FOR YOU' is exist

26-03-2025T03:15:31 - [TEST_STEP][PASSED] - delay(5): Delayed 5 second(s)

26-03-2025T03:15:36 - [MESSAGE][PASSED] - Delayed 5 second(s)

26-03-2025T03:15:36 - [TEST_STEP][PASSED] - recommendedText = TextView - RECOMMENDED FOR YOU"), 0).trim(): Text of element 'Object Repository/Repo/android.widget.TextView - RECOMMENDED FOR YOU' is: 'RECOMMENDED FOR YOU'

26-03-2025T03:15:36 - [MESSAGE][WARNING] - Timeout '0' is invalid. Using default page load timeout: '30'

26-03-2025T03:15:36 - [MESSAGE][PASSED] - Text of element 'Object Repository/Repo/android.widget.TextView - RECOMMENDED FOR YOU' is: 'RECOMMENDED FOR YOU'

26-03-2025T03:15:36 - [TEST_STEP][PASSED] - println("Recommended Text: " + recommendedText): null

26-03-2025T03:15:36 - [TEST_STEP][PASSED] - verifyEqual(recommendedText, "RECOMMENDED FOR YOU", STOP_ON_FAILURE): Actual object 'RECOMMENDED FOR YOU' and expected object 'RECOMMENDED FOR YOU' are equal

26-03-2025T03:15:36 - [MESSAGE][PASSED] - Actual object 'RECOMMENDED FOR YOU' and expected object 'RECOMMENDED FOR YOU' are equal

26-03-2025T03:15:36 - [TEST_STEP][PASSED] - delay(5): Delayed 5 second(s)

26-03-2025T03:15:41 - [MESSAGE][PASSED] - Delayed 5 second(s)

26-03-2025T03:15:41 - [TEST_STEP][PASSED] - verifyElementExist(findTestObject("Object Repository/Repo/android.widget.TextView - THINGS TO DO"), 0): Element 'Object Repository/Repo/android.widget.TextView - THINGS TO DO' is exist

26-03-2025T03:15:41 - [MESSAGE][WARNING] - Timeout '0' is invalid. Using default page load timeout: '30'

26-03-2025T03:15:42 - [MESSAGE][PASSED] - Element 'Object Repository/Repo/android.widget.TextView - THINGS TO DO' is exist

26-03-2025T03:15:42 - [TEST_STEP][PASSED] - delay(5): Delayed 5 second(s)

26-03-2025T03:15:47 - [MESSAGE][PASSED] - Delayed 5 second(s)

26-03-2025T03:15:47 - [TEST_STEP][PASSED] - thingsToDoText = TextView - THINGS TO DO"), 0).trim(): Text of element 'Object Repository/Repo/android.widget.TextView - THINGS TO DO' is: 'THINGS TO DO'

26-03-2025T03:15:47 - [MESSAGE][WARNING] - Timeout '0' is invalid. Using default page load timeout: '30'

26-03-2025T03:15:48 - [MESSAGE][PASSED] - Text of element 'Object Repository/Repo/android.widget.TextView - THINGS TO DO' is: 'THINGS TO DO'

26-03-2025T03:15:48 - [TEST_STEP][PASSED] - println("Things to Do Text: " + thingsToDoText): null

26-03-2025T03:15:48 - [TEST_STEP][PASSED] - verifyEqual(thingsToDoText, "THINGS TO DO", STOP_ON_FAILURE): Actual object 'THINGS TO DO' and expected object 'THINGS TO DO' are equal

26-03-2025T03:15:48 - [MESSAGE][PASSED] - Actual object 'THINGS TO DO' and expected object 'THINGS TO DO' are equal

26-03-2025T03:15:48 - [TEST_STEP][PASSED] - delay(5): Delayed 5 second(s)

26-03-2025T03:15:53 - [MESSAGE][PASSED] - Delayed 5 second(s)

26-03-2025T03:15:53 - [TEST_STEP][PASSED] - verifyElementExist(findTestObject("Object Repository/Repo/android.view.View-gain access"), 0): Element 'Object Repository/Repo/android.view.View-gain access' is exist

26-03-2025T03:15:53 - [MESSAGE][WARNING] - Timeout '0' is invalid. Using default page load timeout: '30'

26-03-2025T03:15:53 - [MESSAGE][PASSED] - Element 'Object Repository/Repo/android.view.View-gain access' is exist

26-03-2025T03:15:53 - [TEST_STEP][PASSED] - delay(5): Delayed 5 second(s)

26-03-2025T03:15:58 - [MESSAGE][PASSED] - Delayed 5 second(s)

26-03-2025T03:15:58 - [TEST_STEP][PASSED] - gainAccessText = TextView - Gain access to a"), 0).trim(): Text of element 'Object Repository/Repo/android.widget.TextView - Gain access to a' is: 'Gain access to a'

26-03-2025T03:15:58 - [MESSAGE][WARNING] - Timeout '0' is invalid. Using default page load timeout: '30'

26-03-2025T03:15:59 - [MESSAGE][PASSED] - Text of element 'Object Repository/Repo/android.widget.TextView - Gain access to a' is: 'Gain access to a'

26-03-2025T03:15:59 - [TEST_STEP][PASSED] - println("Gain Access Text: " + gainAccessText): null

26-03-2025T03:15:59 - [TEST_STEP][PASSED] - verifyEqual(gainAccessText, "Gain access to a", STOP_ON_FAILURE): Actual object 'Gain access to a' and expected object 'Gain access to a' are equal

26-03-2025T03:15:59 - [MESSAGE][PASSED] - Actual object 'Gain access to a' and expected object 'Gain access to a' are equal

26-03-2025T03:15:59 - [TEST_STEP][PASSED] - delay(5): Delayed 5 second(s)

26-03-2025T03:16:04 - [MESSAGE][PASSED] - Delayed 5 second(s)

26-03-2025T03:16:04 - [TEST_STEP][PASSED] - customizedExperienceText = TextView - customized experience"), 0).trim(): Text of element 'Object Repository/Repo/android.widget.TextView - customized experience' is: 'customized experience'

26-03-2025T03:16:04 - [MESSAGE][WARNING] - Timeout '0' is invalid. Using default page load timeout: '30'

26-03-2025T03:16:05 - [MESSAGE][PASSED] - Text of element 'Object Repository/Repo/android.widget.TextView - customized experience' is: 'customized experience'

26-03-2025T03:16:05 - [TEST_STEP][PASSED] - println("Customized Experience Text: " + customizedExperienceText): null

26-03-2025T03:16:05 - [TEST_STEP][PASSED] - verifyEqual(customizedExperienceText, "customized experience", STOP_ON_FAILURE): Actual object 'customized experience' and expected object 'customized experience' are equal

26-03-2025T03:16:05 - [MESSAGE][PASSED] - Actual object 'customized experience' and expected object 'customized experience' are equal

26-03-2025T03:16:05 - [TEST_STEP][PASSED] - delay(5): Delayed 5 second(s)

26-03-2025T03:16:10 - [MESSAGE][PASSED] - Delayed 5 second(s)

26-03-2025T03:16:10 - [TEST_STEP][PASSED] - verifyElementExist(findTestObject("Object Repository/Repo/android.widget.TextView - Login"), 0): Element 'Object Repository/Repo/android.widget.TextView - Login' is exist

26-03-2025T03:16:10 - [MESSAGE][WARNING] - Timeout '0' is invalid. Using default page load timeout: '30'

26-03-2025T03:16:12 - [MESSAGE][PASSED] - Element 'Object Repository/Repo/android.widget.TextView - Login' is exist

26-03-2025T03:16:12 - [TEST_STEP][PASSED] - delay(5): Delayed 5 second(s)

26-03-2025T03:16:17 - [MESSAGE][PASSED] - Delayed 5 second(s)

26-03-2025T03:16:17 - [TEST_STEP][PASSED] - loginText = TextView - Login"), 0).trim(): Text of element 'Object Repository/Repo/android.widget.TextView - Login' is: 'Login'

26-03-2025T03:16:17 - [MESSAGE][WARNING] - Timeout '0' is invalid. Using default page load timeout: '30'

26-03-2025T03:16:17 - [MESSAGE][PASSED] - Text of element 'Object Repository/Repo/android.widget.TextView - Login' is: 'Login'

26-03-2025T03:16:17 - [TEST_STEP][PASSED] - println("Login Text: " + loginText): null

26-03-2025T03:16:18 - [TEST_STEP][PASSED] - verifyEqual(loginText, "Login", STOP_ON_FAILURE): Actual object 'Login' and expected object 'Login' are equal

26-03-2025T03:16:18 - [MESSAGE][PASSED] - Actual object 'Login' and expected object 'Login' are equal

26-03-2025T03:16:18 - [TEST_STEP][PASSED] - tap(findTestObject("Object Repository/Repo/android.widget.TextView - Login"), 0): Tapped on element 'Object Repository/Repo/android.widget.TextView - Login'

26-03-2025T03:16:18 - [MESSAGE][WARNING] - Timeout '0' is invalid. Using default page load timeout: '30'

26-03-2025T03:16:18 - [MESSAGE][PASSED] - Tapped on element 'Object Repository/Repo/android.widget.TextView - Login'

26-03-2025T03:16:18 - [TEST_STEP][PASSED] - delay(30): Delayed 30 second(s)

26-03-2025T03:16:48 - [MESSAGE][PASSED] - Delayed 30 second(s)

26-03-2025T03:16:48 - [TEST_STEP][PASSED] - verifyElementExist(findTestObject("Object Repository/Repo/android.widget.TextView - WESTGATE Online Account Management"), 0): Element 'Object Repository/Repo/android.widget.TextView - WESTGATE Online Account Management' is exist

26-03-2025T03:16:48 - [MESSAGE][WARNING] - Timeout '0' is invalid. Using default page load timeout: '30'

26-03-2025T03:16:48 - [MESSAGE][PASSED] - Element 'Object Repository/Repo/android.widget.TextView - WESTGATE Online Account Management' is exist

26-03-2025T03:16:48 - [TEST_STEP][PASSED] - delay(5): Delayed 5 second(s)

26-03-2025T03:16:53 - [MESSAGE][PASSED] - Delayed 5 second(s)

26-03-2025T03:16:53 - [TEST_STEP][PASSED] - westgateText = TextView - WESTGATE Online Account Management"), 0).trim(): Text of element 'Object Repository/Repo/android.widget.TextView - WESTGATE Online Account Management' is: 'WESTGATE Online Account Management'

26-03-2025T03:16:53 - [MESSAGE][WARNING] - Timeout '0' is invalid. Using default page load timeout: '30'

26-03-2025T03:16:54 - [MESSAGE][PASSED] - Text of element 'Object Repository/Repo/android.widget.TextView - WESTGATE Online Account Management' is: 'WESTGATE Online Account Management'

26-03-2025T03:16:54 - [TEST_STEP][PASSED] - println("WESTGATE Text: " + westgateText): null

26-03-2025T03:16:54 - [TEST_STEP][PASSED] - verifyEqual(westgateText, "WESTGATE Online Account Management", STOP_ON_FAILURE): Actual object 'WESTGATE Online Account Management' and expected object 'WESTGATE Online Account Management' are equal

26-03-2025T03:16:54 - [MESSAGE][PASSED] - Actual object 'WESTGATE Online Account Management' and expected object 'WESTGATE Online Account Management' are equal

26-03-2025T03:16:54 - [TEST_STEP][PASSED] - closeApplication(): Close app successfully

26-03-2025T03:16:58 - [MESSAGE][PASSED] - Close app successfully]]></system-out>
         <system-err><![CDATA[]]></system-err>
      </testcase>
      <testcase name="Test Cases/Sprint 2/WRMA-239/C666-C719-C738" time="125.342" classname="Test Cases/Sprint 2/WRMA-239/C666-C719-C738" status="PASSED">
         <system-out><![CDATA[26-03-2025T03:16:58 - [TEST_CASE][PASSED] - Test Cases/Sprint 2/WRMA-239/C666-C719-C738: Test Cases/Sprint 2/WRMA-239/C666-C719-C738

26-03-2025T03:16:58 - [TEST_STEP][PASSED] - startApplication("C:\Users\GVVignesh\git\WGR_Android\App Folder\universal.apk", false): Started application: 'C:\Users\GVVignesh\git\WGR_Android\App Folder\universal.apk'

26-03-2025T03:16:58 - [MESSAGE][INFO] - Starting application: 'C:\Users\GVVignesh\git\WGR_Android\App Folder\universal.apk'

26-03-2025T03:16:58 - [MESSAGE][INFO] - User set preference: ['deviceId', '']

26-03-2025T03:16:58 - [MESSAGE][INFO] - Detected NodeJS location: "C:\Program Files\nodejs\node.exe"

26-03-2025T03:17:09 - [MESSAGE][INFO] - PATH: C:\Program Files\nodejs;

26-03-2025T03:17:09 - [MESSAGE][INFO] - APPIUM_HOME: C:\Users\GVVignesh\.appium

26-03-2025T03:17:09 - [MESSAGE][INFO] - appium outlog: C:\Users\GVVignesh\Katalon Studio\WGR-Android-Automation\Reports\20250326_030210\Merged Sprint-1 and Sprint-2 Android\20250326_030210\appium.log

26-03-2025T03:17:09 - [MESSAGE][INFO] - appium errlog: C:\Users\GVVignesh\Katalon Studio\WGR-Android-Automation\Reports\20250326_030210\Merged Sprint-1 and Sprint-2 Android\20250326_030210\appium_error.log

26-03-2025T03:17:11 - [MESSAGE][INFO] - Appium server started on port 55,896

26-03-2025T03:17:48 - [MESSAGE][PASSED] - Started application: 'C:\Users\GVVignesh\git\WGR_Android\App Folder\universal.apk'

26-03-2025T03:17:48 - [TEST_STEP][PASSED] - delay(10): Delayed 10 second(s)

26-03-2025T03:17:58 - [MESSAGE][PASSED] - Delayed 10 second(s)

26-03-2025T03:17:58 - [TEST_STEP][PASSED] - tap(findTestObject("Object Repository/Repo/android.widget.TextView - Continue as a Guest"), 0): Tapped on element 'Object Repository/Repo/android.widget.TextView - Continue as a Guest'

26-03-2025T03:17:58 - [MESSAGE][WARNING] - Timeout '0' is invalid. Using default page load timeout: '30'

26-03-2025T03:17:59 - [MESSAGE][PASSED] - Tapped on element 'Object Repository/Repo/android.widget.TextView - Continue as a Guest'

26-03-2025T03:17:59 - [TEST_STEP][PASSED] - delay(10): Delayed 10 second(s)

26-03-2025T03:18:09 - [MESSAGE][PASSED] - Delayed 10 second(s)

26-03-2025T03:18:09 - [TEST_STEP][PASSED] - tap(findTestObject("Object Repository/Repo/android.widget.Button - menu"), 0): Tapped on element 'Object Repository/Repo/android.widget.Button - menu'

26-03-2025T03:18:09 - [MESSAGE][WARNING] - Timeout '0' is invalid. Using default page load timeout: '30'

26-03-2025T03:18:09 - [MESSAGE][PASSED] - Tapped on element 'Object Repository/Repo/android.widget.Button - menu'

26-03-2025T03:18:09 - [TEST_STEP][PASSED] - delay(20): Delayed 20 second(s)

26-03-2025T03:18:29 - [MESSAGE][PASSED] - Delayed 20 second(s)

26-03-2025T03:18:29 - [TEST_STEP][PASSED] - tap(findTestObject("Object Repository/Repo/android.widget.TabWidget (1)"), 0): Tapped on element 'Object Repository/Repo/android.widget.TabWidget (1)'

26-03-2025T03:18:29 - [MESSAGE][WARNING] - Timeout '0' is invalid. Using default page load timeout: '30'

26-03-2025T03:18:30 - [MESSAGE][PASSED] - Tapped on element 'Object Repository/Repo/android.widget.TabWidget (1)'

26-03-2025T03:18:30 - [TEST_STEP][PASSED] - delay(10): Delayed 10 second(s)

26-03-2025T03:18:40 - [MESSAGE][PASSED] - Delayed 10 second(s)

26-03-2025T03:18:40 - [TEST_STEP][PASSED] - actualVersionText = getText(findTestObject("Object Repository/Repo/android.widget.Button - Version 2.81.111"), 0): Text of element 'Object Repository/Repo/android.widget.Button - Version 2.81.111' is: 'Version 2.81.111'

26-03-2025T03:18:40 - [MESSAGE][WARNING] - Timeout '0' is invalid. Using default page load timeout: '30'

26-03-2025T03:18:40 - [MESSAGE][PASSED] - Text of element 'Object Repository/Repo/android.widget.Button - Version 2.81.111' is: 'Version 2.81.111'

26-03-2025T03:18:40 - [TEST_STEP][PASSED] - expectedVersionText = "Version 2.81.111": null

26-03-2025T03:18:40 - [TEST_STEP][PASSED] - assert actualVersionText == expectedVersionText: null

26-03-2025T03:18:40 - [TEST_STEP][PASSED] - println(Version verification successful: $actualVersionText): null

26-03-2025T03:18:40 - [TEST_STEP][PASSED] - tap(findTestObject("Object Repository/Repo/android.widget.Button - menu"), 0): Tapped on element 'Object Repository/Repo/android.widget.Button - menu'

26-03-2025T03:18:40 - [MESSAGE][WARNING] - Timeout '0' is invalid. Using default page load timeout: '30'

26-03-2025T03:18:40 - [MESSAGE][PASSED] - Tapped on element 'Object Repository/Repo/android.widget.Button - menu'

26-03-2025T03:18:40 - [TEST_STEP][PASSED] - delay(10): Delayed 10 second(s)

26-03-2025T03:18:50 - [MESSAGE][PASSED] - Delayed 10 second(s)

26-03-2025T03:18:50 - [TEST_STEP][PASSED] - homeElementExists = verifyElementExist(findTestObject("Object Repository/Repo/android.view.View - Home"), 0): Element 'Object Repository/Repo/android.view.View - Home' is exist

26-03-2025T03:18:50 - [MESSAGE][WARNING] - Timeout '0' is invalid. Using default page load timeout: '30'

26-03-2025T03:18:51 - [MESSAGE][PASSED] - Element 'Object Repository/Repo/android.view.View - Home' is exist

26-03-2025T03:18:51 - [TEST_STEP][PASSED] - assert homeElementExists : "Element 'Home' does not exist.": null

26-03-2025T03:18:51 - [TEST_STEP][PASSED] - homeText = getText(findTestObject("Object Repository/Repo/android.view.View - Home"), 0): Text of element 'Object Repository/Repo/android.view.View - Home' is: 'Home'

26-03-2025T03:18:51 - [MESSAGE][WARNING] - Timeout '0' is invalid. Using default page load timeout: '30'

26-03-2025T03:18:51 - [MESSAGE][PASSED] - Text of element 'Object Repository/Repo/android.view.View - Home' is: 'Home'

26-03-2025T03:18:51 - [TEST_STEP][PASSED] - assert homeText == "Home": null

26-03-2025T03:18:51 - [TEST_STEP][PASSED] - println("Home screen verification successful."): null

26-03-2025T03:18:51 - [TEST_STEP][PASSED] - tap(findTestObject("Object Repository/Repo/android.view.View - My Account"), 0): Tapped on element 'Object Repository/Repo/android.view.View - My Account'

26-03-2025T03:18:51 - [MESSAGE][WARNING] - Timeout '0' is invalid. Using default page load timeout: '30'

26-03-2025T03:18:52 - [MESSAGE][PASSED] - Tapped on element 'Object Repository/Repo/android.view.View - My Account'

26-03-2025T03:18:52 - [TEST_STEP][PASSED] - delay(10): Delayed 10 second(s)

26-03-2025T03:19:02 - [MESSAGE][PASSED] - Delayed 10 second(s)

26-03-2025T03:19:02 - [TEST_STEP][PASSED] - myAccountElementExists = verifyElementExist(findTestObject("Object Repository/Repo/android.view.View - My Account"), 0): Element 'Object Repository/Repo/android.view.View - My Account' is exist

26-03-2025T03:19:02 - [MESSAGE][WARNING] - Timeout '0' is invalid. Using default page load timeout: '30'

26-03-2025T03:19:02 - [MESSAGE][PASSED] - Element 'Object Repository/Repo/android.view.View - My Account' is exist

26-03-2025T03:19:02 - [TEST_STEP][PASSED] - assert myAccountElementExists : "Element 'My Account' does not exist.": null

26-03-2025T03:19:02 - [TEST_STEP][PASSED] - myAccountText = getText(findTestObject("Object Repository/Repo/android.view.View - My Account"), 0): Text of element 'Object Repository/Repo/android.view.View - My Account' is: 'My Account'

26-03-2025T03:19:02 - [MESSAGE][WARNING] - Timeout '0' is invalid. Using default page load timeout: '30'

26-03-2025T03:19:02 - [MESSAGE][PASSED] - Text of element 'Object Repository/Repo/android.view.View - My Account' is: 'My Account'

26-03-2025T03:19:02 - [TEST_STEP][PASSED] - assert myAccountText == "My Account": null

26-03-2025T03:19:02 - [TEST_STEP][PASSED] - println("My Account screen verification successful."): null

26-03-2025T03:19:02 - [TEST_STEP][PASSED] - println("All test verifications completed successfully!"): null

26-03-2025T03:19:02 - [TEST_STEP][PASSED] - closeApplication(): Close app successfully

26-03-2025T03:19:03 - [MESSAGE][PASSED] - Close app successfully]]></system-out>
         <system-err><![CDATA[]]></system-err>
      </testcase>
      <testcase name="Test Cases/Sprint 2/WRMA-241/C660-C681" time="430.63" classname="Test Cases/Sprint 2/WRMA-241/C660-C681" status="PASSED">
         <system-out><![CDATA[26-03-2025T03:19:04 - [TEST_CASE][PASSED] - Test Cases/Sprint 2/WRMA-241/C660-C681: Test Cases/Sprint 2/WRMA-241/C660-C681

26-03-2025T03:19:04 - [TEST_STEP][PASSED] - emailValidationTests = new EmailValidationTests(): null

26-03-2025T03:19:04 - [TEST_STEP][PASSED] - emailValidationTests.runAllTests(): null

26-03-2025T03:19:04 - [TEST_STEP][PASSED] - testInvalidEmailFormat(): null

26-03-2025T03:19:04 - [TEST_STEP][PASSED] - excelData = findTestData("Data Files/InvalidEmail"): null

26-03-2025T03:19:04 - [TEST_STEP][PASSED] - rowCount = excelData.getRowNumbers(): null

26-03-2025T03:19:04 - [TEST_STEP][PASSED] - startApplication(APK_PATH, false): Started application: 'C:\Users\GVVignesh\git\WGR_Android\App Folder\universal.apk'

26-03-2025T03:19:04 - [MESSAGE][INFO] - Starting application: 'C:\Users\GVVignesh\git\WGR_Android\App Folder\universal.apk'

26-03-2025T03:19:04 - [MESSAGE][INFO] - User set preference: ['deviceId', '']

26-03-2025T03:19:04 - [MESSAGE][INFO] - Detected NodeJS location: "C:\Program Files\nodejs\node.exe"

26-03-2025T03:19:14 - [MESSAGE][INFO] - PATH: C:\Program Files\nodejs;

26-03-2025T03:19:14 - [MESSAGE][INFO] - APPIUM_HOME: C:\Users\GVVignesh\.appium

26-03-2025T03:19:14 - [MESSAGE][INFO] - appium outlog: C:\Users\GVVignesh\Katalon Studio\WGR-Android-Automation\Reports\20250326_030210\Merged Sprint-1 and Sprint-2 Android\20250326_030210\appium.log

26-03-2025T03:19:14 - [MESSAGE][INFO] - appium errlog: C:\Users\GVVignesh\Katalon Studio\WGR-Android-Automation\Reports\20250326_030210\Merged Sprint-1 and Sprint-2 Android\20250326_030210\appium_error.log

26-03-2025T03:19:17 - [MESSAGE][INFO] - Appium server started on port 56,156

26-03-2025T03:19:25 - [MESSAGE][PASSED] - Started application: 'C:\Users\GVVignesh\git\WGR_Android\App Folder\universal.apk'

26-03-2025T03:19:25 - [TEST_STEP][PASSED] - delay(5): Delayed 5 second(s)

26-03-2025T03:19:30 - [MESSAGE][PASSED] - Delayed 5 second(s)

26-03-2025T03:19:30 - [TEST_STEP][PASSED] - tap(findTestObject("Object Repository/Repo/android.widget.Button - Login or Sign Up"), 0): Tapped on element 'Object Repository/Repo/android.widget.Button - Login or Sign Up'

26-03-2025T03:19:30 - [MESSAGE][WARNING] - Timeout '0' is invalid. Using default page load timeout: '30'

26-03-2025T03:19:31 - [MESSAGE][PASSED] - Tapped on element 'Object Repository/Repo/android.widget.Button - Login or Sign Up'

26-03-2025T03:19:31 - [TEST_STEP][PASSED] - for ([i = 1, i <= rowCount, (i++)]): null

26-03-2025T03:19:31 - [TEST_STEP][PASSED] - invalidEmail = excelData.getValue("email-Address", i): null

26-03-2025T03:19:31 - [TEST_STEP][PASSED] - println(Testing invalid email from Excel (Row $i): $invalidEmail): null

26-03-2025T03:19:31 - [TEST_STEP][PASSED] - waitForElementPresent(findTestObject("Object Repository/Repo/android.widget.EditText-LoginorSignUp"), 20): Element 'Object Repository/Repo/android.widget.EditText-LoginorSignUp' is present

26-03-2025T03:19:33 - [MESSAGE][PASSED] - Element 'Object Repository/Repo/android.widget.EditText-LoginorSignUp' is present

26-03-2025T03:19:33 - [TEST_STEP][PASSED] - sendKeys(findTestObject("Object Repository/Repo/android.widget.EditText-LoginorSignUp"), invalidEmail): Send keys 'd.g.com' on test object 'Object Repository/Repo/android.widget.EditText-LoginorSignUp' successfully.

26-03-2025T03:19:34 - [MESSAGE][PASSED] - Send keys 'd.g.com' on test object 'Object Repository/Repo/android.widget.EditText-LoginorSignUp' successfully.

26-03-2025T03:19:34 - [TEST_STEP][PASSED] - actualErrorMessage = TextView -  Invalid email format"), 0).trim(): Text of element 'Object Repository/Repo/android.widget.TextView -  Invalid email format' is: ' Invalid email format.
'

26-03-2025T03:19:34 - [MESSAGE][WARNING] - Timeout '0' is invalid. Using default page load timeout: '30'

26-03-2025T03:19:35 - [MESSAGE][PASSED] - Text of element 'Object Repository/Repo/android.widget.TextView -  Invalid email format' is: ' Invalid email format.
'

26-03-2025T03:19:35 - [TEST_STEP][PASSED] - expectedErrorMessage = "Invalid email format": null

26-03-2025T03:19:35 - [TEST_STEP][PASSED] - Assert.assertEquals(Error message validation failed at row $i, replaceAll("[^a-zA-Z0-9 ]", "").trim(), replaceAll("[^a-zA-Z0-9 ]", "").trim()): null

26-03-2025T03:19:35 - [TEST_STEP][PASSED] - invalidEmail = excelData.getValue("email-Address", i): null

26-03-2025T03:19:35 - [TEST_STEP][PASSED] - println(Testing invalid email from Excel (Row $i): $invalidEmail): null

26-03-2025T03:19:35 - [TEST_STEP][PASSED] - waitForElementPresent(findTestObject("Object Repository/Repo/android.widget.EditText-LoginorSignUp"), 20): Element 'Object Repository/Repo/android.widget.EditText-LoginorSignUp' is present

26-03-2025T03:19:35 - [MESSAGE][PASSED] - Element 'Object Repository/Repo/android.widget.EditText-LoginorSignUp' is present

26-03-2025T03:19:35 - [TEST_STEP][PASSED] - sendKeys(findTestObject("Object Repository/Repo/android.widget.EditText-LoginorSignUp"), invalidEmail): Send keys 's@com' on test object 'Object Repository/Repo/android.widget.EditText-LoginorSignUp' successfully.

26-03-2025T03:19:36 - [MESSAGE][PASSED] - Send keys 's@com' on test object 'Object Repository/Repo/android.widget.EditText-LoginorSignUp' successfully.

26-03-2025T03:19:36 - [TEST_STEP][PASSED] - actualErrorMessage = TextView -  Invalid email format"), 0).trim(): Text of element 'Object Repository/Repo/android.widget.TextView -  Invalid email format' is: ' Invalid email format.
'

26-03-2025T03:19:36 - [MESSAGE][WARNING] - Timeout '0' is invalid. Using default page load timeout: '30'

26-03-2025T03:19:38 - [MESSAGE][PASSED] - Text of element 'Object Repository/Repo/android.widget.TextView -  Invalid email format' is: ' Invalid email format.
'

26-03-2025T03:19:38 - [TEST_STEP][PASSED] - expectedErrorMessage = "Invalid email format": null

26-03-2025T03:19:38 - [TEST_STEP][PASSED] - Assert.assertEquals(Error message validation failed at row $i, replaceAll("[^a-zA-Z0-9 ]", "").trim(), replaceAll("[^a-zA-Z0-9 ]", "").trim()): null

26-03-2025T03:19:38 - [TEST_STEP][PASSED] - invalidEmail = excelData.getValue("email-Address", i): null

26-03-2025T03:19:38 - [TEST_STEP][PASSED] - println(Testing invalid email from Excel (Row $i): $invalidEmail): null

26-03-2025T03:19:38 - [TEST_STEP][PASSED] - waitForElementPresent(findTestObject("Object Repository/Repo/android.widget.EditText-LoginorSignUp"), 20): Element 'Object Repository/Repo/android.widget.EditText-LoginorSignUp' is present

26-03-2025T03:19:38 - [MESSAGE][PASSED] - Element 'Object Repository/Repo/android.widget.EditText-LoginorSignUp' is present

26-03-2025T03:19:38 - [TEST_STEP][PASSED] - sendKeys(findTestObject("Object Repository/Repo/android.widget.EditText-LoginorSignUp"), invalidEmail): Send keys 'vg@.o' on test object 'Object Repository/Repo/android.widget.EditText-LoginorSignUp' successfully.

26-03-2025T03:19:38 - [MESSAGE][PASSED] - Send keys 'vg@.o' on test object 'Object Repository/Repo/android.widget.EditText-LoginorSignUp' successfully.

26-03-2025T03:19:38 - [TEST_STEP][PASSED] - actualErrorMessage = TextView -  Invalid email format"), 0).trim(): Text of element 'Object Repository/Repo/android.widget.TextView -  Invalid email format' is: ' Invalid email format.
'

26-03-2025T03:19:38 - [MESSAGE][WARNING] - Timeout '0' is invalid. Using default page load timeout: '30'

26-03-2025T03:19:40 - [MESSAGE][PASSED] - Text of element 'Object Repository/Repo/android.widget.TextView -  Invalid email format' is: ' Invalid email format.
'

26-03-2025T03:19:40 - [TEST_STEP][PASSED] - expectedErrorMessage = "Invalid email format": null

26-03-2025T03:19:40 - [TEST_STEP][PASSED] - Assert.assertEquals(Error message validation failed at row $i, replaceAll("[^a-zA-Z0-9 ]", "").trim(), replaceAll("[^a-zA-Z0-9 ]", "").trim()): null

26-03-2025T03:19:40 - [TEST_STEP][PASSED] - invalidEmail = excelData.getValue("email-Address", i): null

26-03-2025T03:19:40 - [TEST_STEP][PASSED] - println(Testing invalid email from Excel (Row $i): $invalidEmail): null

26-03-2025T03:19:40 - [TEST_STEP][PASSED] - waitForElementPresent(findTestObject("Object Repository/Repo/android.widget.EditText-LoginorSignUp"), 20): Element 'Object Repository/Repo/android.widget.EditText-LoginorSignUp' is present

26-03-2025T03:19:40 - [MESSAGE][PASSED] - Element 'Object Repository/Repo/android.widget.EditText-LoginorSignUp' is present

26-03-2025T03:19:40 - [TEST_STEP][PASSED] - sendKeys(findTestObject("Object Repository/Repo/android.widget.EditText-LoginorSignUp"), invalidEmail): Send keys 'g@21' on test object 'Object Repository/Repo/android.widget.EditText-LoginorSignUp' successfully.

26-03-2025T03:19:40 - [MESSAGE][PASSED] - Send keys 'g@21' on test object 'Object Repository/Repo/android.widget.EditText-LoginorSignUp' successfully.

26-03-2025T03:19:40 - [TEST_STEP][PASSED] - actualErrorMessage = TextView -  Invalid email format"), 0).trim(): Text of element 'Object Repository/Repo/android.widget.TextView -  Invalid email format' is: ' Invalid email format.
'

26-03-2025T03:19:40 - [MESSAGE][WARNING] - Timeout '0' is invalid. Using default page load timeout: '30'

26-03-2025T03:19:42 - [MESSAGE][PASSED] - Text of element 'Object Repository/Repo/android.widget.TextView -  Invalid email format' is: ' Invalid email format.
'

26-03-2025T03:19:42 - [TEST_STEP][PASSED] - expectedErrorMessage = "Invalid email format": null

26-03-2025T03:19:42 - [TEST_STEP][PASSED] - Assert.assertEquals(Error message validation failed at row $i, replaceAll("[^a-zA-Z0-9 ]", "").trim(), replaceAll("[^a-zA-Z0-9 ]", "").trim()): null

26-03-2025T03:19:42 - [TEST_STEP][PASSED] - invalidEmail = excelData.getValue("email-Address", i): null

26-03-2025T03:19:42 - [TEST_STEP][PASSED] - println(Testing invalid email from Excel (Row $i): $invalidEmail): null

26-03-2025T03:19:42 - [TEST_STEP][PASSED] - waitForElementPresent(findTestObject("Object Repository/Repo/android.widget.EditText-LoginorSignUp"), 20): Element 'Object Repository/Repo/android.widget.EditText-LoginorSignUp' is present

26-03-2025T03:19:42 - [MESSAGE][PASSED] - Element 'Object Repository/Repo/android.widget.EditText-LoginorSignUp' is present

26-03-2025T03:19:42 - [TEST_STEP][PASSED] - sendKeys(findTestObject("Object Repository/Repo/android.widget.EditText-LoginorSignUp"), invalidEmail): Send keys 'v.com' on test object 'Object Repository/Repo/android.widget.EditText-LoginorSignUp' successfully.

26-03-2025T03:19:42 - [MESSAGE][PASSED] - Send keys 'v.com' on test object 'Object Repository/Repo/android.widget.EditText-LoginorSignUp' successfully.

26-03-2025T03:19:43 - [TEST_STEP][PASSED] - actualErrorMessage = TextView -  Invalid email format"), 0).trim(): Text of element 'Object Repository/Repo/android.widget.TextView -  Invalid email format' is: ' Invalid email format.
'

26-03-2025T03:19:43 - [MESSAGE][WARNING] - Timeout '0' is invalid. Using default page load timeout: '30'

26-03-2025T03:19:44 - [MESSAGE][PASSED] - Text of element 'Object Repository/Repo/android.widget.TextView -  Invalid email format' is: ' Invalid email format.
'

26-03-2025T03:19:44 - [TEST_STEP][PASSED] - expectedErrorMessage = "Invalid email format": null

26-03-2025T03:19:44 - [TEST_STEP][PASSED] - Assert.assertEquals(Error message validation failed at row $i, replaceAll("[^a-zA-Z0-9 ]", "").trim(), replaceAll("[^a-zA-Z0-9 ]", "").trim()): null

26-03-2025T03:19:44 - [TEST_STEP][PASSED] - closeApplication(): Close app successfully

26-03-2025T03:19:45 - [MESSAGE][PASSED] - Close app successfully

26-03-2025T03:19:45 - [TEST_STEP][PASSED] - testTeamMemberEmailError(): null

26-03-2025T03:19:45 - [TEST_STEP][PASSED] - testData = findTestData("Data Files/C678"): null

26-03-2025T03:19:45 - [TEST_STEP][PASSED] - email1 = testData.getValue("email", 1): null

26-03-2025T03:19:45 - [TEST_STEP][PASSED] - email2 = testData.getValue("email", 2): null

26-03-2025T03:19:45 - [TEST_STEP][PASSED] - startApplication(APK_PATH, false): Started application: 'C:\Users\GVVignesh\git\WGR_Android\App Folder\universal.apk'

26-03-2025T03:19:45 - [MESSAGE][INFO] - Starting application: 'C:\Users\GVVignesh\git\WGR_Android\App Folder\universal.apk'

26-03-2025T03:19:45 - [MESSAGE][INFO] - User set preference: ['deviceId', '']

26-03-2025T03:19:45 - [MESSAGE][INFO] - Detected NodeJS location: "C:\Program Files\nodejs\node.exe"

26-03-2025T03:19:51 - [MESSAGE][INFO] - PATH: C:\Program Files\nodejs;

26-03-2025T03:19:51 - [MESSAGE][INFO] - APPIUM_HOME: C:\Users\GVVignesh\.appium

26-03-2025T03:19:51 - [MESSAGE][INFO] - appium outlog: C:\Users\GVVignesh\Katalon Studio\WGR-Android-Automation\Reports\20250326_030210\Merged Sprint-1 and Sprint-2 Android\20250326_030210\appium.log

26-03-2025T03:19:51 - [MESSAGE][INFO] - appium errlog: C:\Users\GVVignesh\Katalon Studio\WGR-Android-Automation\Reports\20250326_030210\Merged Sprint-1 and Sprint-2 Android\20250326_030210\appium_error.log

26-03-2025T03:19:53 - [MESSAGE][INFO] - Appium server started on port 56,384

26-03-2025T03:20:02 - [MESSAGE][PASSED] - Started application: 'C:\Users\GVVignesh\git\WGR_Android\App Folder\universal.apk'

26-03-2025T03:20:02 - [TEST_STEP][PASSED] - delay(10): Delayed 10 second(s)

26-03-2025T03:20:12 - [MESSAGE][PASSED] - Delayed 10 second(s)

26-03-2025T03:20:12 - [TEST_STEP][PASSED] - tap(findTestObject("Object Repository/Repo/android.widget.Button - Login or Sign Up"), 0): Tapped on element 'Object Repository/Repo/android.widget.Button - Login or Sign Up'

26-03-2025T03:20:12 - [MESSAGE][WARNING] - Timeout '0' is invalid. Using default page load timeout: '30'

26-03-2025T03:20:12 - [MESSAGE][PASSED] - Tapped on element 'Object Repository/Repo/android.widget.Button - Login or Sign Up'

26-03-2025T03:20:12 - [TEST_STEP][PASSED] - delay(10): Delayed 10 second(s)

26-03-2025T03:20:22 - [MESSAGE][PASSED] - Delayed 10 second(s)

26-03-2025T03:20:22 - [TEST_STEP][PASSED] - sendKeys(findTestObject("Object Repository/Repo/android.widget.EditText-LoginorSignUp"), email1): Send keys 'i@p.com' on test object 'Object Repository/Repo/android.widget.EditText-LoginorSignUp' successfully.

26-03-2025T03:20:23 - [MESSAGE][PASSED] - Send keys 'i@p.com' on test object 'Object Repository/Repo/android.widget.EditText-LoginorSignUp' successfully.

26-03-2025T03:20:23 - [TEST_STEP][PASSED] - delay(10): Delayed 10 second(s)

26-03-2025T03:20:33 - [MESSAGE][PASSED] - Delayed 10 second(s)

26-03-2025T03:20:33 - [TEST_STEP][PASSED] - tap(findTestObject("Object Repository/Repo/android.widget.Button - Next"), 0): Tapped on element 'Object Repository/Repo/android.widget.Button - Next'

26-03-2025T03:20:33 - [MESSAGE][WARNING] - Timeout '0' is invalid. Using default page load timeout: '30'

26-03-2025T03:20:33 - [MESSAGE][PASSED] - Tapped on element 'Object Repository/Repo/android.widget.Button - Next'

26-03-2025T03:20:33 - [TEST_STEP][PASSED] - delay(10): Delayed 10 second(s)

26-03-2025T03:20:43 - [MESSAGE][PASSED] - Delayed 10 second(s)

26-03-2025T03:20:43 - [TEST_STEP][PASSED] - tap(findTestObject("Object Repository/Repo/android.widget.Button - reset"), 0): Tapped on element 'Object Repository/Repo/android.widget.Button - reset'

26-03-2025T03:20:43 - [MESSAGE][WARNING] - Timeout '0' is invalid. Using default page load timeout: '30'

26-03-2025T03:20:44 - [MESSAGE][PASSED] - Tapped on element 'Object Repository/Repo/android.widget.Button - reset'

26-03-2025T03:20:44 - [TEST_STEP][PASSED] - hideKeyboard(): Keyboard is hidden

26-03-2025T03:20:45 - [MESSAGE][PASSED] - Keyboard is hidden

26-03-2025T03:20:45 - [TEST_STEP][PASSED] - delay(10): Delayed 10 second(s)

26-03-2025T03:20:55 - [MESSAGE][PASSED] - Delayed 10 second(s)

26-03-2025T03:20:55 - [TEST_STEP][PASSED] - sendKeys(findTestObject("Object Repository/Repo/android.widget.EditText -"), email2): Send keys 'wg@wgresorts.com' on test object 'Object Repository/Repo/android.widget.EditText -' successfully.

26-03-2025T03:20:56 - [MESSAGE][PASSED] - Send keys 'wg@wgresorts.com' on test object 'Object Repository/Repo/android.widget.EditText -' successfully.

26-03-2025T03:20:56 - [TEST_STEP][PASSED] - delay(10): Delayed 10 second(s)

26-03-2025T03:21:06 - [MESSAGE][PASSED] - Delayed 10 second(s)

26-03-2025T03:21:06 - [TEST_STEP][PASSED] - tap(findTestObject("Object Repository/Repo/android.widget.Button - Next (1)"), 0): Tapped on element 'Object Repository/Repo/android.widget.Button - Next (1)'

26-03-2025T03:21:06 - [MESSAGE][WARNING] - Timeout '0' is invalid. Using default page load timeout: '30'

26-03-2025T03:21:06 - [MESSAGE][PASSED] - Tapped on element 'Object Repository/Repo/android.widget.Button - Next (1)'

26-03-2025T03:21:06 - [TEST_STEP][PASSED] - delay(10): Delayed 10 second(s)

26-03-2025T03:21:16 - [MESSAGE][PASSED] - Delayed 10 second(s)

26-03-2025T03:21:16 - [TEST_STEP][PASSED] - actualText = getText(findTestObject("Object Repository/Repo/android.widget.TextView -  The email address used is a Team Member email address.  Please select Create Team Member Account below"), 0): Text of element 'Object Repository/Repo/android.widget.TextView -  The email address used is a Team Member email address.  Please select Create Team Member Account below' is: ' The email address used is a Team Member email address.  Please select Create Team Member Account below.
'

26-03-2025T03:21:16 - [MESSAGE][WARNING] - Timeout '0' is invalid. Using default page load timeout: '30'

26-03-2025T03:21:16 - [MESSAGE][PASSED] - Text of element 'Object Repository/Repo/android.widget.TextView -  The email address used is a Team Member email address.  Please select Create Team Member Account below' is: ' The email address used is a Team Member email address.  Please select Create Team Member Account below.
'

26-03-2025T03:21:16 - [TEST_STEP][PASSED] - expectedText = " The email address used is a Team Member email address.  Please select Create Team Member Account below.": null

26-03-2025T03:21:16 - [TEST_STEP][PASSED] - assert actualText.contains(expectedText): null

26-03-2025T03:21:16 - [TEST_STEP][PASSED] - closeApplication(): Close app successfully

26-03-2025T03:21:17 - [MESSAGE][PASSED] - Close app successfully

26-03-2025T03:21:17 - [TEST_STEP][PASSED] - testEmailAddressMismatch(): null

26-03-2025T03:21:17 - [TEST_STEP][PASSED] - testData = findTestData("Data Files/C679"): null

26-03-2025T03:21:17 - [TEST_STEP][PASSED] - rowCount = testData.getRowNumbers(): null

26-03-2025T03:21:17 - [TEST_STEP][PASSED] - for ([i = 1, i <= rowCount, (i++)]): null

26-03-2025T03:21:17 - [TEST_STEP][PASSED] - email1 = testData.getValue("email", i): null

26-03-2025T03:21:17 - [TEST_STEP][PASSED] - email2 = testData.getValue("email", i + 1): null

26-03-2025T03:21:17 - [TEST_STEP][PASSED] - startApplication(APK_PATH, false): Started application: 'C:\Users\GVVignesh\git\WGR_Android\App Folder\universal.apk'

26-03-2025T03:21:17 - [MESSAGE][INFO] - Starting application: 'C:\Users\GVVignesh\git\WGR_Android\App Folder\universal.apk'

26-03-2025T03:21:17 - [MESSAGE][INFO] - User set preference: ['deviceId', '']

26-03-2025T03:21:17 - [MESSAGE][INFO] - Detected NodeJS location: "C:\Program Files\nodejs\node.exe"

26-03-2025T03:21:28 - [MESSAGE][INFO] - PATH: C:\Program Files\nodejs;

26-03-2025T03:21:28 - [MESSAGE][INFO] - APPIUM_HOME: C:\Users\GVVignesh\.appium

26-03-2025T03:21:28 - [MESSAGE][INFO] - appium outlog: C:\Users\GVVignesh\Katalon Studio\WGR-Android-Automation\Reports\20250326_030210\Merged Sprint-1 and Sprint-2 Android\20250326_030210\appium.log

26-03-2025T03:21:28 - [MESSAGE][INFO] - appium errlog: C:\Users\GVVignesh\Katalon Studio\WGR-Android-Automation\Reports\20250326_030210\Merged Sprint-1 and Sprint-2 Android\20250326_030210\appium_error.log

26-03-2025T03:21:30 - [MESSAGE][INFO] - Appium server started on port 56,656

26-03-2025T03:21:37 - [MESSAGE][PASSED] - Started application: 'C:\Users\GVVignesh\git\WGR_Android\App Folder\universal.apk'

26-03-2025T03:21:37 - [TEST_STEP][PASSED] - delay(10): Delayed 10 second(s)

26-03-2025T03:21:47 - [MESSAGE][PASSED] - Delayed 10 second(s)

26-03-2025T03:21:47 - [TEST_STEP][PASSED] - tap(findTestObject("Object Repository/Repo/android.widget.Button - Login or Sign Up"), 0): Tapped on element 'Object Repository/Repo/android.widget.Button - Login or Sign Up'

26-03-2025T03:21:47 - [MESSAGE][WARNING] - Timeout '0' is invalid. Using default page load timeout: '30'

26-03-2025T03:21:48 - [MESSAGE][PASSED] - Tapped on element 'Object Repository/Repo/android.widget.Button - Login or Sign Up'

26-03-2025T03:21:48 - [TEST_STEP][PASSED] - delay(10): Delayed 10 second(s)

26-03-2025T03:21:58 - [MESSAGE][PASSED] - Delayed 10 second(s)

26-03-2025T03:21:58 - [TEST_STEP][PASSED] - sendKeys(findTestObject("Object Repository/Repo/android.widget.EditText-LoginorSignUp"), email1): Send keys 'vignesh@chn.com' on test object 'Object Repository/Repo/android.widget.EditText-LoginorSignUp' successfully.

26-03-2025T03:21:59 - [MESSAGE][PASSED] - Send keys 'vignesh@chn.com' on test object 'Object Repository/Repo/android.widget.EditText-LoginorSignUp' successfully.

26-03-2025T03:21:59 - [TEST_STEP][PASSED] - delay(10): Delayed 10 second(s)

26-03-2025T03:22:09 - [MESSAGE][PASSED] - Delayed 10 second(s)

26-03-2025T03:22:09 - [TEST_STEP][PASSED] - tap(findTestObject("Object Repository/Repo/android.widget.Button - Next"), 0): Tapped on element 'Object Repository/Repo/android.widget.Button - Next'

26-03-2025T03:22:09 - [MESSAGE][WARNING] - Timeout '0' is invalid. Using default page load timeout: '30'

26-03-2025T03:22:10 - [MESSAGE][PASSED] - Tapped on element 'Object Repository/Repo/android.widget.Button - Next'

26-03-2025T03:22:10 - [TEST_STEP][PASSED] - delay(10): Delayed 10 second(s)

26-03-2025T03:22:20 - [MESSAGE][PASSED] - Delayed 10 second(s)

26-03-2025T03:22:20 - [TEST_STEP][PASSED] - sendKeys(findTestObject("Object Repository/Repo/android.widget.EditText-confirm email address"), email2): Send keys 'Vignesh@c.com' on test object 'Object Repository/Repo/android.widget.EditText-confirm email address' successfully.

26-03-2025T03:22:20 - [MESSAGE][PASSED] - Send keys 'Vignesh@c.com' on test object 'Object Repository/Repo/android.widget.EditText-confirm email address' successfully.

26-03-2025T03:22:20 - [TEST_STEP][PASSED] - delay(10): Delayed 10 second(s)

26-03-2025T03:22:30 - [MESSAGE][PASSED] - Delayed 10 second(s)

26-03-2025T03:22:30 - [TEST_STEP][PASSED] - actualText = TextView -  Email addresses must match"), 0).trim(): Text of element 'Object Repository/Repo/android.widget.TextView -  Email addresses must match' is: ' Email addresses must match.
'

26-03-2025T03:22:30 - [MESSAGE][WARNING] - Timeout '0' is invalid. Using default page load timeout: '30'

26-03-2025T03:22:31 - [MESSAGE][PASSED] - Text of element 'Object Repository/Repo/android.widget.TextView -  Email addresses must match' is: ' Email addresses must match.
'

26-03-2025T03:22:31 - [TEST_STEP][PASSED] - expectedText = "Email addresses must match.": null

26-03-2025T03:22:31 - [TEST_STEP][PASSED] - assert actualText == expectedText: null

26-03-2025T03:22:31 - [TEST_STEP][PASSED] - closeApplication(): Close app successfully

26-03-2025T03:22:32 - [MESSAGE][PASSED] - Close app successfully

26-03-2025T03:22:32 - [TEST_STEP][PASSED] - break: null

26-03-2025T03:22:32 - [TEST_STEP][PASSED] - testAlreadyUsedEmailAddress(): null

26-03-2025T03:22:32 - [TEST_STEP][PASSED] - excelData = findTestData("Data Files/C680"): null

26-03-2025T03:22:32 - [TEST_STEP][PASSED] - rowCount = excelData.getRowNumbers(): null

26-03-2025T03:22:32 - [TEST_STEP][PASSED] - for ([i = 1, i <= 2, (i++)]): null

26-03-2025T03:22:32 - [TEST_STEP][PASSED] - email1 = excelData.getValue("email", i): null

26-03-2025T03:22:32 - [TEST_STEP][PASSED] - email2 = excelData.getValue("email", i + 1): null

26-03-2025T03:22:32 - [TEST_STEP][PASSED] - startApplication(APK_PATH, false): Started application: 'C:\Users\GVVignesh\git\WGR_Android\App Folder\universal.apk'

26-03-2025T03:22:32 - [MESSAGE][INFO] - Starting application: 'C:\Users\GVVignesh\git\WGR_Android\App Folder\universal.apk'

26-03-2025T03:22:32 - [MESSAGE][INFO] - User set preference: ['deviceId', '']

26-03-2025T03:22:32 - [MESSAGE][INFO] - Detected NodeJS location: "C:\Program Files\nodejs\node.exe"

26-03-2025T03:22:42 - [MESSAGE][INFO] - PATH: C:\Program Files\nodejs;

26-03-2025T03:22:42 - [MESSAGE][INFO] - APPIUM_HOME: C:\Users\GVVignesh\.appium

26-03-2025T03:22:42 - [MESSAGE][INFO] - appium outlog: C:\Users\GVVignesh\Katalon Studio\WGR-Android-Automation\Reports\20250326_030210\Merged Sprint-1 and Sprint-2 Android\20250326_030210\appium.log

26-03-2025T03:22:42 - [MESSAGE][INFO] - appium errlog: C:\Users\GVVignesh\Katalon Studio\WGR-Android-Automation\Reports\20250326_030210\Merged Sprint-1 and Sprint-2 Android\20250326_030210\appium_error.log

26-03-2025T03:22:45 - [MESSAGE][INFO] - Appium server started on port 56,891

26-03-2025T03:22:52 - [MESSAGE][PASSED] - Started application: 'C:\Users\GVVignesh\git\WGR_Android\App Folder\universal.apk'

26-03-2025T03:22:52 - [TEST_STEP][PASSED] - delay(10): Delayed 10 second(s)

26-03-2025T03:23:02 - [MESSAGE][PASSED] - Delayed 10 second(s)

26-03-2025T03:23:02 - [TEST_STEP][PASSED] - tap(findTestObject("Object Repository/Repo/android.widget.Button - Login or Sign Up"), 0): Tapped on element 'Object Repository/Repo/android.widget.Button - Login or Sign Up'

26-03-2025T03:23:02 - [MESSAGE][WARNING] - Timeout '0' is invalid. Using default page load timeout: '30'

26-03-2025T03:23:03 - [MESSAGE][PASSED] - Tapped on element 'Object Repository/Repo/android.widget.Button - Login or Sign Up'

26-03-2025T03:23:03 - [TEST_STEP][PASSED] - delay(10): Delayed 10 second(s)

26-03-2025T03:23:13 - [MESSAGE][PASSED] - Delayed 10 second(s)

26-03-2025T03:23:13 - [TEST_STEP][PASSED] - sendKeys(findTestObject("Object Repository/Repo/android.widget.EditText-LoginorSignUp"), email1): Send keys 'm@i.com' on test object 'Object Repository/Repo/android.widget.EditText-LoginorSignUp' successfully.

26-03-2025T03:23:13 - [MESSAGE][PASSED] - Send keys 'm@i.com' on test object 'Object Repository/Repo/android.widget.EditText-LoginorSignUp' successfully.

26-03-2025T03:23:13 - [TEST_STEP][PASSED] - delay(10): Delayed 10 second(s)

26-03-2025T03:23:23 - [MESSAGE][PASSED] - Delayed 10 second(s)

26-03-2025T03:23:23 - [TEST_STEP][PASSED] - tap(findTestObject("Object Repository/Repo/android.widget.Button - Next"), 0): Tapped on element 'Object Repository/Repo/android.widget.Button - Next'

26-03-2025T03:23:23 - [MESSAGE][WARNING] - Timeout '0' is invalid. Using default page load timeout: '30'

26-03-2025T03:23:25 - [MESSAGE][PASSED] - Tapped on element 'Object Repository/Repo/android.widget.Button - Next'

26-03-2025T03:23:25 - [TEST_STEP][PASSED] - delay(10): Delayed 10 second(s)

26-03-2025T03:23:35 - [MESSAGE][PASSED] - Delayed 10 second(s)

26-03-2025T03:23:35 - [TEST_STEP][PASSED] - tap(findTestObject("Object Repository/Repo/android.widget.Button - reset"), 0): Tapped on element 'Object Repository/Repo/android.widget.Button - reset'

26-03-2025T03:23:35 - [MESSAGE][WARNING] - Timeout '0' is invalid. Using default page load timeout: '30'

26-03-2025T03:23:36 - [MESSAGE][PASSED] - Tapped on element 'Object Repository/Repo/android.widget.Button - reset'

26-03-2025T03:23:36 - [TEST_STEP][PASSED] - hideKeyboard(): Keyboard is hidden

26-03-2025T03:23:36 - [MESSAGE][PASSED] - Keyboard is hidden

26-03-2025T03:23:36 - [TEST_STEP][PASSED] - delay(10): Delayed 10 second(s)

26-03-2025T03:23:46 - [MESSAGE][PASSED] - Delayed 10 second(s)

26-03-2025T03:23:46 - [TEST_STEP][PASSED] - sendKeys(findTestObject("Object Repository/Repo/android.widget.EditText -"), email2): Send keys '03205179TM@WG.COM' on test object 'Object Repository/Repo/android.widget.EditText -' successfully.

26-03-2025T03:23:47 - [MESSAGE][PASSED] - Send keys '03205179TM@WG.COM' on test object 'Object Repository/Repo/android.widget.EditText -' successfully.

26-03-2025T03:23:47 - [TEST_STEP][PASSED] - delay(10): Delayed 10 second(s)

26-03-2025T03:23:57 - [MESSAGE][PASSED] - Delayed 10 second(s)

26-03-2025T03:23:57 - [TEST_STEP][PASSED] - tap(findTestObject("Object Repository/Repo/android.widget.EditText-confirm email address"), 0): Tapped on element 'Object Repository/Repo/android.widget.EditText-confirm email address'

26-03-2025T03:23:57 - [MESSAGE][WARNING] - Timeout '0' is invalid. Using default page load timeout: '30'

26-03-2025T03:23:57 - [MESSAGE][PASSED] - Tapped on element 'Object Repository/Repo/android.widget.EditText-confirm email address'

26-03-2025T03:23:57 - [TEST_STEP][PASSED] - hideKeyboard(): Keyboard is hidden

26-03-2025T03:23:58 - [MESSAGE][PASSED] - Keyboard is hidden

26-03-2025T03:23:58 - [TEST_STEP][PASSED] - delay(10): Delayed 10 second(s)

26-03-2025T03:24:08 - [MESSAGE][PASSED] - Delayed 10 second(s)

26-03-2025T03:24:08 - [TEST_STEP][PASSED] - actualText = getText(findTestObject("Object Repository/Repo/android.widget.TextView -  The email address is already in use"), 0): Text of element 'Object Repository/Repo/android.widget.TextView -  The email address is already in use' is: ' The email address is already in use.
'

26-03-2025T03:24:08 - [MESSAGE][WARNING] - Timeout '0' is invalid. Using default page load timeout: '30'

26-03-2025T03:24:08 - [MESSAGE][PASSED] - Text of element 'Object Repository/Repo/android.widget.TextView -  The email address is already in use' is: ' The email address is already in use.
'

26-03-2025T03:24:08 - [TEST_STEP][PASSED] - expectedText = " The email address is already in use.": null

26-03-2025T03:24:08 - [TEST_STEP][PASSED] - assert actualText.contains(expectedText): null

26-03-2025T03:24:08 - [TEST_STEP][PASSED] - closeApplication(): Close app successfully

26-03-2025T03:24:09 - [MESSAGE][PASSED] - Close app successfully

26-03-2025T03:24:09 - [TEST_STEP][PASSED] - break: null

26-03-2025T03:24:09 - [TEST_STEP][PASSED] - testCopyPasteEmailFunctionality(): null

26-03-2025T03:24:09 - [TEST_STEP][PASSED] - testData = findTestData("Data Files/C681"): null

26-03-2025T03:24:09 - [TEST_STEP][PASSED] - email1 = testData.getValue("email", 1): null

26-03-2025T03:24:09 - [TEST_STEP][PASSED] - startApplication(APK_PATH, false): Started application: 'C:\Users\GVVignesh\git\WGR_Android\App Folder\universal.apk'

26-03-2025T03:24:09 - [MESSAGE][INFO] - Starting application: 'C:\Users\GVVignesh\git\WGR_Android\App Folder\universal.apk'

26-03-2025T03:24:09 - [MESSAGE][INFO] - User set preference: ['deviceId', '']

26-03-2025T03:24:09 - [MESSAGE][INFO] - Detected NodeJS location: "C:\Program Files\nodejs\node.exe"

26-03-2025T03:24:20 - [MESSAGE][INFO] - PATH: C:\Program Files\nodejs;

26-03-2025T03:24:20 - [MESSAGE][INFO] - APPIUM_HOME: C:\Users\GVVignesh\.appium

26-03-2025T03:24:20 - [MESSAGE][INFO] - appium outlog: C:\Users\GVVignesh\Katalon Studio\WGR-Android-Automation\Reports\20250326_030210\Merged Sprint-1 and Sprint-2 Android\20250326_030210\appium.log

26-03-2025T03:24:20 - [MESSAGE][INFO] - appium errlog: C:\Users\GVVignesh\Katalon Studio\WGR-Android-Automation\Reports\20250326_030210\Merged Sprint-1 and Sprint-2 Android\20250326_030210\appium_error.log

26-03-2025T03:24:22 - [MESSAGE][INFO] - Appium server started on port 57,179

26-03-2025T03:24:29 - [MESSAGE][PASSED] - Started application: 'C:\Users\GVVignesh\git\WGR_Android\App Folder\universal.apk'

26-03-2025T03:24:29 - [TEST_STEP][PASSED] - tap(findTestObject("Object Repository/Repo/android.widget.Button - Login or Sign Up"), 0): Tapped on element 'Object Repository/Repo/android.widget.Button - Login or Sign Up'

26-03-2025T03:24:29 - [MESSAGE][WARNING] - Timeout '0' is invalid. Using default page load timeout: '30'

26-03-2025T03:24:36 - [MESSAGE][PASSED] - Tapped on element 'Object Repository/Repo/android.widget.Button - Login or Sign Up'

26-03-2025T03:24:36 - [TEST_STEP][PASSED] - delay(10): Delayed 10 second(s)

26-03-2025T03:24:46 - [MESSAGE][PASSED] - Delayed 10 second(s)

26-03-2025T03:24:46 - [TEST_STEP][PASSED] - sendKeys(findTestObject("Object Repository/Repo/android.widget.EditText-LoginorSignUp"), email1): Send keys 'b@k.com' on test object 'Object Repository/Repo/android.widget.EditText-LoginorSignUp' successfully.

26-03-2025T03:24:46 - [MESSAGE][PASSED] - Send keys 'b@k.com' on test object 'Object Repository/Repo/android.widget.EditText-LoginorSignUp' successfully.

26-03-2025T03:24:46 - [TEST_STEP][PASSED] - delay(10): Delayed 10 second(s)

26-03-2025T03:24:56 - [MESSAGE][PASSED] - Delayed 10 second(s)

26-03-2025T03:24:56 - [TEST_STEP][PASSED] - tap(findTestObject("Object Repository/Repo/android.widget.Button - Next (1)"), 0): Tapped on element 'Object Repository/Repo/android.widget.Button - Next (1)'

26-03-2025T03:24:56 - [MESSAGE][WARNING] - Timeout '0' is invalid. Using default page load timeout: '30'

26-03-2025T03:24:57 - [MESSAGE][PASSED] - Tapped on element 'Object Repository/Repo/android.widget.Button - Next (1)'

26-03-2025T03:24:57 - [TEST_STEP][PASSED] - delay(10): Delayed 10 second(s)

26-03-2025T03:25:07 - [MESSAGE][PASSED] - Delayed 10 second(s)

26-03-2025T03:25:07 - [TEST_STEP][FAILED] - try: Failed to tap on element (Root cause: com.kms.katalon.core.exception.StepFailedException: Failed to tap on element
	at com.kms.katalon.core.mobile.keyword.internal.MobileKeywordMain.stepFailed(MobileKeywordMain.groovy:64)
	at com.kms.katalon.core.mobile.keyword.internal.MobileKeywordMain.runKeyword(MobileKeywordMain.groovy:34)
	at com.kms.katalon.core.mobile.keyword.builtin.TapKeyword.tap(TapKeyword.groovy:51)
	at com.kms.katalon.core.mobile.keyword.builtin.TapKeyword.execute(TapKeyword.groovy:35)
	at com.kms.katalon.core.keyword.internal.KeywordExecutor.executeKeywordForPlatform(KeywordExecutor.groovy:74)
	at com.kms.katalon.core.mobile.keyword.MobileBuiltInKeywords.tap(MobileBuiltInKeywords.groovy:1461)
	at EmailValidationTests.testCopyPasteEmailFunctionality(Script1742979092206.groovy:278)
	at EmailValidationTests.runAllTests(Script1742979092206.groovy:392)
	at C660-C681.run(C660-C681:398)
	at com.kms.katalon.core.main.ScriptEngine.run(ScriptEngine.java:194)
	at com.kms.katalon.core.main.ScriptEngine.runScriptAsRawText(ScriptEngine.java:119)
	at com.kms.katalon.core.main.TestCaseExecutor.runScript(TestCaseExecutor.java:448)
	at com.kms.katalon.core.main.TestCaseExecutor.doExecute(TestCaseExecutor.java:439)
	at com.kms.katalon.core.main.TestCaseExecutor.processExecutionPhase(TestCaseExecutor.java:418)
	at com.kms.katalon.core.main.TestCaseExecutor.accessMainPhase(TestCaseExecutor.java:410)
	at com.kms.katalon.core.main.TestCaseExecutor.execute(TestCaseExecutor.java:285)
	at com.kms.katalon.core.common.CommonExecutor.accessTestCaseMainPhase(CommonExecutor.java:71)
	at com.kms.katalon.core.main.TestSuiteExecutor.accessTestSuiteMainPhase(TestSuiteExecutor.java:160)
	at com.kms.katalon.core.main.TestSuiteExecutor.execute(TestSuiteExecutor.java:107)
	at com.kms.katalon.core.main.TestCaseMain.startTestSuite(TestCaseMain.java:180)
	at TempTestSuite1742983330082.run(TempTestSuite1742983330082.groovy:35)
	at java.base/jdk.internal.reflect.NativeMethodAccessorImpl.invoke0(Native Method)
	at java.base/jdk.internal.reflect.NativeMethodAccessorImpl.invoke(NativeMethodAccessorImpl.java:77)
	at java.base/jdk.internal.reflect.DelegatingMethodAccessorImpl.invoke(DelegatingMethodAccessorImpl.java:43)
Caused by: java.lang.IllegalArgumentException: Object is null
	at com.kms.katalon.core.helper.KeywordHelper.checkTestObjectParameter(KeywordHelper.java:33)
	at com.kms.katalon.core.mobile.keyword.builtin.TapKeyword$_tap_closure1.doCall(TapKeyword.groovy:41)
	at com.kms.katalon.core.mobile.keyword.builtin.TapKeyword$_tap_closure1.call(TapKeyword.groovy)
	at com.kms.katalon.core.mobile.keyword.internal.MobileKeywordMain.runKeyword(MobileKeywordMain.groovy:30)
	at com.kms.katalon.core.mobile.keyword.builtin.TapKeyword.tap(TapKeyword.groovy:51)
	at com.kms.katalon.core.mobile.keyword.builtin.TapKeyword.execute(TapKeyword.groovy:35)
	at com.kms.katalon.core.keyword.internal.KeywordExecutor.executeKeywordForPlatform(KeywordExecutor.groovy:74)
	at com.kms.katalon.core.mobile.keyword.MobileBuiltInKeywords.tap(MobileBuiltInKeywords.groovy:1461)
	at EmailValidationTests.testCopyPasteEmailFunctionality(Script1742979092206.groovy:278)
	at EmailValidationTests.runAllTests(Script1742979092206.groovy:392)
	at Script1742979092206.run(Script1742979092206.groovy:398)
	... 15 more
)

26-03-2025T03:25:07 - [TEST_STEP][FAILED] - tap(findTestObject("Object Repository/TextField"), 0): Failed to tap on element (Root cause: com.kms.katalon.core.exception.StepFailedException: Failed to tap on element
	at com.kms.katalon.core.mobile.keyword.internal.MobileKeywordMain.stepFailed(MobileKeywordMain.groovy:64)
	at com.kms.katalon.core.mobile.keyword.internal.MobileKeywordMain.runKeyword(MobileKeywordMain.groovy:34)
	at com.kms.katalon.core.mobile.keyword.builtin.TapKeyword.tap(TapKeyword.groovy:51)
	at com.kms.katalon.core.mobile.keyword.builtin.TapKeyword.execute(TapKeyword.groovy:35)
	at com.kms.katalon.core.keyword.internal.KeywordExecutor.executeKeywordForPlatform(KeywordExecutor.groovy:74)
	at com.kms.katalon.core.mobile.keyword.MobileBuiltInKeywords.tap(MobileBuiltInKeywords.groovy:1461)
	at EmailValidationTests.testCopyPasteEmailFunctionality(Script1742979092206.groovy:278)
	at EmailValidationTests.runAllTests(Script1742979092206.groovy:392)
	at C660-C681.run(C660-C681:398)
	at com.kms.katalon.core.main.ScriptEngine.run(ScriptEngine.java:194)
	at com.kms.katalon.core.main.ScriptEngine.runScriptAsRawText(ScriptEngine.java:119)
	at com.kms.katalon.core.main.TestCaseExecutor.runScript(TestCaseExecutor.java:448)
	at com.kms.katalon.core.main.TestCaseExecutor.doExecute(TestCaseExecutor.java:439)
	at com.kms.katalon.core.main.TestCaseExecutor.processExecutionPhase(TestCaseExecutor.java:418)
	at com.kms.katalon.core.main.TestCaseExecutor.accessMainPhase(TestCaseExecutor.java:410)
	at com.kms.katalon.core.main.TestCaseExecutor.execute(TestCaseExecutor.java:285)
	at com.kms.katalon.core.common.CommonExecutor.accessTestCaseMainPhase(CommonExecutor.java:71)
	at com.kms.katalon.core.main.TestSuiteExecutor.accessTestSuiteMainPhase(TestSuiteExecutor.java:160)
	at com.kms.katalon.core.main.TestSuiteExecutor.execute(TestSuiteExecutor.java:107)
	at com.kms.katalon.core.main.TestCaseMain.startTestSuite(TestCaseMain.java:180)
	at TempTestSuite1742983330082.run(TempTestSuite1742983330082.groovy:35)
	at java.base/jdk.internal.reflect.NativeMethodAccessorImpl.invoke0(Native Method)
	at java.base/jdk.internal.reflect.NativeMethodAccessorImpl.invoke(NativeMethodAccessorImpl.java:77)
	at java.base/jdk.internal.reflect.DelegatingMethodAccessorImpl.invoke(DelegatingMethodAccessorImpl.java:43)
Caused by: java.lang.IllegalArgumentException: Object is null
	at com.kms.katalon.core.helper.KeywordHelper.checkTestObjectParameter(KeywordHelper.java:33)
	at com.kms.katalon.core.mobile.keyword.builtin.TapKeyword$_tap_closure1.doCall(TapKeyword.groovy:41)
	at com.kms.katalon.core.mobile.keyword.builtin.TapKeyword$_tap_closure1.call(TapKeyword.groovy)
	at com.kms.katalon.core.mobile.keyword.internal.MobileKeywordMain.runKeyword(MobileKeywordMain.groovy:30)
	at com.kms.katalon.core.mobile.keyword.builtin.TapKeyword.tap(TapKeyword.groovy:51)
	at com.kms.katalon.core.mobile.keyword.builtin.TapKeyword.execute(TapKeyword.groovy:35)
	at com.kms.katalon.core.keyword.internal.KeywordExecutor.executeKeywordForPlatform(KeywordExecutor.groovy:74)
	at com.kms.katalon.core.mobile.keyword.MobileBuiltInKeywords.tap(MobileBuiltInKeywords.groovy:1461)
	at EmailValidationTests.testCopyPasteEmailFunctionality(Script1742979092206.groovy:278)
	at EmailValidationTests.runAllTests(Script1742979092206.groovy:392)
	at Script1742979092206.run(Script1742979092206.groovy:398)
	... 15 more
)

26-03-2025T03:25:07 - [MESSAGE][WARNING] - Test object with id 'Object Repository/TextField' does not exist

26-03-2025T03:25:07 - [MESSAGE][WARNING] - Test object with id 'Object Repository/' does not exist

26-03-2025T03:25:09 - [MESSAGE][FAILED] - Failed to tap on element (Root cause: com.kms.katalon.core.exception.StepFailedException: Failed to tap on element
	at com.kms.katalon.core.mobile.keyword.internal.MobileKeywordMain.stepFailed(MobileKeywordMain.groovy:64)
	at com.kms.katalon.core.mobile.keyword.internal.MobileKeywordMain.runKeyword(MobileKeywordMain.groovy:34)
	at com.kms.katalon.core.mobile.keyword.builtin.TapKeyword.tap(TapKeyword.groovy:51)
	at com.kms.katalon.core.mobile.keyword.builtin.TapKeyword.execute(TapKeyword.groovy:35)
	at com.kms.katalon.core.keyword.internal.KeywordExecutor.executeKeywordForPlatform(KeywordExecutor.groovy:74)
	at com.kms.katalon.core.mobile.keyword.MobileBuiltInKeywords.tap(MobileBuiltInKeywords.groovy:1461)
	at EmailValidationTests.testCopyPasteEmailFunctionality(Script1742979092206.groovy:278)
	at EmailValidationTests.runAllTests(Script1742979092206.groovy:392)
	at C660-C681.run(C660-C681:398)
	at com.kms.katalon.core.main.ScriptEngine.run(ScriptEngine.java:194)
	at com.kms.katalon.core.main.ScriptEngine.runScriptAsRawText(ScriptEngine.java:119)
	at com.kms.katalon.core.main.TestCaseExecutor.runScript(TestCaseExecutor.java:448)
	at com.kms.katalon.core.main.TestCaseExecutor.doExecute(TestCaseExecutor.java:439)
	at com.kms.katalon.core.main.TestCaseExecutor.processExecutionPhase(TestCaseExecutor.java:418)
	at com.kms.katalon.core.main.TestCaseExecutor.accessMainPhase(TestCaseExecutor.java:410)
	at com.kms.katalon.core.main.TestCaseExecutor.execute(TestCaseExecutor.java:285)
	at com.kms.katalon.core.common.CommonExecutor.accessTestCaseMainPhase(CommonExecutor.java:71)
	at com.kms.katalon.core.main.TestSuiteExecutor.accessTestSuiteMainPhase(TestSuiteExecutor.java:160)
	at com.kms.katalon.core.main.TestSuiteExecutor.execute(TestSuiteExecutor.java:107)
	at com.kms.katalon.core.main.TestCaseMain.startTestSuite(TestCaseMain.java:180)
	at TempTestSuite1742983330082.run(TempTestSuite1742983330082.groovy:35)
	at java.base/jdk.internal.reflect.NativeMethodAccessorImpl.invoke0(Native Method)
	at java.base/jdk.internal.reflect.NativeMethodAccessorImpl.invoke(NativeMethodAccessorImpl.java:77)
	at java.base/jdk.internal.reflect.DelegatingMethodAccessorImpl.invoke(DelegatingMethodAccessorImpl.java:43)
Caused by: java.lang.IllegalArgumentException: Object is null
	at com.kms.katalon.core.helper.KeywordHelper.checkTestObjectParameter(KeywordHelper.java:33)
	at com.kms.katalon.core.mobile.keyword.builtin.TapKeyword$_tap_closure1.doCall(TapKeyword.groovy:41)
	at com.kms.katalon.core.mobile.keyword.builtin.TapKeyword$_tap_closure1.call(TapKeyword.groovy)
	at com.kms.katalon.core.mobile.keyword.internal.MobileKeywordMain.runKeyword(MobileKeywordMain.groovy:30)
	at com.kms.katalon.core.mobile.keyword.builtin.TapKeyword.tap(TapKeyword.groovy:51)
	at com.kms.katalon.core.mobile.keyword.builtin.TapKeyword.execute(TapKeyword.groovy:35)
	at com.kms.katalon.core.keyword.internal.KeywordExecutor.executeKeywordForPlatform(KeywordExecutor.groovy:74)
	at com.kms.katalon.core.mobile.keyword.MobileBuiltInKeywords.tap(MobileBuiltInKeywords.groovy:1461)
	at EmailValidationTests.testCopyPasteEmailFunctionality(Script1742979092206.groovy:278)
	at EmailValidationTests.runAllTests(Script1742979092206.groovy:392)
	at Script1742979092206.run(Script1742979092206.groovy:398)
	... 15 more
)
[[ATTACHMENT|C:\\Users\\GVVignesh\\Katalon Studio\\WGR-Android-Automation\\Reports\\20250326_030210\\Merged Sprint-1 and Sprint-2 Android\\20250326_030210\\1742984707068.png]]

26-03-2025T03:25:09 - [TEST_STEP][PASSED] - catch (com.kms.katalon.core.exception.StepFailedException e): null

26-03-2025T03:25:09 - [TEST_STEP][PASSED] - println("⚠️ Error occurred during copy: " + e.getMessage()): null

26-03-2025T03:25:09 - [TEST_STEP][FAILED] - try: Failed to tap on element (Root cause: com.kms.katalon.core.exception.StepFailedException: Failed to tap on element
	at com.kms.katalon.core.mobile.keyword.internal.MobileKeywordMain.stepFailed(MobileKeywordMain.groovy:64)
	at com.kms.katalon.core.mobile.keyword.internal.MobileKeywordMain.runKeyword(MobileKeywordMain.groovy:34)
	at com.kms.katalon.core.mobile.keyword.builtin.TapKeyword.tap(TapKeyword.groovy:51)
	at com.kms.katalon.core.mobile.keyword.builtin.TapKeyword.execute(TapKeyword.groovy:35)
	at com.kms.katalon.core.keyword.internal.KeywordExecutor.executeKeywordForPlatform(KeywordExecutor.groovy:74)
	at com.kms.katalon.core.mobile.keyword.MobileBuiltInKeywords.tap(MobileBuiltInKeywords.groovy:1461)
	at EmailValidationTests.testCopyPasteEmailFunctionality(Script1742979092206.groovy:294)
	at EmailValidationTests.runAllTests(Script1742979092206.groovy:392)
	at C660-C681.run(C660-C681:398)
	at com.kms.katalon.core.main.ScriptEngine.run(ScriptEngine.java:194)
	at com.kms.katalon.core.main.ScriptEngine.runScriptAsRawText(ScriptEngine.java:119)
	at com.kms.katalon.core.main.TestCaseExecutor.runScript(TestCaseExecutor.java:448)
	at com.kms.katalon.core.main.TestCaseExecutor.doExecute(TestCaseExecutor.java:439)
	at com.kms.katalon.core.main.TestCaseExecutor.processExecutionPhase(TestCaseExecutor.java:418)
	at com.kms.katalon.core.main.TestCaseExecutor.accessMainPhase(TestCaseExecutor.java:410)
	at com.kms.katalon.core.main.TestCaseExecutor.execute(TestCaseExecutor.java:285)
	at com.kms.katalon.core.common.CommonExecutor.accessTestCaseMainPhase(CommonExecutor.java:71)
	at com.kms.katalon.core.main.TestSuiteExecutor.accessTestSuiteMainPhase(TestSuiteExecutor.java:160)
	at com.kms.katalon.core.main.TestSuiteExecutor.execute(TestSuiteExecutor.java:107)
	at com.kms.katalon.core.main.TestCaseMain.startTestSuite(TestCaseMain.java:180)
	at TempTestSuite1742983330082.run(TempTestSuite1742983330082.groovy:35)
	at java.base/jdk.internal.reflect.NativeMethodAccessorImpl.invoke0(Native Method)
	at java.base/jdk.internal.reflect.NativeMethodAccessorImpl.invoke(NativeMethodAccessorImpl.java:77)
	at java.base/jdk.internal.reflect.DelegatingMethodAccessorImpl.invoke(DelegatingMethodAccessorImpl.java:43)
Caused by: java.lang.IllegalArgumentException: Object is null
	at com.kms.katalon.core.helper.KeywordHelper.checkTestObjectParameter(KeywordHelper.java:33)
	at com.kms.katalon.core.mobile.keyword.builtin.TapKeyword$_tap_closure1.doCall(TapKeyword.groovy:41)
	at com.kms.katalon.core.mobile.keyword.builtin.TapKeyword$_tap_closure1.call(TapKeyword.groovy)
	at com.kms.katalon.core.mobile.keyword.internal.MobileKeywordMain.runKeyword(MobileKeywordMain.groovy:30)
	at com.kms.katalon.core.mobile.keyword.builtin.TapKeyword.tap(TapKeyword.groovy:51)
	at com.kms.katalon.core.mobile.keyword.builtin.TapKeyword.execute(TapKeyword.groovy:35)
	at com.kms.katalon.core.keyword.internal.KeywordExecutor.executeKeywordForPlatform(KeywordExecutor.groovy:74)
	at com.kms.katalon.core.mobile.keyword.MobileBuiltInKeywords.tap(MobileBuiltInKeywords.groovy:1461)
	at EmailValidationTests.testCopyPasteEmailFunctionality(Script1742979092206.groovy:294)
	at EmailValidationTests.runAllTests(Script1742979092206.groovy:392)
	at Script1742979092206.run(Script1742979092206.groovy:398)
	... 15 more
)

26-03-2025T03:25:09 - [TEST_STEP][FAILED] - tap(findTestObject("Object Repository/ConfirmEmailField"), 0): Failed to tap on element (Root cause: com.kms.katalon.core.exception.StepFailedException: Failed to tap on element
	at com.kms.katalon.core.mobile.keyword.internal.MobileKeywordMain.stepFailed(MobileKeywordMain.groovy:64)
	at com.kms.katalon.core.mobile.keyword.internal.MobileKeywordMain.runKeyword(MobileKeywordMain.groovy:34)
	at com.kms.katalon.core.mobile.keyword.builtin.TapKeyword.tap(TapKeyword.groovy:51)
	at com.kms.katalon.core.mobile.keyword.builtin.TapKeyword.execute(TapKeyword.groovy:35)
	at com.kms.katalon.core.keyword.internal.KeywordExecutor.executeKeywordForPlatform(KeywordExecutor.groovy:74)
	at com.kms.katalon.core.mobile.keyword.MobileBuiltInKeywords.tap(MobileBuiltInKeywords.groovy:1461)
	at EmailValidationTests.testCopyPasteEmailFunctionality(Script1742979092206.groovy:294)
	at EmailValidationTests.runAllTests(Script1742979092206.groovy:392)
	at C660-C681.run(C660-C681:398)
	at com.kms.katalon.core.main.ScriptEngine.run(ScriptEngine.java:194)
	at com.kms.katalon.core.main.ScriptEngine.runScriptAsRawText(ScriptEngine.java:119)
	at com.kms.katalon.core.main.TestCaseExecutor.runScript(TestCaseExecutor.java:448)
	at com.kms.katalon.core.main.TestCaseExecutor.doExecute(TestCaseExecutor.java:439)
	at com.kms.katalon.core.main.TestCaseExecutor.processExecutionPhase(TestCaseExecutor.java:418)
	at com.kms.katalon.core.main.TestCaseExecutor.accessMainPhase(TestCaseExecutor.java:410)
	at com.kms.katalon.core.main.TestCaseExecutor.execute(TestCaseExecutor.java:285)
	at com.kms.katalon.core.common.CommonExecutor.accessTestCaseMainPhase(CommonExecutor.java:71)
	at com.kms.katalon.core.main.TestSuiteExecutor.accessTestSuiteMainPhase(TestSuiteExecutor.java:160)
	at com.kms.katalon.core.main.TestSuiteExecutor.execute(TestSuiteExecutor.java:107)
	at com.kms.katalon.core.main.TestCaseMain.startTestSuite(TestCaseMain.java:180)
	at TempTestSuite1742983330082.run(TempTestSuite1742983330082.groovy:35)
	at java.base/jdk.internal.reflect.NativeMethodAccessorImpl.invoke0(Native Method)
	at java.base/jdk.internal.reflect.NativeMethodAccessorImpl.invoke(NativeMethodAccessorImpl.java:77)
	at java.base/jdk.internal.reflect.DelegatingMethodAccessorImpl.invoke(DelegatingMethodAccessorImpl.java:43)
Caused by: java.lang.IllegalArgumentException: Object is null
	at com.kms.katalon.core.helper.KeywordHelper.checkTestObjectParameter(KeywordHelper.java:33)
	at com.kms.katalon.core.mobile.keyword.builtin.TapKeyword$_tap_closure1.doCall(TapKeyword.groovy:41)
	at com.kms.katalon.core.mobile.keyword.builtin.TapKeyword$_tap_closure1.call(TapKeyword.groovy)
	at com.kms.katalon.core.mobile.keyword.internal.MobileKeywordMain.runKeyword(MobileKeywordMain.groovy:30)
	at com.kms.katalon.core.mobile.keyword.builtin.TapKeyword.tap(TapKeyword.groovy:51)
	at com.kms.katalon.core.mobile.keyword.builtin.TapKeyword.execute(TapKeyword.groovy:35)
	at com.kms.katalon.core.keyword.internal.KeywordExecutor.executeKeywordForPlatform(KeywordExecutor.groovy:74)
	at com.kms.katalon.core.mobile.keyword.MobileBuiltInKeywords.tap(MobileBuiltInKeywords.groovy:1461)
	at EmailValidationTests.testCopyPasteEmailFunctionality(Script1742979092206.groovy:294)
	at EmailValidationTests.runAllTests(Script1742979092206.groovy:392)
	at Script1742979092206.run(Script1742979092206.groovy:398)
	... 15 more
)

26-03-2025T03:25:09 - [MESSAGE][WARNING] - Test object with id 'Object Repository/ConfirmEmailField' does not exist

26-03-2025T03:25:09 - [MESSAGE][WARNING] - Test object with id 'Object Repository/' does not exist

26-03-2025T03:25:11 - [MESSAGE][FAILED] - Failed to tap on element (Root cause: com.kms.katalon.core.exception.StepFailedException: Failed to tap on element
	at com.kms.katalon.core.mobile.keyword.internal.MobileKeywordMain.stepFailed(MobileKeywordMain.groovy:64)
	at com.kms.katalon.core.mobile.keyword.internal.MobileKeywordMain.runKeyword(MobileKeywordMain.groovy:34)
	at com.kms.katalon.core.mobile.keyword.builtin.TapKeyword.tap(TapKeyword.groovy:51)
	at com.kms.katalon.core.mobile.keyword.builtin.TapKeyword.execute(TapKeyword.groovy:35)
	at com.kms.katalon.core.keyword.internal.KeywordExecutor.executeKeywordForPlatform(KeywordExecutor.groovy:74)
	at com.kms.katalon.core.mobile.keyword.MobileBuiltInKeywords.tap(MobileBuiltInKeywords.groovy:1461)
	at EmailValidationTests.testCopyPasteEmailFunctionality(Script1742979092206.groovy:294)
	at EmailValidationTests.runAllTests(Script1742979092206.groovy:392)
	at C660-C681.run(C660-C681:398)
	at com.kms.katalon.core.main.ScriptEngine.run(ScriptEngine.java:194)
	at com.kms.katalon.core.main.ScriptEngine.runScriptAsRawText(ScriptEngine.java:119)
	at com.kms.katalon.core.main.TestCaseExecutor.runScript(TestCaseExecutor.java:448)
	at com.kms.katalon.core.main.TestCaseExecutor.doExecute(TestCaseExecutor.java:439)
	at com.kms.katalon.core.main.TestCaseExecutor.processExecutionPhase(TestCaseExecutor.java:418)
	at com.kms.katalon.core.main.TestCaseExecutor.accessMainPhase(TestCaseExecutor.java:410)
	at com.kms.katalon.core.main.TestCaseExecutor.execute(TestCaseExecutor.java:285)
	at com.kms.katalon.core.common.CommonExecutor.accessTestCaseMainPhase(CommonExecutor.java:71)
	at com.kms.katalon.core.main.TestSuiteExecutor.accessTestSuiteMainPhase(TestSuiteExecutor.java:160)
	at com.kms.katalon.core.main.TestSuiteExecutor.execute(TestSuiteExecutor.java:107)
	at com.kms.katalon.core.main.TestCaseMain.startTestSuite(TestCaseMain.java:180)
	at TempTestSuite1742983330082.run(TempTestSuite1742983330082.groovy:35)
	at java.base/jdk.internal.reflect.NativeMethodAccessorImpl.invoke0(Native Method)
	at java.base/jdk.internal.reflect.NativeMethodAccessorImpl.invoke(NativeMethodAccessorImpl.java:77)
	at java.base/jdk.internal.reflect.DelegatingMethodAccessorImpl.invoke(DelegatingMethodAccessorImpl.java:43)
Caused by: java.lang.IllegalArgumentException: Object is null
	at com.kms.katalon.core.helper.KeywordHelper.checkTestObjectParameter(KeywordHelper.java:33)
	at com.kms.katalon.core.mobile.keyword.builtin.TapKeyword$_tap_closure1.doCall(TapKeyword.groovy:41)
	at com.kms.katalon.core.mobile.keyword.builtin.TapKeyword$_tap_closure1.call(TapKeyword.groovy)
	at com.kms.katalon.core.mobile.keyword.internal.MobileKeywordMain.runKeyword(MobileKeywordMain.groovy:30)
	at com.kms.katalon.core.mobile.keyword.builtin.TapKeyword.tap(TapKeyword.groovy:51)
	at com.kms.katalon.core.mobile.keyword.builtin.TapKeyword.execute(TapKeyword.groovy:35)
	at com.kms.katalon.core.keyword.internal.KeywordExecutor.executeKeywordForPlatform(KeywordExecutor.groovy:74)
	at com.kms.katalon.core.mobile.keyword.MobileBuiltInKeywords.tap(MobileBuiltInKeywords.groovy:1461)
	at EmailValidationTests.testCopyPasteEmailFunctionality(Script1742979092206.groovy:294)
	at EmailValidationTests.runAllTests(Script1742979092206.groovy:392)
	at Script1742979092206.run(Script1742979092206.groovy:398)
	... 15 more
)
[[ATTACHMENT|C:\\Users\\GVVignesh\\Katalon Studio\\WGR-Android-Automation\\Reports\\20250326_030210\\Merged Sprint-1 and Sprint-2 Android\\20250326_030210\\1742984709073.png]]

26-03-2025T03:25:11 - [TEST_STEP][PASSED] - catch (com.kms.katalon.core.exception.StepFailedException e): null

26-03-2025T03:25:11 - [TEST_STEP][PASSED] - println("⚠️ Error occurred during paste: " + e.getMessage()): null

26-03-2025T03:25:11 - [TEST_STEP][PASSED] - closeApplication(): Close app successfully

26-03-2025T03:25:12 - [MESSAGE][PASSED] - Close app successfully

26-03-2025T03:25:12 - [TEST_STEP][PASSED] - testMultipleEmailsFunctionality(): null

26-03-2025T03:25:12 - [TEST_STEP][PASSED] - excelData = findTestData("Data Files/Emails"): null

26-03-2025T03:25:12 - [TEST_STEP][FAILED] - try: Cannot send keys 'c@y.com' on test object 'Object Repository/Repo/android.widget.EditText-LoginorSignUp'. (Root cause: com.kms.katalon.core.exception.StepFailedException: Cannot send keys 'c@y.com' on test object 'Object Repository/Repo/android.widget.EditText-LoginorSignUp'.
	at com.kms.katalon.core.mobile.keyword.internal.MobileKeywordMain.stepFailed(MobileKeywordMain.groovy:64)
	at com.kms.katalon.core.mobile.keyword.internal.MobileKeywordMain.runKeyword(MobileKeywordMain.groovy:34)
	at com.kms.katalon.core.mobile.keyword.builtin.SendKeysKeyword.sendKeys(SendKeysKeyword.groovy:56)
	at com.kms.katalon.core.mobile.keyword.builtin.SendKeysKeyword.execute(SendKeysKeyword.groovy:37)
	at com.kms.katalon.core.keyword.internal.KeywordExecutor.executeKeywordForPlatform(KeywordExecutor.groovy:74)
	at com.kms.katalon.core.mobile.keyword.MobileBuiltInKeywords.sendKeys(MobileBuiltInKeywords.groovy:2888)
	at EmailValidationTests.testMultipleEmailsFunctionality(Script1742979092206.groovy:330)
	at EmailValidationTests.runAllTests(Script1742979092206.groovy:393)
	at C660-C681.run(C660-C681:398)
	at com.kms.katalon.core.main.ScriptEngine.run(ScriptEngine.java:194)
	at com.kms.katalon.core.main.ScriptEngine.runScriptAsRawText(ScriptEngine.java:119)
	at com.kms.katalon.core.main.TestCaseExecutor.runScript(TestCaseExecutor.java:448)
	at com.kms.katalon.core.main.TestCaseExecutor.doExecute(TestCaseExecutor.java:439)
	at com.kms.katalon.core.main.TestCaseExecutor.processExecutionPhase(TestCaseExecutor.java:418)
	at com.kms.katalon.core.main.TestCaseExecutor.accessMainPhase(TestCaseExecutor.java:410)
	at com.kms.katalon.core.main.TestCaseExecutor.execute(TestCaseExecutor.java:285)
	at com.kms.katalon.core.common.CommonExecutor.accessTestCaseMainPhase(CommonExecutor.java:71)
	at com.kms.katalon.core.main.TestSuiteExecutor.accessTestSuiteMainPhase(TestSuiteExecutor.java:160)
	at com.kms.katalon.core.main.TestSuiteExecutor.execute(TestSuiteExecutor.java:107)
	at com.kms.katalon.core.main.TestCaseMain.startTestSuite(TestCaseMain.java:180)
	at TempTestSuite1742983330082.run(TempTestSuite1742983330082.groovy:35)
	at java.base/jdk.internal.reflect.NativeMethodAccessorImpl.invoke0(Native Method)
	at java.base/jdk.internal.reflect.NativeMethodAccessorImpl.invoke(NativeMethodAccessorImpl.java:77)
	at java.base/jdk.internal.reflect.DelegatingMethodAccessorImpl.invoke(DelegatingMethodAccessorImpl.java:43)
Caused by: com.kms.katalon.core.exception.StepFailedException: Element 'Object Repository/Repo/android.widget.EditText-LoginorSignUp' not found
	at com.kms.katalon.core.mobile.keyword.internal.MobileKeywordMain.stepFailed(MobileKeywordMain.groovy:64)
	at com.kms.katalon.core.mobile.keyword.builtin.SendKeysKeyword$_sendKeys_closure1.doCall(SendKeysKeyword.groovy:48)
	at com.kms.katalon.core.mobile.keyword.builtin.SendKeysKeyword$_sendKeys_closure1.call(SendKeysKeyword.groovy)
	at com.kms.katalon.core.mobile.keyword.internal.MobileKeywordMain.runKeyword(MobileKeywordMain.groovy:30)
	... 22 more
)

26-03-2025T03:25:12 - [TEST_STEP][PASSED] - startApplication(APK_PATH, false): Started application: 'C:\Users\GVVignesh\git\WGR_Android\App Folder\universal.apk'

26-03-2025T03:25:12 - [MESSAGE][INFO] - Starting application: 'C:\Users\GVVignesh\git\WGR_Android\App Folder\universal.apk'

26-03-2025T03:25:12 - [MESSAGE][INFO] - User set preference: ['deviceId', '']

26-03-2025T03:25:12 - [MESSAGE][INFO] - Detected NodeJS location: "C:\Program Files\nodejs\node.exe"

26-03-2025T03:25:22 - [MESSAGE][INFO] - PATH: C:\Program Files\nodejs;

26-03-2025T03:25:22 - [MESSAGE][INFO] - APPIUM_HOME: C:\Users\GVVignesh\.appium

26-03-2025T03:25:22 - [MESSAGE][INFO] - appium outlog: C:\Users\GVVignesh\Katalon Studio\WGR-Android-Automation\Reports\20250326_030210\Merged Sprint-1 and Sprint-2 Android\20250326_030210\appium.log

26-03-2025T03:25:22 - [MESSAGE][INFO] - appium errlog: C:\Users\GVVignesh\Katalon Studio\WGR-Android-Automation\Reports\20250326_030210\Merged Sprint-1 and Sprint-2 Android\20250326_030210\appium_error.log

26-03-2025T03:25:24 - [MESSAGE][INFO] - Appium server started on port 57,437

26-03-2025T03:25:33 - [MESSAGE][PASSED] - Started application: 'C:\Users\GVVignesh\git\WGR_Android\App Folder\universal.apk'

26-03-2025T03:25:33 - [TEST_STEP][PASSED] - tap(findTestObject("Object Repository/Repo/android.widget.Button - Login or Sign Up"), 10, STOP_ON_FAILURE): Tapped on element 'Object Repository/Repo/android.widget.Button - Login or Sign Up'

26-03-2025T03:25:38 - [MESSAGE][PASSED] - Tapped on element 'Object Repository/Repo/android.widget.Button - Login or Sign Up'

26-03-2025T03:25:38 - [TEST_STEP][PASSED] - testData = findTestData("Data Files/Emails"): null

26-03-2025T03:25:39 - [TEST_STEP][PASSED] - email1 = testData.getValue("email", 1): null

26-03-2025T03:25:39 - [TEST_STEP][FAILED] - sendKeys(findTestObject("Object Repository/Repo/android.widget.EditText-LoginorSignUp"), email1, STOP_ON_FAILURE): Cannot send keys 'c@y.com' on test object 'Object Repository/Repo/android.widget.EditText-LoginorSignUp'. (Root cause: com.kms.katalon.core.exception.StepFailedException: Cannot send keys 'c@y.com' on test object 'Object Repository/Repo/android.widget.EditText-LoginorSignUp'.
	at com.kms.katalon.core.mobile.keyword.internal.MobileKeywordMain.stepFailed(MobileKeywordMain.groovy:64)
	at com.kms.katalon.core.mobile.keyword.internal.MobileKeywordMain.runKeyword(MobileKeywordMain.groovy:34)
	at com.kms.katalon.core.mobile.keyword.builtin.SendKeysKeyword.sendKeys(SendKeysKeyword.groovy:56)
	at com.kms.katalon.core.mobile.keyword.builtin.SendKeysKeyword.execute(SendKeysKeyword.groovy:37)
	at com.kms.katalon.core.keyword.internal.KeywordExecutor.executeKeywordForPlatform(KeywordExecutor.groovy:74)
	at com.kms.katalon.core.mobile.keyword.MobileBuiltInKeywords.sendKeys(MobileBuiltInKeywords.groovy:2888)
	at EmailValidationTests.testMultipleEmailsFunctionality(Script1742979092206.groovy:330)
	at EmailValidationTests.runAllTests(Script1742979092206.groovy:393)
	at C660-C681.run(C660-C681:398)
	at com.kms.katalon.core.main.ScriptEngine.run(ScriptEngine.java:194)
	at com.kms.katalon.core.main.ScriptEngine.runScriptAsRawText(ScriptEngine.java:119)
	at com.kms.katalon.core.main.TestCaseExecutor.runScript(TestCaseExecutor.java:448)
	at com.kms.katalon.core.main.TestCaseExecutor.doExecute(TestCaseExecutor.java:439)
	at com.kms.katalon.core.main.TestCaseExecutor.processExecutionPhase(TestCaseExecutor.java:418)
	at com.kms.katalon.core.main.TestCaseExecutor.accessMainPhase(TestCaseExecutor.java:410)
	at com.kms.katalon.core.main.TestCaseExecutor.execute(TestCaseExecutor.java:285)
	at com.kms.katalon.core.common.CommonExecutor.accessTestCaseMainPhase(CommonExecutor.java:71)
	at com.kms.katalon.core.main.TestSuiteExecutor.accessTestSuiteMainPhase(TestSuiteExecutor.java:160)
	at com.kms.katalon.core.main.TestSuiteExecutor.execute(TestSuiteExecutor.java:107)
	at com.kms.katalon.core.main.TestCaseMain.startTestSuite(TestCaseMain.java:180)
	at TempTestSuite1742983330082.run(TempTestSuite1742983330082.groovy:35)
	at java.base/jdk.internal.reflect.NativeMethodAccessorImpl.invoke0(Native Method)
	at java.base/jdk.internal.reflect.NativeMethodAccessorImpl.invoke(NativeMethodAccessorImpl.java:77)
	at java.base/jdk.internal.reflect.DelegatingMethodAccessorImpl.invoke(DelegatingMethodAccessorImpl.java:43)
Caused by: com.kms.katalon.core.exception.StepFailedException: Element 'Object Repository/Repo/android.widget.EditText-LoginorSignUp' not found
	at com.kms.katalon.core.mobile.keyword.internal.MobileKeywordMain.stepFailed(MobileKeywordMain.groovy:64)
	at com.kms.katalon.core.mobile.keyword.builtin.SendKeysKeyword$_sendKeys_closure1.doCall(SendKeysKeyword.groovy:48)
	at com.kms.katalon.core.mobile.keyword.builtin.SendKeysKeyword$_sendKeys_closure1.call(SendKeysKeyword.groovy)
	at com.kms.katalon.core.mobile.keyword.internal.MobileKeywordMain.runKeyword(MobileKeywordMain.groovy:30)
	... 22 more
)

26-03-2025T03:26:11 - [MESSAGE][FAILED] - Element 'Object Repository/Repo/android.widget.EditText-LoginorSignUp' not found (Root cause: com.kms.katalon.core.exception.StepFailedException: Element 'Object Repository/Repo/android.widget.EditText-LoginorSignUp' not found
	at com.kms.katalon.core.mobile.keyword.internal.MobileKeywordMain.stepFailed(MobileKeywordMain.groovy:64)
	at com.kms.katalon.core.mobile.keyword.builtin.SendKeysKeyword$_sendKeys_closure1.doCall(SendKeysKeyword.groovy:48)
	at com.kms.katalon.core.mobile.keyword.builtin.SendKeysKeyword$_sendKeys_closure1.call(SendKeysKeyword.groovy)
	at com.kms.katalon.core.mobile.keyword.internal.MobileKeywordMain.runKeyword(MobileKeywordMain.groovy:30)
	at com.kms.katalon.core.mobile.keyword.builtin.SendKeysKeyword.sendKeys(SendKeysKeyword.groovy:56)
	at com.kms.katalon.core.mobile.keyword.builtin.SendKeysKeyword.execute(SendKeysKeyword.groovy:37)
	at com.kms.katalon.core.keyword.internal.KeywordExecutor.executeKeywordForPlatform(KeywordExecutor.groovy:74)
	at com.kms.katalon.core.mobile.keyword.MobileBuiltInKeywords.sendKeys(MobileBuiltInKeywords.groovy:2888)
	at EmailValidationTests.testMultipleEmailsFunctionality(Script1742979092206.groovy:330)
	at EmailValidationTests.runAllTests(Script1742979092206.groovy:393)
	at C660-C681.run(C660-C681:398)
	at com.kms.katalon.core.main.ScriptEngine.run(ScriptEngine.java:194)
	at com.kms.katalon.core.main.ScriptEngine.runScriptAsRawText(ScriptEngine.java:119)
	at com.kms.katalon.core.main.TestCaseExecutor.runScript(TestCaseExecutor.java:448)
	at com.kms.katalon.core.main.TestCaseExecutor.doExecute(TestCaseExecutor.java:439)
	at com.kms.katalon.core.main.TestCaseExecutor.processExecutionPhase(TestCaseExecutor.java:418)
	at com.kms.katalon.core.main.TestCaseExecutor.accessMainPhase(TestCaseExecutor.java:410)
	at com.kms.katalon.core.main.TestCaseExecutor.execute(TestCaseExecutor.java:285)
	at com.kms.katalon.core.common.CommonExecutor.accessTestCaseMainPhase(CommonExecutor.java:71)
	at com.kms.katalon.core.main.TestSuiteExecutor.accessTestSuiteMainPhase(TestSuiteExecutor.java:160)
	at com.kms.katalon.core.main.TestSuiteExecutor.execute(TestSuiteExecutor.java:107)
	at com.kms.katalon.core.main.TestCaseMain.startTestSuite(TestCaseMain.java:180)
	at TempTestSuite1742983330082.run(TempTestSuite1742983330082.groovy:35)
	at java.base/jdk.internal.reflect.NativeMethodAccessorImpl.invoke0(Native Method)
	at java.base/jdk.internal.reflect.NativeMethodAccessorImpl.invoke(NativeMethodAccessorImpl.java:77)
	at java.base/jdk.internal.reflect.DelegatingMethodAccessorImpl.invoke(DelegatingMethodAccessorImpl.java:43)
)
[[ATTACHMENT|C:\\Users\\GVVignesh\\Katalon Studio\\WGR-Android-Automation\\Reports\\20250326_030210\\Merged Sprint-1 and Sprint-2 Android\\20250326_030210\\1742984769023.png]]

26-03-2025T03:26:13 - [MESSAGE][FAILED] - Cannot send keys 'c@y.com' on test object 'Object Repository/Repo/android.widget.EditText-LoginorSignUp'. (Root cause: com.kms.katalon.core.exception.StepFailedException: Cannot send keys 'c@y.com' on test object 'Object Repository/Repo/android.widget.EditText-LoginorSignUp'.
	at com.kms.katalon.core.mobile.keyword.internal.MobileKeywordMain.stepFailed(MobileKeywordMain.groovy:64)
	at com.kms.katalon.core.mobile.keyword.internal.MobileKeywordMain.runKeyword(MobileKeywordMain.groovy:34)
	at com.kms.katalon.core.mobile.keyword.builtin.SendKeysKeyword.sendKeys(SendKeysKeyword.groovy:56)
	at com.kms.katalon.core.mobile.keyword.builtin.SendKeysKeyword.execute(SendKeysKeyword.groovy:37)
	at com.kms.katalon.core.keyword.internal.KeywordExecutor.executeKeywordForPlatform(KeywordExecutor.groovy:74)
	at com.kms.katalon.core.mobile.keyword.MobileBuiltInKeywords.sendKeys(MobileBuiltInKeywords.groovy:2888)
	at EmailValidationTests.testMultipleEmailsFunctionality(Script1742979092206.groovy:330)
	at EmailValidationTests.runAllTests(Script1742979092206.groovy:393)
	at C660-C681.run(C660-C681:398)
	at com.kms.katalon.core.main.ScriptEngine.run(ScriptEngine.java:194)
	at com.kms.katalon.core.main.ScriptEngine.runScriptAsRawText(ScriptEngine.java:119)
	at com.kms.katalon.core.main.TestCaseExecutor.runScript(TestCaseExecutor.java:448)
	at com.kms.katalon.core.main.TestCaseExecutor.doExecute(TestCaseExecutor.java:439)
	at com.kms.katalon.core.main.TestCaseExecutor.processExecutionPhase(TestCaseExecutor.java:418)
	at com.kms.katalon.core.main.TestCaseExecutor.accessMainPhase(TestCaseExecutor.java:410)
	at com.kms.katalon.core.main.TestCaseExecutor.execute(TestCaseExecutor.java:285)
	at com.kms.katalon.core.common.CommonExecutor.accessTestCaseMainPhase(CommonExecutor.java:71)
	at com.kms.katalon.core.main.TestSuiteExecutor.accessTestSuiteMainPhase(TestSuiteExecutor.java:160)
	at com.kms.katalon.core.main.TestSuiteExecutor.execute(TestSuiteExecutor.java:107)
	at com.kms.katalon.core.main.TestCaseMain.startTestSuite(TestCaseMain.java:180)
	at TempTestSuite1742983330082.run(TempTestSuite1742983330082.groovy:35)
	at java.base/jdk.internal.reflect.NativeMethodAccessorImpl.invoke0(Native Method)
	at java.base/jdk.internal.reflect.NativeMethodAccessorImpl.invoke(NativeMethodAccessorImpl.java:77)
	at java.base/jdk.internal.reflect.DelegatingMethodAccessorImpl.invoke(DelegatingMethodAccessorImpl.java:43)
Caused by: com.kms.katalon.core.exception.StepFailedException: Element 'Object Repository/Repo/android.widget.EditText-LoginorSignUp' not found
	at com.kms.katalon.core.mobile.keyword.internal.MobileKeywordMain.stepFailed(MobileKeywordMain.groovy:64)
	at com.kms.katalon.core.mobile.keyword.builtin.SendKeysKeyword$_sendKeys_closure1.doCall(SendKeysKeyword.groovy:48)
	at com.kms.katalon.core.mobile.keyword.builtin.SendKeysKeyword$_sendKeys_closure1.call(SendKeysKeyword.groovy)
	at com.kms.katalon.core.mobile.keyword.internal.MobileKeywordMain.runKeyword(MobileKeywordMain.groovy:30)
	... 22 more
)
[[ATTACHMENT|C:\\Users\\GVVignesh\\Katalon Studio\\WGR-Android-Automation\\Reports\\20250326_030210\\Merged Sprint-1 and Sprint-2 Android\\20250326_030210\\1742984771282.png]]

26-03-2025T03:26:13 - [TEST_STEP][PASSED] - catch (com.kms.katalon.core.exception.StepFailedException e): null

26-03-2025T03:26:13 - [TEST_STEP][PASSED] - println(❌ An error occurred: $e.getMessage()): null

26-03-2025T03:26:13 - [TEST_STEP][PASSED] - closeApplication(): Close app successfully

26-03-2025T03:26:14 - [MESSAGE][PASSED] - Close app successfully]]></system-out>
         <system-err><![CDATA[]]></system-err>
      </testcase>
      <testcase name="Test Cases/Sprint 2/WRMA-258/C698-C696" time="346.8" classname="Test Cases/Sprint 2/WRMA-258/C698-C696" status="PASSED">
         <system-out><![CDATA[26-03-2025T03:31:51 - [TEST_CASE][PASSED] - Test Cases/Sprint 2/WRMA-258/C698-C696: Test Cases/Sprint 2/WRMA-258/C698-C696

26-03-2025T03:31:51 - [TEST_STEP][PASSED] - testData = findTestData("Data Files/C698-C696 (1)"): null

26-03-2025T03:31:51 - [TEST_STEP][PASSED] - email = testData.getValue("email", 1): null

26-03-2025T03:31:51 - [TEST_STEP][PASSED] - firstName = testData.getValue("firstname", 1): null

26-03-2025T03:31:51 - [TEST_STEP][PASSED] - lastName = testData.getValue("lastname", 1): null

26-03-2025T03:31:51 - [TEST_STEP][PASSED] - password = testData.getValue("password", 1): null

26-03-2025T03:31:51 - [TEST_STEP][PASSED] - confirmPassword = testData.getValue("confirmpassword", 1): null

26-03-2025T03:31:51 - [TEST_STEP][PASSED] - startApplication("C:\Users\GVVignesh\git\WGR_Android\App Folder\universal.apk", true): Started application: 'C:\Users\GVVignesh\git\WGR_Android\App Folder\universal.apk'

26-03-2025T03:31:51 - [MESSAGE][INFO] - Starting application: 'C:\Users\GVVignesh\git\WGR_Android\App Folder\universal.apk'

26-03-2025T03:31:51 - [MESSAGE][INFO] - User set preference: ['deviceId', '']

26-03-2025T03:32:23 - [MESSAGE][PASSED] - Started application: 'C:\Users\GVVignesh\git\WGR_Android\App Folder\universal.apk'

26-03-2025T03:32:23 - [TEST_STEP][PASSED] - delay(10): Delayed 10 second(s)

26-03-2025T03:32:33 - [MESSAGE][PASSED] - Delayed 10 second(s)

26-03-2025T03:32:33 - [TEST_STEP][PASSED] - tap(findTestObject("Object Repository/Repo/android.widget.Button - Login or Sign Up"), 0): Tapped on element 'Object Repository/Repo/android.widget.Button - Login or Sign Up'

26-03-2025T03:32:33 - [MESSAGE][WARNING] - Timeout '0' is invalid. Using default page load timeout: '30'

26-03-2025T03:32:34 - [MESSAGE][PASSED] - Tapped on element 'Object Repository/Repo/android.widget.Button - Login or Sign Up'

26-03-2025T03:32:34 - [TEST_STEP][PASSED] - delay(10): Delayed 10 second(s)

26-03-2025T03:32:44 - [MESSAGE][PASSED] - Delayed 10 second(s)

26-03-2025T03:32:44 - [TEST_STEP][PASSED] - setText(findTestObject("Object Repository/Repo/android.widget.EditText-LoginorSignUp"), email, 0): Text 'asusdell@teknikos.com' has been set to element 'Object Repository/Repo/android.widget.EditText-LoginorSignUp'

26-03-2025T03:32:44 - [MESSAGE][WARNING] - Timeout '0' is invalid. Using default page load timeout: '30'

26-03-2025T03:32:45 - [MESSAGE][PASSED] - Text 'asusdell@teknikos.com' has been set to element 'Object Repository/Repo/android.widget.EditText-LoginorSignUp'

26-03-2025T03:32:45 - [TEST_STEP][PASSED] - hideKeyboard(): Keyboard is hidden

26-03-2025T03:32:45 - [MESSAGE][PASSED] - Keyboard is hidden

26-03-2025T03:32:45 - [TEST_STEP][PASSED] - delay(10): Delayed 10 second(s)

26-03-2025T03:32:55 - [MESSAGE][PASSED] - Delayed 10 second(s)

26-03-2025T03:32:55 - [TEST_STEP][PASSED] - tap(findTestObject("Object Repository/Repo/android.widget.Button - Next"), 0): Tapped on element 'Object Repository/Repo/android.widget.Button - Next'

26-03-2025T03:32:55 - [MESSAGE][WARNING] - Timeout '0' is invalid. Using default page load timeout: '30'

26-03-2025T03:32:56 - [MESSAGE][PASSED] - Tapped on element 'Object Repository/Repo/android.widget.Button - Next'

26-03-2025T03:32:56 - [TEST_STEP][PASSED] - delay(10): Delayed 10 second(s)

26-03-2025T03:33:06 - [MESSAGE][PASSED] - Delayed 10 second(s)

26-03-2025T03:33:06 - [TEST_STEP][PASSED] - setText(findTestObject("Object Repository/Repo/android.widget.EditText-confirm email address"), email, 0): Text 'asusdell@teknikos.com' has been set to element 'Object Repository/Repo/android.widget.EditText-confirm email address'

26-03-2025T03:33:06 - [MESSAGE][WARNING] - Timeout '0' is invalid. Using default page load timeout: '30'

26-03-2025T03:33:06 - [MESSAGE][PASSED] - Text 'asusdell@teknikos.com' has been set to element 'Object Repository/Repo/android.widget.EditText-confirm email address'

26-03-2025T03:33:06 - [TEST_STEP][PASSED] - hideKeyboard(): Keyboard is hidden

26-03-2025T03:33:07 - [MESSAGE][PASSED] - Keyboard is hidden

26-03-2025T03:33:07 - [TEST_STEP][PASSED] - delay(10): Delayed 10 second(s)

26-03-2025T03:33:17 - [MESSAGE][PASSED] - Delayed 10 second(s)

26-03-2025T03:33:17 - [TEST_STEP][PASSED] - tap(findTestObject("Object Repository/Repo/android.widget.Button - Next (1)"), 0): Tapped on element 'Object Repository/Repo/android.widget.Button - Next (1)'

26-03-2025T03:33:17 - [MESSAGE][WARNING] - Timeout '0' is invalid. Using default page load timeout: '30'

26-03-2025T03:33:17 - [MESSAGE][PASSED] - Tapped on element 'Object Repository/Repo/android.widget.Button - Next (1)'

26-03-2025T03:33:17 - [TEST_STEP][PASSED] - delay(20): Delayed 20 second(s)

26-03-2025T03:33:37 - [MESSAGE][PASSED] - Delayed 20 second(s)

26-03-2025T03:33:37 - [TEST_STEP][PASSED] - setText(findTestObject("Object Repository/Repo/android.widget.EditText-FirstName"), firstName, 0): Text 'GV' has been set to element 'Object Repository/Repo/android.widget.EditText-FirstName'

26-03-2025T03:33:37 - [MESSAGE][WARNING] - Timeout '0' is invalid. Using default page load timeout: '30'

26-03-2025T03:33:39 - [MESSAGE][PASSED] - Text 'GV' has been set to element 'Object Repository/Repo/android.widget.EditText-FirstName'

26-03-2025T03:33:39 - [TEST_STEP][PASSED] - hideKeyboard(): Keyboard is hidden

26-03-2025T03:33:40 - [MESSAGE][PASSED] - Keyboard is hidden

26-03-2025T03:33:40 - [TEST_STEP][PASSED] - delay(10): Delayed 10 second(s)

26-03-2025T03:33:50 - [MESSAGE][PASSED] - Delayed 10 second(s)

26-03-2025T03:33:50 - [TEST_STEP][PASSED] - setText(findTestObject("Object Repository/Repo/android.widget.EditText-LastName"), lastName, 0): Text 'Vignesh' has been set to element 'Object Repository/Repo/android.widget.EditText-LastName'

26-03-2025T03:33:50 - [MESSAGE][WARNING] - Timeout '0' is invalid. Using default page load timeout: '30'

26-03-2025T03:33:51 - [MESSAGE][PASSED] - Text 'Vignesh' has been set to element 'Object Repository/Repo/android.widget.EditText-LastName'

26-03-2025T03:33:51 - [TEST_STEP][PASSED] - hideKeyboard(): Keyboard is hidden

26-03-2025T03:33:51 - [MESSAGE][PASSED] - Keyboard is hidden

26-03-2025T03:33:51 - [TEST_STEP][PASSED] - delay(10): Delayed 10 second(s)

26-03-2025T03:34:01 - [MESSAGE][PASSED] - Delayed 10 second(s)

26-03-2025T03:34:01 - [TEST_STEP][PASSED] - sendKeys(findTestObject("Object Repository/Repo/android.widget.EditText-Password"), password): Send keys 'password' on test object 'Object Repository/Repo/android.widget.EditText-Password' successfully.

26-03-2025T03:34:02 - [MESSAGE][PASSED] - Send keys 'password' on test object 'Object Repository/Repo/android.widget.EditText-Password' successfully.

26-03-2025T03:34:02 - [TEST_STEP][PASSED] - hideKeyboard(): Keyboard is hidden

26-03-2025T03:34:02 - [MESSAGE][PASSED] - Keyboard is hidden

26-03-2025T03:34:02 - [TEST_STEP][PASSED] - delay(10): Delayed 10 second(s)

26-03-2025T03:34:12 - [MESSAGE][PASSED] - Delayed 10 second(s)

26-03-2025T03:34:12 - [TEST_STEP][PASSED] - sendKeys(findTestObject("Object Repository/Repo/android.widget.EditText-ConfirmPassword"), confirmPassword): Send keys 'password' on test object 'Object Repository/Repo/android.widget.EditText-ConfirmPassword' successfully.

26-03-2025T03:34:12 - [MESSAGE][PASSED] - Send keys 'password' on test object 'Object Repository/Repo/android.widget.EditText-ConfirmPassword' successfully.

26-03-2025T03:34:12 - [TEST_STEP][PASSED] - hideKeyboard(): Keyboard is hidden

26-03-2025T03:34:13 - [MESSAGE][PASSED] - Keyboard is hidden

26-03-2025T03:34:13 - [TEST_STEP][PASSED] - delay(10): Delayed 10 second(s)

26-03-2025T03:34:23 - [MESSAGE][PASSED] - Delayed 10 second(s)

26-03-2025T03:34:23 - [TEST_STEP][PASSED] - tap(findTestObject("Object Repository/Repo/android.widget.Button - Next (2)"), 0): Tapped on element 'Object Repository/Repo/android.widget.Button - Next (2)'

26-03-2025T03:34:23 - [MESSAGE][WARNING] - Timeout '0' is invalid. Using default page load timeout: '30'

26-03-2025T03:34:23 - [MESSAGE][PASSED] - Tapped on element 'Object Repository/Repo/android.widget.Button - Next (2)'

26-03-2025T03:34:23 - [TEST_STEP][PASSED] - delay(10): Delayed 10 second(s)

26-03-2025T03:34:33 - [MESSAGE][PASSED] - Delayed 10 second(s)

26-03-2025T03:34:33 - [TEST_STEP][PASSED] - scrollToText("etc)."): Scrolling to text 'etc).' successfully

26-03-2025T03:34:36 - [MESSAGE][PASSED] - Scrolling to text 'etc).' successfully

26-03-2025T03:34:36 - [TEST_STEP][PASSED] - delay(10): Delayed 10 second(s)

26-03-2025T03:34:46 - [MESSAGE][PASSED] - Delayed 10 second(s)

26-03-2025T03:34:46 - [TEST_STEP][PASSED] - tap(findTestObject("Object Repository/Repo/android.widget.Button - Agree to Terms  Conditions"), 0): Tapped on element 'Object Repository/Repo/android.widget.Button - Agree to Terms  Conditions'

26-03-2025T03:34:46 - [MESSAGE][WARNING] - Timeout '0' is invalid. Using default page load timeout: '30'

26-03-2025T03:34:47 - [MESSAGE][PASSED] - Tapped on element 'Object Repository/Repo/android.widget.Button - Agree to Terms  Conditions'

26-03-2025T03:34:47 - [TEST_STEP][PASSED] - delay(30): Delayed 30 second(s)

26-03-2025T03:35:17 - [MESSAGE][PASSED] - Delayed 30 second(s)

26-03-2025T03:35:17 - [TEST_STEP][PASSED] - setText(findTestObject("Object Repository/Repo/android.widget.EditText-OAM(Login)"), email, 0): Text 'asusdell@teknikos.com' has been set to element 'Object Repository/Repo/android.widget.EditText-OAM(Login)'

26-03-2025T03:35:17 - [MESSAGE][WARNING] - Timeout '0' is invalid. Using default page load timeout: '30'

26-03-2025T03:35:18 - [MESSAGE][PASSED] - Text 'asusdell@teknikos.com' has been set to element 'Object Repository/Repo/android.widget.EditText-OAM(Login)'

26-03-2025T03:35:18 - [TEST_STEP][PASSED] - hideKeyboard(): Keyboard is hidden

26-03-2025T03:35:21 - [MESSAGE][PASSED] - Keyboard is hidden

26-03-2025T03:35:21 - [TEST_STEP][PASSED] - delay(30): Delayed 30 second(s)

26-03-2025T03:35:51 - [MESSAGE][PASSED] - Delayed 30 second(s)

26-03-2025T03:35:51 - [TEST_STEP][PASSED] - setText(findTestObject("Object Repository/Repo/android.widget.EditText-OAM(Password)"), password, 0): Text 'password' has been set to element 'Object Repository/Repo/android.widget.EditText-OAM(Password)'

26-03-2025T03:35:51 - [MESSAGE][WARNING] - Timeout '0' is invalid. Using default page load timeout: '30'

26-03-2025T03:35:51 - [MESSAGE][PASSED] - Text 'password' has been set to element 'Object Repository/Repo/android.widget.EditText-OAM(Password)'

26-03-2025T03:35:51 - [TEST_STEP][PASSED] - hideKeyboard(): Keyboard is hidden

26-03-2025T03:35:53 - [MESSAGE][PASSED] - Keyboard is hidden

26-03-2025T03:35:53 - [TEST_STEP][PASSED] - delay(30): Delayed 30 second(s)

26-03-2025T03:36:23 - [MESSAGE][PASSED] - Delayed 30 second(s)

26-03-2025T03:36:23 - [TEST_STEP][PASSED] - tap(findTestObject("Object Repository/Repo/android.widget.Button - LOGIN"), 0): Tapped on element 'Object Repository/Repo/android.widget.Button - LOGIN'

26-03-2025T03:36:23 - [MESSAGE][WARNING] - Timeout '0' is invalid. Using default page load timeout: '30'

26-03-2025T03:36:24 - [MESSAGE][PASSED] - Tapped on element 'Object Repository/Repo/android.widget.Button - LOGIN'

26-03-2025T03:36:24 - [TEST_STEP][PASSED] - delay(30): Delayed 30 second(s)

26-03-2025T03:36:54 - [MESSAGE][PASSED] - Delayed 30 second(s)

26-03-2025T03:36:54 - [TEST_STEP][PASSED] - delay(10): Delayed 10 second(s)

26-03-2025T03:37:04 - [MESSAGE][PASSED] - Delayed 10 second(s)

26-03-2025T03:37:04 - [TEST_STEP][PASSED] - verifyElementExist(findTestObject("Object Repository/Repo/android.widget.TextView - Resend Confirmation Email"), 0): Element 'Object Repository/Repo/android.widget.TextView - Resend Confirmation Email' is exist

26-03-2025T03:37:04 - [MESSAGE][WARNING] - Timeout '0' is invalid. Using default page load timeout: '30'

26-03-2025T03:37:04 - [MESSAGE][PASSED] - Element 'Object Repository/Repo/android.widget.TextView - Resend Confirmation Email' is exist

26-03-2025T03:37:04 - [TEST_STEP][PASSED] - elementText = TextView - Resend Confirmation Email"), 0).trim(): Text of element 'Object Repository/Repo/android.widget.TextView - Resend Confirmation Email' is: 'Resend Confirmation Email'

26-03-2025T03:37:04 - [MESSAGE][WARNING] - Timeout '0' is invalid. Using default page load timeout: '30'

26-03-2025T03:37:04 - [MESSAGE][PASSED] - Text of element 'Object Repository/Repo/android.widget.TextView - Resend Confirmation Email' is: 'Resend Confirmation Email'

26-03-2025T03:37:04 - [TEST_STEP][PASSED] - println("Text of the element: " + elementText): null

26-03-2025T03:37:04 - [TEST_STEP][PASSED] - expectedText = "Resend Confirmation Email".trim(): null

26-03-2025T03:37:04 - [TEST_STEP][PASSED] - assert elementText.equals(expectedText): null

26-03-2025T03:37:04 - [TEST_STEP][PASSED] - delay(10): Delayed 10 second(s)

26-03-2025T03:37:14 - [MESSAGE][PASSED] - Delayed 10 second(s)

26-03-2025T03:37:14 - [TEST_STEP][PASSED] - tap(findTestObject("Object Repository/Repo/android.widget.TextView - Resend Confirmation Email"), 0): Tapped on element 'Object Repository/Repo/android.widget.TextView - Resend Confirmation Email'

26-03-2025T03:37:14 - [MESSAGE][WARNING] - Timeout '0' is invalid. Using default page load timeout: '30'

26-03-2025T03:37:14 - [MESSAGE][PASSED] - Tapped on element 'Object Repository/Repo/android.widget.TextView - Resend Confirmation Email'

26-03-2025T03:37:14 - [TEST_STEP][PASSED] - verifyElementExist(findTestObject("Object Repository/Repo/android.widget.Button - Next (3)"), 0): Element 'Object Repository/Repo/android.widget.Button - Next (3)' is exist

26-03-2025T03:37:14 - [MESSAGE][WARNING] - Timeout '0' is invalid. Using default page load timeout: '30'

26-03-2025T03:37:15 - [MESSAGE][PASSED] - Element 'Object Repository/Repo/android.widget.Button - Next (3)' is exist

26-03-2025T03:37:15 - [TEST_STEP][PASSED] - delay(5): Delayed 5 second(s)

26-03-2025T03:37:20 - [MESSAGE][PASSED] - Delayed 5 second(s)

26-03-2025T03:37:20 - [TEST_STEP][PASSED] - tap(findTestObject("Object Repository/Repo/android.widget.Button - Next (3)"), 0): Tapped on element 'Object Repository/Repo/android.widget.Button - Next (3)'

26-03-2025T03:37:20 - [MESSAGE][WARNING] - Timeout '0' is invalid. Using default page load timeout: '30'

26-03-2025T03:37:20 - [MESSAGE][PASSED] - Tapped on element 'Object Repository/Repo/android.widget.Button - Next (3)'

26-03-2025T03:37:20 - [TEST_STEP][PASSED] - delay(5): Delayed 5 second(s)

26-03-2025T03:37:25 - [MESSAGE][PASSED] - Delayed 5 second(s)

26-03-2025T03:37:25 - [TEST_STEP][PASSED] - println("All text assertions passed successfully!"): null

26-03-2025T03:37:25 - [TEST_STEP][PASSED] - delay(10): Delayed 10 second(s)

26-03-2025T03:37:35 - [MESSAGE][PASSED] - Delayed 10 second(s)

26-03-2025T03:37:35 - [TEST_STEP][PASSED] - closeApplication(): Close app successfully

26-03-2025T03:37:38 - [MESSAGE][PASSED] - Close app successfully]]></system-out>
         <system-err><![CDATA[]]></system-err>
      </testcase>
      <testcase name="Test Cases/Sprint 2/WRMA-266/C661-C720-C721" time="247.993" classname="Test Cases/Sprint 2/WRMA-266/C661-C720-C721" status="PASSED">
         <system-out><![CDATA[26-03-2025T03:37:38 - [TEST_CASE][PASSED] - Test Cases/Sprint 2/WRMA-266/C661-C720-C721: Test Cases/Sprint 2/WRMA-266/C661-C720-C721

26-03-2025T03:37:38 - [TEST_STEP][PASSED] - testData = findTestData("Data Files/C661"): null

26-03-2025T03:37:38 - [TEST_STEP][PASSED] - email = testData.getValue("email", 1): null

26-03-2025T03:37:38 - [TEST_STEP][PASSED] - password = testData.getValue("password", 1): null

26-03-2025T03:37:38 - [TEST_STEP][PASSED] - expectedVersion = testData.getValue("version", 1): null

26-03-2025T03:37:38 - [TEST_STEP][PASSED] - startApplication("C:\Users\GVVignesh\git\WGR_Android\App Folder\universal.apk", true): Started application: 'C:\Users\GVVignesh\git\WGR_Android\App Folder\universal.apk'

26-03-2025T03:37:38 - [MESSAGE][INFO] - Starting application: 'C:\Users\GVVignesh\git\WGR_Android\App Folder\universal.apk'

26-03-2025T03:37:38 - [MESSAGE][INFO] - User set preference: ['deviceId', '']

26-03-2025T03:37:38 - [MESSAGE][INFO] - Detected NodeJS location: "C:\Program Files\nodejs\node.exe"

26-03-2025T03:37:48 - [MESSAGE][INFO] - PATH: C:\Program Files\nodejs;

26-03-2025T03:37:48 - [MESSAGE][INFO] - APPIUM_HOME: C:\Users\GVVignesh\.appium

26-03-2025T03:37:48 - [MESSAGE][INFO] - appium outlog: C:\Users\GVVignesh\Katalon Studio\WGR-Android-Automation\Reports\20250326_030210\Merged Sprint-1 and Sprint-2 Android\20250326_030210\appium.log

26-03-2025T03:37:48 - [MESSAGE][INFO] - appium errlog: C:\Users\GVVignesh\Katalon Studio\WGR-Android-Automation\Reports\20250326_030210\Merged Sprint-1 and Sprint-2 Android\20250326_030210\appium_error.log

26-03-2025T03:37:51 - [MESSAGE][INFO] - Appium server started on port 59,096

26-03-2025T03:38:22 - [MESSAGE][PASSED] - Started application: 'C:\Users\GVVignesh\git\WGR_Android\App Folder\universal.apk'

26-03-2025T03:38:22 - [TEST_STEP][PASSED] - delay(10): Delayed 10 second(s)

26-03-2025T03:38:32 - [MESSAGE][PASSED] - Delayed 10 second(s)

26-03-2025T03:38:32 - [TEST_STEP][PASSED] - tap(findTestObject("Object Repository/Repo/android.widget.Button - Login or Sign Up"), 0): Tapped on element 'Object Repository/Repo/android.widget.Button - Login or Sign Up'

26-03-2025T03:38:32 - [MESSAGE][WARNING] - Timeout '0' is invalid. Using default page load timeout: '30'

26-03-2025T03:38:33 - [MESSAGE][PASSED] - Tapped on element 'Object Repository/Repo/android.widget.Button - Login or Sign Up'

26-03-2025T03:38:33 - [TEST_STEP][PASSED] - delay(10): Delayed 10 second(s)

26-03-2025T03:38:43 - [MESSAGE][PASSED] - Delayed 10 second(s)

26-03-2025T03:38:43 - [TEST_STEP][PASSED] - setText(findTestObject("Object Repository/Repo/android.widget.EditText-LoginorSignUp"), email, 0): Text '0225109tm@wg.com' has been set to element 'Object Repository/Repo/android.widget.EditText-LoginorSignUp'

26-03-2025T03:38:43 - [MESSAGE][WARNING] - Timeout '0' is invalid. Using default page load timeout: '30'

26-03-2025T03:38:44 - [MESSAGE][PASSED] - Text '0225109tm@wg.com' has been set to element 'Object Repository/Repo/android.widget.EditText-LoginorSignUp'

26-03-2025T03:38:44 - [TEST_STEP][PASSED] - hideKeyboard(): Keyboard is hidden

26-03-2025T03:38:44 - [MESSAGE][PASSED] - Keyboard is hidden

26-03-2025T03:38:44 - [TEST_STEP][PASSED] - delay(10): Delayed 10 second(s)

26-03-2025T03:38:54 - [MESSAGE][PASSED] - Delayed 10 second(s)

26-03-2025T03:38:54 - [TEST_STEP][PASSED] - tap(findTestObject("Object Repository/Repo/android.widget.Button - Next"), 0): Tapped on element 'Object Repository/Repo/android.widget.Button - Next'

26-03-2025T03:38:54 - [MESSAGE][WARNING] - Timeout '0' is invalid. Using default page load timeout: '30'

26-03-2025T03:38:55 - [MESSAGE][PASSED] - Tapped on element 'Object Repository/Repo/android.widget.Button - Next'

26-03-2025T03:38:55 - [TEST_STEP][PASSED] - delay(30): Delayed 30 second(s)

26-03-2025T03:39:25 - [MESSAGE][PASSED] - Delayed 30 second(s)

26-03-2025T03:39:25 - [TEST_STEP][PASSED] - setText(findTestObject("Object Repository/Repo/android.widget.EditText-OAM(Login)"), email, 0): Text '0225109tm@wg.com' has been set to element 'Object Repository/Repo/android.widget.EditText-OAM(Login)'

26-03-2025T03:39:25 - [MESSAGE][WARNING] - Timeout '0' is invalid. Using default page load timeout: '30'

26-03-2025T03:39:27 - [MESSAGE][PASSED] - Text '0225109tm@wg.com' has been set to element 'Object Repository/Repo/android.widget.EditText-OAM(Login)'

26-03-2025T03:39:27 - [TEST_STEP][PASSED] - hideKeyboard(): Keyboard is hidden

26-03-2025T03:39:29 - [MESSAGE][PASSED] - Keyboard is hidden

26-03-2025T03:39:29 - [TEST_STEP][PASSED] - delay(30): Delayed 30 second(s)

26-03-2025T03:39:59 - [MESSAGE][PASSED] - Delayed 30 second(s)

26-03-2025T03:39:59 - [TEST_STEP][PASSED] - setText(findTestObject("Object Repository/Repo/android.widget.EditText-OAM(Password)"), password, 0): Text 'password' has been set to element 'Object Repository/Repo/android.widget.EditText-OAM(Password)'

26-03-2025T03:39:59 - [MESSAGE][WARNING] - Timeout '0' is invalid. Using default page load timeout: '30'

26-03-2025T03:40:00 - [MESSAGE][PASSED] - Text 'password' has been set to element 'Object Repository/Repo/android.widget.EditText-OAM(Password)'

26-03-2025T03:40:00 - [TEST_STEP][PASSED] - hideKeyboard(): Keyboard is hidden

26-03-2025T03:40:02 - [MESSAGE][PASSED] - Keyboard is hidden

26-03-2025T03:40:02 - [TEST_STEP][PASSED] - delay(30): Delayed 30 second(s)

26-03-2025T03:40:32 - [MESSAGE][PASSED] - Delayed 30 second(s)

26-03-2025T03:40:32 - [TEST_STEP][PASSED] - tap(findTestObject("Object Repository/Repo/android.widget.Button -OAM(Login)"), 0): Tapped on element 'Object Repository/Repo/android.widget.Button -OAM(Login)'

26-03-2025T03:40:32 - [MESSAGE][WARNING] - Timeout '0' is invalid. Using default page load timeout: '30'

26-03-2025T03:40:33 - [MESSAGE][PASSED] - Tapped on element 'Object Repository/Repo/android.widget.Button -OAM(Login)'

26-03-2025T03:40:33 - [TEST_STEP][PASSED] - delay(20): Delayed 20 second(s)

26-03-2025T03:40:53 - [MESSAGE][PASSED] - Delayed 20 second(s)

26-03-2025T03:40:53 - [TEST_STEP][PASSED] - verifyElementExist(findTestObject("Object Repository/Repo/android.view.View - My Stay"), 0): Element 'Object Repository/Repo/android.view.View - My Stay' is exist

26-03-2025T03:40:53 - [MESSAGE][WARNING] - Timeout '0' is invalid. Using default page load timeout: '30'

26-03-2025T03:40:53 - [MESSAGE][PASSED] - Element 'Object Repository/Repo/android.view.View - My Stay' is exist

26-03-2025T03:40:53 - [TEST_STEP][PASSED] - delay(5): Delayed 5 second(s)

26-03-2025T03:40:58 - [MESSAGE][PASSED] - Delayed 5 second(s)

26-03-2025T03:40:58 - [TEST_STEP][PASSED] - verifyElementExist(findTestObject("Object Repository/Repo/android.view.View - My Account"), 0): Element 'Object Repository/Repo/android.view.View - My Account' is exist

26-03-2025T03:40:58 - [MESSAGE][WARNING] - Timeout '0' is invalid. Using default page load timeout: '30'

26-03-2025T03:40:59 - [MESSAGE][PASSED] - Element 'Object Repository/Repo/android.view.View - My Account' is exist

26-03-2025T03:40:59 - [TEST_STEP][PASSED] - delay(5): Delayed 5 second(s)

26-03-2025T03:41:04 - [MESSAGE][PASSED] - Delayed 5 second(s)

26-03-2025T03:41:04 - [TEST_STEP][PASSED] - verifyElementExist(findTestObject("Object Repository/Repo/android.view.View - Home"), 0): Element 'Object Repository/Repo/android.view.View - Home' is exist

26-03-2025T03:41:04 - [MESSAGE][WARNING] - Timeout '0' is invalid. Using default page load timeout: '30'

26-03-2025T03:41:04 - [MESSAGE][PASSED] - Element 'Object Repository/Repo/android.view.View - Home' is exist

26-03-2025T03:41:04 - [TEST_STEP][PASSED] - delay(5): Delayed 5 second(s)

26-03-2025T03:41:09 - [MESSAGE][PASSED] - Delayed 5 second(s)

26-03-2025T03:41:09 - [TEST_STEP][PASSED] - myStayText = getText(findTestObject("Object Repository/Repo/android.view.View - My Stay"), 0): Text of element 'Object Repository/Repo/android.view.View - My Stay' is: 'My Stay'

26-03-2025T03:41:09 - [MESSAGE][WARNING] - Timeout '0' is invalid. Using default page load timeout: '30'

26-03-2025T03:41:10 - [MESSAGE][PASSED] - Text of element 'Object Repository/Repo/android.view.View - My Stay' is: 'My Stay'

26-03-2025T03:41:10 - [TEST_STEP][PASSED] - assert myStayText == "My Stay": null

26-03-2025T03:41:10 - [TEST_STEP][PASSED] - myAccountText = getText(findTestObject("Object Repository/Repo/android.view.View - My Account"), 0): Text of element 'Object Repository/Repo/android.view.View - My Account' is: 'My Account'

26-03-2025T03:41:10 - [MESSAGE][WARNING] - Timeout '0' is invalid. Using default page load timeout: '30'

26-03-2025T03:41:10 - [MESSAGE][PASSED] - Text of element 'Object Repository/Repo/android.view.View - My Account' is: 'My Account'

26-03-2025T03:41:10 - [TEST_STEP][PASSED] - assert myAccountText == "My Account": null

26-03-2025T03:41:10 - [TEST_STEP][PASSED] - homeText = getText(findTestObject("Object Repository/Repo/android.view.View - Home"), 0): Text of element 'Object Repository/Repo/android.view.View - Home' is: 'Home'

26-03-2025T03:41:10 - [MESSAGE][WARNING] - Timeout '0' is invalid. Using default page load timeout: '30'

26-03-2025T03:41:10 - [MESSAGE][PASSED] - Text of element 'Object Repository/Repo/android.view.View - Home' is: 'Home'

26-03-2025T03:41:10 - [TEST_STEP][PASSED] - assert homeText == "Home": null

26-03-2025T03:41:10 - [TEST_STEP][PASSED] - tap(findTestObject("Object Repository/Repo/android.view.View - Home"), 0): Tapped on element 'Object Repository/Repo/android.view.View - Home'

26-03-2025T03:41:10 - [MESSAGE][WARNING] - Timeout '0' is invalid. Using default page load timeout: '30'

26-03-2025T03:41:11 - [MESSAGE][PASSED] - Tapped on element 'Object Repository/Repo/android.view.View - Home'

26-03-2025T03:41:11 - [TEST_STEP][PASSED] - delay(10): Delayed 10 second(s)

26-03-2025T03:41:21 - [MESSAGE][PASSED] - Delayed 10 second(s)

26-03-2025T03:41:21 - [TEST_STEP][PASSED] - tap(findTestObject("Object Repository/Repo/android.widget.Button - menu"), 0): Tapped on element 'Object Repository/Repo/android.widget.Button - menu'

26-03-2025T03:41:21 - [MESSAGE][WARNING] - Timeout '0' is invalid. Using default page load timeout: '30'

26-03-2025T03:41:21 - [MESSAGE][PASSED] - Tapped on element 'Object Repository/Repo/android.widget.Button - menu'

26-03-2025T03:41:21 - [TEST_STEP][PASSED] - delay(10): Delayed 10 second(s)

26-03-2025T03:41:31 - [MESSAGE][PASSED] - Delayed 10 second(s)

26-03-2025T03:41:31 - [TEST_STEP][PASSED] - tap(findTestObject("Object Repository/Repo/android.widget.TabWidget-Settings"), 0): Tapped on element 'Object Repository/Repo/android.widget.TabWidget-Settings'

26-03-2025T03:41:31 - [MESSAGE][WARNING] - Timeout '0' is invalid. Using default page load timeout: '30'

26-03-2025T03:41:32 - [MESSAGE][PASSED] - Tapped on element 'Object Repository/Repo/android.widget.TabWidget-Settings'

26-03-2025T03:41:32 - [TEST_STEP][PASSED] - delay(10): Delayed 10 second(s)

26-03-2025T03:41:42 - [MESSAGE][PASSED] - Delayed 10 second(s)

26-03-2025T03:41:42 - [TEST_STEP][PASSED] - actualVersion = getText(findTestObject("Object Repository/Repo/android.widget.Button - Version 2.81.111"), 0): Text of element 'Object Repository/Repo/android.widget.Button - Version 2.81.111' is: 'Version 2.81.111'

26-03-2025T03:41:42 - [MESSAGE][WARNING] - Timeout '0' is invalid. Using default page load timeout: '30'

26-03-2025T03:41:42 - [MESSAGE][PASSED] - Text of element 'Object Repository/Repo/android.widget.Button - Version 2.81.111' is: 'Version 2.81.111'

26-03-2025T03:41:42 - [TEST_STEP][PASSED] - if (actualVersion == expectedVersion): null

26-03-2025T03:41:42 - [TEST_STEP][PASSED] - println(Version verification passed. Expected: $expectedVersion, Actual: $actualVersion): null

26-03-2025T03:41:42 - [TEST_STEP][PASSED] - verifyElementExist(findTestObject("Object Repository/Repo/android.widget.Button - Version 2.81.111"), 0): Element 'Object Repository/Repo/android.widget.Button - Version 2.81.111' is exist

26-03-2025T03:41:42 - [MESSAGE][WARNING] - Timeout '0' is invalid. Using default page load timeout: '30'

26-03-2025T03:41:42 - [MESSAGE][PASSED] - Element 'Object Repository/Repo/android.widget.Button - Version 2.81.111' is exist

26-03-2025T03:41:42 - [TEST_STEP][PASSED] - verifyElementExist(findTestObject("Object Repository/Repo/android.widget.Button - Signed in As 0225109tmwg.com"), 0): Element 'Object Repository/Repo/android.widget.Button - Signed in As 0225109tmwg.com' is exist

26-03-2025T03:41:42 - [MESSAGE][WARNING] - Timeout '0' is invalid. Using default page load timeout: '30'

26-03-2025T03:41:42 - [MESSAGE][PASSED] - Element 'Object Repository/Repo/android.widget.Button - Signed in As 0225109tmwg.com' is exist

26-03-2025T03:41:42 - [TEST_STEP][PASSED] - elementExists = verifyElementExist(findTestObject("Object Repository/Repo/android.widget.Button - Signed in As 0225109tmwg.com"), 0): Element 'Object Repository/Repo/android.widget.Button - Signed in As 0225109tmwg.com' is exist

26-03-2025T03:41:42 - [MESSAGE][WARNING] - Timeout '0' is invalid. Using default page load timeout: '30'

26-03-2025T03:41:43 - [MESSAGE][PASSED] - Element 'Object Repository/Repo/android.widget.Button - Signed in As 0225109tmwg.com' is exist

26-03-2025T03:41:43 - [TEST_STEP][PASSED] - assert elementExists : "Element 'Signed in As 0225109tmwg.com' exists.": null

26-03-2025T03:41:43 - [TEST_STEP][PASSED] - println("Element 'Signed in As 0225109tmwg.com' exists."): null

26-03-2025T03:41:43 - [TEST_STEP][PASSED] - closeApplication(): Close app successfully

26-03-2025T03:41:46 - [MESSAGE][PASSED] - Close app successfully]]></system-out>
         <system-err><![CDATA[]]></system-err>
      </testcase>
      <testcase name="Test Cases/Sprint 2/WRMA-56/C699" time="364.896" classname="Test Cases/Sprint 2/WRMA-56/C699" status="PASSED">
         <system-out><![CDATA[26-03-2025T03:41:46 - [TEST_CASE][PASSED] - Test Cases/Sprint 2/WRMA-56/C699: Test Cases/Sprint 2/WRMA-56/C699

26-03-2025T03:41:46 - [TEST_STEP][PASSED] - testData = findTestData("Data Files/C699"): null

26-03-2025T03:41:46 - [TEST_STEP][PASSED] - email = testData.getValue("email", 1): null

26-03-2025T03:41:46 - [TEST_STEP][PASSED] - firstName = testData.getValue("firstname", 1): null

26-03-2025T03:41:46 - [TEST_STEP][PASSED] - lastName = testData.getValue("lastname", 1): null

26-03-2025T03:41:46 - [TEST_STEP][PASSED] - password = testData.getValue("password", 1): null

26-03-2025T03:41:46 - [TEST_STEP][PASSED] - confirmPassword = testData.getValue("confirm password", 1): null

26-03-2025T03:41:46 - [TEST_STEP][PASSED] - startApplication("C:\Users\GVVignesh\git\WGR_Android\App Folder\universal.apk", true): Started application: 'C:\Users\GVVignesh\git\WGR_Android\App Folder\universal.apk'

26-03-2025T03:41:46 - [MESSAGE][INFO] - Starting application: 'C:\Users\GVVignesh\git\WGR_Android\App Folder\universal.apk'

26-03-2025T03:41:46 - [MESSAGE][INFO] - User set preference: ['deviceId', '']

26-03-2025T03:41:46 - [MESSAGE][INFO] - Detected NodeJS location: "C:\Program Files\nodejs\node.exe"

26-03-2025T03:41:57 - [MESSAGE][INFO] - PATH: C:\Program Files\nodejs;

26-03-2025T03:41:57 - [MESSAGE][INFO] - APPIUM_HOME: C:\Users\GVVignesh\.appium

26-03-2025T03:41:57 - [MESSAGE][INFO] - appium outlog: C:\Users\GVVignesh\Katalon Studio\WGR-Android-Automation\Reports\20250326_030210\Merged Sprint-1 and Sprint-2 Android\20250326_030210\appium.log

26-03-2025T03:41:57 - [MESSAGE][INFO] - appium errlog: C:\Users\GVVignesh\Katalon Studio\WGR-Android-Automation\Reports\20250326_030210\Merged Sprint-1 and Sprint-2 Android\20250326_030210\appium_error.log

26-03-2025T03:41:59 - [MESSAGE][INFO] - Appium server started on port 59,562

26-03-2025T03:42:31 - [MESSAGE][PASSED] - Started application: 'C:\Users\GVVignesh\git\WGR_Android\App Folder\universal.apk'

26-03-2025T03:42:31 - [TEST_STEP][PASSED] - delay(10): Delayed 10 second(s)

26-03-2025T03:42:41 - [MESSAGE][PASSED] - Delayed 10 second(s)

26-03-2025T03:42:41 - [TEST_STEP][PASSED] - tap(findTestObject("Object Repository/Repo/android.widget.Button - Login or Sign Up"), 0): Tapped on element 'Object Repository/Repo/android.widget.Button - Login or Sign Up'

26-03-2025T03:42:41 - [MESSAGE][WARNING] - Timeout '0' is invalid. Using default page load timeout: '30'

26-03-2025T03:42:42 - [MESSAGE][PASSED] - Tapped on element 'Object Repository/Repo/android.widget.Button - Login or Sign Up'

26-03-2025T03:42:42 - [TEST_STEP][PASSED] - delay(10): Delayed 10 second(s)

26-03-2025T03:42:52 - [MESSAGE][PASSED] - Delayed 10 second(s)

26-03-2025T03:42:52 - [TEST_STEP][PASSED] - setText(findTestObject("Object Repository/Repo/android.widget.EditText-LoginorSignUp"), email, 0): Text 'dell@gmail.com' has been set to element 'Object Repository/Repo/android.widget.EditText-LoginorSignUp'

26-03-2025T03:42:52 - [MESSAGE][WARNING] - Timeout '0' is invalid. Using default page load timeout: '30'

26-03-2025T03:42:53 - [MESSAGE][PASSED] - Text 'dell@gmail.com' has been set to element 'Object Repository/Repo/android.widget.EditText-LoginorSignUp'

26-03-2025T03:42:53 - [TEST_STEP][PASSED] - hideKeyboard(): Keyboard is hidden

26-03-2025T03:42:54 - [MESSAGE][PASSED] - Keyboard is hidden

26-03-2025T03:42:54 - [TEST_STEP][PASSED] - delay(10): Delayed 10 second(s)

26-03-2025T03:43:04 - [MESSAGE][PASSED] - Delayed 10 second(s)

26-03-2025T03:43:04 - [TEST_STEP][PASSED] - tap(findTestObject("Object Repository/Repo/android.widget.Button - Next"), 0): Tapped on element 'Object Repository/Repo/android.widget.Button - Next'

26-03-2025T03:43:04 - [MESSAGE][WARNING] - Timeout '0' is invalid. Using default page load timeout: '30'

26-03-2025T03:43:05 - [MESSAGE][PASSED] - Tapped on element 'Object Repository/Repo/android.widget.Button - Next'

26-03-2025T03:43:05 - [TEST_STEP][PASSED] - delay(10): Delayed 10 second(s)

26-03-2025T03:43:15 - [MESSAGE][PASSED] - Delayed 10 second(s)

26-03-2025T03:43:15 - [TEST_STEP][PASSED] - setText(findTestObject("Object Repository/Repo/android.widget.EditText-confirm email address"), email, 0): Text 'dell@gmail.com' has been set to element 'Object Repository/Repo/android.widget.EditText-confirm email address'

26-03-2025T03:43:15 - [MESSAGE][WARNING] - Timeout '0' is invalid. Using default page load timeout: '30'

26-03-2025T03:43:15 - [MESSAGE][PASSED] - Text 'dell@gmail.com' has been set to element 'Object Repository/Repo/android.widget.EditText-confirm email address'

26-03-2025T03:43:15 - [TEST_STEP][PASSED] - hideKeyboard(): Keyboard is hidden

26-03-2025T03:43:16 - [MESSAGE][PASSED] - Keyboard is hidden

26-03-2025T03:43:16 - [TEST_STEP][PASSED] - delay(10): Delayed 10 second(s)

26-03-2025T03:43:26 - [MESSAGE][PASSED] - Delayed 10 second(s)

26-03-2025T03:43:26 - [TEST_STEP][PASSED] - tap(findTestObject("Object Repository/Repo/android.widget.Button - Next (1)"), 0): Tapped on element 'Object Repository/Repo/android.widget.Button - Next (1)'

26-03-2025T03:43:26 - [MESSAGE][WARNING] - Timeout '0' is invalid. Using default page load timeout: '30'

26-03-2025T03:43:26 - [MESSAGE][PASSED] - Tapped on element 'Object Repository/Repo/android.widget.Button - Next (1)'

26-03-2025T03:43:26 - [TEST_STEP][PASSED] - delay(10): Delayed 10 second(s)

26-03-2025T03:43:36 - [MESSAGE][PASSED] - Delayed 10 second(s)

26-03-2025T03:43:36 - [TEST_STEP][PASSED] - setText(findTestObject("Object Repository/Repo/android.widget.EditText-FirstName"), firstName, 0): Text 'MS' has been set to element 'Object Repository/Repo/android.widget.EditText-FirstName'

26-03-2025T03:43:37 - [MESSAGE][WARNING] - Timeout '0' is invalid. Using default page load timeout: '30'

26-03-2025T03:43:37 - [MESSAGE][PASSED] - Text 'MS' has been set to element 'Object Repository/Repo/android.widget.EditText-FirstName'

26-03-2025T03:43:37 - [TEST_STEP][PASSED] - hideKeyboard(): Keyboard is hidden

26-03-2025T03:43:38 - [MESSAGE][PASSED] - Keyboard is hidden

26-03-2025T03:43:38 - [TEST_STEP][PASSED] - delay(10): Delayed 10 second(s)

26-03-2025T03:43:48 - [MESSAGE][PASSED] - Delayed 10 second(s)

26-03-2025T03:43:48 - [TEST_STEP][PASSED] - setText(findTestObject("Object Repository/Repo/android.widget.EditText-LastName"), lastName, 0): Text 'Dhoni' has been set to element 'Object Repository/Repo/android.widget.EditText-LastName'

26-03-2025T03:43:48 - [MESSAGE][WARNING] - Timeout '0' is invalid. Using default page load timeout: '30'

26-03-2025T03:43:49 - [MESSAGE][PASSED] - Text 'Dhoni' has been set to element 'Object Repository/Repo/android.widget.EditText-LastName'

26-03-2025T03:43:49 - [TEST_STEP][PASSED] - hideKeyboard(): Keyboard is hidden

26-03-2025T03:43:49 - [MESSAGE][PASSED] - Keyboard is hidden

26-03-2025T03:43:49 - [TEST_STEP][PASSED] - delay(10): Delayed 10 second(s)

26-03-2025T03:43:59 - [MESSAGE][PASSED] - Delayed 10 second(s)

26-03-2025T03:43:59 - [TEST_STEP][PASSED] - sendKeys(findTestObject("Object Repository/Repo/android.widget.EditText-Password"), password): Send keys 'password' on test object 'Object Repository/Repo/android.widget.EditText-Password' successfully.

26-03-2025T03:44:00 - [MESSAGE][PASSED] - Send keys 'password' on test object 'Object Repository/Repo/android.widget.EditText-Password' successfully.

26-03-2025T03:44:00 - [TEST_STEP][PASSED] - delay(10): Delayed 10 second(s)

26-03-2025T03:44:10 - [MESSAGE][PASSED] - Delayed 10 second(s)

26-03-2025T03:44:10 - [TEST_STEP][PASSED] - sendKeys(findTestObject("Object Repository/Repo/android.widget.EditText-ConfirmPassword"), confirmPassword): Send keys 'password' on test object 'Object Repository/Repo/android.widget.EditText-ConfirmPassword' successfully.

26-03-2025T03:44:10 - [MESSAGE][PASSED] - Send keys 'password' on test object 'Object Repository/Repo/android.widget.EditText-ConfirmPassword' successfully.

26-03-2025T03:44:10 - [TEST_STEP][PASSED] - delay(10): Delayed 10 second(s)

26-03-2025T03:44:20 - [MESSAGE][PASSED] - Delayed 10 second(s)

26-03-2025T03:44:20 - [TEST_STEP][PASSED] - tap(findTestObject("Object Repository/Repo/android.widget.Button - Next (2)"), 0): Tapped on element 'Object Repository/Repo/android.widget.Button - Next (2)'

26-03-2025T03:44:20 - [MESSAGE][WARNING] - Timeout '0' is invalid. Using default page load timeout: '30'

26-03-2025T03:44:21 - [MESSAGE][PASSED] - Tapped on element 'Object Repository/Repo/android.widget.Button - Next (2)'

26-03-2025T03:44:21 - [TEST_STEP][PASSED] - delay(20): Delayed 20 second(s)

26-03-2025T03:44:41 - [MESSAGE][PASSED] - Delayed 20 second(s)

26-03-2025T03:44:41 - [TEST_STEP][PASSED] - scrollToText("etc)."): Scrolling to text 'etc).' successfully

26-03-2025T03:44:43 - [MESSAGE][PASSED] - Scrolling to text 'etc).' successfully

26-03-2025T03:44:43 - [TEST_STEP][PASSED] - delay(5): Delayed 5 second(s)

26-03-2025T03:44:48 - [MESSAGE][PASSED] - Delayed 5 second(s)

26-03-2025T03:44:48 - [TEST_STEP][PASSED] - tap(findTestObject("Object Repository/Repo/android.widget.Button - Agree to Terms  Conditions"), 0): Tapped on element 'Object Repository/Repo/android.widget.Button - Agree to Terms  Conditions'

26-03-2025T03:44:48 - [MESSAGE][WARNING] - Timeout '0' is invalid. Using default page load timeout: '30'

26-03-2025T03:44:49 - [MESSAGE][PASSED] - Tapped on element 'Object Repository/Repo/android.widget.Button - Agree to Terms  Conditions'

26-03-2025T03:44:49 - [TEST_STEP][PASSED] - delay(30): Delayed 30 second(s)

26-03-2025T03:45:19 - [MESSAGE][PASSED] - Delayed 30 second(s)

26-03-2025T03:45:19 - [TEST_STEP][PASSED] - setText(findTestObject("Object Repository/Repo/android.widget.EditText-OAM(Login)"), email, 0): Text 'dell@gmail.com' has been set to element 'Object Repository/Repo/android.widget.EditText-OAM(Login)'

26-03-2025T03:45:19 - [MESSAGE][WARNING] - Timeout '0' is invalid. Using default page load timeout: '30'

26-03-2025T03:45:20 - [MESSAGE][PASSED] - Text 'dell@gmail.com' has been set to element 'Object Repository/Repo/android.widget.EditText-OAM(Login)'

26-03-2025T03:45:20 - [TEST_STEP][PASSED] - hideKeyboard(): Keyboard is hidden

26-03-2025T03:45:23 - [MESSAGE][PASSED] - Keyboard is hidden

26-03-2025T03:45:23 - [TEST_STEP][PASSED] - delay(30): Delayed 30 second(s)

26-03-2025T03:45:53 - [MESSAGE][PASSED] - Delayed 30 second(s)

26-03-2025T03:45:53 - [TEST_STEP][PASSED] - setText(findTestObject("Object Repository/Repo/android.widget.EditText-OAM(Password)"), password, 0): Text 'password' has been set to element 'Object Repository/Repo/android.widget.EditText-OAM(Password)'

26-03-2025T03:45:53 - [MESSAGE][WARNING] - Timeout '0' is invalid. Using default page load timeout: '30'

26-03-2025T03:45:53 - [MESSAGE][PASSED] - Text 'password' has been set to element 'Object Repository/Repo/android.widget.EditText-OAM(Password)'

26-03-2025T03:45:53 - [TEST_STEP][PASSED] - hideKeyboard(): Keyboard is hidden

26-03-2025T03:45:55 - [MESSAGE][PASSED] - Keyboard is hidden

26-03-2025T03:45:55 - [TEST_STEP][PASSED] - delay(30): Delayed 30 second(s)

26-03-2025T03:46:25 - [MESSAGE][PASSED] - Delayed 30 second(s)

26-03-2025T03:46:25 - [TEST_STEP][PASSED] - tap(findTestObject("Object Repository/Repo/android.widget.Button -OAM(Login)"), 0): Tapped on element 'Object Repository/Repo/android.widget.Button -OAM(Login)'

26-03-2025T03:46:25 - [MESSAGE][WARNING] - Timeout '0' is invalid. Using default page load timeout: '30'

26-03-2025T03:46:26 - [MESSAGE][PASSED] - Tapped on element 'Object Repository/Repo/android.widget.Button -OAM(Login)'

26-03-2025T03:46:26 - [TEST_STEP][PASSED] - delay(30): Delayed 30 second(s)

26-03-2025T03:46:56 - [MESSAGE][PASSED] - Delayed 30 second(s)

26-03-2025T03:46:56 - [TEST_STEP][PASSED] - tap(findTestObject("Object Repository/Repo/android.widget.Button - Next-(VerifyAccount)"), 0): Tapped on element 'Object Repository/Repo/android.widget.Button - Next-(VerifyAccount)'

26-03-2025T03:46:56 - [MESSAGE][WARNING] - Timeout '0' is invalid. Using default page load timeout: '30'

26-03-2025T03:46:56 - [MESSAGE][PASSED] - Tapped on element 'Object Repository/Repo/android.widget.Button - Next-(VerifyAccount)'

26-03-2025T03:46:56 - [TEST_STEP][PASSED] - delay(10): Delayed 10 second(s)

26-03-2025T03:47:06 - [MESSAGE][PASSED] - Delayed 10 second(s)

26-03-2025T03:47:06 - [TEST_STEP][PASSED] - verifyElementExist(findTestObject("Object Repository/Repo/android.widget.TextView - Youve chosen to skip the email verification process. While you can explore the app as a guest, please note that certain features and functionalities may be limited"), 0): Element 'Object Repository/Repo/android.widget.TextView - Youve chosen to skip the email verification process. While you can explore the app as a guest, please note that certain features and functionalities may be limited' is exist

26-03-2025T03:47:06 - [MESSAGE][WARNING] - Timeout '0' is invalid. Using default page load timeout: '30'

26-03-2025T03:47:07 - [MESSAGE][PASSED] - Element 'Object Repository/Repo/android.widget.TextView - Youve chosen to skip the email verification process. While you can explore the app as a guest, please note that certain features and functionalities may be limited' is exist

26-03-2025T03:47:07 - [TEST_STEP][PASSED] - delay(10): Delayed 10 second(s)

26-03-2025T03:47:17 - [MESSAGE][PASSED] - Delayed 10 second(s)

26-03-2025T03:47:17 - [TEST_STEP][PASSED] - verifyElementExist(findTestObject("Object Repository/Repo/android.widget.TextView - To fully access all features"), 0): Element 'Object Repository/Repo/android.widget.TextView - To fully access all features' is exist

26-03-2025T03:47:17 - [MESSAGE][WARNING] - Timeout '0' is invalid. Using default page load timeout: '30'

26-03-2025T03:47:17 - [MESSAGE][PASSED] - Element 'Object Repository/Repo/android.widget.TextView - To fully access all features' is exist

26-03-2025T03:47:17 - [TEST_STEP][PASSED] - delay(10): Delayed 10 second(s)

26-03-2025T03:47:27 - [MESSAGE][PASSED] - Delayed 10 second(s)

26-03-2025T03:47:27 - [TEST_STEP][PASSED] - actualText = getText(findTestObject("Object Repository/Repo/android.widget.TextView - Youve chosen to skip the email verification process. While you can explore the app as a guest, please note that certain features and functionalities may be limited"), 0): Text of element 'Object Repository/Repo/android.widget.TextView - Youve chosen to skip the email verification process. While you can explore the app as a guest, please note that certain features and functionalities may be limited' is: 'You've chosen to skip the email verification process. While you can explore the app as a guest, please note that certain features and functionalities may be limited.'

26-03-2025T03:47:27 - [MESSAGE][WARNING] - Timeout '0' is invalid. Using default page load timeout: '30'

26-03-2025T03:47:28 - [MESSAGE][PASSED] - Text of element 'Object Repository/Repo/android.widget.TextView - Youve chosen to skip the email verification process. While you can explore the app as a guest, please note that certain features and functionalities may be limited' is: 'You've chosen to skip the email verification process. While you can explore the app as a guest, please note that certain features and functionalities may be limited.'

26-03-2025T03:47:28 - [TEST_STEP][PASSED] - expectedText = "You've chosen to skip the email verification process. While you can explore the app as a guest, please note that certain features and functionalities may be limited.": null

26-03-2025T03:47:28 - [TEST_STEP][PASSED] - assert actualText == expectedText: null

26-03-2025T03:47:28 - [TEST_STEP][PASSED] - verifyElementExist(findTestObject("Object Repository/Repo/android.widget.Button - Next (2)"), 0): Element 'Object Repository/Repo/android.widget.Button - Next (2)' is exist

26-03-2025T03:47:28 - [MESSAGE][WARNING] - Timeout '0' is invalid. Using default page load timeout: '30'

26-03-2025T03:47:28 - [MESSAGE][PASSED] - Element 'Object Repository/Repo/android.widget.Button - Next (2)' is exist

26-03-2025T03:47:28 - [TEST_STEP][PASSED] - delay(10): Delayed 10 second(s)

26-03-2025T03:47:38 - [MESSAGE][PASSED] - Delayed 10 second(s)

26-03-2025T03:47:38 - [TEST_STEP][PASSED] - tap(findTestObject("Object Repository/Repo/android.widget.Button - Next (2)"), 0): Tapped on element 'Object Repository/Repo/android.widget.Button - Next (2)'

26-03-2025T03:47:38 - [MESSAGE][WARNING] - Timeout '0' is invalid. Using default page load timeout: '30'

26-03-2025T03:47:38 - [MESSAGE][PASSED] - Tapped on element 'Object Repository/Repo/android.widget.Button - Next (2)'

26-03-2025T03:47:38 - [TEST_STEP][PASSED] - delay(10): Delayed 10 second(s)

26-03-2025T03:47:48 - [MESSAGE][PASSED] - Delayed 10 second(s)

26-03-2025T03:47:48 - [TEST_STEP][PASSED] - closeApplication(): Close app successfully

26-03-2025T03:47:51 - [MESSAGE][PASSED] - Close app successfully]]></system-out>
         <system-err><![CDATA[]]></system-err>
      </testcase>
      <testcase name="Test Cases/Sprint 2/WRMA-60/C728" time="108.128" classname="Test Cases/Sprint 2/WRMA-60/C728" status="PASSED">
         <system-out><![CDATA[26-03-2025T03:47:51 - [TEST_CASE][PASSED] - Test Cases/Sprint 2/WRMA-60/C728: Test Cases/Sprint 2/WRMA-60/C728

26-03-2025T03:47:51 - [TEST_STEP][PASSED] - startApplication("C:\Users\GVVignesh\git\WGR_Android\App Folder\universal.apk", true): Started application: 'C:\Users\GVVignesh\git\WGR_Android\App Folder\universal.apk'

26-03-2025T03:47:51 - [MESSAGE][INFO] - Starting application: 'C:\Users\GVVignesh\git\WGR_Android\App Folder\universal.apk'

26-03-2025T03:47:51 - [MESSAGE][INFO] - User set preference: ['deviceId', '']

26-03-2025T03:47:51 - [MESSAGE][INFO] - Detected NodeJS location: "C:\Program Files\nodejs\node.exe"

26-03-2025T03:48:01 - [MESSAGE][INFO] - PATH: C:\Program Files\nodejs;

26-03-2025T03:48:01 - [MESSAGE][INFO] - APPIUM_HOME: C:\Users\GVVignesh\.appium

26-03-2025T03:48:01 - [MESSAGE][INFO] - appium outlog: C:\Users\GVVignesh\Katalon Studio\WGR-Android-Automation\Reports\20250326_030210\Merged Sprint-1 and Sprint-2 Android\20250326_030210\appium.log

26-03-2025T03:48:01 - [MESSAGE][INFO] - appium errlog: C:\Users\GVVignesh\Katalon Studio\WGR-Android-Automation\Reports\20250326_030210\Merged Sprint-1 and Sprint-2 Android\20250326_030210\appium_error.log

26-03-2025T03:48:04 - [MESSAGE][INFO] - Appium server started on port 60,155

26-03-2025T03:48:40 - [MESSAGE][PASSED] - Started application: 'C:\Users\GVVignesh\git\WGR_Android\App Folder\universal.apk'

26-03-2025T03:48:40 - [TEST_STEP][PASSED] - delay(5): Delayed 5 second(s)

26-03-2025T03:48:45 - [MESSAGE][PASSED] - Delayed 5 second(s)

26-03-2025T03:48:45 - [TEST_STEP][PASSED] - tap(findTestObject("Object Repository/Repo/android.widget.Button - Login or Sign Up"), 0): Tapped on element 'Object Repository/Repo/android.widget.Button - Login or Sign Up'

26-03-2025T03:48:45 - [MESSAGE][WARNING] - Timeout '0' is invalid. Using default page load timeout: '30'

26-03-2025T03:48:46 - [MESSAGE][PASSED] - Tapped on element 'Object Repository/Repo/android.widget.Button - Login or Sign Up'

26-03-2025T03:48:46 - [TEST_STEP][PASSED] - delay(10): Delayed 10 second(s)

26-03-2025T03:48:56 - [MESSAGE][PASSED] - Delayed 10 second(s)

26-03-2025T03:48:56 - [TEST_STEP][PASSED] - testData = findTestData("Data Files/C728 (1)"): null

26-03-2025T03:48:57 - [TEST_STEP][PASSED] - email = testData.getValue("email", 1): null

26-03-2025T03:48:57 - [TEST_STEP][PASSED] - sendKeys(findTestObject("Object Repository/Repo/android.widget.EditText-LoginorSignUp"), email): Send keys 'emailuser@domain.com' on test object 'Object Repository/Repo/android.widget.EditText-LoginorSignUp' successfully.

26-03-2025T03:48:57 - [MESSAGE][PASSED] - Send keys 'emailuser@domain.com' on test object 'Object Repository/Repo/android.widget.EditText-LoginorSignUp' successfully.

26-03-2025T03:48:57 - [TEST_STEP][PASSED] - delay(10): Delayed 10 second(s)

26-03-2025T03:49:07 - [MESSAGE][PASSED] - Delayed 10 second(s)

26-03-2025T03:49:07 - [TEST_STEP][PASSED] - tap(findTestObject("Object Repository/Repo/android.widget.Button - Next"), 0): Tapped on element 'Object Repository/Repo/android.widget.Button - Next'

26-03-2025T03:49:07 - [MESSAGE][WARNING] - Timeout '0' is invalid. Using default page load timeout: '30'

26-03-2025T03:49:08 - [MESSAGE][PASSED] - Tapped on element 'Object Repository/Repo/android.widget.Button - Next'

26-03-2025T03:49:08 - [TEST_STEP][PASSED] - delay(10): Delayed 10 second(s)

26-03-2025T03:49:18 - [MESSAGE][PASSED] - Delayed 10 second(s)

26-03-2025T03:49:18 - [TEST_STEP][PASSED] - tap(findTestObject("Object Repository/Repo/android.widget.Button - reset"), 0): Tapped on element 'Object Repository/Repo/android.widget.Button - reset'

26-03-2025T03:49:18 - [MESSAGE][WARNING] - Timeout '0' is invalid. Using default page load timeout: '30'

26-03-2025T03:49:19 - [MESSAGE][PASSED] - Tapped on element 'Object Repository/Repo/android.widget.Button - reset'

26-03-2025T03:49:19 - [TEST_STEP][PASSED] - hideKeyboard(): Keyboard is hidden

26-03-2025T03:49:20 - [MESSAGE][PASSED] - Keyboard is hidden

26-03-2025T03:49:20 - [TEST_STEP][PASSED] - delay(10): Delayed 10 second(s)

26-03-2025T03:49:30 - [MESSAGE][PASSED] - Delayed 10 second(s)

26-03-2025T03:49:30 - [TEST_STEP][PASSED] - sendKeys(findTestObject("Object Repository/Repo/android.widget.EditText-NewUserEmail"), email): Send keys 'emailuser@domain.com' on test object 'Object Repository/Repo/android.widget.EditText-NewUserEmail' successfully.

26-03-2025T03:49:30 - [MESSAGE][PASSED] - Send keys 'emailuser@domain.com' on test object 'Object Repository/Repo/android.widget.EditText-NewUserEmail' successfully.

26-03-2025T03:49:30 - [TEST_STEP][PASSED] - enteredEmail = getText(findTestObject("Object Repository/Repo/android.widget.EditText-NewUserEmail"), 0): Text of element 'Object Repository/Repo/android.widget.EditText-NewUserEmail' is: 'emailuser@domain.com'

26-03-2025T03:49:30 - [MESSAGE][WARNING] - Timeout '0' is invalid. Using default page load timeout: '30'

26-03-2025T03:49:31 - [MESSAGE][PASSED] - Text of element 'Object Repository/Repo/android.widget.EditText-NewUserEmail' is: 'emailuser@domain.com'

26-03-2025T03:49:31 - [TEST_STEP][PASSED] - assert enteredEmail == email: null

26-03-2025T03:49:31 - [TEST_STEP][PASSED] - delay(5): Delayed 5 second(s)

26-03-2025T03:49:36 - [MESSAGE][PASSED] - Delayed 5 second(s)

26-03-2025T03:49:36 - [TEST_STEP][PASSED] - closeApplication(): Close app successfully

26-03-2025T03:49:39 - [MESSAGE][PASSED] - Close app successfully]]></system-out>
         <system-err><![CDATA[]]></system-err>
      </testcase>
      <testcase name="Test Cases/Sprint 2/WRMA-257/C682-C688" time="710.79" classname="Test Cases/Sprint 2/WRMA-257/C682-C688" status="PASSED">
         <system-out><![CDATA[26-03-2025T03:49:39 - [TEST_CASE][PASSED] - Test Cases/Sprint 2/WRMA-257/C682-C688: Test Cases/Sprint 2/WRMA-257/C682-C688

26-03-2025T03:49:39 - [TEST_STEP][PASSED] - testData = findTestData("Data Files/C682-688"): null

26-03-2025T03:49:39 - [TEST_STEP][PASSED] - startApplication("C:\Users\GVVignesh\git\WGR_Android\App Folder\universal.apk", false): Started application: 'C:\Users\GVVignesh\git\WGR_Android\App Folder\universal.apk'

26-03-2025T03:49:39 - [MESSAGE][INFO] - Starting application: 'C:\Users\GVVignesh\git\WGR_Android\App Folder\universal.apk'

26-03-2025T03:49:39 - [MESSAGE][INFO] - User set preference: ['deviceId', '']

26-03-2025T03:49:40 - [MESSAGE][INFO] - Detected NodeJS location: "C:\Program Files\nodejs\node.exe"

26-03-2025T03:49:50 - [MESSAGE][INFO] - PATH: C:\Program Files\nodejs;

26-03-2025T03:49:50 - [MESSAGE][INFO] - APPIUM_HOME: C:\Users\GVVignesh\.appium

26-03-2025T03:49:50 - [MESSAGE][INFO] - appium outlog: C:\Users\GVVignesh\Katalon Studio\WGR-Android-Automation\Reports\20250326_030210\Merged Sprint-1 and Sprint-2 Android\20250326_030210\appium.log

26-03-2025T03:49:50 - [MESSAGE][INFO] - appium errlog: C:\Users\GVVignesh\Katalon Studio\WGR-Android-Automation\Reports\20250326_030210\Merged Sprint-1 and Sprint-2 Android\20250326_030210\appium_error.log

26-03-2025T03:49:52 - [MESSAGE][INFO] - Appium server started on port 60,463

26-03-2025T03:50:26 - [MESSAGE][PASSED] - Started application: 'C:\Users\GVVignesh\git\WGR_Android\App Folder\universal.apk'

26-03-2025T03:50:26 - [TEST_STEP][PASSED] - delay(10): Delayed 10 second(s)

26-03-2025T03:50:36 - [MESSAGE][PASSED] - Delayed 10 second(s)

26-03-2025T03:50:36 - [TEST_STEP][PASSED] - rowCount = testData.getRowNumbers(): null

26-03-2025T03:50:36 - [TEST_STEP][PASSED] - for ([row = 1, row <= rowCount, (row++)]): Delayed 5 second(s)

26-03-2025T03:50:36 - [TEST_STEP][PASSED] - testCaseID = testData.getValue("TestCaseID", row): null

26-03-2025T03:50:36 - [TEST_STEP][PASSED] - email = testData.getValue("Email", row): null

26-03-2025T03:50:36 - [TEST_STEP][PASSED] - username = testData.getValue("Username", row): null

26-03-2025T03:50:36 - [TEST_STEP][PASSED] - firstName = testData.getValue("FirstName", row): null

26-03-2025T03:50:36 - [TEST_STEP][PASSED] - lastName = testData.getValue("LastName", row): null

26-03-2025T03:50:36 - [TEST_STEP][PASSED] - password = testData.getValue("Password", row): null

26-03-2025T03:50:36 - [TEST_STEP][PASSED] - confirmPassword = testData.getValue("ConfirmPassword", row): null

26-03-2025T03:50:36 - [TEST_STEP][PASSED] - resetFirstName = testData.getValue("ResetFirstName (for CS86)", row): null

26-03-2025T03:50:36 - [TEST_STEP][PASSED] - println(Executing Test Case: $testCaseID): null

26-03-2025T03:50:36 - [TEST_STEP][PASSED] - tap(findTestObject("Object Repository/Repo/android.widget.Button - Login or Sign Up"), 0): Tapped on element 'Object Repository/Repo/android.widget.Button - Login or Sign Up'

26-03-2025T03:50:36 - [MESSAGE][WARNING] - Timeout '0' is invalid. Using default page load timeout: '30'

26-03-2025T03:50:37 - [MESSAGE][PASSED] - Tapped on element 'Object Repository/Repo/android.widget.Button - Login or Sign Up'

26-03-2025T03:50:37 - [TEST_STEP][PASSED] - delay(5): Delayed 5 second(s)

26-03-2025T03:50:42 - [MESSAGE][PASSED] - Delayed 5 second(s)

26-03-2025T03:50:42 - [TEST_STEP][PASSED] - setText(findTestObject("Object Repository/Repo/android.widget.EditText-LoginorSignUp"), email, 0): Text 'vggv@teknikos.com' has been set to element 'Object Repository/Repo/android.widget.EditText-LoginorSignUp'

26-03-2025T03:50:42 - [MESSAGE][WARNING] - Timeout '0' is invalid. Using default page load timeout: '30'

26-03-2025T03:50:43 - [MESSAGE][PASSED] - Text 'vggv@teknikos.com' has been set to element 'Object Repository/Repo/android.widget.EditText-LoginorSignUp'

26-03-2025T03:50:43 - [TEST_STEP][PASSED] - hideKeyboard(): Keyboard is hidden

26-03-2025T03:50:44 - [MESSAGE][PASSED] - Keyboard is hidden

26-03-2025T03:50:44 - [TEST_STEP][PASSED] - delay(5): Delayed 5 second(s)

26-03-2025T03:50:49 - [MESSAGE][PASSED] - Delayed 5 second(s)

26-03-2025T03:50:49 - [TEST_STEP][PASSED] - tap(findTestObject("Object Repository/Repo/android.widget.Button - Next"), 0): Tapped on element 'Object Repository/Repo/android.widget.Button - Next'

26-03-2025T03:50:49 - [MESSAGE][WARNING] - Timeout '0' is invalid. Using default page load timeout: '30'

26-03-2025T03:50:49 - [MESSAGE][PASSED] - Tapped on element 'Object Repository/Repo/android.widget.Button - Next'

26-03-2025T03:50:49 - [TEST_STEP][PASSED] - delay(5): Delayed 5 second(s)

26-03-2025T03:50:54 - [MESSAGE][PASSED] - Delayed 5 second(s)

26-03-2025T03:50:54 - [TEST_STEP][PASSED] - setText(findTestObject("Object Repository/Repo/android.widget.EditText-confirm email address"), username, 0): Text 'vggv@teknikos.com' has been set to element 'Object Repository/Repo/android.widget.EditText-confirm email address'

26-03-2025T03:50:54 - [MESSAGE][WARNING] - Timeout '0' is invalid. Using default page load timeout: '30'

26-03-2025T03:50:56 - [MESSAGE][PASSED] - Text 'vggv@teknikos.com' has been set to element 'Object Repository/Repo/android.widget.EditText-confirm email address'

26-03-2025T03:50:56 - [TEST_STEP][PASSED] - hideKeyboard(): Keyboard is hidden

26-03-2025T03:50:57 - [MESSAGE][PASSED] - Keyboard is hidden

26-03-2025T03:50:57 - [TEST_STEP][PASSED] - delay(5): Delayed 5 second(s)

26-03-2025T03:51:02 - [MESSAGE][PASSED] - Delayed 5 second(s)

26-03-2025T03:51:02 - [TEST_STEP][PASSED] - tap(findTestObject("Object Repository/Repo/android.widget.Button - Next (1)"), 0): Tapped on element 'Object Repository/Repo/android.widget.Button - Next (1)'

26-03-2025T03:51:02 - [MESSAGE][WARNING] - Timeout '0' is invalid. Using default page load timeout: '30'

26-03-2025T03:51:02 - [MESSAGE][PASSED] - Tapped on element 'Object Repository/Repo/android.widget.Button - Next (1)'

26-03-2025T03:51:02 - [TEST_STEP][PASSED] - delay(10): Delayed 10 second(s)

26-03-2025T03:51:12 - [MESSAGE][PASSED] - Delayed 10 second(s)

26-03-2025T03:51:12 - [TEST_STEP][PASSED] - switch (testCaseID): null

26-03-2025T03:51:12 - [TEST_STEP][PASSED] - case "C682":: null

26-03-2025T03:51:12 - [TEST_STEP][PASSED] - "C682: Verify name with numbers validation": null

26-03-2025T03:51:12 - [TEST_STEP][PASSED] - setText(findTestObject("Object Repository/Repo/android.widget.EditText-FirstName"), firstName, 0): Text 'Test1234' has been set to element 'Object Repository/Repo/android.widget.EditText-FirstName'

26-03-2025T03:51:12 - [MESSAGE][WARNING] - Timeout '0' is invalid. Using default page load timeout: '30'

26-03-2025T03:51:13 - [MESSAGE][PASSED] - Text 'Test1234' has been set to element 'Object Repository/Repo/android.widget.EditText-FirstName'

26-03-2025T03:51:13 - [TEST_STEP][PASSED] - hideKeyboard(): Keyboard is hidden

26-03-2025T03:51:13 - [MESSAGE][PASSED] - Keyboard is hidden

26-03-2025T03:51:13 - [TEST_STEP][PASSED] - delay(5): Delayed 5 second(s)

26-03-2025T03:51:18 - [MESSAGE][PASSED] - Delayed 5 second(s)

26-03-2025T03:51:18 - [TEST_STEP][PASSED] - setText(findTestObject("Object Repository/Repo/android.widget.EditText-LastName"), lastName, 0): Text '5678test' has been set to element 'Object Repository/Repo/android.widget.EditText-LastName'

26-03-2025T03:51:18 - [MESSAGE][WARNING] - Timeout '0' is invalid. Using default page load timeout: '30'

26-03-2025T03:51:20 - [MESSAGE][PASSED] - Text '5678test' has been set to element 'Object Repository/Repo/android.widget.EditText-LastName'

26-03-2025T03:51:20 - [TEST_STEP][PASSED] - hideKeyboard(): Keyboard is hidden

26-03-2025T03:51:20 - [MESSAGE][PASSED] - Keyboard is hidden

26-03-2025T03:51:20 - [TEST_STEP][PASSED] - delay(5): Delayed 5 second(s)

26-03-2025T03:51:25 - [MESSAGE][PASSED] - Delayed 5 second(s)

26-03-2025T03:51:25 - [TEST_STEP][PASSED] - tap(findTestObject("Object Repository/Repo/android.widget.Button - Next (2)"), 0): Tapped on element 'Object Repository/Repo/android.widget.Button - Next (2)'

26-03-2025T03:51:25 - [MESSAGE][WARNING] - Timeout '0' is invalid. Using default page load timeout: '30'

26-03-2025T03:51:26 - [MESSAGE][PASSED] - Tapped on element 'Object Repository/Repo/android.widget.Button - Next (2)'

26-03-2025T03:51:26 - [TEST_STEP][PASSED] - actualErrorMessage = getText(findTestObject("Object Repository/Repo/android.widget.TextView -  Names cannot contain numbers"), 0): Text of element 'Object Repository/Repo/android.widget.TextView -  Names cannot contain numbers' is: ' Names cannot contain numbers.
'

26-03-2025T03:51:26 - [MESSAGE][WARNING] - Timeout '0' is invalid. Using default page load timeout: '30'

26-03-2025T03:51:27 - [MESSAGE][PASSED] - Text of element 'Object Repository/Repo/android.widget.TextView -  Names cannot contain numbers' is: ' Names cannot contain numbers.
'

26-03-2025T03:51:27 - [TEST_STEP][PASSED] - expectedPartialText = "Names cannot contain numbers.": null

26-03-2025T03:51:27 - [TEST_STEP][PASSED] - assert actualErrorMessage.contains(expectedPartialText): null

26-03-2025T03:51:27 - [TEST_STEP][PASSED] - println(Test Case $testCaseID Passed: Name validation error displayed correctly): null

26-03-2025T03:51:27 - [TEST_STEP][PASSED] - break: null

26-03-2025T03:51:27 - [TEST_STEP][PASSED] - closeApplication(): Close app successfully

26-03-2025T03:51:28 - [MESSAGE][PASSED] - Close app successfully

26-03-2025T03:51:28 - [TEST_STEP][PASSED] - delay(2): Delayed 2 second(s)

26-03-2025T03:51:30 - [MESSAGE][PASSED] - Delayed 2 second(s)

26-03-2025T03:51:30 - [TEST_STEP][PASSED] - startApplication("C:\Users\GVVignesh\git\WGR_Android\App Folder\universal.apk", false): Started application: 'C:\Users\GVVignesh\git\WGR_Android\App Folder\universal.apk'

26-03-2025T03:51:30 - [MESSAGE][INFO] - Starting application: 'C:\Users\GVVignesh\git\WGR_Android\App Folder\universal.apk'

26-03-2025T03:51:30 - [MESSAGE][INFO] - User set preference: ['deviceId', '']

26-03-2025T03:51:31 - [MESSAGE][INFO] - Detected NodeJS location: "C:\Program Files\nodejs\node.exe"

26-03-2025T03:51:41 - [MESSAGE][INFO] - PATH: C:\Program Files\nodejs;

26-03-2025T03:51:41 - [MESSAGE][INFO] - APPIUM_HOME: C:\Users\GVVignesh\.appium

26-03-2025T03:51:41 - [MESSAGE][INFO] - appium outlog: C:\Users\GVVignesh\Katalon Studio\WGR-Android-Automation\Reports\20250326_030210\Merged Sprint-1 and Sprint-2 Android\20250326_030210\appium.log

26-03-2025T03:51:41 - [MESSAGE][INFO] - appium errlog: C:\Users\GVVignesh\Katalon Studio\WGR-Android-Automation\Reports\20250326_030210\Merged Sprint-1 and Sprint-2 Android\20250326_030210\appium_error.log

26-03-2025T03:51:43 - [MESSAGE][INFO] - Appium server started on port 60,837

26-03-2025T03:51:51 - [MESSAGE][PASSED] - Started application: 'C:\Users\GVVignesh\git\WGR_Android\App Folder\universal.apk'

26-03-2025T03:51:51 - [TEST_STEP][PASSED] - delay(5): Delayed 5 second(s)

26-03-2025T03:51:56 - [MESSAGE][PASSED] - Delayed 5 second(s)

26-03-2025T03:51:56 - [TEST_STEP][PASSED] - testCaseID = testData.getValue("TestCaseID", row): null

26-03-2025T03:51:56 - [TEST_STEP][PASSED] - email = testData.getValue("Email", row): null

26-03-2025T03:51:56 - [TEST_STEP][PASSED] - username = testData.getValue("Username", row): null

26-03-2025T03:51:56 - [TEST_STEP][PASSED] - firstName = testData.getValue("FirstName", row): null

26-03-2025T03:51:56 - [TEST_STEP][PASSED] - lastName = testData.getValue("LastName", row): null

26-03-2025T03:51:56 - [TEST_STEP][PASSED] - password = testData.getValue("Password", row): null

26-03-2025T03:51:56 - [TEST_STEP][PASSED] - confirmPassword = testData.getValue("ConfirmPassword", row): null

26-03-2025T03:51:56 - [TEST_STEP][PASSED] - resetFirstName = testData.getValue("ResetFirstName (for CS86)", row): null

26-03-2025T03:51:56 - [TEST_STEP][PASSED] - println(Executing Test Case: $testCaseID): null

26-03-2025T03:51:56 - [TEST_STEP][PASSED] - tap(findTestObject("Object Repository/Repo/android.widget.Button - Login or Sign Up"), 0): Tapped on element 'Object Repository/Repo/android.widget.Button - Login or Sign Up'

26-03-2025T03:51:56 - [MESSAGE][WARNING] - Timeout '0' is invalid. Using default page load timeout: '30'

26-03-2025T03:51:57 - [MESSAGE][PASSED] - Tapped on element 'Object Repository/Repo/android.widget.Button - Login or Sign Up'

26-03-2025T03:51:57 - [TEST_STEP][PASSED] - delay(5): Delayed 5 second(s)

26-03-2025T03:52:02 - [MESSAGE][PASSED] - Delayed 5 second(s)

26-03-2025T03:52:02 - [TEST_STEP][PASSED] - setText(findTestObject("Object Repository/Repo/android.widget.EditText-LoginorSignUp"), email, 0): Text 'vggv@teknikos.com' has been set to element 'Object Repository/Repo/android.widget.EditText-LoginorSignUp'

26-03-2025T03:52:02 - [MESSAGE][WARNING] - Timeout '0' is invalid. Using default page load timeout: '30'

26-03-2025T03:52:04 - [MESSAGE][PASSED] - Text 'vggv@teknikos.com' has been set to element 'Object Repository/Repo/android.widget.EditText-LoginorSignUp'

26-03-2025T03:52:04 - [TEST_STEP][PASSED] - hideKeyboard(): Keyboard is hidden

26-03-2025T03:52:05 - [MESSAGE][PASSED] - Keyboard is hidden

26-03-2025T03:52:05 - [TEST_STEP][PASSED] - delay(5): Delayed 5 second(s)

26-03-2025T03:52:10 - [MESSAGE][PASSED] - Delayed 5 second(s)

26-03-2025T03:52:10 - [TEST_STEP][PASSED] - tap(findTestObject("Object Repository/Repo/android.widget.Button - Next"), 0): Tapped on element 'Object Repository/Repo/android.widget.Button - Next'

26-03-2025T03:52:10 - [MESSAGE][WARNING] - Timeout '0' is invalid. Using default page load timeout: '30'

26-03-2025T03:52:11 - [MESSAGE][PASSED] - Tapped on element 'Object Repository/Repo/android.widget.Button - Next'

26-03-2025T03:52:11 - [TEST_STEP][PASSED] - delay(5): Delayed 5 second(s)

26-03-2025T03:52:16 - [MESSAGE][PASSED] - Delayed 5 second(s)

26-03-2025T03:52:16 - [TEST_STEP][PASSED] - setText(findTestObject("Object Repository/Repo/android.widget.EditText-confirm email address"), username, 0): Text 'vggv@teknikos.com' has been set to element 'Object Repository/Repo/android.widget.EditText-confirm email address'

26-03-2025T03:52:16 - [MESSAGE][WARNING] - Timeout '0' is invalid. Using default page load timeout: '30'

26-03-2025T03:52:17 - [MESSAGE][PASSED] - Text 'vggv@teknikos.com' has been set to element 'Object Repository/Repo/android.widget.EditText-confirm email address'

26-03-2025T03:52:17 - [TEST_STEP][PASSED] - hideKeyboard(): Keyboard is hidden

26-03-2025T03:52:18 - [MESSAGE][PASSED] - Keyboard is hidden

26-03-2025T03:52:18 - [TEST_STEP][PASSED] - delay(5): Delayed 5 second(s)

26-03-2025T03:52:23 - [MESSAGE][PASSED] - Delayed 5 second(s)

26-03-2025T03:52:23 - [TEST_STEP][PASSED] - tap(findTestObject("Object Repository/Repo/android.widget.Button - Next (1)"), 0): Tapped on element 'Object Repository/Repo/android.widget.Button - Next (1)'

26-03-2025T03:52:23 - [MESSAGE][WARNING] - Timeout '0' is invalid. Using default page load timeout: '30'

26-03-2025T03:52:23 - [MESSAGE][PASSED] - Tapped on element 'Object Repository/Repo/android.widget.Button - Next (1)'

26-03-2025T03:52:23 - [TEST_STEP][PASSED] - delay(10): Delayed 10 second(s)

26-03-2025T03:52:33 - [MESSAGE][PASSED] - Delayed 10 second(s)

26-03-2025T03:52:33 - [TEST_STEP][PASSED] - switch (testCaseID): null

26-03-2025T03:52:33 - [TEST_STEP][PASSED] - case "C684":: null

26-03-2025T03:52:33 - [TEST_STEP][PASSED] - "C683/C684: Verify password requirements validation": null

26-03-2025T03:52:33 - [TEST_STEP][PASSED] - setText(findTestObject("Object Repository/Repo/android.widget.EditText-FirstName"), firstName, 0): Text 'Vignesh' has been set to element 'Object Repository/Repo/android.widget.EditText-FirstName'

26-03-2025T03:52:33 - [MESSAGE][WARNING] - Timeout '0' is invalid. Using default page load timeout: '30'

26-03-2025T03:52:35 - [MESSAGE][PASSED] - Text 'Vignesh' has been set to element 'Object Repository/Repo/android.widget.EditText-FirstName'

26-03-2025T03:52:35 - [TEST_STEP][PASSED] - hideKeyboard(): Keyboard is hidden

26-03-2025T03:52:35 - [MESSAGE][PASSED] - Keyboard is hidden

26-03-2025T03:52:35 - [TEST_STEP][PASSED] - delay(5): Delayed 5 second(s)

26-03-2025T03:52:40 - [MESSAGE][PASSED] - Delayed 5 second(s)

26-03-2025T03:52:40 - [TEST_STEP][PASSED] - setText(findTestObject("Object Repository/Repo/android.widget.EditText-LastName"), lastName, 0): Text 'GV' has been set to element 'Object Repository/Repo/android.widget.EditText-LastName'

26-03-2025T03:52:40 - [MESSAGE][WARNING] - Timeout '0' is invalid. Using default page load timeout: '30'

26-03-2025T03:52:42 - [MESSAGE][PASSED] - Text 'GV' has been set to element 'Object Repository/Repo/android.widget.EditText-LastName'

26-03-2025T03:52:42 - [TEST_STEP][PASSED] - hideKeyboard(): Keyboard is hidden

26-03-2025T03:52:42 - [MESSAGE][PASSED] - Keyboard is hidden

26-03-2025T03:52:42 - [TEST_STEP][PASSED] - delay(5): Delayed 5 second(s)

26-03-2025T03:52:47 - [MESSAGE][PASSED] - Delayed 5 second(s)

26-03-2025T03:52:47 - [TEST_STEP][PASSED] - sendKeys(findTestObject("Object Repository/Repo/android.widget.EditText-Password"), password): Send keys '1234' on test object 'Object Repository/Repo/android.widget.EditText-Password' successfully.

26-03-2025T03:52:48 - [MESSAGE][PASSED] - Send keys '1234' on test object 'Object Repository/Repo/android.widget.EditText-Password' successfully.

26-03-2025T03:52:48 - [TEST_STEP][PASSED] - delay(5): Delayed 5 second(s)

26-03-2025T03:52:53 - [MESSAGE][PASSED] - Delayed 5 second(s)

26-03-2025T03:52:53 - [TEST_STEP][PASSED] - sendKeys(findTestObject("Object Repository/Repo/android.widget.EditText-ConfirmPassword"), confirmPassword): Send keys '1234' on test object 'Object Repository/Repo/android.widget.EditText-ConfirmPassword' successfully.

26-03-2025T03:52:53 - [MESSAGE][PASSED] - Send keys '1234' on test object 'Object Repository/Repo/android.widget.EditText-ConfirmPassword' successfully.

26-03-2025T03:52:53 - [TEST_STEP][PASSED] - delay(5): Delayed 5 second(s)

26-03-2025T03:52:58 - [MESSAGE][PASSED] - Delayed 5 second(s)

26-03-2025T03:52:58 - [TEST_STEP][PASSED] - tap(findTestObject("Object Repository/Repo/android.widget.TextView - Your password must be between 8 and 20 characters and may not contain spaces"), 0): Tapped on element 'Object Repository/Repo/android.widget.TextView - Your password must be between 8 and 20 characters and may not contain spaces'

26-03-2025T03:52:58 - [MESSAGE][WARNING] - Timeout '0' is invalid. Using default page load timeout: '30'

26-03-2025T03:53:00 - [MESSAGE][PASSED] - Tapped on element 'Object Repository/Repo/android.widget.TextView - Your password must be between 8 and 20 characters and may not contain spaces'

26-03-2025T03:53:00 - [TEST_STEP][PASSED] - tap(findTestObject("Object Repository/Repo/android.widget.TextView - New User Registration"), 0): Tapped on element 'Object Repository/Repo/android.widget.TextView - New User Registration'

26-03-2025T03:53:00 - [MESSAGE][WARNING] - Timeout '0' is invalid. Using default page load timeout: '30'

26-03-2025T03:53:00 - [MESSAGE][PASSED] - Tapped on element 'Object Repository/Repo/android.widget.TextView - New User Registration'

26-03-2025T03:53:00 - [TEST_STEP][PASSED] - delay(5): Delayed 5 second(s)

26-03-2025T03:53:05 - [MESSAGE][PASSED] - Delayed 5 second(s)

26-03-2025T03:53:05 - [TEST_STEP][PASSED] - errorMessage = getText(findTestObject("Object Repository/Repo/android.widget.TextView -  Password does not meet security requirements"), 0): Text of element 'Object Repository/Repo/android.widget.TextView -  Password does not meet security requirements' is: ' Password does not meet security requirements.
'

26-03-2025T03:53:05 - [MESSAGE][WARNING] - Timeout '0' is invalid. Using default page load timeout: '30'

26-03-2025T03:53:08 - [MESSAGE][PASSED] - Text of element 'Object Repository/Repo/android.widget.TextView -  Password does not meet security requirements' is: ' Password does not meet security requirements.
'

26-03-2025T03:53:08 - [TEST_STEP][PASSED] - expectedPasswordText = "Password does not meet security requirements": null

26-03-2025T03:53:08 - [TEST_STEP][PASSED] - assert errorMessage.contains(expectedPasswordText): null

26-03-2025T03:53:08 - [TEST_STEP][PASSED] - println(Test Case $testCaseID Passed: Password validation error displayed correctly): null

26-03-2025T03:53:08 - [TEST_STEP][PASSED] - break: null

26-03-2025T03:53:08 - [TEST_STEP][PASSED] - closeApplication(): Close app successfully

26-03-2025T03:53:09 - [MESSAGE][PASSED] - Close app successfully

26-03-2025T03:53:09 - [TEST_STEP][PASSED] - delay(2): Delayed 2 second(s)

26-03-2025T03:53:11 - [MESSAGE][PASSED] - Delayed 2 second(s)

26-03-2025T03:53:11 - [TEST_STEP][PASSED] - startApplication("C:\Users\GVVignesh\git\WGR_Android\App Folder\universal.apk", false): Started application: 'C:\Users\GVVignesh\git\WGR_Android\App Folder\universal.apk'

26-03-2025T03:53:11 - [MESSAGE][INFO] - Starting application: 'C:\Users\GVVignesh\git\WGR_Android\App Folder\universal.apk'

26-03-2025T03:53:11 - [MESSAGE][INFO] - User set preference: ['deviceId', '']

26-03-2025T03:53:11 - [MESSAGE][INFO] - Detected NodeJS location: "C:\Program Files\nodejs\node.exe"

26-03-2025T03:53:22 - [MESSAGE][INFO] - PATH: C:\Program Files\nodejs;

26-03-2025T03:53:22 - [MESSAGE][INFO] - APPIUM_HOME: C:\Users\GVVignesh\.appium

26-03-2025T03:53:22 - [MESSAGE][INFO] - appium outlog: C:\Users\GVVignesh\Katalon Studio\WGR-Android-Automation\Reports\20250326_030210\Merged Sprint-1 and Sprint-2 Android\20250326_030210\appium.log

26-03-2025T03:53:22 - [MESSAGE][INFO] - appium errlog: C:\Users\GVVignesh\Katalon Studio\WGR-Android-Automation\Reports\20250326_030210\Merged Sprint-1 and Sprint-2 Android\20250326_030210\appium_error.log

26-03-2025T03:53:24 - [MESSAGE][INFO] - Appium server started on port 61,193

26-03-2025T03:53:31 - [MESSAGE][PASSED] - Started application: 'C:\Users\GVVignesh\git\WGR_Android\App Folder\universal.apk'

26-03-2025T03:53:31 - [TEST_STEP][PASSED] - delay(5): Delayed 5 second(s)

26-03-2025T03:53:36 - [MESSAGE][PASSED] - Delayed 5 second(s)

26-03-2025T03:53:36 - [TEST_STEP][PASSED] - testCaseID = testData.getValue("TestCaseID", row): null

26-03-2025T03:53:36 - [TEST_STEP][PASSED] - email = testData.getValue("Email", row): null

26-03-2025T03:53:36 - [TEST_STEP][PASSED] - username = testData.getValue("Username", row): null

26-03-2025T03:53:36 - [TEST_STEP][PASSED] - firstName = testData.getValue("FirstName", row): null

26-03-2025T03:53:36 - [TEST_STEP][PASSED] - lastName = testData.getValue("LastName", row): null

26-03-2025T03:53:36 - [TEST_STEP][PASSED] - password = testData.getValue("Password", row): null

26-03-2025T03:53:36 - [TEST_STEP][PASSED] - confirmPassword = testData.getValue("ConfirmPassword", row): null

26-03-2025T03:53:36 - [TEST_STEP][PASSED] - resetFirstName = testData.getValue("ResetFirstName (for CS86)", row): null

26-03-2025T03:53:36 - [TEST_STEP][PASSED] - println(Executing Test Case: $testCaseID): null

26-03-2025T03:53:36 - [TEST_STEP][PASSED] - tap(findTestObject("Object Repository/Repo/android.widget.Button - Login or Sign Up"), 0): Tapped on element 'Object Repository/Repo/android.widget.Button - Login or Sign Up'

26-03-2025T03:53:36 - [MESSAGE][WARNING] - Timeout '0' is invalid. Using default page load timeout: '30'

26-03-2025T03:53:37 - [MESSAGE][PASSED] - Tapped on element 'Object Repository/Repo/android.widget.Button - Login or Sign Up'

26-03-2025T03:53:37 - [TEST_STEP][PASSED] - delay(5): Delayed 5 second(s)

26-03-2025T03:53:42 - [MESSAGE][PASSED] - Delayed 5 second(s)

26-03-2025T03:53:42 - [TEST_STEP][PASSED] - setText(findTestObject("Object Repository/Repo/android.widget.EditText-LoginorSignUp"), email, 0): Text 'vggv@teknikos.com' has been set to element 'Object Repository/Repo/android.widget.EditText-LoginorSignUp'

26-03-2025T03:53:42 - [MESSAGE][WARNING] - Timeout '0' is invalid. Using default page load timeout: '30'

26-03-2025T03:53:43 - [MESSAGE][PASSED] - Text 'vggv@teknikos.com' has been set to element 'Object Repository/Repo/android.widget.EditText-LoginorSignUp'

26-03-2025T03:53:43 - [TEST_STEP][PASSED] - hideKeyboard(): Keyboard is hidden

26-03-2025T03:53:43 - [MESSAGE][PASSED] - Keyboard is hidden

26-03-2025T03:53:43 - [TEST_STEP][PASSED] - delay(5): Delayed 5 second(s)

26-03-2025T03:53:48 - [MESSAGE][PASSED] - Delayed 5 second(s)

26-03-2025T03:53:48 - [TEST_STEP][PASSED] - tap(findTestObject("Object Repository/Repo/android.widget.Button - Next"), 0): Tapped on element 'Object Repository/Repo/android.widget.Button - Next'

26-03-2025T03:53:48 - [MESSAGE][WARNING] - Timeout '0' is invalid. Using default page load timeout: '30'

26-03-2025T03:53:49 - [MESSAGE][PASSED] - Tapped on element 'Object Repository/Repo/android.widget.Button - Next'

26-03-2025T03:53:49 - [TEST_STEP][PASSED] - delay(5): Delayed 5 second(s)

26-03-2025T03:53:54 - [MESSAGE][PASSED] - Delayed 5 second(s)

26-03-2025T03:53:54 - [TEST_STEP][PASSED] - setText(findTestObject("Object Repository/Repo/android.widget.EditText-confirm email address"), username, 0): Text 'vggv@teknikos.com' has been set to element 'Object Repository/Repo/android.widget.EditText-confirm email address'

26-03-2025T03:53:54 - [MESSAGE][WARNING] - Timeout '0' is invalid. Using default page load timeout: '30'

26-03-2025T03:53:56 - [MESSAGE][PASSED] - Text 'vggv@teknikos.com' has been set to element 'Object Repository/Repo/android.widget.EditText-confirm email address'

26-03-2025T03:53:56 - [TEST_STEP][PASSED] - hideKeyboard(): Keyboard is hidden

26-03-2025T03:53:57 - [MESSAGE][PASSED] - Keyboard is hidden

26-03-2025T03:53:57 - [TEST_STEP][PASSED] - delay(5): Delayed 5 second(s)

26-03-2025T03:54:02 - [MESSAGE][PASSED] - Delayed 5 second(s)

26-03-2025T03:54:02 - [TEST_STEP][PASSED] - tap(findTestObject("Object Repository/Repo/android.widget.Button - Next (1)"), 0): Tapped on element 'Object Repository/Repo/android.widget.Button - Next (1)'

26-03-2025T03:54:02 - [MESSAGE][WARNING] - Timeout '0' is invalid. Using default page load timeout: '30'

26-03-2025T03:54:02 - [MESSAGE][PASSED] - Tapped on element 'Object Repository/Repo/android.widget.Button - Next (1)'

26-03-2025T03:54:02 - [TEST_STEP][PASSED] - delay(10): Delayed 10 second(s)

26-03-2025T03:54:12 - [MESSAGE][PASSED] - Delayed 10 second(s)

26-03-2025T03:54:12 - [TEST_STEP][PASSED] - switch (testCaseID): null

26-03-2025T03:54:12 - [TEST_STEP][PASSED] - case "C684":: null

26-03-2025T03:54:12 - [TEST_STEP][PASSED] - "C683/C684: Verify password requirements validation": null

26-03-2025T03:54:12 - [TEST_STEP][PASSED] - setText(findTestObject("Object Repository/Repo/android.widget.EditText-FirstName"), firstName, 0): Text 'Vignesh' has been set to element 'Object Repository/Repo/android.widget.EditText-FirstName'

26-03-2025T03:54:12 - [MESSAGE][WARNING] - Timeout '0' is invalid. Using default page load timeout: '30'

26-03-2025T03:54:12 - [MESSAGE][PASSED] - Text 'Vignesh' has been set to element 'Object Repository/Repo/android.widget.EditText-FirstName'

26-03-2025T03:54:12 - [TEST_STEP][PASSED] - hideKeyboard(): Keyboard is hidden

26-03-2025T03:54:13 - [MESSAGE][PASSED] - Keyboard is hidden

26-03-2025T03:54:13 - [TEST_STEP][PASSED] - delay(5): Delayed 5 second(s)

26-03-2025T03:54:18 - [MESSAGE][PASSED] - Delayed 5 second(s)

26-03-2025T03:54:18 - [TEST_STEP][PASSED] - setText(findTestObject("Object Repository/Repo/android.widget.EditText-LastName"), lastName, 0): Text 'GV' has been set to element 'Object Repository/Repo/android.widget.EditText-LastName'

26-03-2025T03:54:18 - [MESSAGE][WARNING] - Timeout '0' is invalid. Using default page load timeout: '30'

26-03-2025T03:54:20 - [MESSAGE][PASSED] - Text 'GV' has been set to element 'Object Repository/Repo/android.widget.EditText-LastName'

26-03-2025T03:54:20 - [TEST_STEP][PASSED] - hideKeyboard(): Keyboard is hidden

26-03-2025T03:54:21 - [MESSAGE][PASSED] - Keyboard is hidden

26-03-2025T03:54:21 - [TEST_STEP][PASSED] - delay(5): Delayed 5 second(s)

26-03-2025T03:54:26 - [MESSAGE][PASSED] - Delayed 5 second(s)

26-03-2025T03:54:26 - [TEST_STEP][PASSED] - sendKeys(findTestObject("Object Repository/Repo/android.widget.EditText-Password"), password): Send keys '1234567890abcdefghijklmno' on test object 'Object Repository/Repo/android.widget.EditText-Password' successfully.

26-03-2025T03:54:26 - [MESSAGE][PASSED] - Send keys '1234567890abcdefghijklmno' on test object 'Object Repository/Repo/android.widget.EditText-Password' successfully.

26-03-2025T03:54:26 - [TEST_STEP][PASSED] - delay(5): Delayed 5 second(s)

26-03-2025T03:54:31 - [MESSAGE][PASSED] - Delayed 5 second(s)

26-03-2025T03:54:31 - [TEST_STEP][PASSED] - sendKeys(findTestObject("Object Repository/Repo/android.widget.EditText-ConfirmPassword"), confirmPassword): Send keys '1234567890abcdefghijklmno' on test object 'Object Repository/Repo/android.widget.EditText-ConfirmPassword' successfully.

26-03-2025T03:54:31 - [MESSAGE][PASSED] - Send keys '1234567890abcdefghijklmno' on test object 'Object Repository/Repo/android.widget.EditText-ConfirmPassword' successfully.

26-03-2025T03:54:31 - [TEST_STEP][PASSED] - delay(5): Delayed 5 second(s)

26-03-2025T03:54:36 - [MESSAGE][PASSED] - Delayed 5 second(s)

26-03-2025T03:54:36 - [TEST_STEP][PASSED] - tap(findTestObject("Object Repository/Repo/android.widget.TextView - Your password must be between 8 and 20 characters and may not contain spaces"), 0): Tapped on element 'Object Repository/Repo/android.widget.TextView - Your password must be between 8 and 20 characters and may not contain spaces'

26-03-2025T03:54:36 - [MESSAGE][WARNING] - Timeout '0' is invalid. Using default page load timeout: '30'

26-03-2025T03:54:38 - [MESSAGE][PASSED] - Tapped on element 'Object Repository/Repo/android.widget.TextView - Your password must be between 8 and 20 characters and may not contain spaces'

26-03-2025T03:54:38 - [TEST_STEP][PASSED] - tap(findTestObject("Object Repository/Repo/android.widget.TextView - New User Registration"), 0): Tapped on element 'Object Repository/Repo/android.widget.TextView - New User Registration'

26-03-2025T03:54:38 - [MESSAGE][WARNING] - Timeout '0' is invalid. Using default page load timeout: '30'

26-03-2025T03:54:38 - [MESSAGE][PASSED] - Tapped on element 'Object Repository/Repo/android.widget.TextView - New User Registration'

26-03-2025T03:54:38 - [TEST_STEP][PASSED] - delay(5): Delayed 5 second(s)

26-03-2025T03:54:43 - [MESSAGE][PASSED] - Delayed 5 second(s)

26-03-2025T03:54:43 - [TEST_STEP][PASSED] - errorMessage = getText(findTestObject("Object Repository/Repo/android.widget.TextView -  Password does not meet security requirements"), 0): Text of element 'Object Repository/Repo/android.widget.TextView -  Password does not meet security requirements' is: ' Password does not meet security requirements.
'

26-03-2025T03:54:43 - [MESSAGE][WARNING] - Timeout '0' is invalid. Using default page load timeout: '30'

26-03-2025T03:54:44 - [MESSAGE][PASSED] - Text of element 'Object Repository/Repo/android.widget.TextView -  Password does not meet security requirements' is: ' Password does not meet security requirements.
'

26-03-2025T03:54:44 - [TEST_STEP][PASSED] - expectedPasswordText = "Password does not meet security requirements": null

26-03-2025T03:54:44 - [TEST_STEP][PASSED] - assert errorMessage.contains(expectedPasswordText): null

26-03-2025T03:54:44 - [TEST_STEP][PASSED] - println(Test Case $testCaseID Passed: Password validation error displayed correctly): null

26-03-2025T03:54:44 - [TEST_STEP][PASSED] - break: null

26-03-2025T03:54:44 - [TEST_STEP][PASSED] - closeApplication(): Close app successfully

26-03-2025T03:54:45 - [MESSAGE][PASSED] - Close app successfully

26-03-2025T03:54:45 - [TEST_STEP][PASSED] - delay(2): Delayed 2 second(s)

26-03-2025T03:54:47 - [MESSAGE][PASSED] - Delayed 2 second(s)

26-03-2025T03:54:47 - [TEST_STEP][PASSED] - startApplication("C:\Users\GVVignesh\git\WGR_Android\App Folder\universal.apk", false): Started application: 'C:\Users\GVVignesh\git\WGR_Android\App Folder\universal.apk'

26-03-2025T03:54:47 - [MESSAGE][INFO] - Starting application: 'C:\Users\GVVignesh\git\WGR_Android\App Folder\universal.apk'

26-03-2025T03:54:47 - [MESSAGE][INFO] - User set preference: ['deviceId', '']

26-03-2025T03:54:47 - [MESSAGE][INFO] - Detected NodeJS location: "C:\Program Files\nodejs\node.exe"

26-03-2025T03:54:57 - [MESSAGE][INFO] - PATH: C:\Program Files\nodejs;

26-03-2025T03:54:57 - [MESSAGE][INFO] - APPIUM_HOME: C:\Users\GVVignesh\.appium

26-03-2025T03:54:57 - [MESSAGE][INFO] - appium outlog: C:\Users\GVVignesh\Katalon Studio\WGR-Android-Automation\Reports\20250326_030210\Merged Sprint-1 and Sprint-2 Android\20250326_030210\appium.log

26-03-2025T03:54:57 - [MESSAGE][INFO] - appium errlog: C:\Users\GVVignesh\Katalon Studio\WGR-Android-Automation\Reports\20250326_030210\Merged Sprint-1 and Sprint-2 Android\20250326_030210\appium_error.log

26-03-2025T03:55:00 - [MESSAGE][INFO] - Appium server started on port 61,542

26-03-2025T03:55:07 - [MESSAGE][PASSED] - Started application: 'C:\Users\GVVignesh\git\WGR_Android\App Folder\universal.apk'

26-03-2025T03:55:07 - [TEST_STEP][PASSED] - delay(5): Delayed 5 second(s)

26-03-2025T03:55:12 - [MESSAGE][PASSED] - Delayed 5 second(s)

26-03-2025T03:55:12 - [TEST_STEP][PASSED] - testCaseID = testData.getValue("TestCaseID", row): null

26-03-2025T03:55:12 - [TEST_STEP][PASSED] - email = testData.getValue("Email", row): null

26-03-2025T03:55:12 - [TEST_STEP][PASSED] - username = testData.getValue("Username", row): null

26-03-2025T03:55:12 - [TEST_STEP][PASSED] - firstName = testData.getValue("FirstName", row): null

26-03-2025T03:55:12 - [TEST_STEP][PASSED] - lastName = testData.getValue("LastName", row): null

26-03-2025T03:55:12 - [TEST_STEP][PASSED] - password = testData.getValue("Password", row): null

26-03-2025T03:55:12 - [TEST_STEP][PASSED] - confirmPassword = testData.getValue("ConfirmPassword", row): null

26-03-2025T03:55:12 - [TEST_STEP][PASSED] - resetFirstName = testData.getValue("ResetFirstName (for CS86)", row): null

26-03-2025T03:55:12 - [TEST_STEP][PASSED] - println(Executing Test Case: $testCaseID): null

26-03-2025T03:55:12 - [TEST_STEP][PASSED] - tap(findTestObject("Object Repository/Repo/android.widget.Button - Login or Sign Up"), 0): Tapped on element 'Object Repository/Repo/android.widget.Button - Login or Sign Up'

26-03-2025T03:55:12 - [MESSAGE][WARNING] - Timeout '0' is invalid. Using default page load timeout: '30'

26-03-2025T03:55:13 - [MESSAGE][PASSED] - Tapped on element 'Object Repository/Repo/android.widget.Button - Login or Sign Up'

26-03-2025T03:55:13 - [TEST_STEP][PASSED] - delay(5): Delayed 5 second(s)

26-03-2025T03:55:18 - [MESSAGE][PASSED] - Delayed 5 second(s)

26-03-2025T03:55:18 - [TEST_STEP][PASSED] - setText(findTestObject("Object Repository/Repo/android.widget.EditText-LoginorSignUp"), email, 0): Text 'vggv@teknikos.com' has been set to element 'Object Repository/Repo/android.widget.EditText-LoginorSignUp'

26-03-2025T03:55:18 - [MESSAGE][WARNING] - Timeout '0' is invalid. Using default page load timeout: '30'

26-03-2025T03:55:18 - [MESSAGE][PASSED] - Text 'vggv@teknikos.com' has been set to element 'Object Repository/Repo/android.widget.EditText-LoginorSignUp'

26-03-2025T03:55:18 - [TEST_STEP][PASSED] - hideKeyboard(): Keyboard is hidden

26-03-2025T03:55:19 - [MESSAGE][PASSED] - Keyboard is hidden

26-03-2025T03:55:19 - [TEST_STEP][PASSED] - delay(5): Delayed 5 second(s)

26-03-2025T03:55:24 - [MESSAGE][PASSED] - Delayed 5 second(s)

26-03-2025T03:55:24 - [TEST_STEP][PASSED] - tap(findTestObject("Object Repository/Repo/android.widget.Button - Next"), 0): Tapped on element 'Object Repository/Repo/android.widget.Button - Next'

26-03-2025T03:55:24 - [MESSAGE][WARNING] - Timeout '0' is invalid. Using default page load timeout: '30'

26-03-2025T03:55:25 - [MESSAGE][PASSED] - Tapped on element 'Object Repository/Repo/android.widget.Button - Next'

26-03-2025T03:55:25 - [TEST_STEP][PASSED] - delay(5): Delayed 5 second(s)

26-03-2025T03:55:30 - [MESSAGE][PASSED] - Delayed 5 second(s)

26-03-2025T03:55:30 - [TEST_STEP][PASSED] - setText(findTestObject("Object Repository/Repo/android.widget.EditText-confirm email address"), username, 0): Text 'vggv@teknikos.com' has been set to element 'Object Repository/Repo/android.widget.EditText-confirm email address'

26-03-2025T03:55:30 - [MESSAGE][WARNING] - Timeout '0' is invalid. Using default page load timeout: '30'

26-03-2025T03:55:32 - [MESSAGE][PASSED] - Text 'vggv@teknikos.com' has been set to element 'Object Repository/Repo/android.widget.EditText-confirm email address'

26-03-2025T03:55:32 - [TEST_STEP][PASSED] - hideKeyboard(): Keyboard is hidden

26-03-2025T03:55:33 - [MESSAGE][PASSED] - Keyboard is hidden

26-03-2025T03:55:33 - [TEST_STEP][PASSED] - delay(5): Delayed 5 second(s)

26-03-2025T03:55:38 - [MESSAGE][PASSED] - Delayed 5 second(s)

26-03-2025T03:55:38 - [TEST_STEP][PASSED] - tap(findTestObject("Object Repository/Repo/android.widget.Button - Next (1)"), 0): Tapped on element 'Object Repository/Repo/android.widget.Button - Next (1)'

26-03-2025T03:55:38 - [MESSAGE][WARNING] - Timeout '0' is invalid. Using default page load timeout: '30'

26-03-2025T03:55:38 - [MESSAGE][PASSED] - Tapped on element 'Object Repository/Repo/android.widget.Button - Next (1)'

26-03-2025T03:55:38 - [TEST_STEP][PASSED] - delay(10): Delayed 10 second(s)

26-03-2025T03:55:48 - [MESSAGE][PASSED] - Delayed 10 second(s)

26-03-2025T03:55:48 - [TEST_STEP][PASSED] - switch (testCaseID): null

26-03-2025T03:55:48 - [TEST_STEP][PASSED] - case "C685":: null

26-03-2025T03:55:48 - [TEST_STEP][PASSED] - "C685: Verify password mismatch validation": null

26-03-2025T03:55:48 - [TEST_STEP][PASSED] - setText(findTestObject("Object Repository/Repo/android.widget.EditText-FirstName"), firstName, 0): Text 'Vignesh' has been set to element 'Object Repository/Repo/android.widget.EditText-FirstName'

26-03-2025T03:55:48 - [MESSAGE][WARNING] - Timeout '0' is invalid. Using default page load timeout: '30'

26-03-2025T03:55:50 - [MESSAGE][PASSED] - Text 'Vignesh' has been set to element 'Object Repository/Repo/android.widget.EditText-FirstName'

26-03-2025T03:55:50 - [TEST_STEP][PASSED] - hideKeyboard(): Keyboard is hidden

26-03-2025T03:55:50 - [MESSAGE][PASSED] - Keyboard is hidden

26-03-2025T03:55:50 - [TEST_STEP][PASSED] - delay(5): Delayed 5 second(s)

26-03-2025T03:55:55 - [MESSAGE][PASSED] - Delayed 5 second(s)

26-03-2025T03:55:55 - [TEST_STEP][PASSED] - setText(findTestObject("Object Repository/Repo/android.widget.EditText-LastName"), lastName, 0): Text 'GV' has been set to element 'Object Repository/Repo/android.widget.EditText-LastName'

26-03-2025T03:55:55 - [MESSAGE][WARNING] - Timeout '0' is invalid. Using default page load timeout: '30'

26-03-2025T03:55:56 - [MESSAGE][PASSED] - Text 'GV' has been set to element 'Object Repository/Repo/android.widget.EditText-LastName'

26-03-2025T03:55:56 - [TEST_STEP][PASSED] - hideKeyboard(): Keyboard is hidden

26-03-2025T03:55:57 - [MESSAGE][PASSED] - Keyboard is hidden

26-03-2025T03:55:57 - [TEST_STEP][PASSED] - delay(5): Delayed 5 second(s)

26-03-2025T03:56:02 - [MESSAGE][PASSED] - Delayed 5 second(s)

26-03-2025T03:56:02 - [TEST_STEP][PASSED] - sendKeys(findTestObject("Object Repository/Repo/android.widget.EditText-Password"), password): Send keys 'password' on test object 'Object Repository/Repo/android.widget.EditText-Password' successfully.

26-03-2025T03:56:02 - [MESSAGE][PASSED] - Send keys 'password' on test object 'Object Repository/Repo/android.widget.EditText-Password' successfully.

26-03-2025T03:56:02 - [TEST_STEP][PASSED] - delay(5): Delayed 5 second(s)

26-03-2025T03:56:07 - [MESSAGE][PASSED] - Delayed 5 second(s)

26-03-2025T03:56:07 - [TEST_STEP][PASSED] - sendKeys(findTestObject("Object Repository/Repo/android.widget.EditText-ConfirmPassword"), confirmPassword): Send keys 'password1' on test object 'Object Repository/Repo/android.widget.EditText-ConfirmPassword' successfully.

26-03-2025T03:56:07 - [MESSAGE][PASSED] - Send keys 'password1' on test object 'Object Repository/Repo/android.widget.EditText-ConfirmPassword' successfully.

26-03-2025T03:56:07 - [TEST_STEP][PASSED] - delay(5): Delayed 5 second(s)

26-03-2025T03:56:12 - [MESSAGE][PASSED] - Delayed 5 second(s)

26-03-2025T03:56:12 - [TEST_STEP][PASSED] - mismatchError = TextView -  Passwords must match"), 0).trim(): Text of element 'Object Repository/Repo/android.widget.TextView -  Passwords must match' is: ' Passwords must match.
'

26-03-2025T03:56:12 - [MESSAGE][WARNING] - Timeout '0' is invalid. Using default page load timeout: '30'

26-03-2025T03:56:13 - [MESSAGE][PASSED] - Text of element 'Object Repository/Repo/android.widget.TextView -  Passwords must match' is: ' Passwords must match.
'

26-03-2025T03:56:13 - [TEST_STEP][PASSED] - expectedMismatchText = "Passwords must match": null

26-03-2025T03:56:13 - [TEST_STEP][PASSED] - assert mismatchError.contains(expectedMismatchText): null

26-03-2025T03:56:13 - [TEST_STEP][PASSED] - println(Test Case $testCaseID Passed: Password mismatch error displayed correctly): null

26-03-2025T03:56:13 - [TEST_STEP][PASSED] - break: null

26-03-2025T03:56:13 - [TEST_STEP][PASSED] - closeApplication(): Close app successfully

26-03-2025T03:56:14 - [MESSAGE][PASSED] - Close app successfully

26-03-2025T03:56:14 - [TEST_STEP][PASSED] - delay(2): Delayed 2 second(s)

26-03-2025T03:56:16 - [MESSAGE][PASSED] - Delayed 2 second(s)

26-03-2025T03:56:16 - [TEST_STEP][PASSED] - startApplication("C:\Users\GVVignesh\git\WGR_Android\App Folder\universal.apk", false): Started application: 'C:\Users\GVVignesh\git\WGR_Android\App Folder\universal.apk'

26-03-2025T03:56:16 - [MESSAGE][INFO] - Starting application: 'C:\Users\GVVignesh\git\WGR_Android\App Folder\universal.apk'

26-03-2025T03:56:16 - [MESSAGE][INFO] - User set preference: ['deviceId', '']

26-03-2025T03:56:16 - [MESSAGE][INFO] - Detected NodeJS location: "C:\Program Files\nodejs\node.exe"

26-03-2025T03:56:26 - [MESSAGE][INFO] - PATH: C:\Program Files\nodejs;

26-03-2025T03:56:26 - [MESSAGE][INFO] - APPIUM_HOME: C:\Users\GVVignesh\.appium

26-03-2025T03:56:26 - [MESSAGE][INFO] - appium outlog: C:\Users\GVVignesh\Katalon Studio\WGR-Android-Automation\Reports\20250326_030210\Merged Sprint-1 and Sprint-2 Android\20250326_030210\appium.log

26-03-2025T03:56:26 - [MESSAGE][INFO] - appium errlog: C:\Users\GVVignesh\Katalon Studio\WGR-Android-Automation\Reports\20250326_030210\Merged Sprint-1 and Sprint-2 Android\20250326_030210\appium_error.log

26-03-2025T03:56:29 - [MESSAGE][INFO] - Appium server started on port 61,890

26-03-2025T03:56:37 - [MESSAGE][PASSED] - Started application: 'C:\Users\GVVignesh\git\WGR_Android\App Folder\universal.apk'

26-03-2025T03:56:37 - [TEST_STEP][PASSED] - delay(5): Delayed 5 second(s)

26-03-2025T03:56:42 - [MESSAGE][PASSED] - Delayed 5 second(s)

26-03-2025T03:56:42 - [TEST_STEP][PASSED] - testCaseID = testData.getValue("TestCaseID", row): null

26-03-2025T03:56:42 - [TEST_STEP][PASSED] - email = testData.getValue("Email", row): null

26-03-2025T03:56:42 - [TEST_STEP][PASSED] - username = testData.getValue("Username", row): null

26-03-2025T03:56:42 - [TEST_STEP][PASSED] - firstName = testData.getValue("FirstName", row): null

26-03-2025T03:56:42 - [TEST_STEP][PASSED] - lastName = testData.getValue("LastName", row): null

26-03-2025T03:56:42 - [TEST_STEP][PASSED] - password = testData.getValue("Password", row): null

26-03-2025T03:56:42 - [TEST_STEP][PASSED] - confirmPassword = testData.getValue("ConfirmPassword", row): null

26-03-2025T03:56:42 - [TEST_STEP][PASSED] - resetFirstName = testData.getValue("ResetFirstName (for CS86)", row): null

26-03-2025T03:56:42 - [TEST_STEP][PASSED] - println(Executing Test Case: $testCaseID): null

26-03-2025T03:56:42 - [TEST_STEP][PASSED] - tap(findTestObject("Object Repository/Repo/android.widget.Button - Login or Sign Up"), 0): Tapped on element 'Object Repository/Repo/android.widget.Button - Login or Sign Up'

26-03-2025T03:56:42 - [MESSAGE][WARNING] - Timeout '0' is invalid. Using default page load timeout: '30'

26-03-2025T03:56:43 - [MESSAGE][PASSED] - Tapped on element 'Object Repository/Repo/android.widget.Button - Login or Sign Up'

26-03-2025T03:56:43 - [TEST_STEP][PASSED] - delay(5): Delayed 5 second(s)

26-03-2025T03:56:48 - [MESSAGE][PASSED] - Delayed 5 second(s)

26-03-2025T03:56:48 - [TEST_STEP][PASSED] - setText(findTestObject("Object Repository/Repo/android.widget.EditText-LoginorSignUp"), email, 0): Text 'vggv@teknikos.com' has been set to element 'Object Repository/Repo/android.widget.EditText-LoginorSignUp'

26-03-2025T03:56:48 - [MESSAGE][WARNING] - Timeout '0' is invalid. Using default page load timeout: '30'

26-03-2025T03:56:49 - [MESSAGE][PASSED] - Text 'vggv@teknikos.com' has been set to element 'Object Repository/Repo/android.widget.EditText-LoginorSignUp'

26-03-2025T03:56:49 - [TEST_STEP][PASSED] - hideKeyboard(): Keyboard is hidden

26-03-2025T03:56:49 - [MESSAGE][PASSED] - Keyboard is hidden

26-03-2025T03:56:49 - [TEST_STEP][PASSED] - delay(5): Delayed 5 second(s)

26-03-2025T03:56:54 - [MESSAGE][PASSED] - Delayed 5 second(s)

26-03-2025T03:56:54 - [TEST_STEP][PASSED] - tap(findTestObject("Object Repository/Repo/android.widget.Button - Next"), 0): Tapped on element 'Object Repository/Repo/android.widget.Button - Next'

26-03-2025T03:56:54 - [MESSAGE][WARNING] - Timeout '0' is invalid. Using default page load timeout: '30'

26-03-2025T03:56:55 - [MESSAGE][PASSED] - Tapped on element 'Object Repository/Repo/android.widget.Button - Next'

26-03-2025T03:56:55 - [TEST_STEP][PASSED] - delay(5): Delayed 5 second(s)

26-03-2025T03:57:00 - [MESSAGE][PASSED] - Delayed 5 second(s)

26-03-2025T03:57:00 - [TEST_STEP][PASSED] - setText(findTestObject("Object Repository/Repo/android.widget.EditText-confirm email address"), username, 0): Text 'vggv@teknikos.com' has been set to element 'Object Repository/Repo/android.widget.EditText-confirm email address'

26-03-2025T03:57:00 - [MESSAGE][WARNING] - Timeout '0' is invalid. Using default page load timeout: '30'

26-03-2025T03:57:01 - [MESSAGE][PASSED] - Text 'vggv@teknikos.com' has been set to element 'Object Repository/Repo/android.widget.EditText-confirm email address'

26-03-2025T03:57:01 - [TEST_STEP][PASSED] - hideKeyboard(): Keyboard is hidden

26-03-2025T03:57:02 - [MESSAGE][PASSED] - Keyboard is hidden

26-03-2025T03:57:02 - [TEST_STEP][PASSED] - delay(5): Delayed 5 second(s)

26-03-2025T03:57:07 - [MESSAGE][PASSED] - Delayed 5 second(s)

26-03-2025T03:57:07 - [TEST_STEP][PASSED] - tap(findTestObject("Object Repository/Repo/android.widget.Button - Next (1)"), 0): Tapped on element 'Object Repository/Repo/android.widget.Button - Next (1)'

26-03-2025T03:57:07 - [MESSAGE][WARNING] - Timeout '0' is invalid. Using default page load timeout: '30'

26-03-2025T03:57:07 - [MESSAGE][PASSED] - Tapped on element 'Object Repository/Repo/android.widget.Button - Next (1)'

26-03-2025T03:57:07 - [TEST_STEP][PASSED] - delay(10): Delayed 10 second(s)

26-03-2025T03:57:17 - [MESSAGE][PASSED] - Delayed 10 second(s)

26-03-2025T03:57:17 - [TEST_STEP][PASSED] - switch (testCaseID): null

26-03-2025T03:57:17 - [TEST_STEP][PASSED] - case "C686":: null

26-03-2025T03:57:17 - [TEST_STEP][PASSED] - "C686: Verify first name length validation": null

26-03-2025T03:57:17 - [TEST_STEP][PASSED] - setText(findTestObject("Object Repository/Repo/android.widget.EditText-FirstName"), firstName, 0): Text 'InnovativeSoftwareSolutionsForModernDevelopers' has been set to element 'Object Repository/Repo/android.widget.EditText-FirstName'

26-03-2025T03:57:17 - [MESSAGE][WARNING] - Timeout '0' is invalid. Using default page load timeout: '30'

26-03-2025T03:57:19 - [MESSAGE][PASSED] - Text 'InnovativeSoftwareSolutionsForModernDevelopers' has been set to element 'Object Repository/Repo/android.widget.EditText-FirstName'

26-03-2025T03:57:19 - [TEST_STEP][PASSED] - hideKeyboard(): Keyboard is hidden

26-03-2025T03:57:20 - [MESSAGE][PASSED] - Keyboard is hidden

26-03-2025T03:57:20 - [TEST_STEP][PASSED] - delay(5): Delayed 5 second(s)

26-03-2025T03:57:25 - [MESSAGE][PASSED] - Delayed 5 second(s)

26-03-2025T03:57:25 - [TEST_STEP][PASSED] - tap(findTestObject("Object Repository/Repo/android.widget.Button - reset"), 0): Tapped on element 'Object Repository/Repo/android.widget.Button - reset'

26-03-2025T03:57:25 - [MESSAGE][WARNING] - Timeout '0' is invalid. Using default page load timeout: '30'

26-03-2025T03:57:25 - [MESSAGE][PASSED] - Tapped on element 'Object Repository/Repo/android.widget.Button - reset'

26-03-2025T03:57:25 - [TEST_STEP][PASSED] - delay(5): Delayed 5 second(s)

26-03-2025T03:57:30 - [MESSAGE][PASSED] - Delayed 5 second(s)

26-03-2025T03:57:30 - [TEST_STEP][PASSED] - setText(findTestObject("Object Repository/Repo/android.widget.EditText-FirstName"), resetFirstName, 0): Text 'CuttingEdgeTechnologyEnhancingUserExperienceToday' has been set to element 'Object Repository/Repo/android.widget.EditText-FirstName'

26-03-2025T03:57:30 - [MESSAGE][WARNING] - Timeout '0' is invalid. Using default page load timeout: '30'

26-03-2025T03:57:31 - [MESSAGE][PASSED] - Text 'CuttingEdgeTechnologyEnhancingUserExperienceToday' has been set to element 'Object Repository/Repo/android.widget.EditText-FirstName'

26-03-2025T03:57:31 - [TEST_STEP][PASSED] - hideKeyboard(): Keyboard is hidden

26-03-2025T03:57:31 - [MESSAGE][PASSED] - Keyboard is hidden

26-03-2025T03:57:31 - [TEST_STEP][PASSED] - delay(5): Delayed 5 second(s)

26-03-2025T03:57:36 - [MESSAGE][PASSED] - Delayed 5 second(s)

26-03-2025T03:57:36 - [TEST_STEP][PASSED] - setText(findTestObject("Object Repository/Repo/android.widget.EditText-FirstName"), resetFirstName, 0): Text 'CuttingEdgeTechnologyEnhancingUserExperienceToday' has been set to element 'Object Repository/Repo/android.widget.EditText-FirstName'

26-03-2025T03:57:36 - [MESSAGE][WARNING] - Timeout '0' is invalid. Using default page load timeout: '30'

26-03-2025T03:57:37 - [MESSAGE][PASSED] - Text 'CuttingEdgeTechnologyEnhancingUserExperienceToday' has been set to element 'Object Repository/Repo/android.widget.EditText-FirstName'

26-03-2025T03:57:37 - [TEST_STEP][PASSED] - hideKeyboard(): Keyboard is hidden

26-03-2025T03:57:38 - [MESSAGE][PASSED] - Keyboard is hidden

26-03-2025T03:57:38 - [TEST_STEP][PASSED] - delay(5): Delayed 5 second(s)

26-03-2025T03:57:43 - [MESSAGE][PASSED] - Delayed 5 second(s)

26-03-2025T03:57:43 - [TEST_STEP][PASSED] - tap(findTestObject("Object Repository/Repo/android.widget.Button - Next (1)"), 0): Tapped on element 'Object Repository/Repo/android.widget.Button - Next (1)'

26-03-2025T03:57:43 - [MESSAGE][WARNING] - Timeout '0' is invalid. Using default page load timeout: '30'

26-03-2025T03:57:43 - [MESSAGE][PASSED] - Tapped on element 'Object Repository/Repo/android.widget.Button - Next (1)'

26-03-2025T03:57:43 - [TEST_STEP][PASSED] - delay(10): Delayed 10 second(s)

26-03-2025T03:57:53 - [MESSAGE][PASSED] - Delayed 10 second(s)

26-03-2025T03:57:53 - [TEST_STEP][PASSED] - nameLengthError = getText(findTestObject("Object Repository/Repo/android.widget.TextView -  First name must be 50 characters or less"), 0): Text of element 'Object Repository/Repo/android.widget.TextView -  First name must be 50 characters or less' is: ' First name must be 50 characters or less.
'

26-03-2025T03:57:53 - [MESSAGE][WARNING] - Timeout '0' is invalid. Using default page load timeout: '30'

26-03-2025T03:57:54 - [MESSAGE][PASSED] - Text of element 'Object Repository/Repo/android.widget.TextView -  First name must be 50 characters or less' is: ' First name must be 50 characters or less.
'

26-03-2025T03:57:54 - [TEST_STEP][PASSED] - expectedLengthText = "First name must be 50 characters or less": null

26-03-2025T03:57:54 - [TEST_STEP][PASSED] - assert nameLengthError.contains(expectedLengthText): null

26-03-2025T03:57:54 - [TEST_STEP][PASSED] - println(Test Case $testCaseID Passed: Name length validation error displayed correctly): null

26-03-2025T03:57:54 - [TEST_STEP][PASSED] - break: null

26-03-2025T03:57:54 - [TEST_STEP][PASSED] - closeApplication(): Close app successfully

26-03-2025T03:57:55 - [MESSAGE][PASSED] - Close app successfully

26-03-2025T03:57:55 - [TEST_STEP][PASSED] - delay(2): Delayed 2 second(s)

26-03-2025T03:57:57 - [MESSAGE][PASSED] - Delayed 2 second(s)

26-03-2025T03:57:57 - [TEST_STEP][PASSED] - startApplication("C:\Users\GVVignesh\git\WGR_Android\App Folder\universal.apk", false): Started application: 'C:\Users\GVVignesh\git\WGR_Android\App Folder\universal.apk'

26-03-2025T03:57:57 - [MESSAGE][INFO] - Starting application: 'C:\Users\GVVignesh\git\WGR_Android\App Folder\universal.apk'

26-03-2025T03:57:57 - [MESSAGE][INFO] - User set preference: ['deviceId', '']

26-03-2025T03:57:58 - [MESSAGE][INFO] - Detected NodeJS location: "C:\Program Files\nodejs\node.exe"

26-03-2025T03:58:08 - [MESSAGE][INFO] - PATH: C:\Program Files\nodejs;

26-03-2025T03:58:08 - [MESSAGE][INFO] - APPIUM_HOME: C:\Users\GVVignesh\.appium

26-03-2025T03:58:08 - [MESSAGE][INFO] - appium outlog: C:\Users\GVVignesh\Katalon Studio\WGR-Android-Automation\Reports\20250326_030210\Merged Sprint-1 and Sprint-2 Android\20250326_030210\appium.log

26-03-2025T03:58:08 - [MESSAGE][INFO] - appium errlog: C:\Users\GVVignesh\Katalon Studio\WGR-Android-Automation\Reports\20250326_030210\Merged Sprint-1 and Sprint-2 Android\20250326_030210\appium_error.log

26-03-2025T03:58:10 - [MESSAGE][INFO] - Appium server started on port 62,267

26-03-2025T03:58:17 - [MESSAGE][PASSED] - Started application: 'C:\Users\GVVignesh\git\WGR_Android\App Folder\universal.apk'

26-03-2025T03:58:17 - [TEST_STEP][PASSED] - delay(5): Delayed 5 second(s)

26-03-2025T03:58:22 - [MESSAGE][PASSED] - Delayed 5 second(s)

26-03-2025T03:58:22 - [TEST_STEP][PASSED] - testCaseID = testData.getValue("TestCaseID", row): null

26-03-2025T03:58:22 - [TEST_STEP][PASSED] - email = testData.getValue("Email", row): null

26-03-2025T03:58:22 - [TEST_STEP][PASSED] - username = testData.getValue("Username", row): null

26-03-2025T03:58:22 - [TEST_STEP][PASSED] - firstName = testData.getValue("FirstName", row): null

26-03-2025T03:58:22 - [TEST_STEP][PASSED] - lastName = testData.getValue("LastName", row): null

26-03-2025T03:58:22 - [TEST_STEP][PASSED] - password = testData.getValue("Password", row): null

26-03-2025T03:58:22 - [TEST_STEP][PASSED] - confirmPassword = testData.getValue("ConfirmPassword", row): null

26-03-2025T03:58:22 - [TEST_STEP][PASSED] - resetFirstName = testData.getValue("ResetFirstName (for CS86)", row): null

26-03-2025T03:58:22 - [TEST_STEP][PASSED] - println(Executing Test Case: $testCaseID): null

26-03-2025T03:58:22 - [TEST_STEP][PASSED] - tap(findTestObject("Object Repository/Repo/android.widget.Button - Login or Sign Up"), 0): Tapped on element 'Object Repository/Repo/android.widget.Button - Login or Sign Up'

26-03-2025T03:58:22 - [MESSAGE][WARNING] - Timeout '0' is invalid. Using default page load timeout: '30'

26-03-2025T03:58:24 - [MESSAGE][PASSED] - Tapped on element 'Object Repository/Repo/android.widget.Button - Login or Sign Up'

26-03-2025T03:58:24 - [TEST_STEP][PASSED] - delay(5): Delayed 5 second(s)

26-03-2025T03:58:29 - [MESSAGE][PASSED] - Delayed 5 second(s)

26-03-2025T03:58:29 - [TEST_STEP][PASSED] - setText(findTestObject("Object Repository/Repo/android.widget.EditText-LoginorSignUp"), email, 0): Text 'vggv@teknikos.com' has been set to element 'Object Repository/Repo/android.widget.EditText-LoginorSignUp'

26-03-2025T03:58:29 - [MESSAGE][WARNING] - Timeout '0' is invalid. Using default page load timeout: '30'

26-03-2025T03:58:56 - [MESSAGE][PASSED] - Text 'vggv@teknikos.com' has been set to element 'Object Repository/Repo/android.widget.EditText-LoginorSignUp'

26-03-2025T03:58:56 - [TEST_STEP][PASSED] - hideKeyboard(): Keyboard is hidden

26-03-2025T03:58:57 - [MESSAGE][PASSED] - Keyboard is hidden

26-03-2025T03:58:57 - [TEST_STEP][PASSED] - delay(5): Delayed 5 second(s)

26-03-2025T03:59:02 - [MESSAGE][PASSED] - Delayed 5 second(s)

26-03-2025T03:59:02 - [TEST_STEP][PASSED] - tap(findTestObject("Object Repository/Repo/android.widget.Button - Next"), 0): Tapped on element 'Object Repository/Repo/android.widget.Button - Next'

26-03-2025T03:59:02 - [MESSAGE][WARNING] - Timeout '0' is invalid. Using default page load timeout: '30'

26-03-2025T03:59:02 - [MESSAGE][PASSED] - Tapped on element 'Object Repository/Repo/android.widget.Button - Next'

26-03-2025T03:59:02 - [TEST_STEP][PASSED] - delay(5): Delayed 5 second(s)

26-03-2025T03:59:07 - [MESSAGE][PASSED] - Delayed 5 second(s)

26-03-2025T03:59:07 - [TEST_STEP][PASSED] - setText(findTestObject("Object Repository/Repo/android.widget.EditText-confirm email address"), username, 0): Text 'vggv@teknikos.com' has been set to element 'Object Repository/Repo/android.widget.EditText-confirm email address'

26-03-2025T03:59:07 - [MESSAGE][WARNING] - Timeout '0' is invalid. Using default page load timeout: '30'

26-03-2025T03:59:08 - [MESSAGE][PASSED] - Text 'vggv@teknikos.com' has been set to element 'Object Repository/Repo/android.widget.EditText-confirm email address'

26-03-2025T03:59:08 - [TEST_STEP][PASSED] - hideKeyboard(): Keyboard is hidden

26-03-2025T03:59:09 - [MESSAGE][PASSED] - Keyboard is hidden

26-03-2025T03:59:09 - [TEST_STEP][PASSED] - delay(5): Delayed 5 second(s)

26-03-2025T03:59:14 - [MESSAGE][PASSED] - Delayed 5 second(s)

26-03-2025T03:59:14 - [TEST_STEP][PASSED] - tap(findTestObject("Object Repository/Repo/android.widget.Button - Next (1)"), 0): Tapped on element 'Object Repository/Repo/android.widget.Button - Next (1)'

26-03-2025T03:59:14 - [MESSAGE][WARNING] - Timeout '0' is invalid. Using default page load timeout: '30'

26-03-2025T03:59:14 - [MESSAGE][PASSED] - Tapped on element 'Object Repository/Repo/android.widget.Button - Next (1)'

26-03-2025T03:59:14 - [TEST_STEP][PASSED] - delay(10): Delayed 10 second(s)

26-03-2025T03:59:24 - [MESSAGE][PASSED] - Delayed 10 second(s)

26-03-2025T03:59:24 - [TEST_STEP][PASSED] - switch (testCaseID): null

26-03-2025T03:59:24 - [TEST_STEP][PASSED] - case "C687":: null

26-03-2025T03:59:24 - [TEST_STEP][PASSED] - "C687: Verify successful navigation to Terms and Conditions": null

26-03-2025T03:59:24 - [TEST_STEP][PASSED] - setText(findTestObject("Object Repository/Repo/android.widget.EditText-FirstName"), firstName, 0): Text 'Vignesh' has been set to element 'Object Repository/Repo/android.widget.EditText-FirstName'

26-03-2025T03:59:24 - [MESSAGE][WARNING] - Timeout '0' is invalid. Using default page load timeout: '30'

26-03-2025T03:59:24 - [MESSAGE][PASSED] - Text 'Vignesh' has been set to element 'Object Repository/Repo/android.widget.EditText-FirstName'

26-03-2025T03:59:24 - [TEST_STEP][PASSED] - hideKeyboard(): Keyboard is hidden

26-03-2025T03:59:25 - [MESSAGE][PASSED] - Keyboard is hidden

26-03-2025T03:59:25 - [TEST_STEP][PASSED] - delay(5): Delayed 5 second(s)

26-03-2025T03:59:30 - [MESSAGE][PASSED] - Delayed 5 second(s)

26-03-2025T03:59:30 - [TEST_STEP][PASSED] - setText(findTestObject("Object Repository/Repo/android.widget.EditText-LastName"), lastName, 0): Text 'GV' has been set to element 'Object Repository/Repo/android.widget.EditText-LastName'

26-03-2025T03:59:30 - [MESSAGE][WARNING] - Timeout '0' is invalid. Using default page load timeout: '30'

26-03-2025T03:59:31 - [MESSAGE][PASSED] - Text 'GV' has been set to element 'Object Repository/Repo/android.widget.EditText-LastName'

26-03-2025T03:59:31 - [TEST_STEP][PASSED] - hideKeyboard(): Keyboard is hidden

26-03-2025T03:59:31 - [MESSAGE][PASSED] - Keyboard is hidden

26-03-2025T03:59:31 - [TEST_STEP][PASSED] - delay(5): Delayed 5 second(s)

26-03-2025T03:59:36 - [MESSAGE][PASSED] - Delayed 5 second(s)

26-03-2025T03:59:36 - [TEST_STEP][PASSED] - sendKeys(findTestObject("Object Repository/Repo/android.widget.EditText-Password"), password): Send keys 'password' on test object 'Object Repository/Repo/android.widget.EditText-Password' successfully.

26-03-2025T03:59:37 - [MESSAGE][PASSED] - Send keys 'password' on test object 'Object Repository/Repo/android.widget.EditText-Password' successfully.

26-03-2025T03:59:37 - [TEST_STEP][PASSED] - delay(5): Delayed 5 second(s)

26-03-2025T03:59:42 - [MESSAGE][PASSED] - Delayed 5 second(s)

26-03-2025T03:59:42 - [TEST_STEP][PASSED] - sendKeys(findTestObject("Object Repository/Repo/android.widget.EditText-ConfirmPassword"), confirmPassword): Send keys 'password' on test object 'Object Repository/Repo/android.widget.EditText-ConfirmPassword' successfully.

26-03-2025T03:59:42 - [MESSAGE][PASSED] - Send keys 'password' on test object 'Object Repository/Repo/android.widget.EditText-ConfirmPassword' successfully.

26-03-2025T03:59:42 - [TEST_STEP][PASSED] - delay(5): Delayed 5 second(s)

26-03-2025T03:59:47 - [MESSAGE][PASSED] - Delayed 5 second(s)

26-03-2025T03:59:47 - [TEST_STEP][PASSED] - tap(findTestObject("Object Repository/Repo/android.widget.Button - Next (2)"), 0): Tapped on element 'Object Repository/Repo/android.widget.Button - Next (2)'

26-03-2025T03:59:47 - [MESSAGE][WARNING] - Timeout '0' is invalid. Using default page load timeout: '30'

26-03-2025T03:59:47 - [MESSAGE][PASSED] - Tapped on element 'Object Repository/Repo/android.widget.Button - Next (2)'

26-03-2025T03:59:47 - [TEST_STEP][PASSED] - delay(5): Delayed 5 second(s)

26-03-2025T03:59:52 - [MESSAGE][PASSED] - Delayed 5 second(s)

26-03-2025T03:59:52 - [TEST_STEP][PASSED] - termsText = getText(findTestObject("Object Repository/Repo/android.widget.TextView - Terms and Conditions"), 0): Text of element 'Object Repository/Repo/android.widget.TextView - Terms and Conditions' is: 'Terms and Conditions'

26-03-2025T03:59:52 - [MESSAGE][WARNING] - Timeout '0' is invalid. Using default page load timeout: '30'

26-03-2025T03:59:53 - [MESSAGE][PASSED] - Text of element 'Object Repository/Repo/android.widget.TextView - Terms and Conditions' is: 'Terms and Conditions'

26-03-2025T03:59:53 - [TEST_STEP][PASSED] - assert termsText.trim() == "Terms and Conditions": null

26-03-2025T03:59:53 - [TEST_STEP][PASSED] - println(Test Case $testCaseID Passed: Successfully navigated to Terms and Conditions): null

26-03-2025T03:59:53 - [TEST_STEP][PASSED] - break: null

26-03-2025T03:59:53 - [TEST_STEP][PASSED] - closeApplication(): Close app successfully

26-03-2025T03:59:54 - [MESSAGE][PASSED] - Close app successfully

26-03-2025T03:59:54 - [TEST_STEP][PASSED] - delay(2): Delayed 2 second(s)

26-03-2025T03:59:56 - [MESSAGE][PASSED] - Delayed 2 second(s)

26-03-2025T03:59:56 - [TEST_STEP][PASSED] - startApplication("C:\Users\GVVignesh\git\WGR_Android\App Folder\universal.apk", false): Started application: 'C:\Users\GVVignesh\git\WGR_Android\App Folder\universal.apk'

26-03-2025T03:59:56 - [MESSAGE][INFO] - Starting application: 'C:\Users\GVVignesh\git\WGR_Android\App Folder\universal.apk'

26-03-2025T03:59:56 - [MESSAGE][INFO] - User set preference: ['deviceId', '']

26-03-2025T03:59:56 - [MESSAGE][INFO] - Detected NodeJS location: "C:\Program Files\nodejs\node.exe"

26-03-2025T04:00:06 - [MESSAGE][INFO] - PATH: C:\Program Files\nodejs;

26-03-2025T04:00:06 - [MESSAGE][INFO] - APPIUM_HOME: C:\Users\GVVignesh\.appium

26-03-2025T04:00:06 - [MESSAGE][INFO] - appium outlog: C:\Users\GVVignesh\Katalon Studio\WGR-Android-Automation\Reports\20250326_030210\Merged Sprint-1 and Sprint-2 Android\20250326_030210\appium.log

26-03-2025T04:00:06 - [MESSAGE][INFO] - appium errlog: C:\Users\GVVignesh\Katalon Studio\WGR-Android-Automation\Reports\20250326_030210\Merged Sprint-1 and Sprint-2 Android\20250326_030210\appium_error.log

26-03-2025T04:00:09 - [MESSAGE][INFO] - Appium server started on port 62,619

26-03-2025T04:00:16 - [MESSAGE][PASSED] - Started application: 'C:\Users\GVVignesh\git\WGR_Android\App Folder\universal.apk'

26-03-2025T04:00:16 - [TEST_STEP][PASSED] - delay(5): Delayed 5 second(s)

26-03-2025T04:00:21 - [MESSAGE][PASSED] - Delayed 5 second(s)

26-03-2025T04:00:21 - [TEST_STEP][PASSED] - testCaseID = testData.getValue("TestCaseID", row): null

26-03-2025T04:00:21 - [TEST_STEP][PASSED] - email = testData.getValue("Email", row): null

26-03-2025T04:00:21 - [TEST_STEP][PASSED] - username = testData.getValue("Username", row): null

26-03-2025T04:00:21 - [TEST_STEP][PASSED] - firstName = testData.getValue("FirstName", row): null

26-03-2025T04:00:21 - [TEST_STEP][PASSED] - lastName = testData.getValue("LastName", row): null

26-03-2025T04:00:21 - [TEST_STEP][PASSED] - password = testData.getValue("Password", row): null

26-03-2025T04:00:21 - [TEST_STEP][PASSED] - confirmPassword = testData.getValue("ConfirmPassword", row): null

26-03-2025T04:00:21 - [TEST_STEP][PASSED] - resetFirstName = testData.getValue("ResetFirstName (for CS86)", row): null

26-03-2025T04:00:21 - [TEST_STEP][PASSED] - println(Executing Test Case: $testCaseID): null

26-03-2025T04:00:21 - [TEST_STEP][PASSED] - tap(findTestObject("Object Repository/Repo/android.widget.Button - Login or Sign Up"), 0): Tapped on element 'Object Repository/Repo/android.widget.Button - Login or Sign Up'

26-03-2025T04:00:21 - [MESSAGE][WARNING] - Timeout '0' is invalid. Using default page load timeout: '30'

26-03-2025T04:00:23 - [MESSAGE][PASSED] - Tapped on element 'Object Repository/Repo/android.widget.Button - Login or Sign Up'

26-03-2025T04:00:23 - [TEST_STEP][PASSED] - delay(5): Delayed 5 second(s)

26-03-2025T04:00:28 - [MESSAGE][PASSED] - Delayed 5 second(s)

26-03-2025T04:00:28 - [TEST_STEP][PASSED] - setText(findTestObject("Object Repository/Repo/android.widget.EditText-LoginorSignUp"), email, 0): Text 'vggv@teknikos.com' has been set to element 'Object Repository/Repo/android.widget.EditText-LoginorSignUp'

26-03-2025T04:00:28 - [MESSAGE][WARNING] - Timeout '0' is invalid. Using default page load timeout: '30'

26-03-2025T04:00:30 - [MESSAGE][PASSED] - Text 'vggv@teknikos.com' has been set to element 'Object Repository/Repo/android.widget.EditText-LoginorSignUp'

26-03-2025T04:00:30 - [TEST_STEP][PASSED] - hideKeyboard(): Keyboard is hidden

26-03-2025T04:00:31 - [MESSAGE][PASSED] - Keyboard is hidden

26-03-2025T04:00:31 - [TEST_STEP][PASSED] - delay(5): Delayed 5 second(s)

26-03-2025T04:00:36 - [MESSAGE][PASSED] - Delayed 5 second(s)

26-03-2025T04:00:36 - [TEST_STEP][PASSED] - tap(findTestObject("Object Repository/Repo/android.widget.Button - Next"), 0): Tapped on element 'Object Repository/Repo/android.widget.Button - Next'

26-03-2025T04:00:36 - [MESSAGE][WARNING] - Timeout '0' is invalid. Using default page load timeout: '30'

26-03-2025T04:00:36 - [MESSAGE][PASSED] - Tapped on element 'Object Repository/Repo/android.widget.Button - Next'

26-03-2025T04:00:36 - [TEST_STEP][PASSED] - delay(5): Delayed 5 second(s)

26-03-2025T04:00:41 - [MESSAGE][PASSED] - Delayed 5 second(s)

26-03-2025T04:00:41 - [TEST_STEP][PASSED] - setText(findTestObject("Object Repository/Repo/android.widget.EditText-confirm email address"), username, 0): Text 'vggv@teknikos.com' has been set to element 'Object Repository/Repo/android.widget.EditText-confirm email address'

26-03-2025T04:00:41 - [MESSAGE][WARNING] - Timeout '0' is invalid. Using default page load timeout: '30'

26-03-2025T04:00:44 - [MESSAGE][PASSED] - Text 'vggv@teknikos.com' has been set to element 'Object Repository/Repo/android.widget.EditText-confirm email address'

26-03-2025T04:00:44 - [TEST_STEP][PASSED] - hideKeyboard(): Keyboard is hidden

26-03-2025T04:00:45 - [MESSAGE][PASSED] - Keyboard is hidden

26-03-2025T04:00:45 - [TEST_STEP][PASSED] - delay(5): Delayed 5 second(s)

26-03-2025T04:00:50 - [MESSAGE][PASSED] - Delayed 5 second(s)

26-03-2025T04:00:50 - [TEST_STEP][PASSED] - tap(findTestObject("Object Repository/Repo/android.widget.Button - Next (1)"), 0): Tapped on element 'Object Repository/Repo/android.widget.Button - Next (1)'

26-03-2025T04:00:50 - [MESSAGE][WARNING] - Timeout '0' is invalid. Using default page load timeout: '30'

26-03-2025T04:00:50 - [MESSAGE][PASSED] - Tapped on element 'Object Repository/Repo/android.widget.Button - Next (1)'

26-03-2025T04:00:50 - [TEST_STEP][PASSED] - delay(10): Delayed 10 second(s)

26-03-2025T04:01:00 - [MESSAGE][PASSED] - Delayed 10 second(s)

26-03-2025T04:01:00 - [TEST_STEP][PASSED] - switch (testCaseID): null

26-03-2025T04:01:00 - [TEST_STEP][PASSED] - Default: null

26-03-2025T04:01:00 - [TEST_STEP][PASSED] - println(Unknown Test Case ID: $testCaseID): null

26-03-2025T04:01:00 - [TEST_STEP][PASSED] - closeApplication(): Close app successfully

26-03-2025T04:01:02 - [MESSAGE][PASSED] - Close app successfully

26-03-2025T04:01:02 - [TEST_STEP][PASSED] - delay(2): Delayed 2 second(s)

26-03-2025T04:01:04 - [MESSAGE][PASSED] - Delayed 2 second(s)

26-03-2025T04:01:04 - [TEST_STEP][PASSED] - startApplication("C:\Users\GVVignesh\git\WGR_Android\App Folder\universal.apk", false): Started application: 'C:\Users\GVVignesh\git\WGR_Android\App Folder\universal.apk'

26-03-2025T04:01:04 - [MESSAGE][INFO] - Starting application: 'C:\Users\GVVignesh\git\WGR_Android\App Folder\universal.apk'

26-03-2025T04:01:04 - [MESSAGE][INFO] - User set preference: ['deviceId', '']

26-03-2025T04:01:04 - [MESSAGE][INFO] - Detected NodeJS location: "C:\Program Files\nodejs\node.exe"

26-03-2025T04:01:14 - [MESSAGE][INFO] - PATH: C:\Program Files\nodejs;

26-03-2025T04:01:14 - [MESSAGE][INFO] - APPIUM_HOME: C:\Users\GVVignesh\.appium

26-03-2025T04:01:14 - [MESSAGE][INFO] - appium outlog: C:\Users\GVVignesh\Katalon Studio\WGR-Android-Automation\Reports\20250326_030210\Merged Sprint-1 and Sprint-2 Android\20250326_030210\appium.log

26-03-2025T04:01:14 - [MESSAGE][INFO] - appium errlog: C:\Users\GVVignesh\Katalon Studio\WGR-Android-Automation\Reports\20250326_030210\Merged Sprint-1 and Sprint-2 Android\20250326_030210\appium_error.log

26-03-2025T04:01:16 - [MESSAGE][INFO] - Appium server started on port 62,911

26-03-2025T04:01:24 - [MESSAGE][PASSED] - Started application: 'C:\Users\GVVignesh\git\WGR_Android\App Folder\universal.apk'

26-03-2025T04:01:24 - [TEST_STEP][PASSED] - delay(5): Delayed 5 second(s)

26-03-2025T04:01:29 - [MESSAGE][PASSED] - Delayed 5 second(s)

26-03-2025T04:01:29 - [TEST_STEP][PASSED] - closeApplication(): Close app successfully

26-03-2025T04:01:30 - [MESSAGE][PASSED] - Close app successfully]]></system-out>
         <system-err><![CDATA[]]></system-err>
      </testcase>
      <system-out><![CDATA[26-03-2025T03:02:25 - [TEST_SUITE][FAILED] - Merged Sprint-1 and Sprint-2 Android: Test Cases/Sprint 2/WRMA-258/C698-C696 FAILED.
Reason:
com.kms.katalon.core.exception.StepFailedException: Failed to set text into element
	at com.kms.katalon.core.mobile.keyword.internal.MobileKeywordMain.stepFailed(MobileKeywordMain.groovy:64)
	at com.kms.katalon.core.mobile.keyword.internal.MobileKeywordMain.runKeyword(MobileKeywordMain.groovy:34)
	at com.kms.katalon.core.mobile.keyword.builtin.SetTextKeyword.setText(SetTextKeyword.groovy:62)
	at com.kms.katalon.core.mobile.keyword.builtin.SetTextKeyword.execute(SetTextKeyword.groovy:42)
	at com.kms.katalon.core.keyword.internal.KeywordExecutor.executeKeywordForPlatform(KeywordExecutor.groovy:74)
	at com.kms.katalon.core.mobile.keyword.MobileBuiltInKeywords.setText(MobileBuiltInKeywords.groovy:1278)
	at C698-C696.run(C698-C696:81)
	at com.kms.katalon.core.main.ScriptEngine.run(ScriptEngine.java:194)
	at com.kms.katalon.core.main.ScriptEngine.runScriptAsRawText(ScriptEngine.java:119)
	at com.kms.katalon.core.main.TestCaseExecutor.runScript(TestCaseExecutor.java:448)
	at com.kms.katalon.core.main.TestCaseExecutor.doExecute(TestCaseExecutor.java:439)
	at com.kms.katalon.core.main.TestCaseExecutor.processExecutionPhase(TestCaseExecutor.java:418)
	at com.kms.katalon.core.main.TestCaseExecutor.accessMainPhase(TestCaseExecutor.java:410)
	at com.kms.katalon.core.main.TestCaseExecutor.execute(TestCaseExecutor.java:285)
	at com.kms.katalon.core.common.CommonExecutor.accessTestCaseMainPhase(CommonExecutor.java:71)
	at com.kms.katalon.core.main.TestSuiteExecutor.accessTestSuiteMainPhase(TestSuiteExecutor.java:160)
	at com.kms.katalon.core.main.TestSuiteExecutor.execute(TestSuiteExecutor.java:107)
	at com.kms.katalon.core.main.TestCaseMain.startTestSuite(TestCaseMain.java:180)
	at TempTestSuite1742983330082.run(TempTestSuite1742983330082.groovy:35)
	at java.base/jdk.internal.reflect.NativeMethodAccessorImpl.invoke0(Native Method)
	at java.base/jdk.internal.reflect.NativeMethodAccessorImpl.invoke(NativeMethodAccessorImpl.java:77)
	at java.base/jdk.internal.reflect.DelegatingMethodAccessorImpl.invoke(DelegatingMethodAccessorImpl.java:43)
Caused by: com.kms.katalon.core.exception.StepFailedException: Object Object Repository/Repo/android.widget.EditText-FirstName not found
	at com.kms.katalon.core.mobile.keyword.internal.MobileKeywordMain.stepFailed(MobileKeywordMain.groovy:64)
	at com.kms.katalon.core.mobile.keyword.builtin.SetTextKeyword$_setText_closure1.doCall(SetTextKeyword.groovy:52)
	at com.kms.katalon.core.mobile.keyword.builtin.SetTextKeyword$_setText_closure1.call(SetTextKeyword.groovy)
	at com.kms.katalon.core.mobile.keyword.internal.MobileKeywordMain.runKeyword(MobileKeywordMain.groovy:30)
	... 20 more]]></system-out>
      <system-err><![CDATA[26-03-2025T03:02:25 - [TEST_SUITE][FAILED] - Merged Sprint-1 and Sprint-2 Android: Test Cases/Sprint 2/WRMA-258/C698-C696 FAILED.
Reason:
com.kms.katalon.core.exception.StepFailedException: Failed to set text into element
	at com.kms.katalon.core.mobile.keyword.internal.MobileKeywordMain.stepFailed(MobileKeywordMain.groovy:64)
	at com.kms.katalon.core.mobile.keyword.internal.MobileKeywordMain.runKeyword(MobileKeywordMain.groovy:34)
	at com.kms.katalon.core.mobile.keyword.builtin.SetTextKeyword.setText(SetTextKeyword.groovy:62)
	at com.kms.katalon.core.mobile.keyword.builtin.SetTextKeyword.execute(SetTextKeyword.groovy:42)
	at com.kms.katalon.core.keyword.internal.KeywordExecutor.executeKeywordForPlatform(KeywordExecutor.groovy:74)
	at com.kms.katalon.core.mobile.keyword.MobileBuiltInKeywords.setText(MobileBuiltInKeywords.groovy:1278)
	at C698-C696.run(C698-C696:81)
	at com.kms.katalon.core.main.ScriptEngine.run(ScriptEngine.java:194)
	at com.kms.katalon.core.main.ScriptEngine.runScriptAsRawText(ScriptEngine.java:119)
	at com.kms.katalon.core.main.TestCaseExecutor.runScript(TestCaseExecutor.java:448)
	at com.kms.katalon.core.main.TestCaseExecutor.doExecute(TestCaseExecutor.java:439)
	at com.kms.katalon.core.main.TestCaseExecutor.processExecutionPhase(TestCaseExecutor.java:418)
	at com.kms.katalon.core.main.TestCaseExecutor.accessMainPhase(TestCaseExecutor.java:410)
	at com.kms.katalon.core.main.TestCaseExecutor.execute(TestCaseExecutor.java:285)
	at com.kms.katalon.core.common.CommonExecutor.accessTestCaseMainPhase(CommonExecutor.java:71)
	at com.kms.katalon.core.main.TestSuiteExecutor.accessTestSuiteMainPhase(TestSuiteExecutor.java:160)
	at com.kms.katalon.core.main.TestSuiteExecutor.execute(TestSuiteExecutor.java:107)
	at com.kms.katalon.core.main.TestCaseMain.startTestSuite(TestCaseMain.java:180)
	at TempTestSuite1742983330082.run(TempTestSuite1742983330082.groovy:35)
	at java.base/jdk.internal.reflect.NativeMethodAccessorImpl.invoke0(Native Method)
	at java.base/jdk.internal.reflect.NativeMethodAccessorImpl.invoke(NativeMethodAccessorImpl.java:77)
	at java.base/jdk.internal.reflect.DelegatingMethodAccessorImpl.invoke(DelegatingMethodAccessorImpl.java:43)
Caused by: com.kms.katalon.core.exception.StepFailedException: Object Object Repository/Repo/android.widget.EditText-FirstName not found
	at com.kms.katalon.core.mobile.keyword.internal.MobileKeywordMain.stepFailed(MobileKeywordMain.groovy:64)
	at com.kms.katalon.core.mobile.keyword.builtin.SetTextKeyword$_setText_closure1.doCall(SetTextKeyword.groovy:52)
	at com.kms.katalon.core.mobile.keyword.builtin.SetTextKeyword$_setText_closure1.call(SetTextKeyword.groovy)
	at com.kms.katalon.core.mobile.keyword.internal.MobileKeywordMain.runKeyword(MobileKeywordMain.groovy:30)
	... 20 more]]></system-err>
   </testsuite>
</testsuites>
