<?xml version="1.0" encoding="UTF-8"?>
<testsuites name="New Test Suite" time="369.635" tests="2" failures="0" errors="0">
   <testsuite name="New Test Suite" tests="2" failures="0" errors="0" time="369.635" skipped="0" timestamp="25-03-2025T05:10:37" hostname="**********" id="Test Suites/New Test Suite">
      <properties>
         <property name="deviceName" value="samsung SM-A146B (Android 14)"/>
         <property name="devicePlatform" value="Android"/>
         <property name="logFolder" value="C:\\Users\\GVVignesh\\Katalon Studio\\WGR-Android-Automation\\Reports\\20250325_051034\\New Test Suite\\20250325_051034"/>
         <property name="logFiles" value="C:\\Users\\GVVignesh\\Katalon Studio\\WGR-Android-Automation\\Reports\\20250325_051034\\New Test Suite\\20250325_051034\\appium.log, C:\\Users\\GVVignesh\\Katalon Studio\\WGR-Android-Automation\\Reports\\20250325_051034\\New Test Suite\\20250325_051034\\appium_error.log, C:\\Users\\GVVignesh\\Katalon Studio\\WGR-Android-Automation\\Reports\\20250325_051034\\New Test Suite\\20250325_051034\\execution0.log"/>
         <property name="attachments" value=""/>
         <property name="hostName" value="**********"/>
         <property name="os" value="Windows 11 64bit"/>
         <property name="appiumServerStatus" value="{&quot;value&quot;:{&quot;ready&quot;:true,&quot;message&quot;:&quot;The server is ready to accept new connections&quot;,&quot;build&quot;:{&quot;version&quot;:&quot;2.16.0&quot;}}}"/>
         <property name="katalonVersion" value="10.1.1.0"/>
         <property name="deviceOS" value="Android"/>
         <property name="appiumVersion" value="2.16.0"/>
         <property name="deviceModel" value="SM-A146B"/>
         <property name="hostAddress" value="**********"/>
         <property name="deviceManufacturer" value="samsung"/>
         <property name="deviceId" value="adb-RZCW811B2MK-cCoIXY._adb-tls-connect._tcp"/>
         <property name="deviceName" value="samsung SM-A146B (Android 14)"/>
         <property name="deviceOSVersion" value="14"/>
      </properties>
      <testcase name="Test Cases/Sprint 2/WRMA-257/C682" time="152.791" classname="Test Cases/Sprint 2/WRMA-257/C682" status="PASSED">
         <system-out><![CDATA[25-03-2025T05:10:38 - [TEST_CASE][PASSED] - Test Cases/Sprint 2/WRMA-257/C682: Test Cases/Sprint 2/WRMA-257/C682

25-03-2025T05:10:38 - [TEST_STEP][PASSED] - testData = findTestData("Data Files/C682 (1)"): null

25-03-2025T05:10:39 - [TEST_STEP][PASSED] - email = testData.getValue("email", 1): null

25-03-2025T05:10:39 - [TEST_STEP][PASSED] - firstname = testData.getValue("firstname", 1): null

25-03-2025T05:10:39 - [TEST_STEP][PASSED] - lastname = testData.getValue("lastname", 1): null

25-03-2025T05:10:39 - [TEST_STEP][PASSED] - startApplication("C:\Users\GVVignesh\git\WGR_Android\App Folder\universal.apk", true): Started application: 'C:\Users\GVVignesh\git\WGR_Android\App Folder\universal.apk'

25-03-2025T05:10:39 - [MESSAGE][INFO] - Starting application: 'C:\Users\GVVignesh\git\WGR_Android\App Folder\universal.apk'

25-03-2025T05:10:39 - [MESSAGE][INFO] - User set preference: ['deviceId', '']

25-03-2025T05:10:39 - [MESSAGE][INFO] - Detected NodeJS location: "C:\Program Files\nodejs\node.exe"

25-03-2025T05:10:49 - [MESSAGE][INFO] - PATH: C:\Program Files\nodejs;

25-03-2025T05:10:49 - [MESSAGE][INFO] - APPIUM_HOME: C:\Users\GVVignesh\.appium

25-03-2025T05:10:49 - [MESSAGE][INFO] - appium outlog: C:\Users\GVVignesh\Katalon Studio\WGR-Android-Automation\Reports\20250325_051034\New Test Suite\20250325_051034\appium.log

25-03-2025T05:10:49 - [MESSAGE][INFO] - appium errlog: C:\Users\GVVignesh\Katalon Studio\WGR-Android-Automation\Reports\20250325_051034\New Test Suite\20250325_051034\appium_error.log

25-03-2025T05:10:52 - [MESSAGE][INFO] - Appium server started on port 64,711

25-03-2025T05:11:32 - [MESSAGE][PASSED] - Started application: 'C:\Users\GVVignesh\git\WGR_Android\App Folder\universal.apk'

25-03-2025T05:11:32 - [TEST_STEP][PASSED] - delay(10): Delayed 10 second(s)

25-03-2025T05:11:42 - [MESSAGE][PASSED] - Delayed 10 second(s)

25-03-2025T05:11:42 - [TEST_STEP][PASSED] - tap(findTestObject("Object Repository/Repo/android.widget.Button - Login or Sign Up"), 0): Tapped on element 'Object Repository/Repo/android.widget.Button - Login or Sign Up'

25-03-2025T05:11:42 - [MESSAGE][WARNING] - Timeout '0' is invalid. Using default page load timeout: '30'

25-03-2025T05:11:43 - [MESSAGE][PASSED] - Tapped on element 'Object Repository/Repo/android.widget.Button - Login or Sign Up'

25-03-2025T05:11:43 - [TEST_STEP][PASSED] - delay(10): Delayed 10 second(s)

25-03-2025T05:11:53 - [MESSAGE][PASSED] - Delayed 10 second(s)

25-03-2025T05:11:53 - [TEST_STEP][PASSED] - setText(findTestObject("Object Repository/Repo/android.widget.EditText-LoginorSignUp"), email, 0): Text 'ipl@icc.com' has been set to element 'Object Repository/Repo/android.widget.EditText-LoginorSignUp'

25-03-2025T05:11:53 - [MESSAGE][WARNING] - Timeout '0' is invalid. Using default page load timeout: '30'

25-03-2025T05:11:54 - [MESSAGE][PASSED] - Text 'ipl@icc.com' has been set to element 'Object Repository/Repo/android.widget.EditText-LoginorSignUp'

25-03-2025T05:11:54 - [TEST_STEP][PASSED] - hideKeyboard(): Keyboard is hidden

25-03-2025T05:11:55 - [MESSAGE][PASSED] - Keyboard is hidden

25-03-2025T05:11:55 - [TEST_STEP][PASSED] - delay(10): Delayed 10 second(s)

25-03-2025T05:12:05 - [MESSAGE][PASSED] - Delayed 10 second(s)

25-03-2025T05:12:05 - [TEST_STEP][PASSED] - tap(findTestObject("Object Repository/Repo/android.widget.Button - Next"), 0): Tapped on element 'Object Repository/Repo/android.widget.Button - Next'

25-03-2025T05:12:05 - [MESSAGE][WARNING] - Timeout '0' is invalid. Using default page load timeout: '30'

25-03-2025T05:12:05 - [MESSAGE][PASSED] - Tapped on element 'Object Repository/Repo/android.widget.Button - Next'

25-03-2025T05:12:05 - [TEST_STEP][PASSED] - delay(10): Delayed 10 second(s)

25-03-2025T05:12:15 - [MESSAGE][PASSED] - Delayed 10 second(s)

25-03-2025T05:12:15 - [TEST_STEP][PASSED] - setText(findTestObject("Object Repository/Repo/android.widget.EditText-confirm email address"), email, 0): Text 'ipl@icc.com' has been set to element 'Object Repository/Repo/android.widget.EditText-confirm email address'

25-03-2025T05:12:15 - [MESSAGE][WARNING] - Timeout '0' is invalid. Using default page load timeout: '30'

25-03-2025T05:12:17 - [MESSAGE][PASSED] - Text 'ipl@icc.com' has been set to element 'Object Repository/Repo/android.widget.EditText-confirm email address'

25-03-2025T05:12:17 - [TEST_STEP][PASSED] - hideKeyboard(): Keyboard is hidden

25-03-2025T05:12:17 - [MESSAGE][PASSED] - Keyboard is hidden

25-03-2025T05:12:17 - [TEST_STEP][PASSED] - delay(10): Delayed 10 second(s)

25-03-2025T05:12:27 - [MESSAGE][PASSED] - Delayed 10 second(s)

25-03-2025T05:12:27 - [TEST_STEP][PASSED] - tap(findTestObject("Object Repository/Repo/android.widget.Button - Next (1)"), 0): Tapped on element 'Object Repository/Repo/android.widget.Button - Next (1)'

25-03-2025T05:12:27 - [MESSAGE][WARNING] - Timeout '0' is invalid. Using default page load timeout: '30'

25-03-2025T05:12:28 - [MESSAGE][PASSED] - Tapped on element 'Object Repository/Repo/android.widget.Button - Next (1)'

25-03-2025T05:12:28 - [TEST_STEP][PASSED] - delay(10): Delayed 10 second(s)

25-03-2025T05:12:38 - [MESSAGE][PASSED] - Delayed 10 second(s)

25-03-2025T05:12:38 - [TEST_STEP][PASSED] - setText(findTestObject("Object Repository/Repo/android.widget.EditText-FirstName"), firstname, 0): Text 'bm1(@' has been set to element 'Object Repository/Repo/android.widget.EditText-FirstName'

25-03-2025T05:12:38 - [MESSAGE][WARNING] - Timeout '0' is invalid. Using default page load timeout: '30'

25-03-2025T05:12:38 - [MESSAGE][PASSED] - Text 'bm1(@' has been set to element 'Object Repository/Repo/android.widget.EditText-FirstName'

25-03-2025T05:12:38 - [TEST_STEP][PASSED] - hideKeyboard(): Keyboard is hidden

25-03-2025T05:12:39 - [MESSAGE][PASSED] - Keyboard is hidden

25-03-2025T05:12:39 - [TEST_STEP][PASSED] - delay(10): Delayed 10 second(s)

25-03-2025T05:12:49 - [MESSAGE][PASSED] - Delayed 10 second(s)

25-03-2025T05:12:49 - [TEST_STEP][PASSED] - tap(findTestObject("Object Repository/Repo/android.widget.Button - Next (2)"), 0): Tapped on element 'Object Repository/Repo/android.widget.Button - Next (2)'

25-03-2025T05:12:49 - [MESSAGE][WARNING] - Timeout '0' is invalid. Using default page load timeout: '30'

25-03-2025T05:12:49 - [MESSAGE][PASSED] - Tapped on element 'Object Repository/Repo/android.widget.Button - Next (2)'

25-03-2025T05:12:49 - [TEST_STEP][PASSED] - setText(findTestObject("Object Repository/Repo/android.widget.EditText-LastName"), lastname, 0): Text 'po0*' has been set to element 'Object Repository/Repo/android.widget.EditText-LastName'

25-03-2025T05:12:49 - [MESSAGE][WARNING] - Timeout '0' is invalid. Using default page load timeout: '30'

25-03-2025T05:12:50 - [MESSAGE][PASSED] - Text 'po0*' has been set to element 'Object Repository/Repo/android.widget.EditText-LastName'

25-03-2025T05:12:50 - [TEST_STEP][PASSED] - hideKeyboard(): Keyboard is hidden

25-03-2025T05:12:51 - [MESSAGE][PASSED] - Keyboard is hidden

25-03-2025T05:12:51 - [TEST_STEP][PASSED] - delay(5): Delayed 5 second(s)

25-03-2025T05:12:56 - [MESSAGE][PASSED] - Delayed 5 second(s)

25-03-2025T05:12:56 - [TEST_STEP][PASSED] - tap(findTestObject("Object Repository/Repo/android.widget.Button - Next (2)"), 0): Tapped on element 'Object Repository/Repo/android.widget.Button - Next (2)'

25-03-2025T05:12:56 - [MESSAGE][WARNING] - Timeout '0' is invalid. Using default page load timeout: '30'

25-03-2025T05:12:57 - [MESSAGE][PASSED] - Tapped on element 'Object Repository/Repo/android.widget.Button - Next (2)'

25-03-2025T05:12:57 - [TEST_STEP][PASSED] - verifyElementExist(findTestObject("Object Repository/Repo/android.widget.TextView -  Names cannot contain numbers"), 0): Element 'Object Repository/Repo/android.widget.TextView -  Names cannot contain numbers' is exist

25-03-2025T05:12:57 - [MESSAGE][WARNING] - Timeout '0' is invalid. Using default page load timeout: '30'

25-03-2025T05:12:57 - [MESSAGE][PASSED] - Element 'Object Repository/Repo/android.widget.TextView -  Names cannot contain numbers' is exist

25-03-2025T05:12:57 - [TEST_STEP][PASSED] - delay(5): Delayed 5 second(s)

25-03-2025T05:13:02 - [MESSAGE][PASSED] - Delayed 5 second(s)

25-03-2025T05:13:02 - [TEST_STEP][PASSED] - actualErrorMessage = getText(findTestObject("Object Repository/Repo/android.widget.TextView -  Names cannot contain numbers"), 0): Text of element 'Object Repository/Repo/android.widget.TextView -  Names cannot contain numbers' is: ' Names cannot contain numbers.
'

25-03-2025T05:13:02 - [MESSAGE][WARNING] - Timeout '0' is invalid. Using default page load timeout: '30'

25-03-2025T05:13:03 - [MESSAGE][PASSED] - Text of element 'Object Repository/Repo/android.widget.TextView -  Names cannot contain numbers' is: ' Names cannot contain numbers.
'

25-03-2025T05:13:03 - [TEST_STEP][PASSED] - expectedPartialText = " Names cannot contain numbers.": null

25-03-2025T05:13:03 - [TEST_STEP][PASSED] - assert actualErrorMessage.contains(expectedPartialText): null

25-03-2025T05:13:03 - [TEST_STEP][PASSED] - println("Actual Error Message: " + actualErrorMessage): null

25-03-2025T05:13:03 - [TEST_STEP][PASSED] - println("Expected Partial Text: " + expectedPartialText): null

25-03-2025T05:13:03 - [TEST_STEP][PASSED] - delay(5): Delayed 5 second(s)

25-03-2025T05:13:08 - [MESSAGE][PASSED] - Delayed 5 second(s)

25-03-2025T05:13:08 - [TEST_STEP][PASSED] - closeApplication(): Close app successfully

25-03-2025T05:13:10 - [MESSAGE][PASSED] - Close app successfully]]></system-out>
         <system-err><![CDATA[]]></system-err>
      </testcase>
      <testcase name="Test Cases/Sprint 2/WRMA-257/C683" time="216.579" classname="Test Cases/Sprint 2/WRMA-257/C683" status="PASSED">
         <system-out><![CDATA[25-03-2025T05:13:11 - [TEST_CASE][PASSED] - Test Cases/Sprint 2/WRMA-257/C683: Test Cases/Sprint 2/WRMA-257/C683

25-03-2025T05:13:11 - [TEST_STEP][PASSED] - testData = findTestData("Data Files/C683"): null

25-03-2025T05:13:11 - [TEST_STEP][PASSED] - email = testData.getValue("Email", 1): null

25-03-2025T05:13:11 - [TEST_STEP][PASSED] - username = testData.getValue("Username", 1): null

25-03-2025T05:13:11 - [TEST_STEP][PASSED] - firstName = testData.getValue("FirstName", 1): null

25-03-2025T05:13:11 - [TEST_STEP][PASSED] - lastName = testData.getValue("LastName", 1): null

25-03-2025T05:13:11 - [TEST_STEP][PASSED] - password = testData.getValue("Password", 1): null

25-03-2025T05:13:11 - [TEST_STEP][PASSED] - confirmPassword = testData.getValue("ConfirmPassword", 1): null

25-03-2025T05:13:11 - [TEST_STEP][PASSED] - startApplication("C:\Users\GVVignesh\git\WGR_Android\App Folder\universal.apk", true): Started application: 'C:\Users\GVVignesh\git\WGR_Android\App Folder\universal.apk'

25-03-2025T05:13:11 - [MESSAGE][INFO] - Starting application: 'C:\Users\GVVignesh\git\WGR_Android\App Folder\universal.apk'

25-03-2025T05:13:11 - [MESSAGE][INFO] - User set preference: ['deviceId', '']

25-03-2025T05:13:11 - [MESSAGE][INFO] - Detected NodeJS location: "C:\Program Files\nodejs\node.exe"

25-03-2025T05:13:21 - [MESSAGE][INFO] - PATH: C:\Program Files\nodejs;

25-03-2025T05:13:21 - [MESSAGE][INFO] - APPIUM_HOME: C:\Users\GVVignesh\.appium

25-03-2025T05:13:21 - [MESSAGE][INFO] - appium outlog: C:\Users\GVVignesh\Katalon Studio\WGR-Android-Automation\Reports\20250325_051034\New Test Suite\20250325_051034\appium.log

25-03-2025T05:13:21 - [MESSAGE][INFO] - appium errlog: C:\Users\GVVignesh\Katalon Studio\WGR-Android-Automation\Reports\20250325_051034\New Test Suite\20250325_051034\appium_error.log

25-03-2025T05:13:23 - [MESSAGE][INFO] - Appium server started on port 65,117

25-03-2025T05:14:01 - [MESSAGE][PASSED] - Started application: 'C:\Users\GVVignesh\git\WGR_Android\App Folder\universal.apk'

25-03-2025T05:14:01 - [TEST_STEP][PASSED] - delay(10): Delayed 10 second(s)

25-03-2025T05:14:11 - [MESSAGE][PASSED] - Delayed 10 second(s)

25-03-2025T05:14:11 - [TEST_STEP][PASSED] - tap(findTestObject("Object Repository/Repo/android.widget.Button - Login or Sign Up"), 0): Tapped on element 'Object Repository/Repo/android.widget.Button - Login or Sign Up'

25-03-2025T05:14:11 - [MESSAGE][WARNING] - Timeout '0' is invalid. Using default page load timeout: '30'

25-03-2025T05:14:12 - [MESSAGE][PASSED] - Tapped on element 'Object Repository/Repo/android.widget.Button - Login or Sign Up'

25-03-2025T05:14:12 - [TEST_STEP][PASSED] - delay(10): Delayed 10 second(s)

25-03-2025T05:14:22 - [MESSAGE][PASSED] - Delayed 10 second(s)

25-03-2025T05:14:22 - [TEST_STEP][PASSED] - setText(findTestObject("Object Repository/Repo/android.widget.EditText-LoginorSignUp"), email, 0): Text 'a@dhl.com' has been set to element 'Object Repository/Repo/android.widget.EditText-LoginorSignUp'

25-03-2025T05:14:22 - [MESSAGE][WARNING] - Timeout '0' is invalid. Using default page load timeout: '30'

25-03-2025T05:14:23 - [MESSAGE][PASSED] - Text 'a@dhl.com' has been set to element 'Object Repository/Repo/android.widget.EditText-LoginorSignUp'

25-03-2025T05:14:23 - [TEST_STEP][PASSED] - hideKeyboard(): Keyboard is hidden

25-03-2025T05:14:24 - [MESSAGE][PASSED] - Keyboard is hidden

25-03-2025T05:14:24 - [TEST_STEP][PASSED] - delay(10): Delayed 10 second(s)

25-03-2025T05:14:34 - [MESSAGE][PASSED] - Delayed 10 second(s)

25-03-2025T05:14:34 - [TEST_STEP][PASSED] - tap(findTestObject("Object Repository/Repo/android.widget.Button - Next"), 0): Tapped on element 'Object Repository/Repo/android.widget.Button - Next'

25-03-2025T05:14:34 - [MESSAGE][WARNING] - Timeout '0' is invalid. Using default page load timeout: '30'

25-03-2025T05:14:34 - [MESSAGE][PASSED] - Tapped on element 'Object Repository/Repo/android.widget.Button - Next'

25-03-2025T05:14:34 - [TEST_STEP][PASSED] - delay(10): Delayed 10 second(s)

25-03-2025T05:14:44 - [MESSAGE][PASSED] - Delayed 10 second(s)

25-03-2025T05:14:44 - [TEST_STEP][PASSED] - setText(findTestObject("Object Repository/Repo/android.widget.EditText-confirm email address"), username, 0): Text 'a@dhl.com' has been set to element 'Object Repository/Repo/android.widget.EditText-confirm email address'

25-03-2025T05:14:44 - [MESSAGE][WARNING] - Timeout '0' is invalid. Using default page load timeout: '30'

25-03-2025T05:14:45 - [MESSAGE][PASSED] - Text 'a@dhl.com' has been set to element 'Object Repository/Repo/android.widget.EditText-confirm email address'

25-03-2025T05:14:45 - [TEST_STEP][PASSED] - hideKeyboard(): Keyboard is hidden

25-03-2025T05:14:46 - [MESSAGE][PASSED] - Keyboard is hidden

25-03-2025T05:14:46 - [TEST_STEP][PASSED] - delay(10): Delayed 10 second(s)

25-03-2025T05:14:56 - [MESSAGE][PASSED] - Delayed 10 second(s)

25-03-2025T05:14:56 - [TEST_STEP][PASSED] - tap(findTestObject("Object Repository/Repo/android.widget.Button - Next (1)"), 0): Tapped on element 'Object Repository/Repo/android.widget.Button - Next (1)'

25-03-2025T05:14:56 - [MESSAGE][WARNING] - Timeout '0' is invalid. Using default page load timeout: '30'

25-03-2025T05:14:56 - [MESSAGE][PASSED] - Tapped on element 'Object Repository/Repo/android.widget.Button - Next (1)'

25-03-2025T05:14:56 - [TEST_STEP][PASSED] - delay(10): Delayed 10 second(s)

25-03-2025T05:15:06 - [MESSAGE][PASSED] - Delayed 10 second(s)

25-03-2025T05:15:06 - [TEST_STEP][PASSED] - setText(findTestObject("Object Repository/Repo/android.widget.EditText-FirstName"), firstName, 0): Text 'a' has been set to element 'Object Repository/Repo/android.widget.EditText-FirstName'

25-03-2025T05:15:06 - [MESSAGE][WARNING] - Timeout '0' is invalid. Using default page load timeout: '30'

25-03-2025T05:15:06 - [MESSAGE][PASSED] - Text 'a' has been set to element 'Object Repository/Repo/android.widget.EditText-FirstName'

25-03-2025T05:15:06 - [TEST_STEP][PASSED] - hideKeyboard(): Keyboard is hidden

25-03-2025T05:15:07 - [MESSAGE][PASSED] - Keyboard is hidden

25-03-2025T05:15:07 - [TEST_STEP][PASSED] - delay(10): Delayed 10 second(s)

25-03-2025T05:15:17 - [MESSAGE][PASSED] - Delayed 10 second(s)

25-03-2025T05:15:17 - [TEST_STEP][PASSED] - setText(findTestObject("Object Repository/Repo/android.widget.EditText-LastName"), lastName, 0): Text 'b' has been set to element 'Object Repository/Repo/android.widget.EditText-LastName'

25-03-2025T05:15:17 - [MESSAGE][WARNING] - Timeout '0' is invalid. Using default page load timeout: '30'

25-03-2025T05:15:18 - [MESSAGE][PASSED] - Text 'b' has been set to element 'Object Repository/Repo/android.widget.EditText-LastName'

25-03-2025T05:15:18 - [TEST_STEP][PASSED] - hideKeyboard(): Keyboard is hidden

25-03-2025T05:15:19 - [MESSAGE][PASSED] - Keyboard is hidden

25-03-2025T05:15:19 - [TEST_STEP][PASSED] - delay(10): Delayed 10 second(s)

25-03-2025T05:15:29 - [MESSAGE][PASSED] - Delayed 10 second(s)

25-03-2025T05:15:29 - [TEST_STEP][PASSED] - sendKeys(findTestObject("Object Repository/Repo/android.widget.EditText-Password"), password): Send keys 'A1b2' on test object 'Object Repository/Repo/android.widget.EditText-Password' successfully.

25-03-2025T05:15:29 - [MESSAGE][PASSED] - Send keys 'A1b2' on test object 'Object Repository/Repo/android.widget.EditText-Password' successfully.

25-03-2025T05:15:29 - [TEST_STEP][PASSED] - delay(10): Delayed 10 second(s)

25-03-2025T05:15:39 - [MESSAGE][PASSED] - Delayed 10 second(s)

25-03-2025T05:15:39 - [TEST_STEP][PASSED] - sendKeys(findTestObject("Object Repository/Repo/android.widget.EditText-ConfirmPassword"), confirmPassword): Send keys 'A1b2' on test object 'Object Repository/Repo/android.widget.EditText-ConfirmPassword' successfully.

25-03-2025T05:15:39 - [MESSAGE][PASSED] - Send keys 'A1b2' on test object 'Object Repository/Repo/android.widget.EditText-ConfirmPassword' successfully.

25-03-2025T05:15:39 - [TEST_STEP][PASSED] - delay(10): Delayed 10 second(s)

25-03-2025T05:15:49 - [MESSAGE][PASSED] - Delayed 10 second(s)

25-03-2025T05:15:49 - [TEST_STEP][PASSED] - tap(findTestObject("Object Repository/Repo/android.widget.TextView - New User Registration"), 0): Tapped on element 'Object Repository/Repo/android.widget.TextView - New User Registration'

25-03-2025T05:15:49 - [MESSAGE][WARNING] - Timeout '0' is invalid. Using default page load timeout: '30'

25-03-2025T05:15:50 - [MESSAGE][PASSED] - Tapped on element 'Object Repository/Repo/android.widget.TextView - New User Registration'

25-03-2025T05:15:50 - [TEST_STEP][PASSED] - delay(15): Delayed 15 second(s)

25-03-2025T05:16:05 - [MESSAGE][PASSED] - Delayed 15 second(s)

25-03-2025T05:16:05 - [TEST_STEP][PASSED] - tap(findTestObject("Object Repository/Repo/android.widget.EditText-Password"), 0): Tapped on element 'Object Repository/Repo/android.widget.EditText-Password'

25-03-2025T05:16:05 - [MESSAGE][WARNING] - Timeout '0' is invalid. Using default page load timeout: '30'

25-03-2025T05:16:05 - [MESSAGE][PASSED] - Tapped on element 'Object Repository/Repo/android.widget.EditText-Password'

25-03-2025T05:16:05 - [TEST_STEP][PASSED] - hideKeyboard(): Keyboard is hidden

25-03-2025T05:16:06 - [MESSAGE][PASSED] - Keyboard is hidden

25-03-2025T05:16:06 - [TEST_STEP][PASSED] - sendKeys(findTestObject("Object Repository/Repo/android.widget.EditText-Password"), password): Send keys 'A1b2' on test object 'Object Repository/Repo/android.widget.EditText-Password' successfully.

25-03-2025T05:16:07 - [MESSAGE][PASSED] - Send keys 'A1b2' on test object 'Object Repository/Repo/android.widget.EditText-Password' successfully.

25-03-2025T05:16:07 - [TEST_STEP][PASSED] - delay(15): Delayed 15 second(s)

25-03-2025T05:16:22 - [MESSAGE][PASSED] - Delayed 15 second(s)

25-03-2025T05:16:22 - [TEST_STEP][PASSED] - tap(findTestObject("Object Repository/Repo/android.widget.TextView - Your password must be between 8 and 20 characters and may not contain spaces"), 0): Tapped on element 'Object Repository/Repo/android.widget.TextView - Your password must be between 8 and 20 characters and may not contain spaces'

25-03-2025T05:16:22 - [MESSAGE][WARNING] - Timeout '0' is invalid. Using default page load timeout: '30'

25-03-2025T05:16:22 - [MESSAGE][PASSED] - Tapped on element 'Object Repository/Repo/android.widget.TextView - Your password must be between 8 and 20 characters and may not contain spaces'

25-03-2025T05:16:22 - [TEST_STEP][PASSED] - verifyElementExist(findTestObject("Object Repository/Repo/android.widget.TextView -  Password does not meet security requirements"), 0): Element 'Object Repository/Repo/android.widget.TextView -  Password does not meet security requirements' is exist

25-03-2025T05:16:22 - [MESSAGE][WARNING] - Timeout '0' is invalid. Using default page load timeout: '30'

25-03-2025T05:16:23 - [MESSAGE][PASSED] - Element 'Object Repository/Repo/android.widget.TextView -  Password does not meet security requirements' is exist

25-03-2025T05:16:23 - [TEST_STEP][PASSED] - delay(15): Delayed 15 second(s)

25-03-2025T05:16:38 - [MESSAGE][PASSED] - Delayed 15 second(s)

25-03-2025T05:16:38 - [TEST_STEP][PASSED] - errorMessage = getText(findTestObject("Object Repository/Repo/android.widget.TextView -  Password does not meet security requirements"), 0): Text of element 'Object Repository/Repo/android.widget.TextView -  Password does not meet security requirements' is: ' Password does not meet security requirements.
'

25-03-2025T05:16:38 - [MESSAGE][WARNING] - Timeout '0' is invalid. Using default page load timeout: '30'

25-03-2025T05:16:38 - [MESSAGE][PASSED] - Text of element 'Object Repository/Repo/android.widget.TextView -  Password does not meet security requirements' is: ' Password does not meet security requirements.
'

25-03-2025T05:16:38 - [TEST_STEP][PASSED] - errorMessage = errorMessage.trim(): null

25-03-2025T05:16:38 - [TEST_STEP][PASSED] - expectedPartialText = "Password does not meet security requirements": null

25-03-2025T05:16:38 - [TEST_STEP][PASSED] - assert errorMessage.contains(expectedPartialText): null

25-03-2025T05:16:38 - [TEST_STEP][PASSED] - delay(5): Delayed 5 second(s)

25-03-2025T05:16:43 - [MESSAGE][PASSED] - Delayed 5 second(s)

25-03-2025T05:16:43 - [TEST_STEP][PASSED] - closeApplication(): Close app successfully

25-03-2025T05:16:47 - [MESSAGE][PASSED] - Close app successfully]]></system-out>
         <system-err><![CDATA[]]></system-err>
      </testcase>
      <system-out><![CDATA[25-03-2025T05:10:37 - [TEST_SUITE][PASSED] - New Test Suite: Test Cases/Sprint 2/WRMA-257/C683]]></system-out>
      <system-err><![CDATA[]]></system-err>
   </testsuite>
</testsuites>
