<?xml version="1.0" encoding="UTF-8"?>
<testsuites name="Sprint 2---Android" time="1523.358" tests="4" failures="0" errors="0">
   <testsuite name="Sprint 2---Android" tests="4" failures="0" errors="0" time="1523.358" skipped="0" timestamp="25-03-2025T03:54:04" hostname="**********" id="Test Suites/Sprint 2---Android">
      <properties>
         <property name="deviceName" value="samsung SM-A146B (Android 14)"/>
         <property name="devicePlatform" value="Android"/>
         <property name="logFolder" value="C:\\Users\\GVVignesh\\Katalon Studio\\WGR-Android-Automation\\Reports\\20250325_035354\\Sprint 2---Android\\20250325_035354"/>
         <property name="logFiles" value="C:\\Users\\GVVignesh\\Katalon Studio\\WGR-Android-Automation\\Reports\\20250325_035354\\Sprint 2---Android\\20250325_035354\\appium.log, C:\\Users\\GVVignesh\\Katalon Studio\\WGR-Android-Automation\\Reports\\20250325_035354\\Sprint 2---Android\\20250325_035354\\appium_error.log, C:\\Users\\GVVignesh\\Katalon Studio\\WGR-Android-Automation\\Reports\\20250325_035354\\Sprint 2---Android\\20250325_035354\\execution0.log"/>
         <property name="attachments" value="C:\\Users\\GVVignesh\\Katalon Studio\\WGR-Android-Automation\\Reports\\20250325_035354\\Sprint 2---Android\\20250325_035354\\1742901054270.png, C:\\Users\\GVVignesh\\Katalon Studio\\WGR-Android-Automation\\Reports\\20250325_035354\\Sprint 2---Android\\20250325_035354\\1742901056020.png"/>
         <property name="hostName" value="**********"/>
         <property name="os" value="Windows 11 64bit"/>
         <property name="appiumServerStatus" value="{&quot;value&quot;:{&quot;ready&quot;:true,&quot;message&quot;:&quot;The server is ready to accept new connections&quot;,&quot;build&quot;:{&quot;version&quot;:&quot;2.16.0&quot;}}}"/>
         <property name="katalonVersion" value="10.1.1.0"/>
         <property name="deviceOS" value="Android"/>
         <property name="appiumVersion" value="2.16.0"/>
         <property name="deviceModel" value="SM-A146B"/>
         <property name="hostAddress" value="**********"/>
         <property name="deviceManufacturer" value="samsung"/>
         <property name="deviceId" value="adb-RZCW811B2MK-cCoIXY._adb-tls-connect._tcp"/>
         <property name="deviceName" value="samsung SM-A146B (Android 14)"/>
         <property name="deviceOSVersion" value="14"/>
      </properties>
      <testcase name="Test Cases/Sprint 2/WRMA-258/C698-C696" time="424.917" classname="Test Cases/Sprint 2/WRMA-258/C698-C696" status="PASSED">
         <system-out><![CDATA[25-03-2025T03:54:05 - [TEST_CASE][PASSED] - Test Cases/Sprint 2/WRMA-258/C698-C696: Test Cases/Sprint 2/WRMA-258/C698-C696

25-03-2025T03:54:05 - [TEST_STEP][PASSED] - testData = findTestData("Data Files/C698-C696 (1)"): null

25-03-2025T03:54:06 - [TEST_STEP][PASSED] - email = testData.getValue("email", 1): null

25-03-2025T03:54:06 - [TEST_STEP][PASSED] - firstName = testData.getValue("firstname", 1): null

25-03-2025T03:54:06 - [TEST_STEP][PASSED] - lastName = testData.getValue("lastname", 1): null

25-03-2025T03:54:06 - [TEST_STEP][PASSED] - password = testData.getValue("password", 1): null

25-03-2025T03:54:06 - [TEST_STEP][PASSED] - confirmPassword = testData.getValue("confirmpassword", 1): null

25-03-2025T03:54:06 - [TEST_STEP][PASSED] - startApplication("C:\Users\GVVignesh\git\WGR_Android\App Folder\universal.apk", true): Started application: 'C:\Users\GVVignesh\git\WGR_Android\App Folder\universal.apk'

25-03-2025T03:54:06 - [MESSAGE][INFO] - Starting application: 'C:\Users\GVVignesh\git\WGR_Android\App Folder\universal.apk'

25-03-2025T03:54:06 - [MESSAGE][INFO] - User set preference: ['deviceId', '']

25-03-2025T03:54:06 - [MESSAGE][INFO] - Detected NodeJS location: "C:\Program Files\nodejs\node.exe"

25-03-2025T03:54:16 - [MESSAGE][INFO] - PATH: C:\Program Files\nodejs;

25-03-2025T03:54:16 - [MESSAGE][INFO] - APPIUM_HOME: C:\Users\GVVignesh\.appium

25-03-2025T03:54:16 - [MESSAGE][INFO] - appium outlog: C:\Users\GVVignesh\Katalon Studio\WGR-Android-Automation\Reports\20250325_035354\Sprint 2---Android\20250325_035354\appium.log

25-03-2025T03:54:16 - [MESSAGE][INFO] - appium errlog: C:\Users\GVVignesh\Katalon Studio\WGR-Android-Automation\Reports\20250325_035354\Sprint 2---Android\20250325_035354\appium_error.log

25-03-2025T03:54:19 - [MESSAGE][INFO] - Appium server started on port 56,188

25-03-2025T03:55:22 - [MESSAGE][PASSED] - Started application: 'C:\Users\GVVignesh\git\WGR_Android\App Folder\universal.apk'

25-03-2025T03:55:22 - [TEST_STEP][PASSED] - delay(10): Delayed 10 second(s)

25-03-2025T03:55:32 - [MESSAGE][PASSED] - Delayed 10 second(s)

25-03-2025T03:55:32 - [TEST_STEP][PASSED] - tap(findTestObject("Object Repository/Repo/android.widget.Button - Login or Sign Up"), 0): Tapped on element 'Object Repository/Repo/android.widget.Button - Login or Sign Up'

25-03-2025T03:55:32 - [MESSAGE][WARNING] - Timeout '0' is invalid. Using default page load timeout: '30'

25-03-2025T03:55:33 - [MESSAGE][PASSED] - Tapped on element 'Object Repository/Repo/android.widget.Button - Login or Sign Up'

25-03-2025T03:55:33 - [TEST_STEP][PASSED] - delay(10): Delayed 10 second(s)

25-03-2025T03:55:43 - [MESSAGE][PASSED] - Delayed 10 second(s)

25-03-2025T03:55:43 - [TEST_STEP][PASSED] - setText(findTestObject("Object Repository/Repo/android.widget.EditText-LoginorSignUp"), email, 0): Text 'teknikos@teknikos.com' has been set to element 'Object Repository/Repo/android.widget.EditText-LoginorSignUp'

25-03-2025T03:55:43 - [MESSAGE][WARNING] - Timeout '0' is invalid. Using default page load timeout: '30'

25-03-2025T03:55:44 - [MESSAGE][PASSED] - Text 'teknikos@teknikos.com' has been set to element 'Object Repository/Repo/android.widget.EditText-LoginorSignUp'

25-03-2025T03:55:44 - [TEST_STEP][PASSED] - hideKeyboard(): Keyboard is hidden

25-03-2025T03:55:44 - [MESSAGE][PASSED] - Keyboard is hidden

25-03-2025T03:55:44 - [TEST_STEP][PASSED] - delay(10): Delayed 10 second(s)

25-03-2025T03:55:54 - [MESSAGE][PASSED] - Delayed 10 second(s)

25-03-2025T03:55:54 - [TEST_STEP][PASSED] - tap(findTestObject("Object Repository/Repo/android.widget.Button - Next"), 0): Tapped on element 'Object Repository/Repo/android.widget.Button - Next'

25-03-2025T03:55:54 - [MESSAGE][WARNING] - Timeout '0' is invalid. Using default page load timeout: '30'

25-03-2025T03:55:55 - [MESSAGE][PASSED] - Tapped on element 'Object Repository/Repo/android.widget.Button - Next'

25-03-2025T03:55:55 - [TEST_STEP][PASSED] - delay(10): Delayed 10 second(s)

25-03-2025T03:56:05 - [MESSAGE][PASSED] - Delayed 10 second(s)

25-03-2025T03:56:05 - [TEST_STEP][PASSED] - setText(findTestObject("Object Repository/Repo/android.widget.EditText-confirm email address"), email, 0): Text 'teknikos@teknikos.com' has been set to element 'Object Repository/Repo/android.widget.EditText-confirm email address'

25-03-2025T03:56:05 - [MESSAGE][WARNING] - Timeout '0' is invalid. Using default page load timeout: '30'

25-03-2025T03:56:06 - [MESSAGE][PASSED] - Text 'teknikos@teknikos.com' has been set to element 'Object Repository/Repo/android.widget.EditText-confirm email address'

25-03-2025T03:56:06 - [TEST_STEP][PASSED] - hideKeyboard(): Keyboard is hidden

25-03-2025T03:56:07 - [MESSAGE][PASSED] - Keyboard is hidden

25-03-2025T03:56:07 - [TEST_STEP][PASSED] - delay(10): Delayed 10 second(s)

25-03-2025T03:56:17 - [MESSAGE][PASSED] - Delayed 10 second(s)

25-03-2025T03:56:17 - [TEST_STEP][PASSED] - tap(findTestObject("Object Repository/Repo/android.widget.Button - Next (1)"), 0): Tapped on element 'Object Repository/Repo/android.widget.Button - Next (1)'

25-03-2025T03:56:17 - [MESSAGE][WARNING] - Timeout '0' is invalid. Using default page load timeout: '30'

25-03-2025T03:56:17 - [MESSAGE][PASSED] - Tapped on element 'Object Repository/Repo/android.widget.Button - Next (1)'

25-03-2025T03:56:17 - [TEST_STEP][PASSED] - delay(20): Delayed 20 second(s)

25-03-2025T03:56:37 - [MESSAGE][PASSED] - Delayed 20 second(s)

25-03-2025T03:56:37 - [TEST_STEP][PASSED] - setText(findTestObject("Object Repository/Repo/android.widget.EditText-FirstName"), firstName, 0): Text 'GV' has been set to element 'Object Repository/Repo/android.widget.EditText-FirstName'

25-03-2025T03:56:37 - [MESSAGE][WARNING] - Timeout '0' is invalid. Using default page load timeout: '30'

25-03-2025T03:56:39 - [MESSAGE][PASSED] - Text 'GV' has been set to element 'Object Repository/Repo/android.widget.EditText-FirstName'

25-03-2025T03:56:39 - [TEST_STEP][PASSED] - hideKeyboard(): Keyboard is hidden

25-03-2025T03:56:39 - [MESSAGE][PASSED] - Keyboard is hidden

25-03-2025T03:56:39 - [TEST_STEP][PASSED] - delay(10): Delayed 10 second(s)

25-03-2025T03:56:49 - [MESSAGE][PASSED] - Delayed 10 second(s)

25-03-2025T03:56:49 - [TEST_STEP][PASSED] - setText(findTestObject("Object Repository/Repo/android.widget.EditText-LastName"), lastName, 0): Text 'Vignesh' has been set to element 'Object Repository/Repo/android.widget.EditText-LastName'

25-03-2025T03:56:49 - [MESSAGE][WARNING] - Timeout '0' is invalid. Using default page load timeout: '30'

25-03-2025T03:56:50 - [MESSAGE][PASSED] - Text 'Vignesh' has been set to element 'Object Repository/Repo/android.widget.EditText-LastName'

25-03-2025T03:56:50 - [TEST_STEP][PASSED] - hideKeyboard(): Keyboard is hidden

25-03-2025T03:56:50 - [MESSAGE][PASSED] - Keyboard is hidden

25-03-2025T03:56:50 - [TEST_STEP][PASSED] - delay(10): Delayed 10 second(s)

25-03-2025T03:57:01 - [MESSAGE][PASSED] - Delayed 10 second(s)

25-03-2025T03:57:01 - [TEST_STEP][PASSED] - sendKeys(findTestObject("Object Repository/Repo/android.widget.EditText-Password"), password): Send keys 'password' on test object 'Object Repository/Repo/android.widget.EditText-Password' successfully.

25-03-2025T03:57:01 - [MESSAGE][PASSED] - Send keys 'password' on test object 'Object Repository/Repo/android.widget.EditText-Password' successfully.

25-03-2025T03:57:01 - [TEST_STEP][PASSED] - hideKeyboard(): Keyboard is hidden

25-03-2025T03:57:01 - [MESSAGE][PASSED] - Keyboard is hidden

25-03-2025T03:57:01 - [TEST_STEP][PASSED] - delay(10): Delayed 10 second(s)

25-03-2025T03:57:11 - [MESSAGE][PASSED] - Delayed 10 second(s)

25-03-2025T03:57:11 - [TEST_STEP][PASSED] - sendKeys(findTestObject("Object Repository/Repo/android.widget.EditText-ConfirmPassword"), confirmPassword): Send keys 'password' on test object 'Object Repository/Repo/android.widget.EditText-ConfirmPassword' successfully.

25-03-2025T03:57:11 - [MESSAGE][PASSED] - Send keys 'password' on test object 'Object Repository/Repo/android.widget.EditText-ConfirmPassword' successfully.

25-03-2025T03:57:11 - [TEST_STEP][PASSED] - hideKeyboard(): Keyboard is hidden

25-03-2025T03:57:12 - [MESSAGE][PASSED] - Keyboard is hidden

25-03-2025T03:57:12 - [TEST_STEP][PASSED] - delay(10): Delayed 10 second(s)

25-03-2025T03:57:22 - [MESSAGE][PASSED] - Delayed 10 second(s)

25-03-2025T03:57:22 - [TEST_STEP][PASSED] - tap(findTestObject("Object Repository/Repo/android.widget.Button - Next (2)"), 0): Tapped on element 'Object Repository/Repo/android.widget.Button - Next (2)'

25-03-2025T03:57:22 - [MESSAGE][WARNING] - Timeout '0' is invalid. Using default page load timeout: '30'

25-03-2025T03:57:22 - [MESSAGE][PASSED] - Tapped on element 'Object Repository/Repo/android.widget.Button - Next (2)'

25-03-2025T03:57:22 - [TEST_STEP][PASSED] - delay(10): Delayed 10 second(s)

25-03-2025T03:57:32 - [MESSAGE][PASSED] - Delayed 10 second(s)

25-03-2025T03:57:32 - [TEST_STEP][PASSED] - scrollToText("etc)."): Scrolling to text 'etc).' successfully

25-03-2025T03:57:35 - [MESSAGE][PASSED] - Scrolling to text 'etc).' successfully

25-03-2025T03:57:35 - [TEST_STEP][PASSED] - delay(10): Delayed 10 second(s)

25-03-2025T03:57:45 - [MESSAGE][PASSED] - Delayed 10 second(s)

25-03-2025T03:57:45 - [TEST_STEP][PASSED] - tap(findTestObject("Object Repository/Repo/android.widget.Button - Agree to Terms  Conditions"), 0): Tapped on element 'Object Repository/Repo/android.widget.Button - Agree to Terms  Conditions'

25-03-2025T03:57:45 - [MESSAGE][WARNING] - Timeout '0' is invalid. Using default page load timeout: '30'

25-03-2025T03:57:46 - [MESSAGE][PASSED] - Tapped on element 'Object Repository/Repo/android.widget.Button - Agree to Terms  Conditions'

25-03-2025T03:57:46 - [TEST_STEP][PASSED] - delay(30): Delayed 30 second(s)

25-03-2025T03:58:16 - [MESSAGE][PASSED] - Delayed 30 second(s)

25-03-2025T03:58:16 - [TEST_STEP][PASSED] - setText(findTestObject("Object Repository/Repo/android.widget.EditText-OAM(Login)"), email, 0): Text 'teknikos@teknikos.com' has been set to element 'Object Repository/Repo/android.widget.EditText-OAM(Login)'

25-03-2025T03:58:16 - [MESSAGE][WARNING] - Timeout '0' is invalid. Using default page load timeout: '30'

25-03-2025T03:58:48 - [MESSAGE][PASSED] - Text 'teknikos@teknikos.com' has been set to element 'Object Repository/Repo/android.widget.EditText-OAM(Login)'

25-03-2025T03:58:49 - [TEST_STEP][PASSED] - hideKeyboard(): Keyboard is hidden

25-03-2025T03:58:51 - [MESSAGE][PASSED] - Keyboard is hidden

25-03-2025T03:58:51 - [TEST_STEP][PASSED] - delay(30): Delayed 30 second(s)

25-03-2025T03:59:21 - [MESSAGE][PASSED] - Delayed 30 second(s)

25-03-2025T03:59:21 - [TEST_STEP][PASSED] - setText(findTestObject("Object Repository/Repo/android.widget.EditText-OAM(Password)"), password, 0): Text 'password' has been set to element 'Object Repository/Repo/android.widget.EditText-OAM(Password)'

25-03-2025T03:59:21 - [MESSAGE][WARNING] - Timeout '0' is invalid. Using default page load timeout: '30'

25-03-2025T03:59:23 - [MESSAGE][PASSED] - Text 'password' has been set to element 'Object Repository/Repo/android.widget.EditText-OAM(Password)'

25-03-2025T03:59:23 - [TEST_STEP][PASSED] - hideKeyboard(): Keyboard is hidden

25-03-2025T03:59:25 - [MESSAGE][PASSED] - Keyboard is hidden

25-03-2025T03:59:25 - [TEST_STEP][PASSED] - delay(30): Delayed 30 second(s)

25-03-2025T03:59:55 - [MESSAGE][PASSED] - Delayed 30 second(s)

25-03-2025T03:59:55 - [TEST_STEP][PASSED] - tap(findTestObject("Object Repository/Repo/android.widget.Button - LOGIN"), 0): Tapped on element 'Object Repository/Repo/android.widget.Button - LOGIN'

25-03-2025T03:59:55 - [MESSAGE][WARNING] - Timeout '0' is invalid. Using default page load timeout: '30'

25-03-2025T03:59:55 - [MESSAGE][PASSED] - Tapped on element 'Object Repository/Repo/android.widget.Button - LOGIN'

25-03-2025T03:59:55 - [TEST_STEP][PASSED] - delay(30): Delayed 30 second(s)

25-03-2025T04:00:25 - [MESSAGE][PASSED] - Delayed 30 second(s)

25-03-2025T04:00:25 - [TEST_STEP][PASSED] - delay(10): Delayed 10 second(s)

25-03-2025T04:00:35 - [MESSAGE][PASSED] - Delayed 10 second(s)

25-03-2025T04:00:35 - [TEST_STEP][PASSED] - verifyElementExist(findTestObject("Object Repository/Repo/android.widget.TextView - Resend Confirmation Email"), 0): Element 'Object Repository/Repo/android.widget.TextView - Resend Confirmation Email' is exist

25-03-2025T04:00:36 - [MESSAGE][WARNING] - Timeout '0' is invalid. Using default page load timeout: '30'

25-03-2025T04:00:36 - [MESSAGE][PASSED] - Element 'Object Repository/Repo/android.widget.TextView - Resend Confirmation Email' is exist

25-03-2025T04:00:36 - [TEST_STEP][PASSED] - elementText = TextView - Resend Confirmation Email"), 0).trim(): Text of element 'Object Repository/Repo/android.widget.TextView - Resend Confirmation Email' is: 'Resend Confirmation Email'

25-03-2025T04:00:36 - [MESSAGE][WARNING] - Timeout '0' is invalid. Using default page load timeout: '30'

25-03-2025T04:00:36 - [MESSAGE][PASSED] - Text of element 'Object Repository/Repo/android.widget.TextView - Resend Confirmation Email' is: 'Resend Confirmation Email'

25-03-2025T04:00:36 - [TEST_STEP][PASSED] - println("Text of the element: " + elementText): null

25-03-2025T04:00:36 - [TEST_STEP][PASSED] - expectedText = "Resend Confirmation Email".trim(): null

25-03-2025T04:00:36 - [TEST_STEP][PASSED] - assert elementText.equals(expectedText): null

25-03-2025T04:00:36 - [TEST_STEP][PASSED] - delay(10): Delayed 10 second(s)

25-03-2025T04:00:46 - [MESSAGE][PASSED] - Delayed 10 second(s)

25-03-2025T04:00:46 - [TEST_STEP][PASSED] - tap(findTestObject("Object Repository/Repo/android.widget.TextView - Resend Confirmation Email"), 0): Tapped on element 'Object Repository/Repo/android.widget.TextView - Resend Confirmation Email'

25-03-2025T04:00:46 - [MESSAGE][WARNING] - Timeout '0' is invalid. Using default page load timeout: '30'

25-03-2025T04:00:46 - [MESSAGE][PASSED] - Tapped on element 'Object Repository/Repo/android.widget.TextView - Resend Confirmation Email'

25-03-2025T04:00:46 - [TEST_STEP][PASSED] - verifyElementExist(findTestObject("Object Repository/Repo/android.widget.Button - Next (3)"), 0): Element 'Object Repository/Repo/android.widget.Button - Next (3)' is exist

25-03-2025T04:00:46 - [MESSAGE][WARNING] - Timeout '0' is invalid. Using default page load timeout: '30'

25-03-2025T04:00:47 - [MESSAGE][PASSED] - Element 'Object Repository/Repo/android.widget.Button - Next (3)' is exist

25-03-2025T04:00:47 - [TEST_STEP][PASSED] - delay(5): Delayed 5 second(s)

25-03-2025T04:00:52 - [MESSAGE][PASSED] - Delayed 5 second(s)

25-03-2025T04:00:52 - [TEST_STEP][PASSED] - tap(findTestObject("Object Repository/Repo/android.widget.Button - Next (3)"), 0): Tapped on element 'Object Repository/Repo/android.widget.Button - Next (3)'

25-03-2025T04:00:52 - [MESSAGE][WARNING] - Timeout '0' is invalid. Using default page load timeout: '30'

25-03-2025T04:00:52 - [MESSAGE][PASSED] - Tapped on element 'Object Repository/Repo/android.widget.Button - Next (3)'

25-03-2025T04:00:52 - [TEST_STEP][PASSED] - delay(5): Delayed 5 second(s)

25-03-2025T04:00:57 - [MESSAGE][PASSED] - Delayed 5 second(s)

25-03-2025T04:00:57 - [TEST_STEP][PASSED] - println("All text assertions passed successfully!"): null

25-03-2025T04:00:57 - [TEST_STEP][PASSED] - delay(10): Delayed 10 second(s)

25-03-2025T04:01:07 - [MESSAGE][PASSED] - Delayed 10 second(s)

25-03-2025T04:01:07 - [TEST_STEP][PASSED] - closeApplication(): Close app successfully

25-03-2025T04:01:10 - [MESSAGE][PASSED] - Close app successfully]]></system-out>
         <system-err><![CDATA[]]></system-err>
      </testcase>
      <testcase name="Test Cases/Sprint 2/WRMA-266/C661" time="245.942" classname="Test Cases/Sprint 2/WRMA-266/C661" status="PASSED">
         <system-out><![CDATA[25-03-2025T04:01:10 - [TEST_CASE][PASSED] - Test Cases/Sprint 2/WRMA-266/C661: Test Cases/Sprint 2/WRMA-266/C661

25-03-2025T04:01:10 - [TEST_STEP][PASSED] - testData = findTestData("Data Files/C661"): null

25-03-2025T04:01:10 - [TEST_STEP][PASSED] - email = testData.getValue("email", 1): null

25-03-2025T04:01:10 - [TEST_STEP][PASSED] - password = testData.getValue("password", 1): null

25-03-2025T04:01:10 - [TEST_STEP][PASSED] - startApplication("C:\Users\GVVignesh\git\WGR_Android\App Folder\universal.apk", true): Started application: 'C:\Users\GVVignesh\git\WGR_Android\App Folder\universal.apk'

25-03-2025T04:01:10 - [MESSAGE][INFO] - Starting application: 'C:\Users\GVVignesh\git\WGR_Android\App Folder\universal.apk'

25-03-2025T04:01:10 - [MESSAGE][INFO] - User set preference: ['deviceId', '']

25-03-2025T04:01:10 - [MESSAGE][INFO] - Detected NodeJS location: "C:\Program Files\nodejs\node.exe"

25-03-2025T04:01:20 - [MESSAGE][INFO] - PATH: C:\Program Files\nodejs;

25-03-2025T04:01:20 - [MESSAGE][INFO] - APPIUM_HOME: C:\Users\GVVignesh\.appium

25-03-2025T04:01:20 - [MESSAGE][INFO] - appium outlog: C:\Users\GVVignesh\Katalon Studio\WGR-Android-Automation\Reports\20250325_035354\Sprint 2---Android\20250325_035354\appium.log

25-03-2025T04:01:20 - [MESSAGE][INFO] - appium errlog: C:\Users\GVVignesh\Katalon Studio\WGR-Android-Automation\Reports\20250325_035354\Sprint 2---Android\20250325_035354\appium_error.log

25-03-2025T04:01:22 - [MESSAGE][INFO] - Appium server started on port 56,815

25-03-2025T04:02:23 - [MESSAGE][PASSED] - Started application: 'C:\Users\GVVignesh\git\WGR_Android\App Folder\universal.apk'

25-03-2025T04:02:23 - [TEST_STEP][PASSED] - delay(10): Delayed 10 second(s)

25-03-2025T04:02:33 - [MESSAGE][PASSED] - Delayed 10 second(s)

25-03-2025T04:02:33 - [TEST_STEP][PASSED] - tap(findTestObject("Object Repository/Repo/android.widget.Button - Login or Sign Up"), 0): Tapped on element 'Object Repository/Repo/android.widget.Button - Login or Sign Up'

25-03-2025T04:02:33 - [MESSAGE][WARNING] - Timeout '0' is invalid. Using default page load timeout: '30'

25-03-2025T04:02:34 - [MESSAGE][PASSED] - Tapped on element 'Object Repository/Repo/android.widget.Button - Login or Sign Up'

25-03-2025T04:02:34 - [TEST_STEP][PASSED] - delay(10): Delayed 10 second(s)

25-03-2025T04:02:44 - [MESSAGE][PASSED] - Delayed 10 second(s)

25-03-2025T04:02:44 - [TEST_STEP][PASSED] - setText(findTestObject("Object Repository/Repo/android.widget.EditText-LoginorSignUp"), email, 0): Text '03205179TM@WG.COM' has been set to element 'Object Repository/Repo/android.widget.EditText-LoginorSignUp'

25-03-2025T04:02:44 - [MESSAGE][WARNING] - Timeout '0' is invalid. Using default page load timeout: '30'

25-03-2025T04:02:44 - [MESSAGE][PASSED] - Text '03205179TM@WG.COM' has been set to element 'Object Repository/Repo/android.widget.EditText-LoginorSignUp'

25-03-2025T04:02:44 - [TEST_STEP][PASSED] - hideKeyboard(): Keyboard is hidden

25-03-2025T04:02:45 - [MESSAGE][PASSED] - Keyboard is hidden

25-03-2025T04:02:45 - [TEST_STEP][PASSED] - delay(10): Delayed 10 second(s)

25-03-2025T04:02:55 - [MESSAGE][PASSED] - Delayed 10 second(s)

25-03-2025T04:02:55 - [TEST_STEP][PASSED] - tap(findTestObject("Object Repository/Repo/android.widget.Button - Next"), 0): Tapped on element 'Object Repository/Repo/android.widget.Button - Next'

25-03-2025T04:02:55 - [MESSAGE][WARNING] - Timeout '0' is invalid. Using default page load timeout: '30'

25-03-2025T04:02:55 - [MESSAGE][PASSED] - Tapped on element 'Object Repository/Repo/android.widget.Button - Next'

25-03-2025T04:02:55 - [TEST_STEP][PASSED] - delay(30): Delayed 30 second(s)

25-03-2025T04:03:26 - [MESSAGE][PASSED] - Delayed 30 second(s)

25-03-2025T04:03:26 - [TEST_STEP][PASSED] - setText(findTestObject("Object Repository/Repo/android.widget.EditText-OAM(Login)"), email, 0): Text '03205179TM@WG.COM' has been set to element 'Object Repository/Repo/android.widget.EditText-OAM(Login)'

25-03-2025T04:03:26 - [MESSAGE][WARNING] - Timeout '0' is invalid. Using default page load timeout: '30'

25-03-2025T04:03:26 - [MESSAGE][PASSED] - Text '03205179TM@WG.COM' has been set to element 'Object Repository/Repo/android.widget.EditText-OAM(Login)'

25-03-2025T04:03:26 - [TEST_STEP][PASSED] - hideKeyboard(): Keyboard is hidden

25-03-2025T04:03:26 - [MESSAGE][PASSED] - Keyboard is hidden

25-03-2025T04:03:26 - [TEST_STEP][PASSED] - delay(30): Delayed 30 second(s)

25-03-2025T04:03:56 - [MESSAGE][PASSED] - Delayed 30 second(s)

25-03-2025T04:03:56 - [TEST_STEP][PASSED] - setText(findTestObject("Object Repository/Repo/android.widget.EditText-OAM(Password)"), password, 0): Text 'password' has been set to element 'Object Repository/Repo/android.widget.EditText-OAM(Password)'

25-03-2025T04:03:56 - [MESSAGE][WARNING] - Timeout '0' is invalid. Using default page load timeout: '30'

25-03-2025T04:03:58 - [MESSAGE][PASSED] - Text 'password' has been set to element 'Object Repository/Repo/android.widget.EditText-OAM(Password)'

25-03-2025T04:03:58 - [TEST_STEP][PASSED] - hideKeyboard(): Keyboard is hidden

25-03-2025T04:04:00 - [MESSAGE][PASSED] - Keyboard is hidden

25-03-2025T04:04:00 - [TEST_STEP][PASSED] - delay(30): Delayed 30 second(s)

25-03-2025T04:04:30 - [MESSAGE][PASSED] - Delayed 30 second(s)

25-03-2025T04:04:30 - [TEST_STEP][PASSED] - tap(findTestObject("Object Repository/Repo/android.widget.Button -OAM(Login)"), 0): Tapped on element 'Object Repository/Repo/android.widget.Button -OAM(Login)'

25-03-2025T04:04:30 - [MESSAGE][WARNING] - Timeout '0' is invalid. Using default page load timeout: '30'

25-03-2025T04:04:30 - [MESSAGE][PASSED] - Tapped on element 'Object Repository/Repo/android.widget.Button -OAM(Login)'

25-03-2025T04:04:30 - [TEST_STEP][PASSED] - delay(20): Delayed 20 second(s)

25-03-2025T04:04:51 - [MESSAGE][PASSED] - Delayed 20 second(s)

25-03-2025T04:04:51 - [TEST_STEP][PASSED] - verifyElementExist(findTestObject("Object Repository/Repo/android.view.View - My Stay"), 0): Element 'Object Repository/Repo/android.view.View - My Stay' is exist

25-03-2025T04:04:51 - [MESSAGE][WARNING] - Timeout '0' is invalid. Using default page load timeout: '30'

25-03-2025T04:04:51 - [MESSAGE][PASSED] - Element 'Object Repository/Repo/android.view.View - My Stay' is exist

25-03-2025T04:04:51 - [TEST_STEP][PASSED] - delay(5): Delayed 5 second(s)

25-03-2025T04:04:56 - [MESSAGE][PASSED] - Delayed 5 second(s)

25-03-2025T04:04:56 - [TEST_STEP][PASSED] - verifyElementExist(findTestObject("Object Repository/Repo/android.view.View - My Account"), 0): Element 'Object Repository/Repo/android.view.View - My Account' is exist

25-03-2025T04:04:56 - [MESSAGE][WARNING] - Timeout '0' is invalid. Using default page load timeout: '30'

25-03-2025T04:04:56 - [MESSAGE][PASSED] - Element 'Object Repository/Repo/android.view.View - My Account' is exist

25-03-2025T04:04:56 - [TEST_STEP][PASSED] - delay(5): Delayed 5 second(s)

25-03-2025T04:05:01 - [MESSAGE][PASSED] - Delayed 5 second(s)

25-03-2025T04:05:01 - [TEST_STEP][PASSED] - verifyElementExist(findTestObject("Object Repository/Repo/android.view.View - Home"), 0): Element 'Object Repository/Repo/android.view.View - Home' is exist

25-03-2025T04:05:01 - [MESSAGE][WARNING] - Timeout '0' is invalid. Using default page load timeout: '30'

25-03-2025T04:05:01 - [MESSAGE][PASSED] - Element 'Object Repository/Repo/android.view.View - Home' is exist

25-03-2025T04:05:01 - [TEST_STEP][PASSED] - delay(5): Delayed 5 second(s)

25-03-2025T04:05:06 - [MESSAGE][PASSED] - Delayed 5 second(s)

25-03-2025T04:05:06 - [TEST_STEP][PASSED] - myStayText = getText(findTestObject("Object Repository/Repo/android.view.View - My Stay"), 0): Text of element 'Object Repository/Repo/android.view.View - My Stay' is: 'My Stay'

25-03-2025T04:05:06 - [MESSAGE][WARNING] - Timeout '0' is invalid. Using default page load timeout: '30'

25-03-2025T04:05:07 - [MESSAGE][PASSED] - Text of element 'Object Repository/Repo/android.view.View - My Stay' is: 'My Stay'

25-03-2025T04:05:07 - [TEST_STEP][PASSED] - assert myStayText == "My Stay": null

25-03-2025T04:05:07 - [TEST_STEP][PASSED] - myAccountText = getText(findTestObject("Object Repository/Repo/android.view.View - My Account"), 0): Text of element 'Object Repository/Repo/android.view.View - My Account' is: 'My Account'

25-03-2025T04:05:07 - [MESSAGE][WARNING] - Timeout '0' is invalid. Using default page load timeout: '30'

25-03-2025T04:05:07 - [MESSAGE][PASSED] - Text of element 'Object Repository/Repo/android.view.View - My Account' is: 'My Account'

25-03-2025T04:05:07 - [TEST_STEP][PASSED] - assert myAccountText == "My Account": null

25-03-2025T04:05:07 - [TEST_STEP][PASSED] - homeText = getText(findTestObject("Object Repository/Repo/android.view.View - Home"), 0): Text of element 'Object Repository/Repo/android.view.View - Home' is: 'Home'

25-03-2025T04:05:07 - [MESSAGE][WARNING] - Timeout '0' is invalid. Using default page load timeout: '30'

25-03-2025T04:05:07 - [MESSAGE][PASSED] - Text of element 'Object Repository/Repo/android.view.View - Home' is: 'Home'

25-03-2025T04:05:07 - [TEST_STEP][PASSED] - assert homeText == "Home": null

25-03-2025T04:05:07 - [TEST_STEP][PASSED] - tap(findTestObject("Object Repository/Repo/android.view.View - Home"), 0): Tapped on element 'Object Repository/Repo/android.view.View - Home'

25-03-2025T04:05:07 - [MESSAGE][WARNING] - Timeout '0' is invalid. Using default page load timeout: '30'

25-03-2025T04:05:08 - [MESSAGE][PASSED] - Tapped on element 'Object Repository/Repo/android.view.View - Home'

25-03-2025T04:05:08 - [TEST_STEP][PASSED] - delay(5): Delayed 5 second(s)

25-03-2025T04:05:13 - [MESSAGE][PASSED] - Delayed 5 second(s)

25-03-2025T04:05:13 - [TEST_STEP][PASSED] - closeApplication(): Close app successfully

25-03-2025T04:05:16 - [MESSAGE][PASSED] - Close app successfully]]></system-out>
         <system-err><![CDATA[]]></system-err>
      </testcase>
      <testcase name="Test Cases/Sprint 2/WRMA-56/C699" time="376.556" classname="Test Cases/Sprint 2/WRMA-56/C699" status="PASSED">
         <system-out><![CDATA[25-03-2025T04:10:57 - [TEST_CASE][PASSED] - Test Cases/Sprint 2/WRMA-56/C699: Test Cases/Sprint 2/WRMA-56/C699

25-03-2025T04:10:57 - [TEST_STEP][PASSED] - testData = findTestData("Data Files/C699"): null

25-03-2025T04:10:57 - [TEST_STEP][PASSED] - email = testData.getValue("email", 1): null

25-03-2025T04:10:57 - [TEST_STEP][PASSED] - firstName = testData.getValue("firstname", 1): null

25-03-2025T04:10:57 - [TEST_STEP][PASSED] - lastName = testData.getValue("lastname", 1): null

25-03-2025T04:10:57 - [TEST_STEP][PASSED] - password = testData.getValue("password", 1): null

25-03-2025T04:10:57 - [TEST_STEP][PASSED] - confirmPassword = testData.getValue("confirm password", 1): null

25-03-2025T04:10:57 - [TEST_STEP][PASSED] - startApplication("C:\Users\GVVignesh\git\WGR_Android\App Folder\universal.apk", true): Started application: 'C:\Users\GVVignesh\git\WGR_Android\App Folder\universal.apk'

25-03-2025T04:10:57 - [MESSAGE][INFO] - Starting application: 'C:\Users\GVVignesh\git\WGR_Android\App Folder\universal.apk'

25-03-2025T04:10:57 - [MESSAGE][INFO] - User set preference: ['deviceId', '']

25-03-2025T04:12:00 - [MESSAGE][PASSED] - Started application: 'C:\Users\GVVignesh\git\WGR_Android\App Folder\universal.apk'

25-03-2025T04:12:00 - [TEST_STEP][PASSED] - delay(10): Delayed 10 second(s)

25-03-2025T04:12:10 - [MESSAGE][PASSED] - Delayed 10 second(s)

25-03-2025T04:12:10 - [TEST_STEP][PASSED] - tap(findTestObject("Object Repository/Repo/android.widget.Button - Login or Sign Up"), 0): Tapped on element 'Object Repository/Repo/android.widget.Button - Login or Sign Up'

25-03-2025T04:12:10 - [MESSAGE][WARNING] - Timeout '0' is invalid. Using default page load timeout: '30'

25-03-2025T04:12:11 - [MESSAGE][PASSED] - Tapped on element 'Object Repository/Repo/android.widget.Button - Login or Sign Up'

25-03-2025T04:12:11 - [TEST_STEP][PASSED] - delay(10): Delayed 10 second(s)

25-03-2025T04:12:21 - [MESSAGE][PASSED] - Delayed 10 second(s)

25-03-2025T04:12:21 - [TEST_STEP][PASSED] - setText(findTestObject("Object Repository/Repo/android.widget.EditText-LoginorSignUp"), email, 0): Text 'ishakthigv@gmail.com' has been set to element 'Object Repository/Repo/android.widget.EditText-LoginorSignUp'

25-03-2025T04:12:21 - [MESSAGE][WARNING] - Timeout '0' is invalid. Using default page load timeout: '30'

25-03-2025T04:12:22 - [MESSAGE][PASSED] - Text 'ishakthigv@gmail.com' has been set to element 'Object Repository/Repo/android.widget.EditText-LoginorSignUp'

25-03-2025T04:12:22 - [TEST_STEP][PASSED] - hideKeyboard(): Keyboard is hidden

25-03-2025T04:12:23 - [MESSAGE][PASSED] - Keyboard is hidden

25-03-2025T04:12:23 - [TEST_STEP][PASSED] - delay(10): Delayed 10 second(s)

25-03-2025T04:12:33 - [MESSAGE][PASSED] - Delayed 10 second(s)

25-03-2025T04:12:33 - [TEST_STEP][PASSED] - tap(findTestObject("Object Repository/Repo/android.widget.Button - Next"), 0): Tapped on element 'Object Repository/Repo/android.widget.Button - Next'

25-03-2025T04:12:33 - [MESSAGE][WARNING] - Timeout '0' is invalid. Using default page load timeout: '30'

25-03-2025T04:12:34 - [MESSAGE][PASSED] - Tapped on element 'Object Repository/Repo/android.widget.Button - Next'

25-03-2025T04:12:34 - [TEST_STEP][PASSED] - delay(10): Delayed 10 second(s)

25-03-2025T04:12:44 - [MESSAGE][PASSED] - Delayed 10 second(s)

25-03-2025T04:12:44 - [TEST_STEP][PASSED] - setText(findTestObject("Object Repository/Repo/android.widget.EditText-confirm email address"), email, 0): Text 'ishakthigv@gmail.com' has been set to element 'Object Repository/Repo/android.widget.EditText-confirm email address'

25-03-2025T04:12:44 - [MESSAGE][WARNING] - Timeout '0' is invalid. Using default page load timeout: '30'

25-03-2025T04:12:44 - [MESSAGE][PASSED] - Text 'ishakthigv@gmail.com' has been set to element 'Object Repository/Repo/android.widget.EditText-confirm email address'

25-03-2025T04:12:44 - [TEST_STEP][PASSED] - hideKeyboard(): Keyboard is hidden

25-03-2025T04:12:45 - [MESSAGE][PASSED] - Keyboard is hidden

25-03-2025T04:12:45 - [TEST_STEP][PASSED] - delay(10): Delayed 10 second(s)

25-03-2025T04:12:55 - [MESSAGE][PASSED] - Delayed 10 second(s)

25-03-2025T04:12:55 - [TEST_STEP][PASSED] - tap(findTestObject("Object Repository/Repo/android.widget.Button - Next (1)"), 0): Tapped on element 'Object Repository/Repo/android.widget.Button - Next (1)'

25-03-2025T04:12:55 - [MESSAGE][WARNING] - Timeout '0' is invalid. Using default page load timeout: '30'

25-03-2025T04:12:55 - [MESSAGE][PASSED] - Tapped on element 'Object Repository/Repo/android.widget.Button - Next (1)'

25-03-2025T04:12:55 - [TEST_STEP][PASSED] - delay(10): Delayed 10 second(s)

25-03-2025T04:13:05 - [MESSAGE][PASSED] - Delayed 10 second(s)

25-03-2025T04:13:05 - [TEST_STEP][PASSED] - setText(findTestObject("Object Repository/Repo/android.widget.EditText-FirstName"), firstName, 0): Text 'MS' has been set to element 'Object Repository/Repo/android.widget.EditText-FirstName'

25-03-2025T04:13:05 - [MESSAGE][WARNING] - Timeout '0' is invalid. Using default page load timeout: '30'

25-03-2025T04:13:06 - [MESSAGE][PASSED] - Text 'MS' has been set to element 'Object Repository/Repo/android.widget.EditText-FirstName'

25-03-2025T04:13:06 - [TEST_STEP][PASSED] - hideKeyboard(): Keyboard is hidden

25-03-2025T04:13:07 - [MESSAGE][PASSED] - Keyboard is hidden

25-03-2025T04:13:07 - [TEST_STEP][PASSED] - delay(10): Delayed 10 second(s)

25-03-2025T04:13:17 - [MESSAGE][PASSED] - Delayed 10 second(s)

25-03-2025T04:13:17 - [TEST_STEP][PASSED] - setText(findTestObject("Object Repository/Repo/android.widget.EditText-LastName"), lastName, 0): Text 'Dhoni' has been set to element 'Object Repository/Repo/android.widget.EditText-LastName'

25-03-2025T04:13:17 - [MESSAGE][WARNING] - Timeout '0' is invalid. Using default page load timeout: '30'

25-03-2025T04:13:17 - [MESSAGE][PASSED] - Text 'Dhoni' has been set to element 'Object Repository/Repo/android.widget.EditText-LastName'

25-03-2025T04:13:17 - [TEST_STEP][PASSED] - hideKeyboard(): Keyboard is hidden

25-03-2025T04:13:18 - [MESSAGE][PASSED] - Keyboard is hidden

25-03-2025T04:13:18 - [TEST_STEP][PASSED] - delay(10): Delayed 10 second(s)

25-03-2025T04:13:28 - [MESSAGE][PASSED] - Delayed 10 second(s)

25-03-2025T04:13:28 - [TEST_STEP][PASSED] - sendKeys(findTestObject("Object Repository/Repo/android.widget.EditText-Password"), password): Send keys 'password' on test object 'Object Repository/Repo/android.widget.EditText-Password' successfully.

25-03-2025T04:13:28 - [MESSAGE][PASSED] - Send keys 'password' on test object 'Object Repository/Repo/android.widget.EditText-Password' successfully.

25-03-2025T04:13:28 - [TEST_STEP][PASSED] - delay(10): Delayed 10 second(s)

25-03-2025T04:13:38 - [MESSAGE][PASSED] - Delayed 10 second(s)

25-03-2025T04:13:38 - [TEST_STEP][PASSED] - sendKeys(findTestObject("Object Repository/Repo/android.widget.EditText-ConfirmPassword"), confirmPassword): Send keys 'password' on test object 'Object Repository/Repo/android.widget.EditText-ConfirmPassword' successfully.

25-03-2025T04:13:38 - [MESSAGE][PASSED] - Send keys 'password' on test object 'Object Repository/Repo/android.widget.EditText-ConfirmPassword' successfully.

25-03-2025T04:13:38 - [TEST_STEP][PASSED] - delay(10): Delayed 10 second(s)

25-03-2025T04:13:48 - [MESSAGE][PASSED] - Delayed 10 second(s)

25-03-2025T04:13:48 - [TEST_STEP][PASSED] - tap(findTestObject("Object Repository/Repo/android.widget.Button - Next (2)"), 0): Tapped on element 'Object Repository/Repo/android.widget.Button - Next (2)'

25-03-2025T04:13:48 - [MESSAGE][WARNING] - Timeout '0' is invalid. Using default page load timeout: '30'

25-03-2025T04:13:49 - [MESSAGE][PASSED] - Tapped on element 'Object Repository/Repo/android.widget.Button - Next (2)'

25-03-2025T04:13:49 - [TEST_STEP][PASSED] - delay(20): Delayed 20 second(s)

25-03-2025T04:14:09 - [MESSAGE][PASSED] - Delayed 20 second(s)

25-03-2025T04:14:09 - [TEST_STEP][PASSED] - scrollToText("etc)."): Scrolling to text 'etc).' successfully

25-03-2025T04:14:10 - [MESSAGE][PASSED] - Scrolling to text 'etc).' successfully

25-03-2025T04:14:10 - [TEST_STEP][PASSED] - delay(5): Delayed 5 second(s)

25-03-2025T04:14:15 - [MESSAGE][PASSED] - Delayed 5 second(s)

25-03-2025T04:14:15 - [TEST_STEP][PASSED] - tap(findTestObject("Object Repository/Repo/android.widget.Button - Agree to Terms  Conditions"), 0): Tapped on element 'Object Repository/Repo/android.widget.Button - Agree to Terms  Conditions'

25-03-2025T04:14:15 - [MESSAGE][WARNING] - Timeout '0' is invalid. Using default page load timeout: '30'

25-03-2025T04:14:15 - [MESSAGE][PASSED] - Tapped on element 'Object Repository/Repo/android.widget.Button - Agree to Terms  Conditions'

25-03-2025T04:14:15 - [TEST_STEP][PASSED] - delay(30): Delayed 30 second(s)

25-03-2025T04:14:45 - [MESSAGE][PASSED] - Delayed 30 second(s)

25-03-2025T04:14:45 - [TEST_STEP][PASSED] - setText(findTestObject("Object Repository/Repo/android.widget.EditText-OAM(Login)"), email, 0): Text 'ishakthigv@gmail.com' has been set to element 'Object Repository/Repo/android.widget.EditText-OAM(Login)'

25-03-2025T04:14:45 - [MESSAGE][WARNING] - Timeout '0' is invalid. Using default page load timeout: '30'

25-03-2025T04:14:45 - [MESSAGE][PASSED] - Text 'ishakthigv@gmail.com' has been set to element 'Object Repository/Repo/android.widget.EditText-OAM(Login)'

25-03-2025T04:14:45 - [TEST_STEP][PASSED] - hideKeyboard(): Keyboard is hidden

25-03-2025T04:14:46 - [MESSAGE][PASSED] - Keyboard is hidden

25-03-2025T04:14:46 - [TEST_STEP][PASSED] - delay(30): Delayed 30 second(s)

25-03-2025T04:15:16 - [MESSAGE][PASSED] - Delayed 30 second(s)

25-03-2025T04:15:16 - [TEST_STEP][PASSED] - setText(findTestObject("Object Repository/Repo/android.widget.EditText-OAM(Password)"), password, 0): Text 'password' has been set to element 'Object Repository/Repo/android.widget.EditText-OAM(Password)'

25-03-2025T04:15:16 - [MESSAGE][WARNING] - Timeout '0' is invalid. Using default page load timeout: '30'

25-03-2025T04:15:17 - [MESSAGE][PASSED] - Text 'password' has been set to element 'Object Repository/Repo/android.widget.EditText-OAM(Password)'

25-03-2025T04:15:17 - [TEST_STEP][PASSED] - hideKeyboard(): Keyboard is hidden

25-03-2025T04:15:19 - [MESSAGE][PASSED] - Keyboard is hidden

25-03-2025T04:15:19 - [TEST_STEP][PASSED] - delay(30): Delayed 30 second(s)

25-03-2025T04:15:49 - [MESSAGE][PASSED] - Delayed 30 second(s)

25-03-2025T04:15:49 - [TEST_STEP][PASSED] - tap(findTestObject("Object Repository/Repo/android.widget.Button -OAM(Login)"), 0): Tapped on element 'Object Repository/Repo/android.widget.Button -OAM(Login)'

25-03-2025T04:15:49 - [MESSAGE][WARNING] - Timeout '0' is invalid. Using default page load timeout: '30'

25-03-2025T04:15:50 - [MESSAGE][PASSED] - Tapped on element 'Object Repository/Repo/android.widget.Button -OAM(Login)'

25-03-2025T04:15:50 - [TEST_STEP][PASSED] - delay(30): Delayed 30 second(s)

25-03-2025T04:16:20 - [MESSAGE][PASSED] - Delayed 30 second(s)

25-03-2025T04:16:20 - [TEST_STEP][PASSED] - tap(findTestObject("Object Repository/Repo/android.widget.Button - Next-(VerifyAccount)"), 0): Tapped on element 'Object Repository/Repo/android.widget.Button - Next-(VerifyAccount)'

25-03-2025T04:16:20 - [MESSAGE][WARNING] - Timeout '0' is invalid. Using default page load timeout: '30'

25-03-2025T04:16:20 - [MESSAGE][PASSED] - Tapped on element 'Object Repository/Repo/android.widget.Button - Next-(VerifyAccount)'

25-03-2025T04:16:20 - [TEST_STEP][PASSED] - delay(10): Delayed 10 second(s)

25-03-2025T04:16:30 - [MESSAGE][PASSED] - Delayed 10 second(s)

25-03-2025T04:16:30 - [TEST_STEP][PASSED] - verifyElementExist(findTestObject("Object Repository/Repo/android.widget.TextView - Youve chosen to skip the email verification process. While you can explore the app as a guest, please note that certain features and functionalities may be limited"), 0): Element 'Object Repository/Repo/android.widget.TextView - Youve chosen to skip the email verification process. While you can explore the app as a guest, please note that certain features and functionalities may be limited' is exist

25-03-2025T04:16:30 - [MESSAGE][WARNING] - Timeout '0' is invalid. Using default page load timeout: '30'

25-03-2025T04:16:30 - [MESSAGE][PASSED] - Element 'Object Repository/Repo/android.widget.TextView - Youve chosen to skip the email verification process. While you can explore the app as a guest, please note that certain features and functionalities may be limited' is exist

25-03-2025T04:16:30 - [TEST_STEP][PASSED] - delay(10): Delayed 10 second(s)

25-03-2025T04:16:40 - [MESSAGE][PASSED] - Delayed 10 second(s)

25-03-2025T04:16:40 - [TEST_STEP][PASSED] - verifyElementExist(findTestObject("Object Repository/Repo/android.widget.TextView - To fully access all features"), 0): Element 'Object Repository/Repo/android.widget.TextView - To fully access all features' is exist

25-03-2025T04:16:40 - [MESSAGE][WARNING] - Timeout '0' is invalid. Using default page load timeout: '30'

25-03-2025T04:16:40 - [MESSAGE][PASSED] - Element 'Object Repository/Repo/android.widget.TextView - To fully access all features' is exist

25-03-2025T04:16:40 - [TEST_STEP][PASSED] - delay(10): Delayed 10 second(s)

25-03-2025T04:16:50 - [MESSAGE][PASSED] - Delayed 10 second(s)

25-03-2025T04:16:50 - [TEST_STEP][PASSED] - actualText = getText(findTestObject("Object Repository/Repo/android.widget.TextView - Youve chosen to skip the email verification process. While you can explore the app as a guest, please note that certain features and functionalities may be limited"), 0): Text of element 'Object Repository/Repo/android.widget.TextView - Youve chosen to skip the email verification process. While you can explore the app as a guest, please note that certain features and functionalities may be limited' is: 'You've chosen to skip the email verification process. While you can explore the app as a guest, please note that certain features and functionalities may be limited.'

25-03-2025T04:16:50 - [MESSAGE][WARNING] - Timeout '0' is invalid. Using default page load timeout: '30'

25-03-2025T04:16:50 - [MESSAGE][PASSED] - Text of element 'Object Repository/Repo/android.widget.TextView - Youve chosen to skip the email verification process. While you can explore the app as a guest, please note that certain features and functionalities may be limited' is: 'You've chosen to skip the email verification process. While you can explore the app as a guest, please note that certain features and functionalities may be limited.'

25-03-2025T04:16:50 - [TEST_STEP][PASSED] - expectedText = "You've chosen to skip the email verification process. While you can explore the app as a guest, please note that certain features and functionalities may be limited.": null

25-03-2025T04:16:50 - [TEST_STEP][PASSED] - assert actualText == expectedText: null

25-03-2025T04:16:50 - [TEST_STEP][PASSED] - verifyElementExist(findTestObject("Object Repository/Repo/android.widget.Button - Next (2)"), 0): Element 'Object Repository/Repo/android.widget.Button - Next (2)' is exist

25-03-2025T04:16:50 - [MESSAGE][WARNING] - Timeout '0' is invalid. Using default page load timeout: '30'

25-03-2025T04:16:50 - [MESSAGE][PASSED] - Element 'Object Repository/Repo/android.widget.Button - Next (2)' is exist

25-03-2025T04:16:50 - [TEST_STEP][PASSED] - delay(10): Delayed 10 second(s)

25-03-2025T04:17:00 - [MESSAGE][PASSED] - Delayed 10 second(s)

25-03-2025T04:17:00 - [TEST_STEP][PASSED] - tap(findTestObject("Object Repository/Repo/android.widget.Button - Next (2)"), 0): Tapped on element 'Object Repository/Repo/android.widget.Button - Next (2)'

25-03-2025T04:17:00 - [MESSAGE][WARNING] - Timeout '0' is invalid. Using default page load timeout: '30'

25-03-2025T04:17:01 - [MESSAGE][PASSED] - Tapped on element 'Object Repository/Repo/android.widget.Button - Next (2)'

25-03-2025T04:17:01 - [TEST_STEP][PASSED] - delay(10): Delayed 10 second(s)

25-03-2025T04:17:11 - [MESSAGE][PASSED] - Delayed 10 second(s)

25-03-2025T04:17:11 - [TEST_STEP][PASSED] - closeApplication(): Close app successfully

25-03-2025T04:17:14 - [MESSAGE][PASSED] - Close app successfully]]></system-out>
         <system-err><![CDATA[]]></system-err>
      </testcase>
      <testcase name="Test Cases/Sprint 2/WRMA-60/C728" time="134.177" classname="Test Cases/Sprint 2/WRMA-60/C728" status="PASSED">
         <system-out><![CDATA[25-03-2025T04:17:14 - [TEST_CASE][PASSED] - Test Cases/Sprint 2/WRMA-60/C728: Test Cases/Sprint 2/WRMA-60/C728

25-03-2025T04:17:14 - [TEST_STEP][PASSED] - startApplication("C:\Users\GVVignesh\git\WGR_Android\App Folder\universal.apk", true): Started application: 'C:\Users\GVVignesh\git\WGR_Android\App Folder\universal.apk'

25-03-2025T04:17:14 - [MESSAGE][INFO] - Starting application: 'C:\Users\GVVignesh\git\WGR_Android\App Folder\universal.apk'

25-03-2025T04:17:14 - [MESSAGE][INFO] - User set preference: ['deviceId', '']

25-03-2025T04:17:14 - [MESSAGE][INFO] - Detected NodeJS location: "C:\Program Files\nodejs\node.exe"

25-03-2025T04:17:24 - [MESSAGE][INFO] - PATH: C:\Program Files\nodejs;

25-03-2025T04:17:24 - [MESSAGE][INFO] - APPIUM_HOME: C:\Users\GVVignesh\.appium

25-03-2025T04:17:24 - [MESSAGE][INFO] - appium outlog: C:\Users\GVVignesh\Katalon Studio\WGR-Android-Automation\Reports\20250325_035354\Sprint 2---Android\20250325_035354\appium.log

25-03-2025T04:17:24 - [MESSAGE][INFO] - appium errlog: C:\Users\GVVignesh\Katalon Studio\WGR-Android-Automation\Reports\20250325_035354\Sprint 2---Android\20250325_035354\appium_error.log

25-03-2025T04:17:26 - [MESSAGE][INFO] - Appium server started on port 58,296

25-03-2025T04:18:28 - [MESSAGE][PASSED] - Started application: 'C:\Users\GVVignesh\git\WGR_Android\App Folder\universal.apk'

25-03-2025T04:18:28 - [TEST_STEP][PASSED] - delay(5): Delayed 5 second(s)

25-03-2025T04:18:33 - [MESSAGE][PASSED] - Delayed 5 second(s)

25-03-2025T04:18:33 - [TEST_STEP][PASSED] - tap(findTestObject("Object Repository/Repo/android.widget.Button - Login or Sign Up"), 0): Tapped on element 'Object Repository/Repo/android.widget.Button - Login or Sign Up'

25-03-2025T04:18:33 - [MESSAGE][WARNING] - Timeout '0' is invalid. Using default page load timeout: '30'

25-03-2025T04:18:35 - [MESSAGE][PASSED] - Tapped on element 'Object Repository/Repo/android.widget.Button - Login or Sign Up'

25-03-2025T04:18:35 - [TEST_STEP][PASSED] - delay(10): Delayed 10 second(s)

25-03-2025T04:18:45 - [MESSAGE][PASSED] - Delayed 10 second(s)

25-03-2025T04:18:45 - [TEST_STEP][PASSED] - testData = findTestData("Data Files/C728 (1)"): null

25-03-2025T04:18:45 - [TEST_STEP][PASSED] - email = testData.getValue("email", 1): null

25-03-2025T04:18:45 - [TEST_STEP][PASSED] - sendKeys(findTestObject("Object Repository/Repo/android.widget.EditText-LoginorSignUp"), email): Send keys 'emailuser@domain.com' on test object 'Object Repository/Repo/android.widget.EditText-LoginorSignUp' successfully.

25-03-2025T04:18:46 - [MESSAGE][PASSED] - Send keys 'emailuser@domain.com' on test object 'Object Repository/Repo/android.widget.EditText-LoginorSignUp' successfully.

25-03-2025T04:18:46 - [TEST_STEP][PASSED] - delay(10): Delayed 10 second(s)

25-03-2025T04:18:56 - [MESSAGE][PASSED] - Delayed 10 second(s)

25-03-2025T04:18:56 - [TEST_STEP][PASSED] - tap(findTestObject("Object Repository/Repo/android.widget.Button - Next"), 0): Tapped on element 'Object Repository/Repo/android.widget.Button - Next'

25-03-2025T04:18:56 - [MESSAGE][WARNING] - Timeout '0' is invalid. Using default page load timeout: '30'

25-03-2025T04:18:56 - [MESSAGE][PASSED] - Tapped on element 'Object Repository/Repo/android.widget.Button - Next'

25-03-2025T04:18:56 - [TEST_STEP][PASSED] - delay(10): Delayed 10 second(s)

25-03-2025T04:19:06 - [MESSAGE][PASSED] - Delayed 10 second(s)

25-03-2025T04:19:06 - [TEST_STEP][PASSED] - tap(findTestObject("Object Repository/Repo/android.widget.Button - reset"), 0): Tapped on element 'Object Repository/Repo/android.widget.Button - reset'

25-03-2025T04:19:06 - [MESSAGE][WARNING] - Timeout '0' is invalid. Using default page load timeout: '30'

25-03-2025T04:19:07 - [MESSAGE][PASSED] - Tapped on element 'Object Repository/Repo/android.widget.Button - reset'

25-03-2025T04:19:07 - [TEST_STEP][PASSED] - hideKeyboard(): Keyboard is hidden

25-03-2025T04:19:08 - [MESSAGE][PASSED] - Keyboard is hidden

25-03-2025T04:19:08 - [TEST_STEP][PASSED] - delay(10): Delayed 10 second(s)

25-03-2025T04:19:18 - [MESSAGE][PASSED] - Delayed 10 second(s)

25-03-2025T04:19:18 - [TEST_STEP][PASSED] - sendKeys(findTestObject("Object Repository/Repo/android.widget.EditText-NewUserEmail"), email): Send keys 'emailuser@domain.com' on test object 'Object Repository/Repo/android.widget.EditText-NewUserEmail' successfully.

25-03-2025T04:19:18 - [MESSAGE][PASSED] - Send keys 'emailuser@domain.com' on test object 'Object Repository/Repo/android.widget.EditText-NewUserEmail' successfully.

25-03-2025T04:19:18 - [TEST_STEP][PASSED] - enteredEmail = getText(findTestObject("Object Repository/Repo/android.widget.EditText-NewUserEmail"), 0): Text of element 'Object Repository/Repo/android.widget.EditText-NewUserEmail' is: 'emailuser@domain.com'

25-03-2025T04:19:18 - [MESSAGE][WARNING] - Timeout '0' is invalid. Using default page load timeout: '30'

25-03-2025T04:19:20 - [MESSAGE][PASSED] - Text of element 'Object Repository/Repo/android.widget.EditText-NewUserEmail' is: 'emailuser@domain.com'

25-03-2025T04:19:20 - [TEST_STEP][PASSED] - assert enteredEmail == email: null

25-03-2025T04:19:20 - [TEST_STEP][PASSED] - delay(5): Delayed 5 second(s)

25-03-2025T04:19:25 - [MESSAGE][PASSED] - Delayed 5 second(s)

25-03-2025T04:19:25 - [TEST_STEP][PASSED] - closeApplication(): Close app successfully

25-03-2025T04:19:28 - [MESSAGE][PASSED] - Close app successfully]]></system-out>
         <system-err><![CDATA[]]></system-err>
      </testcase>
      <system-out><![CDATA[25-03-2025T03:54:04 - [TEST_SUITE][FAILED] - Sprint 2---Android: Test Cases/Sprint 2/WRMA-56/C699 FAILED.
Reason:
com.kms.katalon.core.exception.StepFailedException: Failed to tap on element 'Object Repository/Repo/android.widget.Button -OAM(Login)'
	at com.kms.katalon.core.mobile.keyword.internal.MobileKeywordMain.stepFailed(MobileKeywordMain.groovy:64)
	at com.kms.katalon.core.mobile.keyword.internal.MobileKeywordMain.runKeyword(MobileKeywordMain.groovy:34)
	at com.kms.katalon.core.mobile.keyword.builtin.TapKeyword.tap(TapKeyword.groovy:51)
	at com.kms.katalon.core.mobile.keyword.builtin.TapKeyword.execute(TapKeyword.groovy:35)
	at com.kms.katalon.core.keyword.internal.KeywordExecutor.executeKeywordForPlatform(KeywordExecutor.groovy:74)
	at com.kms.katalon.core.mobile.keyword.MobileBuiltInKeywords.tap(MobileBuiltInKeywords.groovy:1461)
	at C699.run(C699:144)
	at com.kms.katalon.core.main.ScriptEngine.run(ScriptEngine.java:194)
	at com.kms.katalon.core.main.ScriptEngine.runScriptAsRawText(ScriptEngine.java:119)
	at com.kms.katalon.core.main.TestCaseExecutor.runScript(TestCaseExecutor.java:448)
	at com.kms.katalon.core.main.TestCaseExecutor.doExecute(TestCaseExecutor.java:439)
	at com.kms.katalon.core.main.TestCaseExecutor.processExecutionPhase(TestCaseExecutor.java:418)
	at com.kms.katalon.core.main.TestCaseExecutor.accessMainPhase(TestCaseExecutor.java:410)
	at com.kms.katalon.core.main.TestCaseExecutor.execute(TestCaseExecutor.java:285)
	at com.kms.katalon.core.common.CommonExecutor.accessTestCaseMainPhase(CommonExecutor.java:71)
	at com.kms.katalon.core.main.TestSuiteExecutor.accessTestSuiteMainPhase(TestSuiteExecutor.java:160)
	at com.kms.katalon.core.main.TestSuiteExecutor.execute(TestSuiteExecutor.java:107)
	at com.kms.katalon.core.main.TestCaseMain.startTestSuite(TestCaseMain.java:180)
	at TempTestSuite1742900034913.run(TempTestSuite1742900034913.groovy:35)
	at java.base/jdk.internal.reflect.NativeMethodAccessorImpl.invoke0(Native Method)
	at java.base/jdk.internal.reflect.NativeMethodAccessorImpl.invoke(NativeMethodAccessorImpl.java:77)
	at java.base/jdk.internal.reflect.DelegatingMethodAccessorImpl.invoke(DelegatingMethodAccessorImpl.java:43)
Caused by: com.kms.katalon.core.exception.StepFailedException: Object Object Repository/Repo/android.widget.Button -OAM(Login) not found
	at com.kms.katalon.core.mobile.keyword.internal.MobileKeywordMain.stepFailed(MobileKeywordMain.groovy:64)
	at com.kms.katalon.core.mobile.keyword.builtin.TapKeyword$_tap_closure1.doCall(TapKeyword.groovy:46)
	at com.kms.katalon.core.mobile.keyword.builtin.TapKeyword$_tap_closure1.call(TapKeyword.groovy)
	at com.kms.katalon.core.mobile.keyword.internal.MobileKeywordMain.runKeyword(MobileKeywordMain.groovy:30)
	... 20 more]]></system-out>
      <system-err><![CDATA[25-03-2025T03:54:04 - [TEST_SUITE][FAILED] - Sprint 2---Android: Test Cases/Sprint 2/WRMA-56/C699 FAILED.
Reason:
com.kms.katalon.core.exception.StepFailedException: Failed to tap on element 'Object Repository/Repo/android.widget.Button -OAM(Login)'
	at com.kms.katalon.core.mobile.keyword.internal.MobileKeywordMain.stepFailed(MobileKeywordMain.groovy:64)
	at com.kms.katalon.core.mobile.keyword.internal.MobileKeywordMain.runKeyword(MobileKeywordMain.groovy:34)
	at com.kms.katalon.core.mobile.keyword.builtin.TapKeyword.tap(TapKeyword.groovy:51)
	at com.kms.katalon.core.mobile.keyword.builtin.TapKeyword.execute(TapKeyword.groovy:35)
	at com.kms.katalon.core.keyword.internal.KeywordExecutor.executeKeywordForPlatform(KeywordExecutor.groovy:74)
	at com.kms.katalon.core.mobile.keyword.MobileBuiltInKeywords.tap(MobileBuiltInKeywords.groovy:1461)
	at C699.run(C699:144)
	at com.kms.katalon.core.main.ScriptEngine.run(ScriptEngine.java:194)
	at com.kms.katalon.core.main.ScriptEngine.runScriptAsRawText(ScriptEngine.java:119)
	at com.kms.katalon.core.main.TestCaseExecutor.runScript(TestCaseExecutor.java:448)
	at com.kms.katalon.core.main.TestCaseExecutor.doExecute(TestCaseExecutor.java:439)
	at com.kms.katalon.core.main.TestCaseExecutor.processExecutionPhase(TestCaseExecutor.java:418)
	at com.kms.katalon.core.main.TestCaseExecutor.accessMainPhase(TestCaseExecutor.java:410)
	at com.kms.katalon.core.main.TestCaseExecutor.execute(TestCaseExecutor.java:285)
	at com.kms.katalon.core.common.CommonExecutor.accessTestCaseMainPhase(CommonExecutor.java:71)
	at com.kms.katalon.core.main.TestSuiteExecutor.accessTestSuiteMainPhase(TestSuiteExecutor.java:160)
	at com.kms.katalon.core.main.TestSuiteExecutor.execute(TestSuiteExecutor.java:107)
	at com.kms.katalon.core.main.TestCaseMain.startTestSuite(TestCaseMain.java:180)
	at TempTestSuite1742900034913.run(TempTestSuite1742900034913.groovy:35)
	at java.base/jdk.internal.reflect.NativeMethodAccessorImpl.invoke0(Native Method)
	at java.base/jdk.internal.reflect.NativeMethodAccessorImpl.invoke(NativeMethodAccessorImpl.java:77)
	at java.base/jdk.internal.reflect.DelegatingMethodAccessorImpl.invoke(DelegatingMethodAccessorImpl.java:43)
Caused by: com.kms.katalon.core.exception.StepFailedException: Object Object Repository/Repo/android.widget.Button -OAM(Login) not found
	at com.kms.katalon.core.mobile.keyword.internal.MobileKeywordMain.stepFailed(MobileKeywordMain.groovy:64)
	at com.kms.katalon.core.mobile.keyword.builtin.TapKeyword$_tap_closure1.doCall(TapKeyword.groovy:46)
	at com.kms.katalon.core.mobile.keyword.builtin.TapKeyword$_tap_closure1.call(TapKeyword.groovy)
	at com.kms.katalon.core.mobile.keyword.internal.MobileKeywordMain.runKeyword(MobileKeywordMain.groovy:30)
	... 20 more]]></system-err>
   </testsuite>
</testsuites>
