<?xml version="1.0" encoding="UTF-8"?>
<testsuites name="WRMA Sprint1 and Sprint2 Android Report" time="6652.057" tests="27" failures="0" errors="0">
   <testsuite name="WRMA Sprint1 and Sprint2 Android Report" tests="27" failures="0" errors="0" time="6652.057" skipped="0" timestamp="25-03-2025T05:35:42" hostname="**********" id="Test Suites/WRMA Sprint1 and Sprint2 Android Report">
      <properties>
         <property name="deviceName" value="samsung SM-A146B (Android 14)"/>
         <property name="devicePlatform" value="Android"/>
         <property name="logFolder" value="C:\\Users\\GVVignesh\\Katalon Studio\\WGR-Android-Automation\\Reports\\20250325_053528\\WRMA Sprint1 and Sprint2 Android Report\\20250325_053528"/>
         <property name="logFiles" value="C:\\Users\\GVVignesh\\Katalon Studio\\WGR-Android-Automation\\Reports\\20250325_053528\\WRMA Sprint1 and Sprint2 Android Report\\20250325_053528\\appium.log, C:\\Users\\GVVignesh\\Katalon Studio\\WGR-Android-Automation\\Reports\\20250325_053528\\WRMA Sprint1 and Sprint2 Android Report\\20250325_053528\\appium_error.log, C:\\Users\\GVVignesh\\Katalon Studio\\WGR-Android-Automation\\Reports\\20250325_053528\\WRMA Sprint1 and Sprint2 Android Report\\20250325_053528\\execution0.log"/>
         <property name="attachments" value="C:\\Users\\GVVignesh\\Katalon Studio\\WGR-Android-Automation\\Reports\\20250325_053528\\WRMA Sprint1 and Sprint2 Android Report\\20250325_053528\\1742907508612.png, C:\\Users\\GVVignesh\\Katalon Studio\\WGR-Android-Automation\\Reports\\20250325_053528\\WRMA Sprint1 and Sprint2 Android Report\\20250325_053528\\1742907509929.png, C:\\Users\\GVVignesh\\Katalon Studio\\WGR-Android-Automation\\Reports\\20250325_053528\\WRMA Sprint1 and Sprint2 Android Report\\20250325_053528\\1742907562261.png, C:\\Users\\GVVignesh\\Katalon Studio\\WGR-Android-Automation\\Reports\\20250325_053528\\WRMA Sprint1 and Sprint2 Android Report\\20250325_053528\\1742907563840.png, C:\\Users\\GVVignesh\\Katalon Studio\\WGR-Android-Automation\\Reports\\20250325_053528\\WRMA Sprint1 and Sprint2 Android Report\\20250325_053528\\1742907763328.png, C:\\Users\\GVVignesh\\Katalon Studio\\WGR-Android-Automation\\Reports\\20250325_053528\\WRMA Sprint1 and Sprint2 Android Report\\20250325_053528\\1742907766166.png, C:\\Users\\GVVignesh\\Katalon Studio\\WGR-Android-Automation\\Reports\\20250325_053528\\WRMA Sprint1 and Sprint2 Android Report\\20250325_053528\\1742909198702.png, C:\\Users\\GVVignesh\\Katalon Studio\\WGR-Android-Automation\\Reports\\20250325_053528\\WRMA Sprint1 and Sprint2 Android Report\\20250325_053528\\1742909201292.png, C:\\Users\\GVVignesh\\Katalon Studio\\WGR-Android-Automation\\Reports\\20250325_053528\\WRMA Sprint1 and Sprint2 Android Report\\20250325_053528\\1742909464910.png, C:\\Users\\GVVignesh\\Katalon Studio\\WGR-Android-Automation\\Reports\\20250325_053528\\WRMA Sprint1 and Sprint2 Android Report\\20250325_053528\\1742909467453.png, C:\Users\GVVIGN~1\AppData\Local\Temp\error_screenshot.png, C:\\Users\\GVVignesh\\Katalon Studio\\WGR-Android-Automation\\Reports\\20250325_053528\\WRMA Sprint1 and Sprint2 Android Report\\20250325_053528\\1742910074136.png, C:\\Users\\GVVignesh\\Katalon Studio\\WGR-Android-Automation\\Reports\\20250325_053528\\WRMA Sprint1 and Sprint2 Android Report\\20250325_053528\\1742910075314.png, C:\\Users\\GVVignesh\\Katalon Studio\\WGR-Android-Automation\\Reports\\20250325_053528\\WRMA Sprint1 and Sprint2 Android Report\\20250325_053528\\1742911622816.png, C:\\Users\\GVVignesh\\Katalon Studio\\WGR-Android-Automation\\Reports\\20250325_053528\\WRMA Sprint1 and Sprint2 Android Report\\20250325_053528\\1742911624020.png, C:\\Users\\GVVignesh\\Katalon Studio\\WGR-Android-Automation\\Reports\\20250325_053528\\WRMA Sprint1 and Sprint2 Android Report\\20250325_053528\\1742912114513.png, C:\\Users\\GVVignesh\\Katalon Studio\\WGR-Android-Automation\\Reports\\20250325_053528\\WRMA Sprint1 and Sprint2 Android Report\\20250325_053528\\1742912115745.png"/>
         <property name="hostName" value="**********"/>
         <property name="os" value="Windows 11 64bit"/>
         <property name="appiumServerStatus" value="{&quot;value&quot;:{&quot;ready&quot;:true,&quot;message&quot;:&quot;The server is ready to accept new connections&quot;,&quot;build&quot;:{&quot;version&quot;:&quot;2.16.0&quot;}}}"/>
         <property name="katalonVersion" value="10.1.1.0"/>
         <property name="deviceOS" value="Android"/>
         <property name="appiumVersion" value="2.16.0"/>
         <property name="deviceModel" value="SM-A146B"/>
         <property name="hostAddress" value="**********"/>
         <property name="deviceManufacturer" value="samsung"/>
         <property name="deviceId" value="adb-RZCW811B2MK-cCoIXY._adb-tls-connect._tcp"/>
         <property name="deviceName" value="samsung SM-A146B (Android 14)"/>
         <property name="deviceOSVersion" value="14"/>
      </properties>
      <testcase name="Test Cases/Sprint 1/Internal Demo-Sprint1/C658-C667-C668" time="263.249" classname="Test Cases/Sprint 1/Internal Demo-Sprint1/C658-C667-C668" status="PASSED">
         <system-out><![CDATA[25-03-2025T05:35:42 - [TEST_CASE][PASSED] - Test Cases/Sprint 1/Internal Demo-Sprint1/C658-C667-C668: Test Cases/Sprint 1/Internal Demo-Sprint1/C658-C667-C668

25-03-2025T05:35:42 - [TEST_STEP][PASSED] - startApplication("C:\Users\GVVignesh\git\WGR_Android\App Folder\universal.apk", true): Started application: 'C:\Users\GVVignesh\git\WGR_Android\App Folder\universal.apk'

25-03-2025T05:35:42 - [MESSAGE][INFO] - Starting application: 'C:\Users\GVVignesh\git\WGR_Android\App Folder\universal.apk'

25-03-2025T05:35:43 - [MESSAGE][INFO] - User set preference: ['deviceId', '']

25-03-2025T05:35:43 - [MESSAGE][INFO] - Detected NodeJS location: "C:\Program Files\nodejs\node.exe"

25-03-2025T05:35:53 - [MESSAGE][INFO] - PATH: C:\Program Files\nodejs;

25-03-2025T05:35:53 - [MESSAGE][INFO] - APPIUM_HOME: C:\Users\GVVignesh\.appium

25-03-2025T05:35:53 - [MESSAGE][INFO] - appium outlog: C:\Users\GVVignesh\Katalon Studio\WGR-Android-Automation\Reports\20250325_053528\WRMA Sprint1 and Sprint2 Android Report\20250325_053528\appium.log

25-03-2025T05:35:53 - [MESSAGE][INFO] - appium errlog: C:\Users\GVVignesh\Katalon Studio\WGR-Android-Automation\Reports\20250325_053528\WRMA Sprint1 and Sprint2 Android Report\20250325_053528\appium_error.log

25-03-2025T05:35:56 - [MESSAGE][INFO] - Appium server started on port 51,784

25-03-2025T05:36:32 - [MESSAGE][PASSED] - Started application: 'C:\Users\GVVignesh\git\WGR_Android\App Folder\universal.apk'

25-03-2025T05:36:32 - [TEST_STEP][PASSED] - delay(3): Delayed 3 second(s)

25-03-2025T05:36:35 - [MESSAGE][PASSED] - Delayed 3 second(s)

25-03-2025T05:36:35 - [TEST_STEP][PASSED] - verifyElementExist(findTestObject("Object Repository/Repo/android.widget.TextView - Youre Moments Away FromCustomized Vacation Experiences"), 0): Element 'Object Repository/Repo/android.widget.TextView - Youre Moments Away FromCustomized Vacation Experiences' is exist

25-03-2025T05:36:35 - [MESSAGE][WARNING] - Timeout '0' is invalid. Using default page load timeout: '30'

25-03-2025T05:36:38 - [MESSAGE][PASSED] - Element 'Object Repository/Repo/android.widget.TextView - Youre Moments Away FromCustomized Vacation Experiences' is exist

25-03-2025T05:36:38 - [TEST_STEP][PASSED] - delay(3): Delayed 3 second(s)

25-03-2025T05:36:41 - [MESSAGE][PASSED] - Delayed 3 second(s)

25-03-2025T05:36:41 - [TEST_STEP][PASSED] - text = getText(findTestObject("Object Repository/Repo/android.widget.TextView - Youre Moments Away FromCustomized Vacation Experiences"), 0): Text of element 'Object Repository/Repo/android.widget.TextView - Youre Moments Away FromCustomized Vacation Experiences' is: 'You’re Moments Away From
Customized Vacation Experiences.'

25-03-2025T05:36:41 - [MESSAGE][WARNING] - Timeout '0' is invalid. Using default page load timeout: '30'

25-03-2025T05:36:41 - [MESSAGE][PASSED] - Text of element 'Object Repository/Repo/android.widget.TextView - Youre Moments Away FromCustomized Vacation Experiences' is: 'You’re Moments Away From
Customized Vacation Experiences.'

25-03-2025T05:36:41 - [TEST_STEP][PASSED] - println("Text: " + text): null

25-03-2025T05:36:41 - [TEST_STEP][PASSED] - delay(3): Delayed 3 second(s)

25-03-2025T05:36:44 - [MESSAGE][PASSED] - Delayed 3 second(s)

25-03-2025T05:36:44 - [TEST_STEP][PASSED] - verifyElementExist(findTestObject("Object Repository/Repo/android.widget.Button - Login or Sign Up"), 0): Element 'Object Repository/Repo/android.widget.Button - Login or Sign Up' is exist

25-03-2025T05:36:44 - [MESSAGE][WARNING] - Timeout '0' is invalid. Using default page load timeout: '30'

25-03-2025T05:36:45 - [MESSAGE][PASSED] - Element 'Object Repository/Repo/android.widget.Button - Login or Sign Up' is exist

25-03-2025T05:36:45 - [TEST_STEP][PASSED] - delay(3): Delayed 3 second(s)

25-03-2025T05:36:48 - [MESSAGE][PASSED] - Delayed 3 second(s)

25-03-2025T05:36:48 - [TEST_STEP][PASSED] - verifyElementExist(findTestObject("Object Repository/Repo/android.view.View - Home"), 0): Element 'Object Repository/Repo/android.view.View - Home' is exist

25-03-2025T05:36:48 - [MESSAGE][WARNING] - Timeout '0' is invalid. Using default page load timeout: '30'

25-03-2025T05:36:48 - [MESSAGE][PASSED] - Element 'Object Repository/Repo/android.view.View - Home' is exist

25-03-2025T05:36:48 - [TEST_STEP][PASSED] - delay(3): Delayed 3 second(s)

25-03-2025T05:36:51 - [MESSAGE][PASSED] - Delayed 3 second(s)

25-03-2025T05:36:51 - [TEST_STEP][PASSED] - verifyElementExist(findTestObject("Object Repository/Repo/android.view.View - My Account"), 0): Element 'Object Repository/Repo/android.view.View - My Account' is exist

25-03-2025T05:36:51 - [MESSAGE][WARNING] - Timeout '0' is invalid. Using default page load timeout: '30'

25-03-2025T05:36:51 - [MESSAGE][PASSED] - Element 'Object Repository/Repo/android.view.View - My Account' is exist

25-03-2025T05:36:51 - [TEST_STEP][PASSED] - delay(3): Delayed 3 second(s)

25-03-2025T05:36:54 - [MESSAGE][PASSED] - Delayed 3 second(s)

25-03-2025T05:36:54 - [TEST_STEP][PASSED] - tap(findTestObject("Object Repository/Repo/android.widget.TextView - Vacation More. Get More"), 0): Tapped on element 'Object Repository/Repo/android.widget.TextView - Vacation More. Get More'

25-03-2025T05:36:54 - [MESSAGE][WARNING] - Timeout '0' is invalid. Using default page load timeout: '30'

25-03-2025T05:36:55 - [MESSAGE][PASSED] - Tapped on element 'Object Repository/Repo/android.widget.TextView - Vacation More. Get More'

25-03-2025T05:36:55 - [TEST_STEP][PASSED] - delay(3): Delayed 3 second(s)

25-03-2025T05:36:58 - [MESSAGE][PASSED] - Delayed 3 second(s)

25-03-2025T05:36:58 - [TEST_STEP][PASSED] - verifyElementVisible(findTestObject("Object Repository/Repo/android.widget.TextView - Vacation More. Get More"), 0): Element 'Object Repository/Repo/android.widget.TextView - Vacation More. Get More' is visible

25-03-2025T05:36:58 - [MESSAGE][WARNING] - Timeout '0' is invalid. Using default page load timeout: '30'

25-03-2025T05:36:59 - [MESSAGE][PASSED] - Element 'Object Repository/Repo/android.widget.TextView - Vacation More. Get More' is visible

25-03-2025T05:36:59 - [TEST_STEP][PASSED] - delay(3): Delayed 3 second(s)

25-03-2025T05:37:02 - [MESSAGE][PASSED] - Delayed 3 second(s)

25-03-2025T05:37:02 - [TEST_STEP][PASSED] - verifyElementVisible(findTestObject("Object Repository/Repo/android.widget.TextView - Explore Westgate Loyalty"), 0): Element 'Object Repository/Repo/android.widget.TextView - Explore Westgate Loyalty' is visible

25-03-2025T05:37:02 - [MESSAGE][WARNING] - Timeout '0' is invalid. Using default page load timeout: '30'

25-03-2025T05:37:03 - [MESSAGE][PASSED] - Element 'Object Repository/Repo/android.widget.TextView - Explore Westgate Loyalty' is visible

25-03-2025T05:37:03 - [TEST_STEP][PASSED] - delay(3): Delayed 3 second(s)

25-03-2025T05:37:06 - [MESSAGE][PASSED] - Delayed 3 second(s)

25-03-2025T05:37:06 - [TEST_STEP][PASSED] - tap(findTestObject("Object Repository/Repo/android.widget.TextView - Continue as a Guest"), 0): Tapped on element 'Object Repository/Repo/android.widget.TextView - Continue as a Guest'

25-03-2025T05:37:06 - [MESSAGE][WARNING] - Timeout '0' is invalid. Using default page load timeout: '30'

25-03-2025T05:37:06 - [MESSAGE][PASSED] - Tapped on element 'Object Repository/Repo/android.widget.TextView - Continue as a Guest'

25-03-2025T05:37:06 - [TEST_STEP][PASSED] - isElementVisible = waitForElementPresent(findTestObject("Object Repository/Repo/android.widget.TextView - Continue as a Guest"), 10): Element 'Object Repository/Repo/android.widget.TextView - Continue as a Guest' is present

25-03-2025T05:37:07 - [MESSAGE][PASSED] - Element 'Object Repository/Repo/android.widget.TextView - Continue as a Guest' is present

25-03-2025T05:37:07 - [TEST_STEP][PASSED] - if (!(isElementVisible)): null

25-03-2025T05:37:07 - [TEST_STEP][PASSED] - else: Success: Tapped on 'Continue as a Guest' and expected element is present.

25-03-2025T05:37:07 - [TEST_STEP][PASSED] - logInfo("Success: Tapped on 'Continue as a Guest' and expected element is present."): Success: Tapped on 'Continue as a Guest' and expected element is present.

25-03-2025T05:37:07 - [MESSAGE][INFO] - Success: Tapped on 'Continue as a Guest' and expected element is present.

25-03-2025T05:37:07 - [TEST_STEP][PASSED] - delay(5): Delayed 5 second(s)

25-03-2025T05:37:12 - [MESSAGE][PASSED] - Delayed 5 second(s)

25-03-2025T05:37:12 - [TEST_STEP][PASSED] - tap(findTestObject("Object Repository/Repo/android.widget.Button - menu"), 0): Tapped on element 'Object Repository/Repo/android.widget.Button - menu'

25-03-2025T05:37:12 - [MESSAGE][WARNING] - Timeout '0' is invalid. Using default page load timeout: '30'

25-03-2025T05:37:12 - [MESSAGE][PASSED] - Tapped on element 'Object Repository/Repo/android.widget.Button - menu'

25-03-2025T05:37:12 - [TEST_STEP][PASSED] - delay(30): Delayed 30 second(s)

25-03-2025T05:37:42 - [MESSAGE][PASSED] - Delayed 30 second(s)

25-03-2025T05:37:42 - [TEST_STEP][PASSED] - tap(findTestObject("Object Repository/Repo/android.widget.TextView - Terms and Conditions-Menu"), 0): Tapped on element 'Object Repository/Repo/android.widget.TextView - Terms and Conditions-Menu'

25-03-2025T05:37:42 - [MESSAGE][WARNING] - Timeout '0' is invalid. Using default page load timeout: '30'

25-03-2025T05:37:44 - [MESSAGE][PASSED] - Tapped on element 'Object Repository/Repo/android.widget.TextView - Terms and Conditions-Menu'

25-03-2025T05:37:44 - [TEST_STEP][PASSED] - delay(30): Delayed 30 second(s)

25-03-2025T05:38:14 - [MESSAGE][PASSED] - Delayed 30 second(s)

25-03-2025T05:38:14 - [TEST_STEP][PASSED] - isElementPresent = verifyElementExist(findTestObject("Object Repository/Repo/android.view.View-Terms and conditions web"), 10): Element 'Object Repository/Repo/android.view.View-Terms and conditions web' is exist

25-03-2025T05:38:14 - [MESSAGE][PASSED] - Element 'Object Repository/Repo/android.view.View-Terms and conditions web' is exist

25-03-2025T05:38:14 - [TEST_STEP][PASSED] - assert isElementPresent : "Element 'android.view.View - Terms & Conditions-Webview' does not exist": null

25-03-2025T05:38:14 - [TEST_STEP][PASSED] - println(Element exists: $isElementPresent): null

25-03-2025T05:38:14 - [TEST_STEP][PASSED] - delay(30): Delayed 30 second(s)

25-03-2025T05:38:44 - [MESSAGE][PASSED] - Delayed 30 second(s)

25-03-2025T05:38:44 - [TEST_STEP][PASSED] - tap(findTestObject("Object Repository/Repo/android.widget.ImageButton-Cancel web"), 0): Tapped on element 'Object Repository/Repo/android.widget.ImageButton-Cancel web'

25-03-2025T05:38:44 - [MESSAGE][WARNING] - Timeout '0' is invalid. Using default page load timeout: '30'

25-03-2025T05:38:45 - [MESSAGE][PASSED] - Tapped on element 'Object Repository/Repo/android.widget.ImageButton-Cancel web'

25-03-2025T05:38:45 - [TEST_STEP][PASSED] - delay(15): Delayed 15 second(s)

25-03-2025T05:39:00 - [MESSAGE][PASSED] - Delayed 15 second(s)

25-03-2025T05:39:00 - [TEST_STEP][PASSED] - tap(findTestObject("Object Repository/Repo/android.widget.Button - menu"), 0): Tapped on element 'Object Repository/Repo/android.widget.Button - menu'

25-03-2025T05:39:00 - [MESSAGE][WARNING] - Timeout '0' is invalid. Using default page load timeout: '30'

25-03-2025T05:39:00 - [MESSAGE][PASSED] - Tapped on element 'Object Repository/Repo/android.widget.Button - menu'

25-03-2025T05:39:00 - [TEST_STEP][PASSED] - delay(30): Delayed 30 second(s)

25-03-2025T05:39:30 - [MESSAGE][PASSED] - Delayed 30 second(s)

25-03-2025T05:39:30 - [TEST_STEP][PASSED] - tap(findTestObject("Object Repository/Repo/android.widget.TextView - Privacy Policy-Menu"), 0): Tapped on element 'Object Repository/Repo/android.widget.TextView - Privacy Policy-Menu'

25-03-2025T05:39:30 - [MESSAGE][WARNING] - Timeout '0' is invalid. Using default page load timeout: '30'

25-03-2025T05:39:31 - [MESSAGE][PASSED] - Tapped on element 'Object Repository/Repo/android.widget.TextView - Privacy Policy-Menu'

25-03-2025T05:39:31 - [TEST_STEP][PASSED] - delay(30): Delayed 30 second(s)

25-03-2025T05:40:01 - [MESSAGE][PASSED] - Delayed 30 second(s)

25-03-2025T05:40:01 - [TEST_STEP][PASSED] - isPrivacyElementPresent = verifyElementExist(findTestObject("Object Repository/Repo/android.widget.TextView - Privacy Policy-web"), 0): Element 'Object Repository/Repo/android.widget.TextView - Privacy Policy-web' is exist

25-03-2025T05:40:01 - [MESSAGE][WARNING] - Timeout '0' is invalid. Using default page load timeout: '30'

25-03-2025T05:40:01 - [MESSAGE][PASSED] - Element 'Object Repository/Repo/android.widget.TextView - Privacy Policy-web' is exist

25-03-2025T05:40:01 - [TEST_STEP][PASSED] - assert isPrivacyElementPresent : "Element 'android.widget.TextView - Privacy Policy-web' does not exist": null

25-03-2025T05:40:01 - [TEST_STEP][PASSED] - println(Element exists: $isPrivacyElementPresent): null

25-03-2025T05:40:01 - [TEST_STEP][PASSED] - closeApplication(): Close app successfully

25-03-2025T05:40:05 - [MESSAGE][PASSED] - Close app successfully]]></system-out>
         <system-err><![CDATA[]]></system-err>
      </testcase>
      <testcase name="Test Cases/Sprint 1/Internal Demo-Sprint1/C735-C736" time="372.004" classname="Test Cases/Sprint 1/Internal Demo-Sprint1/C735-C736" status="PASSED">
         <system-out><![CDATA[25-03-2025T05:40:05 - [TEST_CASE][PASSED] - Test Cases/Sprint 1/Internal Demo-Sprint1/C735-C736: Test Cases/Sprint 1/Internal Demo-Sprint1/C735-C736

25-03-2025T05:40:05 - [TEST_STEP][PASSED] - loginData = findTestData("Data Files/C735 (1)"): null

25-03-2025T05:40:06 - [TEST_STEP][PASSED] - email = loginData.getValue("email", 1): null

25-03-2025T05:40:06 - [TEST_STEP][PASSED] - password = loginData.getValue("password", 1): null

25-03-2025T05:40:06 - [TEST_STEP][PASSED] - startApplication("C:\Users\GVVignesh\git\WGR_Android\App Folder\app-debug.apk", true, STOP_ON_FAILURE): Started application: 'C:\Users\GVVignesh\git\WGR_Android\App Folder\app-debug.apk'

25-03-2025T05:40:06 - [MESSAGE][INFO] - Starting application: 'C:\Users\GVVignesh\git\WGR_Android\App Folder\app-debug.apk'

25-03-2025T05:40:06 - [MESSAGE][INFO] - User set preference: ['deviceId', '']

25-03-2025T05:40:07 - [MESSAGE][INFO] - Detected NodeJS location: "C:\Program Files\nodejs\node.exe"

25-03-2025T05:40:17 - [MESSAGE][INFO] - PATH: C:\Program Files\nodejs;

25-03-2025T05:40:17 - [MESSAGE][INFO] - APPIUM_HOME: C:\Users\GVVignesh\.appium

25-03-2025T05:40:17 - [MESSAGE][INFO] - appium outlog: C:\Users\GVVignesh\Katalon Studio\WGR-Android-Automation\Reports\20250325_053528\WRMA Sprint1 and Sprint2 Android Report\20250325_053528\appium.log

25-03-2025T05:40:17 - [MESSAGE][INFO] - appium errlog: C:\Users\GVVignesh\Katalon Studio\WGR-Android-Automation\Reports\20250325_053528\WRMA Sprint1 and Sprint2 Android Report\20250325_053528\appium_error.log

25-03-2025T05:40:22 - [MESSAGE][INFO] - Appium server started on port 52,213

25-03-2025T05:40:58 - [MESSAGE][PASSED] - Started application: 'C:\Users\GVVignesh\git\WGR_Android\App Folder\app-debug.apk'

25-03-2025T05:40:58 - [TEST_STEP][PASSED] - delay(5): Delayed 5 second(s)

25-03-2025T05:41:03 - [MESSAGE][PASSED] - Delayed 5 second(s)

25-03-2025T05:41:03 - [TEST_STEP][PASSED] - tap(findTestObject("Object Repository/Repo/android.widget.Button - Login or Sign Up"), 0, STOP_ON_FAILURE): Tapped on element 'Object Repository/Repo/android.widget.Button - Login or Sign Up'

25-03-2025T05:41:03 - [MESSAGE][WARNING] - Timeout '0' is invalid. Using default page load timeout: '30'

25-03-2025T05:41:06 - [MESSAGE][PASSED] - Tapped on element 'Object Repository/Repo/android.widget.Button - Login or Sign Up'

25-03-2025T05:41:06 - [TEST_STEP][PASSED] - delay(10): Delayed 10 second(s)

25-03-2025T05:41:16 - [MESSAGE][PASSED] - Delayed 10 second(s)

25-03-2025T05:41:16 - [TEST_STEP][PASSED] - setText(findTestObject("Object Repository/Repo/android.widget.EditText-LoginorSignUp"), email, 0, STOP_ON_FAILURE): Text '0225109tm@wg.com' has been set to element 'Object Repository/Repo/android.widget.EditText-LoginorSignUp'

25-03-2025T05:41:16 - [MESSAGE][WARNING] - Timeout '0' is invalid. Using default page load timeout: '30'

25-03-2025T05:41:16 - [MESSAGE][PASSED] - Text '0225109tm@wg.com' has been set to element 'Object Repository/Repo/android.widget.EditText-LoginorSignUp'

25-03-2025T05:41:16 - [TEST_STEP][PASSED] - hideKeyboard(): Keyboard is hidden

25-03-2025T05:41:18 - [MESSAGE][PASSED] - Keyboard is hidden

25-03-2025T05:41:18 - [TEST_STEP][PASSED] - delay(10): Delayed 10 second(s)

25-03-2025T05:41:28 - [MESSAGE][PASSED] - Delayed 10 second(s)

25-03-2025T05:41:28 - [TEST_STEP][PASSED] - tap(findTestObject("Object Repository/Repo/android.widget.Button - Next"), 0, STOP_ON_FAILURE): Tapped on element 'Object Repository/Repo/android.widget.Button - Next'

25-03-2025T05:41:28 - [MESSAGE][WARNING] - Timeout '0' is invalid. Using default page load timeout: '30'

25-03-2025T05:41:28 - [MESSAGE][PASSED] - Tapped on element 'Object Repository/Repo/android.widget.Button - Next'

25-03-2025T05:41:28 - [TEST_STEP][PASSED] - delay(30): Delayed 30 second(s)

25-03-2025T05:41:58 - [MESSAGE][PASSED] - Delayed 30 second(s)

25-03-2025T05:41:58 - [TEST_STEP][PASSED] - setText(findTestObject("Object Repository/Repo/android.widget.EditText-OAM(Login)"), email, 0, STOP_ON_FAILURE): Text '0225109tm@wg.com' has been set to element 'Object Repository/Repo/android.widget.EditText-OAM(Login)'

25-03-2025T05:41:58 - [MESSAGE][WARNING] - Timeout '0' is invalid. Using default page load timeout: '30'

25-03-2025T05:42:00 - [MESSAGE][PASSED] - Text '0225109tm@wg.com' has been set to element 'Object Repository/Repo/android.widget.EditText-OAM(Login)'

25-03-2025T05:42:00 - [TEST_STEP][PASSED] - hideKeyboard(): Keyboard is hidden

25-03-2025T05:42:01 - [MESSAGE][PASSED] - Keyboard is hidden

25-03-2025T05:42:01 - [TEST_STEP][PASSED] - delay(30): Delayed 30 second(s)

25-03-2025T05:42:31 - [MESSAGE][PASSED] - Delayed 30 second(s)

25-03-2025T05:42:31 - [TEST_STEP][PASSED] - setText(findTestObject("Object Repository/Repo/android.widget.EditText-OAM(Password)"), password, 0, STOP_ON_FAILURE): Text 'password' has been set to element 'Object Repository/Repo/android.widget.EditText-OAM(Password)'

25-03-2025T05:42:31 - [MESSAGE][WARNING] - Timeout '0' is invalid. Using default page load timeout: '30'

25-03-2025T05:42:32 - [MESSAGE][PASSED] - Text 'password' has been set to element 'Object Repository/Repo/android.widget.EditText-OAM(Password)'

25-03-2025T05:42:32 - [TEST_STEP][PASSED] - hideKeyboard(): Keyboard is hidden

25-03-2025T05:42:32 - [MESSAGE][PASSED] - Keyboard is hidden

25-03-2025T05:42:32 - [TEST_STEP][PASSED] - delay(30): Delayed 30 second(s)

25-03-2025T05:43:02 - [MESSAGE][PASSED] - Delayed 30 second(s)

25-03-2025T05:43:02 - [TEST_STEP][PASSED] - tap(findTestObject("Object Repository/Repo/android.widget.Button -OAM(Login)"), 0, STOP_ON_FAILURE): Tapped on element 'Object Repository/Repo/android.widget.Button -OAM(Login)'

25-03-2025T05:43:02 - [MESSAGE][WARNING] - Timeout '0' is invalid. Using default page load timeout: '30'

25-03-2025T05:43:03 - [MESSAGE][PASSED] - Tapped on element 'Object Repository/Repo/android.widget.Button -OAM(Login)'

25-03-2025T05:43:03 - [TEST_STEP][PASSED] - delay(10): Delayed 10 second(s)

25-03-2025T05:43:13 - [MESSAGE][PASSED] - Delayed 10 second(s)

25-03-2025T05:43:13 - [TEST_STEP][PASSED] - tap(findTestObject("Object Repository/Repo/android.view.View - Home"), 0, STOP_ON_FAILURE): Tapped on element 'Object Repository/Repo/android.view.View - Home'

25-03-2025T05:43:13 - [MESSAGE][WARNING] - Timeout '0' is invalid. Using default page load timeout: '30'

25-03-2025T05:43:13 - [MESSAGE][PASSED] - Tapped on element 'Object Repository/Repo/android.view.View - Home'

25-03-2025T05:43:13 - [TEST_STEP][PASSED] - delay(5): Delayed 5 second(s)

25-03-2025T05:43:18 - [MESSAGE][PASSED] - Delayed 5 second(s)

25-03-2025T05:43:18 - [TEST_STEP][PASSED] - tap(findTestObject("Object Repository/Repo/android.widget.Button - menu"), 0, STOP_ON_FAILURE): Tapped on element 'Object Repository/Repo/android.widget.Button - menu'

25-03-2025T05:43:18 - [MESSAGE][WARNING] - Timeout '0' is invalid. Using default page load timeout: '30'

25-03-2025T05:43:19 - [MESSAGE][PASSED] - Tapped on element 'Object Repository/Repo/android.widget.Button - menu'

25-03-2025T05:43:19 - [TEST_STEP][PASSED] - delay(5): Delayed 5 second(s)

25-03-2025T05:43:24 - [MESSAGE][PASSED] - Delayed 5 second(s)

25-03-2025T05:43:24 - [TEST_STEP][PASSED] - if (waitForElementPresent(findTestObject("Object Repository/Repo/android.widget.TextView - Terms and Conditions-Menu"), 10, CONTINUE_ON_FAILURE)): null

25-03-2025T05:43:24 - [MESSAGE][PASSED] - Element 'Object Repository/Repo/android.widget.TextView - Terms and Conditions-Menu' is present

25-03-2025T05:43:24 - [TEST_STEP][PASSED] - tap(findTestObject("Object Repository/Repo/android.widget.TextView - Terms and Conditions-Menu"), 0, STOP_ON_FAILURE): Tapped on element 'Object Repository/Repo/android.widget.TextView - Terms and Conditions-Menu'

25-03-2025T05:43:24 - [MESSAGE][WARNING] - Timeout '0' is invalid. Using default page load timeout: '30'

25-03-2025T05:43:25 - [MESSAGE][PASSED] - Tapped on element 'Object Repository/Repo/android.widget.TextView - Terms and Conditions-Menu'

25-03-2025T05:43:25 - [TEST_STEP][PASSED] - delay(30): Delayed 30 second(s)

25-03-2025T05:43:55 - [MESSAGE][PASSED] - Delayed 30 second(s)

25-03-2025T05:43:55 - [TEST_STEP][PASSED] - if (waitForElementPresent(findTestObject("Object Repository/Repo/android.view.View-Terms and conditions web"), 30, CONTINUE_ON_FAILURE)): Object Object Repository/Repo/android.view.View-Terms and conditions web not found

25-03-2025T05:44:25 - [MESSAGE][WARNING] - Object Object Repository/Repo/android.view.View-Terms and conditions web not found

25-03-2025T05:44:25 - [TEST_STEP][PASSED] - else: null

25-03-2025T05:44:25 - [TEST_STEP][PASSED] - println("Element 'android.view.View - Terms & Conditions-Webview' does not exist after waiting."): null

25-03-2025T05:44:25 - [TEST_STEP][PASSED] - delay(30): Delayed 30 second(s)

25-03-2025T05:44:55 - [MESSAGE][PASSED] - Delayed 30 second(s)

25-03-2025T05:44:55 - [TEST_STEP][PASSED] - tap(findTestObject("Object Repository/Repo/android.widget.ImageButton-Cancel web"), 0, STOP_ON_FAILURE): Tapped on element 'Object Repository/Repo/android.widget.ImageButton-Cancel web'

25-03-2025T05:44:55 - [MESSAGE][WARNING] - Timeout '0' is invalid. Using default page load timeout: '30'

25-03-2025T05:44:55 - [MESSAGE][PASSED] - Tapped on element 'Object Repository/Repo/android.widget.ImageButton-Cancel web'

25-03-2025T05:44:55 - [TEST_STEP][PASSED] - delay(15): Delayed 15 second(s)

25-03-2025T05:45:10 - [MESSAGE][PASSED] - Delayed 15 second(s)

25-03-2025T05:45:10 - [TEST_STEP][PASSED] - tap(findTestObject("Object Repository/Repo/android.widget.Button - menu"), 0, STOP_ON_FAILURE): Tapped on element 'Object Repository/Repo/android.widget.Button - menu'

25-03-2025T05:45:10 - [MESSAGE][WARNING] - Timeout '0' is invalid. Using default page load timeout: '30'

25-03-2025T05:45:11 - [MESSAGE][PASSED] - Tapped on element 'Object Repository/Repo/android.widget.Button - menu'

25-03-2025T05:45:11 - [TEST_STEP][PASSED] - delay(30): Delayed 30 second(s)

25-03-2025T05:45:41 - [MESSAGE][PASSED] - Delayed 30 second(s)

25-03-2025T05:45:41 - [TEST_STEP][PASSED] - tap(findTestObject("Object Repository/Repo/android.widget.TextView - Privacy Policy-Menu"), 0, STOP_ON_FAILURE): Tapped on element 'Object Repository/Repo/android.widget.TextView - Privacy Policy-Menu'

25-03-2025T05:45:41 - [MESSAGE][WARNING] - Timeout '0' is invalid. Using default page load timeout: '30'

25-03-2025T05:45:41 - [MESSAGE][PASSED] - Tapped on element 'Object Repository/Repo/android.widget.TextView - Privacy Policy-Menu'

25-03-2025T05:45:41 - [TEST_STEP][PASSED] - delay(30): Delayed 30 second(s)

25-03-2025T05:46:11 - [MESSAGE][PASSED] - Delayed 30 second(s)

25-03-2025T05:46:11 - [TEST_STEP][PASSED] - if (waitForElementPresent(findTestObject("Object Repository/Repo/android.widget.TextView - Privacy Policy-web"), 30, CONTINUE_ON_FAILURE)): null

25-03-2025T05:46:12 - [MESSAGE][PASSED] - Element 'Object Repository/Repo/android.widget.TextView - Privacy Policy-web' is present

25-03-2025T05:46:12 - [TEST_STEP][PASSED] - println("Element 'android.widget.TextView - Privacy Policy-web' exists."): null

25-03-2025T05:46:12 - [TEST_STEP][PASSED] - closeApplication(): Close app successfully

25-03-2025T05:46:17 - [MESSAGE][PASSED] - Close app successfully]]></system-out>
         <system-err><![CDATA[]]></system-err>
      </testcase>
      <testcase name="Test Cases/Sprint 2/WRMA-119/C764" time="244.396" classname="Test Cases/Sprint 2/WRMA-119/C764" status="PASSED">
         <system-out><![CDATA[25-03-2025T05:46:17 - [TEST_CASE][PASSED] - Test Cases/Sprint 2/WRMA-119/C764: Test Cases/Sprint 2/WRMA-119/C764

25-03-2025T05:46:17 - [TEST_STEP][PASSED] - startApplication("C:\Users\GVVignesh\git\WGR_Android\App Folder\app-debug.apk", true): Started application: 'C:\Users\GVVignesh\git\WGR_Android\App Folder\app-debug.apk'

25-03-2025T05:46:17 - [MESSAGE][INFO] - Starting application: 'C:\Users\GVVignesh\git\WGR_Android\App Folder\app-debug.apk'

25-03-2025T05:46:17 - [MESSAGE][INFO] - User set preference: ['deviceId', '']

25-03-2025T05:46:17 - [MESSAGE][INFO] - Detected NodeJS location: "C:\Program Files\nodejs\node.exe"

25-03-2025T05:46:28 - [MESSAGE][INFO] - PATH: C:\Program Files\nodejs;

25-03-2025T05:46:28 - [MESSAGE][INFO] - APPIUM_HOME: C:\Users\GVVignesh\.appium

25-03-2025T05:46:28 - [MESSAGE][INFO] - appium outlog: C:\Users\GVVignesh\Katalon Studio\WGR-Android-Automation\Reports\20250325_053528\WRMA Sprint1 and Sprint2 Android Report\20250325_053528\appium.log

25-03-2025T05:46:28 - [MESSAGE][INFO] - appium errlog: C:\Users\GVVignesh\Katalon Studio\WGR-Android-Automation\Reports\20250325_053528\WRMA Sprint1 and Sprint2 Android Report\20250325_053528\appium_error.log

25-03-2025T05:46:31 - [MESSAGE][INFO] - Appium server started on port 52,864

25-03-2025T05:47:39 - [MESSAGE][PASSED] - Started application: 'C:\Users\GVVignesh\git\WGR_Android\App Folder\app-debug.apk'

25-03-2025T05:47:39 - [TEST_STEP][PASSED] - delay(10): Delayed 10 second(s)

25-03-2025T05:47:49 - [MESSAGE][PASSED] - Delayed 10 second(s)

25-03-2025T05:47:49 - [TEST_STEP][PASSED] - verifyElementExist(findTestObject("Object Repository/Repo/android.view.View - Home"), 0): Element 'Object Repository/Repo/android.view.View - Home' is exist

25-03-2025T05:47:49 - [MESSAGE][WARNING] - Timeout '0' is invalid. Using default page load timeout: '30'

25-03-2025T05:47:49 - [MESSAGE][PASSED] - Element 'Object Repository/Repo/android.view.View - Home' is exist

25-03-2025T05:47:49 - [TEST_STEP][PASSED] - delay(5): Delayed 5 second(s)

25-03-2025T05:47:54 - [MESSAGE][PASSED] - Delayed 5 second(s)

25-03-2025T05:47:54 - [TEST_STEP][PASSED] - tap(findTestObject("Object Repository/Repo/android.view.View - Home"), 0): Tapped on element 'Object Repository/Repo/android.view.View - Home'

25-03-2025T05:47:54 - [MESSAGE][WARNING] - Timeout '0' is invalid. Using default page load timeout: '30'

25-03-2025T05:47:55 - [MESSAGE][PASSED] - Tapped on element 'Object Repository/Repo/android.view.View - Home'

25-03-2025T05:47:55 - [TEST_STEP][PASSED] - delay(10): Delayed 10 second(s)

25-03-2025T05:48:05 - [MESSAGE][PASSED] - Delayed 10 second(s)

25-03-2025T05:48:05 - [TEST_STEP][PASSED] - verifyElementExist(findTestObject("Object Repository/Repo/android.view.View - Home (1)"), 0): Element 'Object Repository/Repo/android.view.View - Home (1)' is exist

25-03-2025T05:48:05 - [MESSAGE][WARNING] - Timeout '0' is invalid. Using default page load timeout: '30'

25-03-2025T05:48:05 - [MESSAGE][PASSED] - Element 'Object Repository/Repo/android.view.View - Home (1)' is exist

25-03-2025T05:48:05 - [TEST_STEP][PASSED] - delay(5): Delayed 5 second(s)

25-03-2025T05:48:10 - [MESSAGE][PASSED] - Delayed 5 second(s)

25-03-2025T05:48:10 - [TEST_STEP][PASSED] - verifyElementExist(findTestObject("Object Repository/Repo/android.widget.TextView-Slide"), 0): Element 'Object Repository/Repo/android.widget.TextView-Slide' is exist

25-03-2025T05:48:10 - [MESSAGE][WARNING] - Timeout '0' is invalid. Using default page load timeout: '30'

25-03-2025T05:48:11 - [MESSAGE][PASSED] - Element 'Object Repository/Repo/android.widget.TextView-Slide' is exist

25-03-2025T05:48:11 - [TEST_STEP][PASSED] - startX = 1000: null

25-03-2025T05:48:11 - [TEST_STEP][PASSED] - startY = 2000: null

25-03-2025T05:48:11 - [TEST_STEP][PASSED] - endX = 200: null

25-03-2025T05:48:11 - [TEST_STEP][PASSED] - endY = 1000: null

25-03-2025T05:48:11 - [TEST_STEP][PASSED] - swipe(startX, startY, endX, endY): Swiped from 1,000,2,000 to 200,1,000

25-03-2025T05:48:12 - [MESSAGE][PASSED] - Swiped from 1,000,2,000 to 200,1,000

25-03-2025T05:48:12 - [TEST_STEP][PASSED] - delay(5): Delayed 5 second(s)

25-03-2025T05:48:17 - [MESSAGE][PASSED] - Delayed 5 second(s)

25-03-2025T05:48:17 - [TEST_STEP][PASSED] - homeText = View - Home (1)"), 0).trim(): Text of element 'Object Repository/Repo/android.view.View - Home (1)' is: 'Home'

25-03-2025T05:48:17 - [MESSAGE][WARNING] - Timeout '0' is invalid. Using default page load timeout: '30'

25-03-2025T05:48:17 - [MESSAGE][PASSED] - Text of element 'Object Repository/Repo/android.view.View - Home (1)' is: 'Home'

25-03-2025T05:48:17 - [TEST_STEP][PASSED] - println("Home Text: " + homeText): null

25-03-2025T05:48:17 - [TEST_STEP][PASSED] - verifyEqual(homeText, "Home", STOP_ON_FAILURE): Actual object 'Home' and expected object 'Home' are equal

25-03-2025T05:48:17 - [MESSAGE][PASSED] - Actual object 'Home' and expected object 'Home' are equal

25-03-2025T05:48:17 - [TEST_STEP][PASSED] - delay(5): Delayed 5 second(s)

25-03-2025T05:48:23 - [MESSAGE][PASSED] - Delayed 5 second(s)

25-03-2025T05:48:23 - [TEST_STEP][PASSED] - verifyElementExist(findTestObject("Object Repository/Repo/android.view.View - My Account (1)"), 0): Element 'Object Repository/Repo/android.view.View - My Account (1)' is exist

25-03-2025T05:48:23 - [MESSAGE][WARNING] - Timeout '0' is invalid. Using default page load timeout: '30'

25-03-2025T05:48:23 - [MESSAGE][PASSED] - Element 'Object Repository/Repo/android.view.View - My Account (1)' is exist

25-03-2025T05:48:23 - [TEST_STEP][PASSED] - delay(5): Delayed 5 second(s)

25-03-2025T05:48:28 - [MESSAGE][PASSED] - Delayed 5 second(s)

25-03-2025T05:48:28 - [TEST_STEP][PASSED] - myAccountText = View - My Account (1)"), 0).trim(): Text of element 'Object Repository/Repo/android.view.View - My Account (1)' is: 'My Account'

25-03-2025T05:48:28 - [MESSAGE][WARNING] - Timeout '0' is invalid. Using default page load timeout: '30'

25-03-2025T05:48:28 - [MESSAGE][PASSED] - Text of element 'Object Repository/Repo/android.view.View - My Account (1)' is: 'My Account'

25-03-2025T05:48:28 - [TEST_STEP][PASSED] - println("My Account Text: " + myAccountText): null

25-03-2025T05:48:28 - [TEST_STEP][PASSED] - verifyEqual(myAccountText, "My Account", STOP_ON_FAILURE): Actual object 'My Account' and expected object 'My Account' are equal

25-03-2025T05:48:28 - [MESSAGE][PASSED] - Actual object 'My Account' and expected object 'My Account' are equal

25-03-2025T05:48:28 - [TEST_STEP][PASSED] - delay(15): Delayed 15 second(s)

25-03-2025T05:48:43 - [MESSAGE][PASSED] - Delayed 15 second(s)

25-03-2025T05:48:43 - [TEST_STEP][PASSED] - scrollToText("Recommended for you"): Scrolling to text 'Recommended for you' successfully

25-03-2025T05:48:45 - [MESSAGE][PASSED] - Scrolling to text 'Recommended for you' successfully

25-03-2025T05:48:45 - [TEST_STEP][PASSED] - delay(5): Delayed 5 second(s)

25-03-2025T05:48:50 - [MESSAGE][PASSED] - Delayed 5 second(s)

25-03-2025T05:48:50 - [TEST_STEP][PASSED] - delay(5): Delayed 5 second(s)

25-03-2025T05:48:55 - [MESSAGE][PASSED] - Delayed 5 second(s)

25-03-2025T05:48:55 - [TEST_STEP][PASSED] - verifyElementExist(findTestObject("Object Repository/Repo/android.widget.TextView - RECOMMENDED FOR YOU"), 0): Element 'Object Repository/Repo/android.widget.TextView - RECOMMENDED FOR YOU' is exist

25-03-2025T05:48:55 - [MESSAGE][WARNING] - Timeout '0' is invalid. Using default page load timeout: '30'

25-03-2025T05:48:56 - [MESSAGE][PASSED] - Element 'Object Repository/Repo/android.widget.TextView - RECOMMENDED FOR YOU' is exist

25-03-2025T05:48:56 - [TEST_STEP][PASSED] - delay(5): Delayed 5 second(s)

25-03-2025T05:49:01 - [MESSAGE][PASSED] - Delayed 5 second(s)

25-03-2025T05:49:01 - [TEST_STEP][PASSED] - recommendedText = TextView - RECOMMENDED FOR YOU"), 0).trim(): Text of element 'Object Repository/Repo/android.widget.TextView - RECOMMENDED FOR YOU' is: 'RECOMMENDED FOR YOU'

25-03-2025T05:49:01 - [MESSAGE][WARNING] - Timeout '0' is invalid. Using default page load timeout: '30'

25-03-2025T05:49:01 - [MESSAGE][PASSED] - Text of element 'Object Repository/Repo/android.widget.TextView - RECOMMENDED FOR YOU' is: 'RECOMMENDED FOR YOU'

25-03-2025T05:49:01 - [TEST_STEP][PASSED] - println("Recommended Text: " + recommendedText): null

25-03-2025T05:49:01 - [TEST_STEP][PASSED] - verifyEqual(recommendedText, "RECOMMENDED FOR YOU", STOP_ON_FAILURE): Actual object 'RECOMMENDED FOR YOU' and expected object 'RECOMMENDED FOR YOU' are equal

25-03-2025T05:49:01 - [MESSAGE][PASSED] - Actual object 'RECOMMENDED FOR YOU' and expected object 'RECOMMENDED FOR YOU' are equal

25-03-2025T05:49:01 - [TEST_STEP][PASSED] - delay(5): Delayed 5 second(s)

25-03-2025T05:49:06 - [MESSAGE][PASSED] - Delayed 5 second(s)

25-03-2025T05:49:06 - [TEST_STEP][PASSED] - verifyElementExist(findTestObject("Object Repository/Repo/android.widget.TextView - THINGS TO DO"), 0): Element 'Object Repository/Repo/android.widget.TextView - THINGS TO DO' is exist

25-03-2025T05:49:06 - [MESSAGE][WARNING] - Timeout '0' is invalid. Using default page load timeout: '30'

25-03-2025T05:49:07 - [MESSAGE][PASSED] - Element 'Object Repository/Repo/android.widget.TextView - THINGS TO DO' is exist

25-03-2025T05:49:07 - [TEST_STEP][PASSED] - delay(5): Delayed 5 second(s)

25-03-2025T05:49:12 - [MESSAGE][PASSED] - Delayed 5 second(s)

25-03-2025T05:49:12 - [TEST_STEP][PASSED] - thingsToDoText = TextView - THINGS TO DO"), 0).trim(): Text of element 'Object Repository/Repo/android.widget.TextView - THINGS TO DO' is: 'THINGS TO DO'

25-03-2025T05:49:12 - [MESSAGE][WARNING] - Timeout '0' is invalid. Using default page load timeout: '30'

25-03-2025T05:49:12 - [MESSAGE][PASSED] - Text of element 'Object Repository/Repo/android.widget.TextView - THINGS TO DO' is: 'THINGS TO DO'

25-03-2025T05:49:12 - [TEST_STEP][PASSED] - println("Things to Do Text: " + thingsToDoText): null

25-03-2025T05:49:12 - [TEST_STEP][PASSED] - verifyEqual(thingsToDoText, "THINGS TO DO", STOP_ON_FAILURE): Actual object 'THINGS TO DO' and expected object 'THINGS TO DO' are equal

25-03-2025T05:49:12 - [MESSAGE][PASSED] - Actual object 'THINGS TO DO' and expected object 'THINGS TO DO' are equal

25-03-2025T05:49:12 - [TEST_STEP][PASSED] - delay(5): Delayed 5 second(s)

25-03-2025T05:49:17 - [MESSAGE][PASSED] - Delayed 5 second(s)

25-03-2025T05:49:17 - [TEST_STEP][PASSED] - verifyElementExist(findTestObject("Object Repository/Repo/android.view.View-gain access"), 0): Element 'Object Repository/Repo/android.view.View-gain access' is exist

25-03-2025T05:49:17 - [MESSAGE][WARNING] - Timeout '0' is invalid. Using default page load timeout: '30'

25-03-2025T05:49:18 - [MESSAGE][PASSED] - Element 'Object Repository/Repo/android.view.View-gain access' is exist

25-03-2025T05:49:18 - [TEST_STEP][PASSED] - delay(5): Delayed 5 second(s)

25-03-2025T05:49:23 - [MESSAGE][PASSED] - Delayed 5 second(s)

25-03-2025T05:49:23 - [TEST_STEP][PASSED] - gainAccessText = TextView - Gain access to a"), 0).trim(): Text of element 'Object Repository/Repo/android.widget.TextView - Gain access to a' is: 'Gain access to a'

25-03-2025T05:49:23 - [MESSAGE][WARNING] - Timeout '0' is invalid. Using default page load timeout: '30'

25-03-2025T05:49:23 - [MESSAGE][PASSED] - Text of element 'Object Repository/Repo/android.widget.TextView - Gain access to a' is: 'Gain access to a'

25-03-2025T05:49:23 - [TEST_STEP][PASSED] - println("Gain Access Text: " + gainAccessText): null

25-03-2025T05:49:23 - [TEST_STEP][PASSED] - verifyEqual(gainAccessText, "Gain access to a", STOP_ON_FAILURE): Actual object 'Gain access to a' and expected object 'Gain access to a' are equal

25-03-2025T05:49:23 - [MESSAGE][PASSED] - Actual object 'Gain access to a' and expected object 'Gain access to a' are equal

25-03-2025T05:49:23 - [TEST_STEP][PASSED] - delay(5): Delayed 5 second(s)

25-03-2025T05:49:28 - [MESSAGE][PASSED] - Delayed 5 second(s)

25-03-2025T05:49:28 - [TEST_STEP][PASSED] - customizedExperienceText = TextView - customized experience"), 0).trim(): Text of element 'Object Repository/Repo/android.widget.TextView - customized experience' is: 'customized experience'

25-03-2025T05:49:28 - [MESSAGE][WARNING] - Timeout '0' is invalid. Using default page load timeout: '30'

25-03-2025T05:49:29 - [MESSAGE][PASSED] - Text of element 'Object Repository/Repo/android.widget.TextView - customized experience' is: 'customized experience'

25-03-2025T05:49:29 - [TEST_STEP][PASSED] - println("Customized Experience Text: " + customizedExperienceText): null

25-03-2025T05:49:29 - [TEST_STEP][PASSED] - verifyEqual(customizedExperienceText, "customized experience", STOP_ON_FAILURE): Actual object 'customized experience' and expected object 'customized experience' are equal

25-03-2025T05:49:29 - [MESSAGE][PASSED] - Actual object 'customized experience' and expected object 'customized experience' are equal

25-03-2025T05:49:29 - [TEST_STEP][PASSED] - delay(5): Delayed 5 second(s)

25-03-2025T05:49:34 - [MESSAGE][PASSED] - Delayed 5 second(s)

25-03-2025T05:49:34 - [TEST_STEP][PASSED] - verifyElementExist(findTestObject("Object Repository/Repo/android.widget.TextView - Login"), 0): Element 'Object Repository/Repo/android.widget.TextView - Login' is exist

25-03-2025T05:49:34 - [MESSAGE][WARNING] - Timeout '0' is invalid. Using default page load timeout: '30'

25-03-2025T05:49:34 - [MESSAGE][PASSED] - Element 'Object Repository/Repo/android.widget.TextView - Login' is exist

25-03-2025T05:49:34 - [TEST_STEP][PASSED] - delay(5): Delayed 5 second(s)

25-03-2025T05:49:39 - [MESSAGE][PASSED] - Delayed 5 second(s)

25-03-2025T05:49:39 - [TEST_STEP][PASSED] - loginText = TextView - Login"), 0).trim(): Text of element 'Object Repository/Repo/android.widget.TextView - Login' is: 'Login'

25-03-2025T05:49:39 - [MESSAGE][WARNING] - Timeout '0' is invalid. Using default page load timeout: '30'

25-03-2025T05:49:40 - [MESSAGE][PASSED] - Text of element 'Object Repository/Repo/android.widget.TextView - Login' is: 'Login'

25-03-2025T05:49:40 - [TEST_STEP][PASSED] - println("Login Text: " + loginText): null

25-03-2025T05:49:40 - [TEST_STEP][PASSED] - verifyEqual(loginText, "Login", STOP_ON_FAILURE): Actual object 'Login' and expected object 'Login' are equal

25-03-2025T05:49:40 - [MESSAGE][PASSED] - Actual object 'Login' and expected object 'Login' are equal

25-03-2025T05:49:40 - [TEST_STEP][PASSED] - tap(findTestObject("Object Repository/Repo/android.widget.TextView - Login"), 0): Tapped on element 'Object Repository/Repo/android.widget.TextView - Login'

25-03-2025T05:49:40 - [MESSAGE][WARNING] - Timeout '0' is invalid. Using default page load timeout: '30'

25-03-2025T05:49:40 - [MESSAGE][PASSED] - Tapped on element 'Object Repository/Repo/android.widget.TextView - Login'

25-03-2025T05:49:40 - [TEST_STEP][PASSED] - delay(30): Delayed 30 second(s)

25-03-2025T05:50:10 - [MESSAGE][PASSED] - Delayed 30 second(s)

25-03-2025T05:50:10 - [TEST_STEP][PASSED] - verifyElementExist(findTestObject("Object Repository/Repo/android.widget.TextView - WESTGATE Online Account Management"), 0): Element 'Object Repository/Repo/android.widget.TextView - WESTGATE Online Account Management' is exist

25-03-2025T05:50:10 - [MESSAGE][WARNING] - Timeout '0' is invalid. Using default page load timeout: '30'

25-03-2025T05:50:11 - [MESSAGE][PASSED] - Element 'Object Repository/Repo/android.widget.TextView - WESTGATE Online Account Management' is exist

25-03-2025T05:50:11 - [TEST_STEP][PASSED] - delay(5): Delayed 5 second(s)

25-03-2025T05:50:16 - [MESSAGE][PASSED] - Delayed 5 second(s)

25-03-2025T05:50:16 - [TEST_STEP][PASSED] - westgateText = TextView - WESTGATE Online Account Management"), 0).trim(): Text of element 'Object Repository/Repo/android.widget.TextView - WESTGATE Online Account Management' is: 'WESTGATE Online Account Management'

25-03-2025T05:50:16 - [MESSAGE][WARNING] - Timeout '0' is invalid. Using default page load timeout: '30'

25-03-2025T05:50:16 - [MESSAGE][PASSED] - Text of element 'Object Repository/Repo/android.widget.TextView - WESTGATE Online Account Management' is: 'WESTGATE Online Account Management'

25-03-2025T05:50:16 - [TEST_STEP][PASSED] - println("WESTGATE Text: " + westgateText): null

25-03-2025T05:50:16 - [TEST_STEP][PASSED] - verifyEqual(westgateText, "WESTGATE Online Account Management", STOP_ON_FAILURE): Actual object 'WESTGATE Online Account Management' and expected object 'WESTGATE Online Account Management' are equal

25-03-2025T05:50:16 - [MESSAGE][PASSED] - Actual object 'WESTGATE Online Account Management' and expected object 'WESTGATE Online Account Management' are equal

25-03-2025T05:50:16 - [TEST_STEP][PASSED] - closeApplication(): Close app successfully

25-03-2025T05:50:21 - [MESSAGE][PASSED] - Close app successfully]]></system-out>
         <system-err><![CDATA[]]></system-err>
      </testcase>
      <testcase name="Test Cases/Sprint 2/WRMA-157/C666" time="146.163" classname="Test Cases/Sprint 2/WRMA-157/C666" status="PASSED">
         <system-out><![CDATA[25-03-2025T05:50:22 - [TEST_CASE][PASSED] - Test Cases/Sprint 2/WRMA-157/C666: Test Cases/Sprint 2/WRMA-157/C666

25-03-2025T05:50:22 - [TEST_STEP][PASSED] - startApplication("C:\Users\GVVignesh\git\WGR_Android\App Folder\universal.apk", false): Started application: 'C:\Users\GVVignesh\git\WGR_Android\App Folder\universal.apk'

25-03-2025T05:50:22 - [MESSAGE][INFO] - Starting application: 'C:\Users\GVVignesh\git\WGR_Android\App Folder\universal.apk'

25-03-2025T05:50:22 - [MESSAGE][INFO] - User set preference: ['deviceId', '']

25-03-2025T05:50:22 - [MESSAGE][INFO] - Detected NodeJS location: "C:\Program Files\nodejs\node.exe"

25-03-2025T05:50:33 - [MESSAGE][INFO] - PATH: C:\Program Files\nodejs;

25-03-2025T05:50:33 - [MESSAGE][INFO] - APPIUM_HOME: C:\Users\GVVignesh\.appium

25-03-2025T05:50:33 - [MESSAGE][INFO] - appium outlog: C:\Users\GVVignesh\Katalon Studio\WGR-Android-Automation\Reports\20250325_053528\WRMA Sprint1 and Sprint2 Android Report\20250325_053528\appium.log

25-03-2025T05:50:33 - [MESSAGE][INFO] - appium errlog: C:\Users\GVVignesh\Katalon Studio\WGR-Android-Automation\Reports\20250325_053528\WRMA Sprint1 and Sprint2 Android Report\20250325_053528\appium_error.log

25-03-2025T05:50:43 - [MESSAGE][INFO] - Appium server started on port 53,253

25-03-2025T05:52:01 - [MESSAGE][PASSED] - Started application: 'C:\Users\GVVignesh\git\WGR_Android\App Folder\universal.apk'

25-03-2025T05:52:01 - [TEST_STEP][PASSED] - delay(10): Delayed 10 second(s)

25-03-2025T05:52:11 - [MESSAGE][PASSED] - Delayed 10 second(s)

25-03-2025T05:52:11 - [TEST_STEP][PASSED] - tap(findTestObject("Object Repository/Repo/android.widget.TextView - Continue as a Guest"), 0): Tapped on element 'Object Repository/Repo/android.widget.TextView - Continue as a Guest'

25-03-2025T05:52:11 - [MESSAGE][WARNING] - Timeout '0' is invalid. Using default page load timeout: '30'

25-03-2025T05:52:12 - [MESSAGE][PASSED] - Tapped on element 'Object Repository/Repo/android.widget.TextView - Continue as a Guest'

25-03-2025T05:52:12 - [TEST_STEP][PASSED] - delay(10): Delayed 10 second(s)

25-03-2025T05:52:22 - [MESSAGE][PASSED] - Delayed 10 second(s)

25-03-2025T05:52:22 - [TEST_STEP][PASSED] - tap(findTestObject("Object Repository/Repo/android.widget.Button - menu"), 0): Tapped on element 'Object Repository/Repo/android.widget.Button - menu'

25-03-2025T05:52:22 - [MESSAGE][WARNING] - Timeout '0' is invalid. Using default page load timeout: '30'

25-03-2025T05:52:24 - [MESSAGE][PASSED] - Tapped on element 'Object Repository/Repo/android.widget.Button - menu'

25-03-2025T05:52:24 - [TEST_STEP][PASSED] - delay(10): Delayed 10 second(s)

25-03-2025T05:52:34 - [MESSAGE][PASSED] - Delayed 10 second(s)

25-03-2025T05:52:34 - [TEST_STEP][PASSED] - tap(findTestObject("Object Repository/Repo/android.widget.TabWidget (1)"), 0): Tapped on element 'Object Repository/Repo/android.widget.TabWidget (1)'

25-03-2025T05:52:34 - [MESSAGE][WARNING] - Timeout '0' is invalid. Using default page load timeout: '30'

25-03-2025T05:52:35 - [MESSAGE][PASSED] - Tapped on element 'Object Repository/Repo/android.widget.TabWidget (1)'

25-03-2025T05:52:35 - [TEST_STEP][PASSED] - delay(10): Delayed 10 second(s)

25-03-2025T05:52:45 - [MESSAGE][PASSED] - Delayed 10 second(s)

25-03-2025T05:52:45 - [TEST_STEP][PASSED] - actualText = getText(findTestObject("Object Repository/Repo/android.widget.Button - Version 2.81.111"), 0): Text of element 'Object Repository/Repo/android.widget.Button - Version 2.81.111' is: 'Version 2.81.111'

25-03-2025T05:52:45 - [MESSAGE][WARNING] - Timeout '0' is invalid. Using default page load timeout: '30'

25-03-2025T05:52:45 - [MESSAGE][PASSED] - Text of element 'Object Repository/Repo/android.widget.Button - Version 2.81.111' is: 'Version 2.81.111'

25-03-2025T05:52:45 - [TEST_STEP][PASSED] - println("Actual Text: " + actualText): null

25-03-2025T05:52:45 - [TEST_STEP][PASSED] - expectedText = "Version 2.81.111": null

25-03-2025T05:52:45 - [TEST_STEP][PASSED] - println("Expected Text: " + expectedText): null

25-03-2025T05:52:45 - [TEST_STEP][PASSED] - assert actualText == expectedText: null

25-03-2025T05:52:45 - [TEST_STEP][PASSED] - println("Version verification successful!"): null

25-03-2025T05:52:45 - [TEST_STEP][PASSED] - closeApplication(): Close app successfully

25-03-2025T05:52:48 - [MESSAGE][PASSED] - Close app successfully]]></system-out>
         <system-err><![CDATA[]]></system-err>
      </testcase>
      <testcase name="Test Cases/Sprint 2/WRMA-157/C719" time="102.627" classname="Test Cases/Sprint 2/WRMA-157/C719" status="PASSED">
         <system-out><![CDATA[25-03-2025T05:52:48 - [TEST_CASE][PASSED] - Test Cases/Sprint 2/WRMA-157/C719: Test Cases/Sprint 2/WRMA-157/C719

25-03-2025T05:52:48 - [TEST_STEP][PASSED] - startApplication("C:\Users\GVVignesh\git\WGR_Android\App Folder\universal.apk", false): Started application: 'C:\Users\GVVignesh\git\WGR_Android\App Folder\universal.apk'

25-03-2025T05:52:48 - [MESSAGE][INFO] - Starting application: 'C:\Users\GVVignesh\git\WGR_Android\App Folder\universal.apk'

25-03-2025T05:52:48 - [MESSAGE][INFO] - User set preference: ['deviceId', '']

25-03-2025T05:52:49 - [MESSAGE][INFO] - Detected NodeJS location: "C:\Program Files\nodejs\node.exe"

25-03-2025T05:52:59 - [MESSAGE][INFO] - PATH: C:\Program Files\nodejs;

25-03-2025T05:52:59 - [MESSAGE][INFO] - APPIUM_HOME: C:\Users\GVVignesh\.appium

25-03-2025T05:52:59 - [MESSAGE][INFO] - appium outlog: C:\Users\GVVignesh\Katalon Studio\WGR-Android-Automation\Reports\20250325_053528\WRMA Sprint1 and Sprint2 Android Report\20250325_053528\appium.log

25-03-2025T05:52:59 - [MESSAGE][INFO] - appium errlog: C:\Users\GVVignesh\Katalon Studio\WGR-Android-Automation\Reports\20250325_053528\WRMA Sprint1 and Sprint2 Android Report\20250325_053528\appium_error.log

25-03-2025T05:53:10 - [MESSAGE][INFO] - Appium server started on port 53,528

25-03-2025T05:53:24 - [MESSAGE][PASSED] - Started application: 'C:\Users\GVVignesh\git\WGR_Android\App Folder\universal.apk'

25-03-2025T05:53:24 - [TEST_STEP][PASSED] - delay(10): Delayed 10 second(s)

25-03-2025T05:53:34 - [MESSAGE][PASSED] - Delayed 10 second(s)

25-03-2025T05:53:34 - [TEST_STEP][PASSED] - tap(findTestObject("Object Repository/Repo/android.widget.TextView - Continue as a Guest"), 0): Tapped on element 'Object Repository/Repo/android.widget.TextView - Continue as a Guest'

25-03-2025T05:53:34 - [MESSAGE][WARNING] - Timeout '0' is invalid. Using default page load timeout: '30'

25-03-2025T05:53:35 - [MESSAGE][PASSED] - Tapped on element 'Object Repository/Repo/android.widget.TextView - Continue as a Guest'

25-03-2025T05:53:35 - [TEST_STEP][PASSED] - delay(10): Delayed 10 second(s)

25-03-2025T05:53:45 - [MESSAGE][PASSED] - Delayed 10 second(s)

25-03-2025T05:53:45 - [TEST_STEP][PASSED] - tap(findTestObject("Object Repository/Repo/android.widget.Button - menu"), 0): Tapped on element 'Object Repository/Repo/android.widget.Button - menu'

25-03-2025T05:53:45 - [MESSAGE][WARNING] - Timeout '0' is invalid. Using default page load timeout: '30'

25-03-2025T05:53:46 - [MESSAGE][PASSED] - Tapped on element 'Object Repository/Repo/android.widget.Button - menu'

25-03-2025T05:53:46 - [TEST_STEP][PASSED] - delay(20): Delayed 20 second(s)

25-03-2025T05:54:06 - [MESSAGE][PASSED] - Delayed 20 second(s)

25-03-2025T05:54:06 - [TEST_STEP][PASSED] - tap(findTestObject("Object Repository/Repo/android.widget.TabWidget (1)"), 0): Tapped on element 'Object Repository/Repo/android.widget.TabWidget (1)'

25-03-2025T05:54:06 - [MESSAGE][WARNING] - Timeout '0' is invalid. Using default page load timeout: '30'

25-03-2025T05:54:07 - [MESSAGE][PASSED] - Tapped on element 'Object Repository/Repo/android.widget.TabWidget (1)'

25-03-2025T05:54:07 - [TEST_STEP][PASSED] - delay(10): Delayed 10 second(s)

25-03-2025T05:54:17 - [MESSAGE][PASSED] - Delayed 10 second(s)

25-03-2025T05:54:17 - [TEST_STEP][PASSED] - actualText = getText(findTestObject("Object Repository/Repo/android.widget.Button - Version 2.81.111"), 0): Text of element 'Object Repository/Repo/android.widget.Button - Version 2.81.111' is: 'Version 2.81.111'

25-03-2025T05:54:17 - [MESSAGE][WARNING] - Timeout '0' is invalid. Using default page load timeout: '30'

25-03-2025T05:54:18 - [MESSAGE][PASSED] - Text of element 'Object Repository/Repo/android.widget.Button - Version 2.81.111' is: 'Version 2.81.111'

25-03-2025T05:54:18 - [TEST_STEP][PASSED] - println("Actual Text: " + actualText): null

25-03-2025T05:54:18 - [TEST_STEP][PASSED] - expectedText = "Version 2.81.111": null

25-03-2025T05:54:18 - [TEST_STEP][PASSED] - println("Expected Text: " + expectedText): null

25-03-2025T05:54:18 - [TEST_STEP][PASSED] - assert actualText == expectedText: null

25-03-2025T05:54:18 - [TEST_STEP][PASSED] - println("Version verification successful!"): null

25-03-2025T05:54:18 - [TEST_STEP][PASSED] - delay(10): Delayed 10 second(s)

25-03-2025T05:54:28 - [MESSAGE][PASSED] - Delayed 10 second(s)

25-03-2025T05:54:28 - [TEST_STEP][PASSED] - closeApplication(): Close app successfully

25-03-2025T05:54:30 - [MESSAGE][PASSED] - Close app successfully]]></system-out>
         <system-err><![CDATA[]]></system-err>
      </testcase>
      <testcase name="Test Cases/Sprint 2/WRMA-161/C722" time="237.362" classname="Test Cases/Sprint 2/WRMA-161/C722" status="PASSED">
         <system-out><![CDATA[25-03-2025T06:02:48 - [TEST_CASE][PASSED] - Test Cases/Sprint 2/WRMA-161/C722: Test Cases/Sprint 2/WRMA-161/C722

25-03-2025T06:02:48 - [TEST_STEP][PASSED] - testData = findTestData("Data Files/C722"): null

25-03-2025T06:02:48 - [TEST_STEP][PASSED] - username = testData.getValue("email", 1): null

25-03-2025T06:02:48 - [TEST_STEP][PASSED] - password = testData.getValue("password", 1): null

25-03-2025T06:02:48 - [TEST_STEP][PASSED] - startApplication("C:\Users\GVVignesh\git\WGR_Android\App Folder\universal.apk", false): Started application: 'C:\Users\GVVignesh\git\WGR_Android\App Folder\universal.apk'

25-03-2025T06:02:48 - [MESSAGE][INFO] - Starting application: 'C:\Users\GVVignesh\git\WGR_Android\App Folder\universal.apk'

25-03-2025T06:02:48 - [MESSAGE][INFO] - User set preference: ['deviceId', '']

25-03-2025T06:03:02 - [MESSAGE][PASSED] - Started application: 'C:\Users\GVVignesh\git\WGR_Android\App Folder\universal.apk'

25-03-2025T06:03:02 - [TEST_STEP][PASSED] - delay(10): Delayed 10 second(s)

25-03-2025T06:03:12 - [MESSAGE][PASSED] - Delayed 10 second(s)

25-03-2025T06:03:12 - [TEST_STEP][PASSED] - tap(findTestObject("Object Repository/Repo/android.widget.Button - Login or Sign Up"), 0): Tapped on element 'Object Repository/Repo/android.widget.Button - Login or Sign Up'

25-03-2025T06:03:12 - [MESSAGE][WARNING] - Timeout '0' is invalid. Using default page load timeout: '30'

25-03-2025T06:03:22 - [MESSAGE][PASSED] - Tapped on element 'Object Repository/Repo/android.widget.Button - Login or Sign Up'

25-03-2025T06:03:22 - [TEST_STEP][PASSED] - delay(10): Delayed 10 second(s)

25-03-2025T06:03:32 - [MESSAGE][PASSED] - Delayed 10 second(s)

25-03-2025T06:03:32 - [TEST_STEP][PASSED] - setText(findTestObject("Object Repository/Repo/android.widget.EditText-LoginorSignUp"), username, 0): Text '03205198TM@WG.COM' has been set to element 'Object Repository/Repo/android.widget.EditText-LoginorSignUp'

25-03-2025T06:03:32 - [MESSAGE][WARNING] - Timeout '0' is invalid. Using default page load timeout: '30'

25-03-2025T06:03:32 - [MESSAGE][PASSED] - Text '03205198TM@WG.COM' has been set to element 'Object Repository/Repo/android.widget.EditText-LoginorSignUp'

25-03-2025T06:03:32 - [TEST_STEP][PASSED] - hideKeyboard(): Keyboard is hidden

25-03-2025T06:03:34 - [MESSAGE][PASSED] - Keyboard is hidden

25-03-2025T06:03:34 - [TEST_STEP][PASSED] - delay(10): Delayed 10 second(s)

25-03-2025T06:03:44 - [MESSAGE][PASSED] - Delayed 10 second(s)

25-03-2025T06:03:44 - [TEST_STEP][PASSED] - tap(findTestObject("Object Repository/Repo/android.widget.Button - Next"), 0): Tapped on element 'Object Repository/Repo/android.widget.Button - Next'

25-03-2025T06:03:44 - [MESSAGE][WARNING] - Timeout '0' is invalid. Using default page load timeout: '30'

25-03-2025T06:03:53 - [MESSAGE][PASSED] - Tapped on element 'Object Repository/Repo/android.widget.Button - Next'

25-03-2025T06:03:53 - [TEST_STEP][PASSED] - delay(30): Delayed 30 second(s)

25-03-2025T06:04:23 - [MESSAGE][PASSED] - Delayed 30 second(s)

25-03-2025T06:04:23 - [TEST_STEP][PASSED] - setText(findTestObject("Object Repository/Repo/android.widget.EditText-OAM(Login)"), username, 0): Text '03205198TM@WG.COM' has been set to element 'Object Repository/Repo/android.widget.EditText-OAM(Login)'

25-03-2025T06:04:23 - [MESSAGE][WARNING] - Timeout '0' is invalid. Using default page load timeout: '30'

25-03-2025T06:04:23 - [MESSAGE][PASSED] - Text '03205198TM@WG.COM' has been set to element 'Object Repository/Repo/android.widget.EditText-OAM(Login)'

25-03-2025T06:04:23 - [TEST_STEP][PASSED] - hideKeyboard(): Keyboard is hidden

25-03-2025T06:04:24 - [MESSAGE][PASSED] - Keyboard is hidden

25-03-2025T06:04:24 - [TEST_STEP][PASSED] - delay(30): Delayed 30 second(s)

25-03-2025T06:04:54 - [MESSAGE][PASSED] - Delayed 30 second(s)

25-03-2025T06:04:54 - [TEST_STEP][PASSED] - setText(findTestObject("Object Repository/Repo/android.widget.EditText-OAM(Password)"), password, 0): Text 'password' has been set to element 'Object Repository/Repo/android.widget.EditText-OAM(Password)'

25-03-2025T06:04:54 - [MESSAGE][WARNING] - Timeout '0' is invalid. Using default page load timeout: '30'

25-03-2025T06:04:56 - [MESSAGE][PASSED] - Text 'password' has been set to element 'Object Repository/Repo/android.widget.EditText-OAM(Password)'

25-03-2025T06:04:56 - [TEST_STEP][PASSED] - hideKeyboard(): Keyboard is hidden

25-03-2025T06:04:59 - [MESSAGE][PASSED] - Keyboard is hidden

25-03-2025T06:04:59 - [TEST_STEP][PASSED] - delay(20): Delayed 20 second(s)

25-03-2025T06:05:19 - [MESSAGE][PASSED] - Delayed 20 second(s)

25-03-2025T06:05:19 - [TEST_STEP][PASSED] - tap(findTestObject("Object Repository/Repo/android.widget.Button - LOGIN"), 0): Tapped on element 'Object Repository/Repo/android.widget.Button - LOGIN'

25-03-2025T06:05:19 - [MESSAGE][WARNING] - Timeout '0' is invalid. Using default page load timeout: '30'

25-03-2025T06:05:20 - [MESSAGE][PASSED] - Tapped on element 'Object Repository/Repo/android.widget.Button - LOGIN'

25-03-2025T06:05:20 - [TEST_STEP][PASSED] - delay(10): Delayed 10 second(s)

25-03-2025T06:05:30 - [MESSAGE][PASSED] - Delayed 10 second(s)

25-03-2025T06:05:30 - [TEST_STEP][PASSED] - tap(findTestObject("Object Repository/Repo/android.view.View - Home"), 0): Tapped on element 'Object Repository/Repo/android.view.View - Home'

25-03-2025T06:05:30 - [MESSAGE][WARNING] - Timeout '0' is invalid. Using default page load timeout: '30'

25-03-2025T06:05:30 - [MESSAGE][PASSED] - Tapped on element 'Object Repository/Repo/android.view.View - Home'

25-03-2025T06:05:30 - [TEST_STEP][PASSED] - delay(10): Delayed 10 second(s)

25-03-2025T06:05:40 - [MESSAGE][PASSED] - Delayed 10 second(s)

25-03-2025T06:05:40 - [TEST_STEP][PASSED] - tap(findTestObject("Object Repository/Repo/android.widget.Button - menu"), 0): Tapped on element 'Object Repository/Repo/android.widget.Button - menu'

25-03-2025T06:05:40 - [MESSAGE][WARNING] - Timeout '0' is invalid. Using default page load timeout: '30'

25-03-2025T06:05:41 - [MESSAGE][PASSED] - Tapped on element 'Object Repository/Repo/android.widget.Button - menu'

25-03-2025T06:05:41 - [TEST_STEP][PASSED] - delay(10): Delayed 10 second(s)

25-03-2025T06:05:51 - [MESSAGE][PASSED] - Delayed 10 second(s)

25-03-2025T06:05:51 - [TEST_STEP][PASSED] - tap(findTestObject("Object Repository/Repo/android.widget.TabWidget-Settings"), 0): Tapped on element 'Object Repository/Repo/android.widget.TabWidget-Settings'

25-03-2025T06:05:51 - [MESSAGE][WARNING] - Timeout '0' is invalid. Using default page load timeout: '30'

25-03-2025T06:05:51 - [MESSAGE][PASSED] - Tapped on element 'Object Repository/Repo/android.widget.TabWidget-Settings'

25-03-2025T06:05:51 - [TEST_STEP][PASSED] - delay(20): Delayed 20 second(s)

25-03-2025T06:06:11 - [MESSAGE][PASSED] - Delayed 20 second(s)

25-03-2025T06:06:11 - [TEST_STEP][PASSED] - verifyElementExist(findTestObject("Object Repository/Repo/android.widget.Button - LOGOUT"), 0): Element 'Object Repository/Repo/android.widget.Button - LOGOUT' is exist

25-03-2025T06:06:11 - [MESSAGE][WARNING] - Timeout '0' is invalid. Using default page load timeout: '30'

25-03-2025T06:06:12 - [MESSAGE][PASSED] - Element 'Object Repository/Repo/android.widget.Button - LOGOUT' is exist

25-03-2025T06:06:12 - [TEST_STEP][PASSED] - getText(findTestObject("Object Repository/Repo/android.widget.Button - LOGOUT"), 0): Text of element 'Object Repository/Repo/android.widget.Button - LOGOUT' is: 'LOGOUT'

25-03-2025T06:06:12 - [MESSAGE][WARNING] - Timeout '0' is invalid. Using default page load timeout: '30'

25-03-2025T06:06:12 - [MESSAGE][PASSED] - Text of element 'Object Repository/Repo/android.widget.Button - LOGOUT' is: 'LOGOUT'

25-03-2025T06:06:12 - [TEST_STEP][PASSED] - getText(findTestObject("Object Repository/Repo/android.widget.Button - Signed in As 03205198tmwg.com"), 0): Text of element 'Object Repository/Repo/android.widget.Button - Signed in As 03205198tmwg.com' is: 'Signed in As 03205198tm@wg.com'

25-03-2025T06:06:12 - [MESSAGE][WARNING] - Timeout '0' is invalid. Using default page load timeout: '30'

25-03-2025T06:06:12 - [MESSAGE][PASSED] - Text of element 'Object Repository/Repo/android.widget.Button - Signed in As 03205198tmwg.com' is: 'Signed in As 03205198tm@wg.com'

25-03-2025T06:06:12 - [TEST_STEP][PASSED] - delay(30): Delayed 30 second(s)

25-03-2025T06:06:42 - [MESSAGE][PASSED] - Delayed 30 second(s)

25-03-2025T06:06:42 - [TEST_STEP][PASSED] - tap(findTestObject("Object Repository/Repo/android.widget.Button - LOGOUT"), 0): Tapped on element 'Object Repository/Repo/android.widget.Button - LOGOUT'

25-03-2025T06:06:42 - [MESSAGE][WARNING] - Timeout '0' is invalid. Using default page load timeout: '30'

25-03-2025T06:06:43 - [MESSAGE][PASSED] - Tapped on element 'Object Repository/Repo/android.widget.Button - LOGOUT'

25-03-2025T06:06:43 - [TEST_STEP][PASSED] - closeApplication(): Close app successfully

25-03-2025T06:06:46 - [MESSAGE][PASSED] - Close app successfully]]></system-out>
         <system-err><![CDATA[]]></system-err>
      </testcase>
      <testcase name="Test Cases/Sprint 2/WRMA-224/C720" time="311.991" classname="Test Cases/Sprint 2/WRMA-224/C720" status="PASSED">
         <system-out><![CDATA[25-03-2025T06:06:46 - [TEST_CASE][PASSED] - Test Cases/Sprint 2/WRMA-224/C720: Test Cases/Sprint 2/WRMA-224/C720

25-03-2025T06:06:46 - [TEST_STEP][PASSED] - testData = findTestData("Data Files/C720 (1)"): null

25-03-2025T06:06:46 - [TEST_STEP][PASSED] - email = testData.getValue("email", 1): null

25-03-2025T06:06:46 - [TEST_STEP][PASSED] - password = testData.getValue("password", 1): null

25-03-2025T06:06:46 - [TEST_STEP][PASSED] - expectedVersion = testData.getValue("version", 1): null

25-03-2025T06:06:46 - [TEST_STEP][PASSED] - startApplication("C:\Users\GVVignesh\git\WGR_Android\App Folder\universal.apk", true): Started application: 'C:\Users\GVVignesh\git\WGR_Android\App Folder\universal.apk'

25-03-2025T06:06:46 - [MESSAGE][INFO] - Starting application: 'C:\Users\GVVignesh\git\WGR_Android\App Folder\universal.apk'

25-03-2025T06:06:46 - [MESSAGE][INFO] - User set preference: ['deviceId', '']

25-03-2025T06:06:47 - [MESSAGE][INFO] - Detected NodeJS location: "C:\Program Files\nodejs\node.exe"

25-03-2025T06:06:57 - [MESSAGE][INFO] - PATH: C:\Program Files\nodejs;

25-03-2025T06:06:57 - [MESSAGE][INFO] - APPIUM_HOME: C:\Users\GVVignesh\.appium

25-03-2025T06:06:57 - [MESSAGE][INFO] - appium outlog: C:\Users\GVVignesh\Katalon Studio\WGR-Android-Automation\Reports\20250325_053528\WRMA Sprint1 and Sprint2 Android Report\20250325_053528\appium.log

25-03-2025T06:06:57 - [MESSAGE][INFO] - appium errlog: C:\Users\GVVignesh\Katalon Studio\WGR-Android-Automation\Reports\20250325_053528\WRMA Sprint1 and Sprint2 Android Report\20250325_053528\appium_error.log

25-03-2025T06:07:07 - [MESSAGE][INFO] - Appium server started on port 54,991

25-03-2025T06:08:30 - [MESSAGE][PASSED] - Started application: 'C:\Users\GVVignesh\git\WGR_Android\App Folder\universal.apk'

25-03-2025T06:08:30 - [TEST_STEP][PASSED] - delay(10): Delayed 10 second(s)

25-03-2025T06:08:40 - [MESSAGE][PASSED] - Delayed 10 second(s)

25-03-2025T06:08:40 - [TEST_STEP][PASSED] - tap(findTestObject("Object Repository/Repo/android.widget.Button - Login or Sign Up"), 0): Tapped on element 'Object Repository/Repo/android.widget.Button - Login or Sign Up'

25-03-2025T06:08:40 - [MESSAGE][WARNING] - Timeout '0' is invalid. Using default page load timeout: '30'

25-03-2025T06:08:40 - [MESSAGE][PASSED] - Tapped on element 'Object Repository/Repo/android.widget.Button - Login or Sign Up'

25-03-2025T06:08:40 - [TEST_STEP][PASSED] - delay(10): Delayed 10 second(s)

25-03-2025T06:08:50 - [MESSAGE][PASSED] - Delayed 10 second(s)

25-03-2025T06:08:50 - [TEST_STEP][PASSED] - setText(findTestObject("Object Repository/Repo/android.widget.EditText-LoginorSignUp"), email, 0): Text '0225109TM@WG.COM' has been set to element 'Object Repository/Repo/android.widget.EditText-LoginorSignUp'

25-03-2025T06:08:50 - [MESSAGE][WARNING] - Timeout '0' is invalid. Using default page load timeout: '30'

25-03-2025T06:08:51 - [MESSAGE][PASSED] - Text '0225109TM@WG.COM' has been set to element 'Object Repository/Repo/android.widget.EditText-LoginorSignUp'

25-03-2025T06:08:51 - [TEST_STEP][PASSED] - hideKeyboard(): Keyboard is hidden

25-03-2025T06:08:53 - [MESSAGE][PASSED] - Keyboard is hidden

25-03-2025T06:08:53 - [TEST_STEP][PASSED] - delay(10): Delayed 10 second(s)

25-03-2025T06:09:03 - [MESSAGE][PASSED] - Delayed 10 second(s)

25-03-2025T06:09:03 - [TEST_STEP][PASSED] - tap(findTestObject("Object Repository/Repo/android.widget.Button - Next"), 0): Tapped on element 'Object Repository/Repo/android.widget.Button - Next'

25-03-2025T06:09:03 - [MESSAGE][WARNING] - Timeout '0' is invalid. Using default page load timeout: '30'

25-03-2025T06:09:04 - [MESSAGE][PASSED] - Tapped on element 'Object Repository/Repo/android.widget.Button - Next'

25-03-2025T06:09:04 - [TEST_STEP][PASSED] - delay(30): Delayed 30 second(s)

25-03-2025T06:09:34 - [MESSAGE][PASSED] - Delayed 30 second(s)

25-03-2025T06:09:34 - [TEST_STEP][PASSED] - setText(findTestObject("Object Repository/Repo/android.widget.EditText-OAM(Login)"), email, 0): Text '0225109TM@WG.COM' has been set to element 'Object Repository/Repo/android.widget.EditText-OAM(Login)'

25-03-2025T06:09:34 - [MESSAGE][WARNING] - Timeout '0' is invalid. Using default page load timeout: '30'

25-03-2025T06:09:34 - [MESSAGE][PASSED] - Text '0225109TM@WG.COM' has been set to element 'Object Repository/Repo/android.widget.EditText-OAM(Login)'

25-03-2025T06:09:34 - [TEST_STEP][PASSED] - hideKeyboard(): Keyboard is hidden

25-03-2025T06:09:35 - [MESSAGE][PASSED] - Keyboard is hidden

25-03-2025T06:09:35 - [TEST_STEP][PASSED] - delay(30): Delayed 30 second(s)

25-03-2025T06:10:05 - [MESSAGE][PASSED] - Delayed 30 second(s)

25-03-2025T06:10:05 - [TEST_STEP][PASSED] - setText(findTestObject("Object Repository/Repo/android.widget.EditText-OAM(Password)"), password, 0): Text 'password' has been set to element 'Object Repository/Repo/android.widget.EditText-OAM(Password)'

25-03-2025T06:10:05 - [MESSAGE][WARNING] - Timeout '0' is invalid. Using default page load timeout: '30'

25-03-2025T06:10:07 - [MESSAGE][PASSED] - Text 'password' has been set to element 'Object Repository/Repo/android.widget.EditText-OAM(Password)'

25-03-2025T06:10:07 - [TEST_STEP][PASSED] - hideKeyboard(): Keyboard is hidden

25-03-2025T06:10:10 - [MESSAGE][PASSED] - Keyboard is hidden

25-03-2025T06:10:10 - [TEST_STEP][PASSED] - delay(30): Delayed 30 second(s)

25-03-2025T06:10:40 - [MESSAGE][PASSED] - Delayed 30 second(s)

25-03-2025T06:10:40 - [TEST_STEP][PASSED] - tap(findTestObject("Object Repository/Repo/android.widget.Button -OAM(Login)"), 0): Tapped on element 'Object Repository/Repo/android.widget.Button -OAM(Login)'

25-03-2025T06:10:40 - [MESSAGE][WARNING] - Timeout '0' is invalid. Using default page load timeout: '30'

25-03-2025T06:10:41 - [MESSAGE][PASSED] - Tapped on element 'Object Repository/Repo/android.widget.Button -OAM(Login)'

25-03-2025T06:10:41 - [TEST_STEP][PASSED] - delay(30): Delayed 30 second(s)

25-03-2025T06:11:11 - [MESSAGE][PASSED] - Delayed 30 second(s)

25-03-2025T06:11:11 - [TEST_STEP][PASSED] - tap(findTestObject("Object Repository/Repo/android.view.View - Home"), 0): Tapped on element 'Object Repository/Repo/android.view.View - Home'

25-03-2025T06:11:11 - [MESSAGE][WARNING] - Timeout '0' is invalid. Using default page load timeout: '30'

25-03-2025T06:11:11 - [MESSAGE][PASSED] - Tapped on element 'Object Repository/Repo/android.view.View - Home'

25-03-2025T06:11:11 - [TEST_STEP][PASSED] - delay(10): Delayed 10 second(s)

25-03-2025T06:11:21 - [MESSAGE][PASSED] - Delayed 10 second(s)

25-03-2025T06:11:21 - [TEST_STEP][PASSED] - tap(findTestObject("Object Repository/Repo/android.widget.Button - menu"), 0): Tapped on element 'Object Repository/Repo/android.widget.Button - menu'

25-03-2025T06:11:21 - [MESSAGE][WARNING] - Timeout '0' is invalid. Using default page load timeout: '30'

25-03-2025T06:11:22 - [MESSAGE][PASSED] - Tapped on element 'Object Repository/Repo/android.widget.Button - menu'

25-03-2025T06:11:22 - [TEST_STEP][PASSED] - delay(10): Delayed 10 second(s)

25-03-2025T06:11:32 - [MESSAGE][PASSED] - Delayed 10 second(s)

25-03-2025T06:11:32 - [TEST_STEP][PASSED] - tap(findTestObject("Object Repository/Repo/android.widget.TabWidget-Settings"), 0): Tapped on element 'Object Repository/Repo/android.widget.TabWidget-Settings'

25-03-2025T06:11:32 - [MESSAGE][WARNING] - Timeout '0' is invalid. Using default page load timeout: '30'

25-03-2025T06:11:32 - [MESSAGE][PASSED] - Tapped on element 'Object Repository/Repo/android.widget.TabWidget-Settings'

25-03-2025T06:11:32 - [TEST_STEP][PASSED] - delay(10): Delayed 10 second(s)

25-03-2025T06:11:42 - [MESSAGE][PASSED] - Delayed 10 second(s)

25-03-2025T06:11:42 - [TEST_STEP][PASSED] - actualVersion = getText(findTestObject("Object Repository/Repo/android.widget.Button - Version 2.81.111"), 0): Text of element 'Object Repository/Repo/android.widget.Button - Version 2.81.111' is: 'Version 2.81.111'

25-03-2025T06:11:42 - [MESSAGE][WARNING] - Timeout '0' is invalid. Using default page load timeout: '30'

25-03-2025T06:11:43 - [MESSAGE][PASSED] - Text of element 'Object Repository/Repo/android.widget.Button - Version 2.81.111' is: 'Version 2.81.111'

25-03-2025T06:11:43 - [TEST_STEP][PASSED] - if (actualVersion == expectedVersion): null

25-03-2025T06:11:43 - [TEST_STEP][PASSED] - println(Version verification passed. Expected: $expectedVersion, Actual: $actualVersion): null

25-03-2025T06:11:43 - [TEST_STEP][PASSED] - delay(10): Delayed 10 second(s)

25-03-2025T06:11:53 - [MESSAGE][PASSED] - Delayed 10 second(s)

25-03-2025T06:11:53 - [TEST_STEP][PASSED] - verifyElementExist(findTestObject("Object Repository/Repo/android.widget.Button - Version 2.81.111"), 0): Element 'Object Repository/Repo/android.widget.Button - Version 2.81.111' is exist

25-03-2025T06:11:53 - [MESSAGE][WARNING] - Timeout '0' is invalid. Using default page load timeout: '30'

25-03-2025T06:11:53 - [MESSAGE][PASSED] - Element 'Object Repository/Repo/android.widget.Button - Version 2.81.111' is exist

25-03-2025T06:11:53 - [TEST_STEP][PASSED] - closeApplication(): Close app successfully

25-03-2025T06:11:58 - [MESSAGE][PASSED] - Close app successfully]]></system-out>
         <system-err><![CDATA[]]></system-err>
      </testcase>
      <testcase name="Test Cases/Sprint 2/WRMA-224/C721" time="325.776" classname="Test Cases/Sprint 2/WRMA-224/C721" status="PASSED">
         <system-out><![CDATA[25-03-2025T06:11:58 - [TEST_CASE][PASSED] - Test Cases/Sprint 2/WRMA-224/C721: Test Cases/Sprint 2/WRMA-224/C721

25-03-2025T06:11:58 - [TEST_STEP][PASSED] - testData = findTestData("Data Files/C720 (1)"): null

25-03-2025T06:11:58 - [TEST_STEP][PASSED] - email = testData.getValue("email", 1): null

25-03-2025T06:11:58 - [TEST_STEP][PASSED] - password = testData.getValue("password", 1): null

25-03-2025T06:11:58 - [TEST_STEP][PASSED] - startApplication("C:\Users\GVVignesh\git\WGR_Android\App Folder\universal.apk", true): Started application: 'C:\Users\GVVignesh\git\WGR_Android\App Folder\universal.apk'

25-03-2025T06:11:58 - [MESSAGE][INFO] - Starting application: 'C:\Users\GVVignesh\git\WGR_Android\App Folder\universal.apk'

25-03-2025T06:11:58 - [MESSAGE][INFO] - User set preference: ['deviceId', '']

25-03-2025T06:11:59 - [MESSAGE][INFO] - Detected NodeJS location: "C:\Program Files\nodejs\node.exe"

25-03-2025T06:12:10 - [MESSAGE][INFO] - PATH: C:\Program Files\nodejs;

25-03-2025T06:12:10 - [MESSAGE][INFO] - APPIUM_HOME: C:\Users\GVVignesh\.appium

25-03-2025T06:12:10 - [MESSAGE][INFO] - appium outlog: C:\Users\GVVignesh\Katalon Studio\WGR-Android-Automation\Reports\20250325_053528\WRMA Sprint1 and Sprint2 Android Report\20250325_053528\appium.log

25-03-2025T06:12:10 - [MESSAGE][INFO] - appium errlog: C:\Users\GVVignesh\Katalon Studio\WGR-Android-Automation\Reports\20250325_053528\WRMA Sprint1 and Sprint2 Android Report\20250325_053528\appium_error.log

25-03-2025T06:12:19 - [MESSAGE][INFO] - Appium server started on port 55,478

25-03-2025T06:13:38 - [MESSAGE][PASSED] - Started application: 'C:\Users\GVVignesh\git\WGR_Android\App Folder\universal.apk'

25-03-2025T06:13:38 - [TEST_STEP][PASSED] - delay(10): Delayed 10 second(s)

25-03-2025T06:13:48 - [MESSAGE][PASSED] - Delayed 10 second(s)

25-03-2025T06:13:48 - [TEST_STEP][PASSED] - tap(findTestObject("Object Repository/Repo/android.widget.Button - Login or Sign Up"), 0): Tapped on element 'Object Repository/Repo/android.widget.Button - Login or Sign Up'

25-03-2025T06:13:48 - [MESSAGE][WARNING] - Timeout '0' is invalid. Using default page load timeout: '30'

25-03-2025T06:13:49 - [MESSAGE][PASSED] - Tapped on element 'Object Repository/Repo/android.widget.Button - Login or Sign Up'

25-03-2025T06:13:49 - [TEST_STEP][PASSED] - delay(10): Delayed 10 second(s)

25-03-2025T06:13:59 - [MESSAGE][PASSED] - Delayed 10 second(s)

25-03-2025T06:13:59 - [TEST_STEP][PASSED] - setText(findTestObject("Object Repository/Repo/android.widget.EditText-LoginorSignUp"), email, 0): Text '0225109TM@WG.COM' has been set to element 'Object Repository/Repo/android.widget.EditText-LoginorSignUp'

25-03-2025T06:13:59 - [MESSAGE][WARNING] - Timeout '0' is invalid. Using default page load timeout: '30'

25-03-2025T06:14:00 - [MESSAGE][PASSED] - Text '0225109TM@WG.COM' has been set to element 'Object Repository/Repo/android.widget.EditText-LoginorSignUp'

25-03-2025T06:14:00 - [TEST_STEP][PASSED] - hideKeyboard(): Keyboard is hidden

25-03-2025T06:14:01 - [MESSAGE][PASSED] - Keyboard is hidden

25-03-2025T06:14:01 - [TEST_STEP][PASSED] - delay(10): Delayed 10 second(s)

25-03-2025T06:14:11 - [MESSAGE][PASSED] - Delayed 10 second(s)

25-03-2025T06:14:11 - [TEST_STEP][PASSED] - tap(findTestObject("Object Repository/Repo/android.widget.Button - Next"), 0): Tapped on element 'Object Repository/Repo/android.widget.Button - Next'

25-03-2025T06:14:11 - [MESSAGE][WARNING] - Timeout '0' is invalid. Using default page load timeout: '30'

25-03-2025T06:14:12 - [MESSAGE][PASSED] - Tapped on element 'Object Repository/Repo/android.widget.Button - Next'

25-03-2025T06:14:12 - [TEST_STEP][PASSED] - delay(30): Delayed 30 second(s)

25-03-2025T06:14:42 - [MESSAGE][PASSED] - Delayed 30 second(s)

25-03-2025T06:14:42 - [TEST_STEP][PASSED] - setText(findTestObject("Object Repository/Repo/android.widget.EditText-OAM(Login)"), email, 0): Text '0225109TM@WG.COM' has been set to element 'Object Repository/Repo/android.widget.EditText-OAM(Login)'

25-03-2025T06:14:42 - [MESSAGE][WARNING] - Timeout '0' is invalid. Using default page load timeout: '30'

25-03-2025T06:15:09 - [MESSAGE][PASSED] - Text '0225109TM@WG.COM' has been set to element 'Object Repository/Repo/android.widget.EditText-OAM(Login)'

25-03-2025T06:15:09 - [TEST_STEP][PASSED] - hideKeyboard(): Keyboard is hidden

25-03-2025T06:15:12 - [MESSAGE][PASSED] - Keyboard is hidden

25-03-2025T06:15:12 - [TEST_STEP][PASSED] - delay(30): Delayed 30 second(s)

25-03-2025T06:15:42 - [MESSAGE][PASSED] - Delayed 30 second(s)

25-03-2025T06:15:42 - [TEST_STEP][PASSED] - setText(findTestObject("Object Repository/Repo/android.widget.EditText-OAM(Password)"), password, 0): Text 'password' has been set to element 'Object Repository/Repo/android.widget.EditText-OAM(Password)'

25-03-2025T06:15:42 - [MESSAGE][WARNING] - Timeout '0' is invalid. Using default page load timeout: '30'

25-03-2025T06:15:43 - [MESSAGE][PASSED] - Text 'password' has been set to element 'Object Repository/Repo/android.widget.EditText-OAM(Password)'

25-03-2025T06:15:43 - [TEST_STEP][PASSED] - hideKeyboard(): Keyboard is hidden

25-03-2025T06:15:46 - [MESSAGE][PASSED] - Keyboard is hidden

25-03-2025T06:15:46 - [TEST_STEP][PASSED] - delay(30): Delayed 30 second(s)

25-03-2025T06:16:16 - [MESSAGE][PASSED] - Delayed 30 second(s)

25-03-2025T06:16:16 - [TEST_STEP][PASSED] - tap(findTestObject("Object Repository/Repo/android.widget.Button -OAM(Login)"), 0): Tapped on element 'Object Repository/Repo/android.widget.Button -OAM(Login)'

25-03-2025T06:16:16 - [MESSAGE][WARNING] - Timeout '0' is invalid. Using default page load timeout: '30'

25-03-2025T06:16:17 - [MESSAGE][PASSED] - Tapped on element 'Object Repository/Repo/android.widget.Button -OAM(Login)'

25-03-2025T06:16:17 - [TEST_STEP][PASSED] - delay(30): Delayed 30 second(s)

25-03-2025T06:16:47 - [MESSAGE][PASSED] - Delayed 30 second(s)

25-03-2025T06:16:47 - [TEST_STEP][PASSED] - tap(findTestObject("Object Repository/Repo/android.view.View - Home"), 0): Tapped on element 'Object Repository/Repo/android.view.View - Home'

25-03-2025T06:16:47 - [MESSAGE][WARNING] - Timeout '0' is invalid. Using default page load timeout: '30'

25-03-2025T06:16:47 - [MESSAGE][PASSED] - Tapped on element 'Object Repository/Repo/android.view.View - Home'

25-03-2025T06:16:47 - [TEST_STEP][PASSED] - delay(10): Delayed 10 second(s)

25-03-2025T06:16:57 - [MESSAGE][PASSED] - Delayed 10 second(s)

25-03-2025T06:16:57 - [TEST_STEP][PASSED] - tap(findTestObject("Object Repository/Repo/android.widget.Button - menu"), 0): Tapped on element 'Object Repository/Repo/android.widget.Button - menu'

25-03-2025T06:16:57 - [MESSAGE][WARNING] - Timeout '0' is invalid. Using default page load timeout: '30'

25-03-2025T06:16:58 - [MESSAGE][PASSED] - Tapped on element 'Object Repository/Repo/android.widget.Button - menu'

25-03-2025T06:16:58 - [TEST_STEP][PASSED] - delay(10): Delayed 10 second(s)

25-03-2025T06:17:08 - [MESSAGE][PASSED] - Delayed 10 second(s)

25-03-2025T06:17:08 - [TEST_STEP][PASSED] - tap(findTestObject("Object Repository/Repo/android.widget.TabWidget-Settings"), 0): Tapped on element 'Object Repository/Repo/android.widget.TabWidget-Settings'

25-03-2025T06:17:08 - [MESSAGE][WARNING] - Timeout '0' is invalid. Using default page load timeout: '30'

25-03-2025T06:17:09 - [MESSAGE][PASSED] - Tapped on element 'Object Repository/Repo/android.widget.TabWidget-Settings'

25-03-2025T06:17:09 - [TEST_STEP][PASSED] - delay(10): Delayed 10 second(s)

25-03-2025T06:17:19 - [MESSAGE][PASSED] - Delayed 10 second(s)

25-03-2025T06:17:19 - [TEST_STEP][PASSED] - verifyElementExist(findTestObject("Object Repository/Repo/android.widget.Button - Signed in As 0225109tmwg.com"), 0): Element 'Object Repository/Repo/android.widget.Button - Signed in As 0225109tmwg.com' is exist

25-03-2025T06:17:19 - [MESSAGE][WARNING] - Timeout '0' is invalid. Using default page load timeout: '30'

25-03-2025T06:17:19 - [MESSAGE][PASSED] - Element 'Object Repository/Repo/android.widget.Button - Signed in As 0225109tmwg.com' is exist

25-03-2025T06:17:19 - [TEST_STEP][PASSED] - elementExists = verifyElementExist(findTestObject("Object Repository/Repo/android.widget.Button - Signed in As 0225109tmwg.com"), 0): Element 'Object Repository/Repo/android.widget.Button - Signed in As 0225109tmwg.com' is exist

25-03-2025T06:17:19 - [MESSAGE][WARNING] - Timeout '0' is invalid. Using default page load timeout: '30'

25-03-2025T06:17:19 - [MESSAGE][PASSED] - Element 'Object Repository/Repo/android.widget.Button - Signed in As 0225109tmwg.com' is exist

25-03-2025T06:17:19 - [TEST_STEP][PASSED] - assert elementExists : "Element 'Signed in As 0225109tmwg.com' exists.": null

25-03-2025T06:17:19 - [TEST_STEP][PASSED] - println("Element 'Signed in As 0225109tmwg.com' exists."): null

25-03-2025T06:17:19 - [TEST_STEP][PASSED] - closeApplication(): Close app successfully

25-03-2025T06:17:23 - [MESSAGE][PASSED] - Close app successfully]]></system-out>
         <system-err><![CDATA[]]></system-err>
      </testcase>
      <testcase name="Test Cases/Sprint 2/WRMA-239/C738" time="156.017" classname="Test Cases/Sprint 2/WRMA-239/C738" status="PASSED">
         <system-out><![CDATA[25-03-2025T06:17:24 - [TEST_CASE][PASSED] - Test Cases/Sprint 2/WRMA-239/C738: Test Cases/Sprint 2/WRMA-239/C738

25-03-2025T06:17:24 - [TEST_STEP][PASSED] - startApplication("C:\Users\GVVignesh\git\WGR_Android\App Folder\universal.apk", true): Started application: 'C:\Users\GVVignesh\git\WGR_Android\App Folder\universal.apk'

25-03-2025T06:17:24 - [MESSAGE][INFO] - Starting application: 'C:\Users\GVVignesh\git\WGR_Android\App Folder\universal.apk'

25-03-2025T06:17:24 - [MESSAGE][INFO] - User set preference: ['deviceId', '']

25-03-2025T06:17:24 - [MESSAGE][INFO] - Detected NodeJS location: "C:\Program Files\nodejs\node.exe"

25-03-2025T06:17:35 - [MESSAGE][INFO] - PATH: C:\Program Files\nodejs;

25-03-2025T06:17:35 - [MESSAGE][INFO] - APPIUM_HOME: C:\Users\GVVignesh\.appium

25-03-2025T06:17:35 - [MESSAGE][INFO] - appium outlog: C:\Users\GVVignesh\Katalon Studio\WGR-Android-Automation\Reports\20250325_053528\WRMA Sprint1 and Sprint2 Android Report\20250325_053528\appium.log

25-03-2025T06:17:35 - [MESSAGE][INFO] - appium errlog: C:\Users\GVVignesh\Katalon Studio\WGR-Android-Automation\Reports\20250325_053528\WRMA Sprint1 and Sprint2 Android Report\20250325_053528\appium_error.log

25-03-2025T06:17:48 - [MESSAGE][INFO] - Appium server started on port 55,986

25-03-2025T06:19:13 - [MESSAGE][PASSED] - Started application: 'C:\Users\GVVignesh\git\WGR_Android\App Folder\universal.apk'

25-03-2025T06:19:13 - [TEST_STEP][PASSED] - delay(10): Delayed 10 second(s)

25-03-2025T06:19:23 - [MESSAGE][PASSED] - Delayed 10 second(s)

25-03-2025T06:19:23 - [TEST_STEP][PASSED] - tap(findTestObject("Object Repository/Repo/android.widget.TextView - Continue as a Guest"), 0): Tapped on element 'Object Repository/Repo/android.widget.TextView - Continue as a Guest'

25-03-2025T06:19:23 - [MESSAGE][WARNING] - Timeout '0' is invalid. Using default page load timeout: '30'

25-03-2025T06:19:24 - [MESSAGE][PASSED] - Tapped on element 'Object Repository/Repo/android.widget.TextView - Continue as a Guest'

25-03-2025T06:19:24 - [TEST_STEP][PASSED] - delay(10): Delayed 10 second(s)

25-03-2025T06:19:34 - [MESSAGE][PASSED] - Delayed 10 second(s)

25-03-2025T06:19:34 - [TEST_STEP][PASSED] - homeElementExists = verifyElementExist(findTestObject("Object Repository/Repo/android.view.View - Home"), 0): Element 'Object Repository/Repo/android.view.View - Home' is exist

25-03-2025T06:19:34 - [MESSAGE][WARNING] - Timeout '0' is invalid. Using default page load timeout: '30'

25-03-2025T06:19:35 - [MESSAGE][PASSED] - Element 'Object Repository/Repo/android.view.View - Home' is exist

25-03-2025T06:19:35 - [TEST_STEP][PASSED] - assert homeElementExists : "Element 'Home' does not exist.": null

25-03-2025T06:19:35 - [TEST_STEP][PASSED] - homeText = getText(findTestObject("Object Repository/Repo/android.view.View - Home"), 0): Text of element 'Object Repository/Repo/android.view.View - Home' is: 'Home'

25-03-2025T06:19:35 - [MESSAGE][WARNING] - Timeout '0' is invalid. Using default page load timeout: '30'

25-03-2025T06:19:35 - [MESSAGE][PASSED] - Text of element 'Object Repository/Repo/android.view.View - Home' is: 'Home'

25-03-2025T06:19:35 - [TEST_STEP][PASSED] - assert homeText == "Home": null

25-03-2025T06:19:35 - [TEST_STEP][PASSED] - delay(10): Delayed 10 second(s)

25-03-2025T06:19:45 - [MESSAGE][PASSED] - Delayed 10 second(s)

25-03-2025T06:19:45 - [TEST_STEP][PASSED] - myAccountElementExists = verifyElementExist(findTestObject("Object Repository/Repo/android.view.View - My Account"), 0): Element 'Object Repository/Repo/android.view.View - My Account' is exist

25-03-2025T06:19:45 - [MESSAGE][WARNING] - Timeout '0' is invalid. Using default page load timeout: '30'

25-03-2025T06:19:45 - [MESSAGE][PASSED] - Element 'Object Repository/Repo/android.view.View - My Account' is exist

25-03-2025T06:19:45 - [TEST_STEP][PASSED] - assert myAccountElementExists : "Element 'My Account' does not exist.": null

25-03-2025T06:19:45 - [TEST_STEP][PASSED] - myAccountText = getText(findTestObject("Object Repository/Repo/android.view.View - My Account"), 0): Text of element 'Object Repository/Repo/android.view.View - My Account' is: 'My Account'

25-03-2025T06:19:45 - [MESSAGE][WARNING] - Timeout '0' is invalid. Using default page load timeout: '30'

25-03-2025T06:19:46 - [MESSAGE][PASSED] - Text of element 'Object Repository/Repo/android.view.View - My Account' is: 'My Account'

25-03-2025T06:19:46 - [TEST_STEP][PASSED] - assert myAccountText == "My Account": null

25-03-2025T06:19:46 - [TEST_STEP][PASSED] - delay(10): Delayed 10 second(s)

25-03-2025T06:19:56 - [MESSAGE][PASSED] - Delayed 10 second(s)

25-03-2025T06:19:56 - [TEST_STEP][PASSED] - println("Text 'Home' is available."): null

25-03-2025T06:19:56 - [TEST_STEP][PASSED] - println("Text 'My Account' is available."): null

25-03-2025T06:19:56 - [TEST_STEP][PASSED] - closeApplication(): Close app successfully

25-03-2025T06:20:00 - [MESSAGE][PASSED] - Close app successfully]]></system-out>
         <system-err><![CDATA[]]></system-err>
      </testcase>
      <testcase name="Test Cases/Sprint 2/WRMA-239/C739" time="267.568" classname="Test Cases/Sprint 2/WRMA-239/C739" status="PASSED">
         <system-out><![CDATA[25-03-2025T06:20:00 - [TEST_CASE][PASSED] - Test Cases/Sprint 2/WRMA-239/C739: Test Cases/Sprint 2/WRMA-239/C739

25-03-2025T06:20:00 - [TEST_STEP][PASSED] - testData = findTestData("Data Files/C739"): null

25-03-2025T06:20:00 - [TEST_STEP][PASSED] - email = testData.getValue("email", 1): null

25-03-2025T06:20:00 - [TEST_STEP][PASSED] - password = testData.getValue("password", 1): null

25-03-2025T06:20:00 - [TEST_STEP][PASSED] - startApplication("C:\Users\GVVignesh\git\WGR_Android\App Folder\universal.apk", true): Started application: 'C:\Users\GVVignesh\git\WGR_Android\App Folder\universal.apk'

25-03-2025T06:20:00 - [MESSAGE][INFO] - Starting application: 'C:\Users\GVVignesh\git\WGR_Android\App Folder\universal.apk'

25-03-2025T06:20:00 - [MESSAGE][INFO] - User set preference: ['deviceId', '']

25-03-2025T06:20:00 - [MESSAGE][INFO] - Detected NodeJS location: "C:\Program Files\nodejs\node.exe"

25-03-2025T06:20:11 - [MESSAGE][INFO] - PATH: C:\Program Files\nodejs;

25-03-2025T06:20:11 - [MESSAGE][INFO] - APPIUM_HOME: C:\Users\GVVignesh\.appium

25-03-2025T06:20:11 - [MESSAGE][INFO] - appium outlog: C:\Users\GVVignesh\Katalon Studio\WGR-Android-Automation\Reports\20250325_053528\WRMA Sprint1 and Sprint2 Android Report\20250325_053528\appium.log

25-03-2025T06:20:11 - [MESSAGE][INFO] - appium errlog: C:\Users\GVVignesh\Katalon Studio\WGR-Android-Automation\Reports\20250325_053528\WRMA Sprint1 and Sprint2 Android Report\20250325_053528\appium_error.log

25-03-2025T06:20:19 - [MESSAGE][INFO] - Appium server started on port 56,290

25-03-2025T06:21:35 - [MESSAGE][PASSED] - Started application: 'C:\Users\GVVignesh\git\WGR_Android\App Folder\universal.apk'

25-03-2025T06:21:35 - [TEST_STEP][PASSED] - delay(10): Delayed 10 second(s)

25-03-2025T06:21:45 - [MESSAGE][PASSED] - Delayed 10 second(s)

25-03-2025T06:21:45 - [TEST_STEP][PASSED] - tap(findTestObject("Object Repository/Repo/android.widget.Button - Login or Sign Up"), 0): Tapped on element 'Object Repository/Repo/android.widget.Button - Login or Sign Up'

25-03-2025T06:21:45 - [MESSAGE][WARNING] - Timeout '0' is invalid. Using default page load timeout: '30'

25-03-2025T06:21:46 - [MESSAGE][PASSED] - Tapped on element 'Object Repository/Repo/android.widget.Button - Login or Sign Up'

25-03-2025T06:21:46 - [TEST_STEP][PASSED] - delay(10): Delayed 10 second(s)

25-03-2025T06:21:56 - [MESSAGE][PASSED] - Delayed 10 second(s)

25-03-2025T06:21:56 - [TEST_STEP][PASSED] - sendKeys(findTestObject("Object Repository/Repo/android.widget.EditText-LoginorSignUp"), email): Send keys '03205110TM@WG.COM' on test object 'Object Repository/Repo/android.widget.EditText-LoginorSignUp' successfully.

25-03-2025T06:21:57 - [MESSAGE][PASSED] - Send keys '03205110TM@WG.COM' on test object 'Object Repository/Repo/android.widget.EditText-LoginorSignUp' successfully.

25-03-2025T06:21:57 - [TEST_STEP][PASSED] - delay(10): Delayed 10 second(s)

25-03-2025T06:22:07 - [MESSAGE][PASSED] - Delayed 10 second(s)

25-03-2025T06:22:07 - [TEST_STEP][PASSED] - tap(findTestObject("Object Repository/Repo/android.widget.Button - Next"), 0): Tapped on element 'Object Repository/Repo/android.widget.Button - Next'

25-03-2025T06:22:07 - [MESSAGE][WARNING] - Timeout '0' is invalid. Using default page load timeout: '30'

25-03-2025T06:22:07 - [MESSAGE][PASSED] - Tapped on element 'Object Repository/Repo/android.widget.Button - Next'

25-03-2025T06:22:07 - [TEST_STEP][PASSED] - delay(30): Delayed 30 second(s)

25-03-2025T06:22:37 - [MESSAGE][PASSED] - Delayed 30 second(s)

25-03-2025T06:22:37 - [TEST_STEP][PASSED] - setText(findTestObject("Object Repository/Repo/android.widget.EditText-OAM(Login)"), email, 0): Text '03205110TM@WG.COM' has been set to element 'Object Repository/Repo/android.widget.EditText-OAM(Login)'

25-03-2025T06:22:37 - [MESSAGE][WARNING] - Timeout '0' is invalid. Using default page load timeout: '30'

25-03-2025T06:22:38 - [MESSAGE][PASSED] - Text '03205110TM@WG.COM' has been set to element 'Object Repository/Repo/android.widget.EditText-OAM(Login)'

25-03-2025T06:22:38 - [TEST_STEP][PASSED] - hideKeyboard(): Keyboard is hidden

25-03-2025T06:22:38 - [MESSAGE][PASSED] - Keyboard is hidden

25-03-2025T06:22:38 - [TEST_STEP][PASSED] - delay(30): Delayed 30 second(s)

25-03-2025T06:23:08 - [MESSAGE][PASSED] - Delayed 30 second(s)

25-03-2025T06:23:08 - [TEST_STEP][PASSED] - setText(findTestObject("Object Repository/Repo/android.widget.EditText-OAM(Password)"), password, 0): Text 'password' has been set to element 'Object Repository/Repo/android.widget.EditText-OAM(Password)'

25-03-2025T06:23:08 - [MESSAGE][WARNING] - Timeout '0' is invalid. Using default page load timeout: '30'

25-03-2025T06:23:10 - [MESSAGE][PASSED] - Text 'password' has been set to element 'Object Repository/Repo/android.widget.EditText-OAM(Password)'

25-03-2025T06:23:10 - [TEST_STEP][PASSED] - hideKeyboard(): Keyboard is hidden

25-03-2025T06:23:12 - [MESSAGE][PASSED] - Keyboard is hidden

25-03-2025T06:23:12 - [TEST_STEP][PASSED] - delay(30): Delayed 30 second(s)

25-03-2025T06:23:42 - [MESSAGE][PASSED] - Delayed 30 second(s)

25-03-2025T06:23:42 - [TEST_STEP][PASSED] - tap(findTestObject("Object Repository/Repo/android.widget.Button -OAM(Login)"), 0): Tapped on element 'Object Repository/Repo/android.widget.Button -OAM(Login)'

25-03-2025T06:23:42 - [MESSAGE][WARNING] - Timeout '0' is invalid. Using default page load timeout: '30'

25-03-2025T06:23:42 - [MESSAGE][PASSED] - Tapped on element 'Object Repository/Repo/android.widget.Button -OAM(Login)'

25-03-2025T06:23:42 - [TEST_STEP][PASSED] - delay(10): Delayed 10 second(s)

25-03-2025T06:23:52 - [MESSAGE][PASSED] - Delayed 10 second(s)

25-03-2025T06:23:52 - [TEST_STEP][PASSED] - homeElementExists = verifyElementExist(findTestObject("Object Repository/Repo/android.view.View - Home"), 0): Element 'Object Repository/Repo/android.view.View - Home' is exist

25-03-2025T06:23:52 - [MESSAGE][WARNING] - Timeout '0' is invalid. Using default page load timeout: '30'

25-03-2025T06:23:53 - [MESSAGE][PASSED] - Element 'Object Repository/Repo/android.view.View - Home' is exist

25-03-2025T06:23:53 - [TEST_STEP][PASSED] - assert homeElementExists : "Element 'Home' does not exist.": null

25-03-2025T06:23:53 - [TEST_STEP][PASSED] - homeText = getText(findTestObject("Object Repository/Repo/android.view.View - Home"), 0): Text of element 'Object Repository/Repo/android.view.View - Home' is: 'Home'

25-03-2025T06:23:53 - [MESSAGE][WARNING] - Timeout '0' is invalid. Using default page load timeout: '30'

25-03-2025T06:23:53 - [MESSAGE][PASSED] - Text of element 'Object Repository/Repo/android.view.View - Home' is: 'Home'

25-03-2025T06:23:53 - [TEST_STEP][PASSED] - assert homeText == "Home": null

25-03-2025T06:23:53 - [TEST_STEP][PASSED] - delay(10): Delayed 10 second(s)

25-03-2025T06:24:03 - [MESSAGE][PASSED] - Delayed 10 second(s)

25-03-2025T06:24:03 - [TEST_STEP][PASSED] - myStayElementExists = verifyElementExist(findTestObject("Object Repository/Repo/android.view.View - My Stay"), 0): Element 'Object Repository/Repo/android.view.View - My Stay' is exist

25-03-2025T06:24:03 - [MESSAGE][WARNING] - Timeout '0' is invalid. Using default page load timeout: '30'

25-03-2025T06:24:03 - [MESSAGE][PASSED] - Element 'Object Repository/Repo/android.view.View - My Stay' is exist

25-03-2025T06:24:03 - [TEST_STEP][PASSED] - assert myStayElementExists : "Element 'My Stay' does not exist.": null

25-03-2025T06:24:03 - [TEST_STEP][PASSED] - myStayText = getText(findTestObject("Object Repository/Repo/android.view.View - My Stay"), 0): Text of element 'Object Repository/Repo/android.view.View - My Stay' is: 'My Stay'

25-03-2025T06:24:03 - [MESSAGE][WARNING] - Timeout '0' is invalid. Using default page load timeout: '30'

25-03-2025T06:24:03 - [MESSAGE][PASSED] - Text of element 'Object Repository/Repo/android.view.View - My Stay' is: 'My Stay'

25-03-2025T06:24:03 - [TEST_STEP][PASSED] - assert myStayText == "My Stay": null

25-03-2025T06:24:03 - [TEST_STEP][PASSED] - delay(10): Delayed 10 second(s)

25-03-2025T06:24:13 - [MESSAGE][PASSED] - Delayed 10 second(s)

25-03-2025T06:24:13 - [TEST_STEP][PASSED] - myAccountElementExists = verifyElementExist(findTestObject("Object Repository/Repo/android.view.View - My Account"), 0): Element 'Object Repository/Repo/android.view.View - My Account' is exist

25-03-2025T06:24:14 - [MESSAGE][WARNING] - Timeout '0' is invalid. Using default page load timeout: '30'

25-03-2025T06:24:14 - [MESSAGE][PASSED] - Element 'Object Repository/Repo/android.view.View - My Account' is exist

25-03-2025T06:24:14 - [TEST_STEP][PASSED] - assert myAccountElementExists : "Element 'My Account' does not exist.": null

25-03-2025T06:24:14 - [TEST_STEP][PASSED] - myAccountText = getText(findTestObject("Object Repository/Repo/android.view.View - My Account"), 0): Text of element 'Object Repository/Repo/android.view.View - My Account' is: 'My Account'

25-03-2025T06:24:14 - [MESSAGE][WARNING] - Timeout '0' is invalid. Using default page load timeout: '30'

25-03-2025T06:24:14 - [MESSAGE][PASSED] - Text of element 'Object Repository/Repo/android.view.View - My Account' is: 'My Account'

25-03-2025T06:24:14 - [TEST_STEP][PASSED] - assert myAccountText == "My Account": null

25-03-2025T06:24:14 - [TEST_STEP][PASSED] - delay(10): Delayed 10 second(s)

25-03-2025T06:24:24 - [MESSAGE][PASSED] - Delayed 10 second(s)

25-03-2025T06:24:24 - [TEST_STEP][PASSED] - println("Text 'Home' is present."): null

25-03-2025T06:24:24 - [TEST_STEP][PASSED] - println("Text 'My Stay' is present."): null

25-03-2025T06:24:24 - [TEST_STEP][PASSED] - println("Text 'My Account' is present."): null

25-03-2025T06:24:24 - [TEST_STEP][PASSED] - closeApplication(): Close app successfully

25-03-2025T06:24:27 - [MESSAGE][PASSED] - Close app successfully]]></system-out>
         <system-err><![CDATA[]]></system-err>
      </testcase>
      <testcase name="Test Cases/Sprint 2/WRMA-241/C660" time="117.163" classname="Test Cases/Sprint 2/WRMA-241/C660" status="PASSED">
         <system-out><![CDATA[25-03-2025T06:26:44 - [TEST_CASE][PASSED] - Test Cases/Sprint 2/WRMA-241/C660: Test Cases/Sprint 2/WRMA-241/C660

25-03-2025T06:26:44 - [TEST_STEP][PASSED] - startApplication("C:\Users\GVVignesh\git\WGR_Android\App Folder\universal.apk", true): Started application: 'C:\Users\GVVignesh\git\WGR_Android\App Folder\universal.apk'

25-03-2025T06:26:44 - [MESSAGE][INFO] - Starting application: 'C:\Users\GVVignesh\git\WGR_Android\App Folder\universal.apk'

25-03-2025T06:26:44 - [MESSAGE][INFO] - User set preference: ['deviceId', '']

25-03-2025T06:27:59 - [MESSAGE][PASSED] - Started application: 'C:\Users\GVVignesh\git\WGR_Android\App Folder\universal.apk'

25-03-2025T06:27:59 - [TEST_STEP][PASSED] - delay(5): Delayed 5 second(s)

25-03-2025T06:28:04 - [MESSAGE][PASSED] - Delayed 5 second(s)

25-03-2025T06:28:04 - [TEST_STEP][PASSED] - tap(findTestObject("Object Repository/Repo/android.widget.Button - Login or Sign Up"), 0): Tapped on element 'Object Repository/Repo/android.widget.Button - Login or Sign Up'

25-03-2025T06:28:04 - [MESSAGE][WARNING] - Timeout '0' is invalid. Using default page load timeout: '30'

25-03-2025T06:28:06 - [MESSAGE][PASSED] - Tapped on element 'Object Repository/Repo/android.widget.Button - Login or Sign Up'

25-03-2025T06:28:06 - [TEST_STEP][PASSED] - excelData = findTestData("Data Files/InvalidEmail"): null

25-03-2025T06:28:06 - [TEST_STEP][PASSED] - rowCount = excelData.getRowNumbers(): null

25-03-2025T06:28:06 - [TEST_STEP][PASSED] - for ([i = 1, i <= rowCount, (i++)]): null

25-03-2025T06:28:06 - [TEST_STEP][PASSED] - invalidEmail = excelData.getValue("email-Address", i): null

25-03-2025T06:28:06 - [TEST_STEP][PASSED] - println(excelData): null

25-03-2025T06:28:06 - [TEST_STEP][PASSED] - println(Testing invalid email from Excel (Row $i): $invalidEmail): null

25-03-2025T06:28:06 - [TEST_STEP][PASSED] - waitForElementPresent(findTestObject("Object Repository/Repo/android.widget.EditText-LoginorSignUp"), 20): Element 'Object Repository/Repo/android.widget.EditText-LoginorSignUp' is present

25-03-2025T06:28:08 - [MESSAGE][PASSED] - Element 'Object Repository/Repo/android.widget.EditText-LoginorSignUp' is present

25-03-2025T06:28:08 - [TEST_STEP][PASSED] - sendKeys(findTestObject("Object Repository/Repo/android.widget.EditText-LoginorSignUp"), invalidEmail): Send keys 'd.g.com' on test object 'Object Repository/Repo/android.widget.EditText-LoginorSignUp' successfully.

25-03-2025T06:28:09 - [MESSAGE][PASSED] - Send keys 'd.g.com' on test object 'Object Repository/Repo/android.widget.EditText-LoginorSignUp' successfully.

25-03-2025T06:28:09 - [TEST_STEP][PASSED] - actualErrorMessage = TextView -  Invalid email format"), 0).trim(): Text of element 'Object Repository/Repo/android.widget.TextView -  Invalid email format' is: ' Invalid email format.
'

25-03-2025T06:28:09 - [MESSAGE][WARNING] - Timeout '0' is invalid. Using default page load timeout: '30'

25-03-2025T06:28:10 - [MESSAGE][PASSED] - Text of element 'Object Repository/Repo/android.widget.TextView -  Invalid email format' is: ' Invalid email format.
'

25-03-2025T06:28:10 - [TEST_STEP][PASSED] - expectedErrorMessage = "Invalid email format": null

25-03-2025T06:28:10 - [TEST_STEP][PASSED] - Assert.assertEquals(Error message validation failed at row $i, replaceAll("[^a-zA-Z0-9 ]", "").trim(), replaceAll("[^a-zA-Z0-9 ]", "").trim()): null

25-03-2025T06:28:10 - [TEST_STEP][PASSED] - invalidEmail = excelData.getValue("email-Address", i): null

25-03-2025T06:28:10 - [TEST_STEP][PASSED] - println(excelData): null

25-03-2025T06:28:10 - [TEST_STEP][PASSED] - println(Testing invalid email from Excel (Row $i): $invalidEmail): null

25-03-2025T06:28:10 - [TEST_STEP][PASSED] - waitForElementPresent(findTestObject("Object Repository/Repo/android.widget.EditText-LoginorSignUp"), 20): Element 'Object Repository/Repo/android.widget.EditText-LoginorSignUp' is present

25-03-2025T06:28:10 - [MESSAGE][PASSED] - Element 'Object Repository/Repo/android.widget.EditText-LoginorSignUp' is present

25-03-2025T06:28:10 - [TEST_STEP][PASSED] - sendKeys(findTestObject("Object Repository/Repo/android.widget.EditText-LoginorSignUp"), invalidEmail): Send keys 's@com' on test object 'Object Repository/Repo/android.widget.EditText-LoginorSignUp' successfully.

25-03-2025T06:28:10 - [MESSAGE][PASSED] - Send keys 's@com' on test object 'Object Repository/Repo/android.widget.EditText-LoginorSignUp' successfully.

25-03-2025T06:28:10 - [TEST_STEP][PASSED] - actualErrorMessage = TextView -  Invalid email format"), 0).trim(): Text of element 'Object Repository/Repo/android.widget.TextView -  Invalid email format' is: ' Invalid email format.
'

25-03-2025T06:28:10 - [MESSAGE][WARNING] - Timeout '0' is invalid. Using default page load timeout: '30'

25-03-2025T06:28:12 - [MESSAGE][PASSED] - Text of element 'Object Repository/Repo/android.widget.TextView -  Invalid email format' is: ' Invalid email format.
'

25-03-2025T06:28:12 - [TEST_STEP][PASSED] - expectedErrorMessage = "Invalid email format": null

25-03-2025T06:28:12 - [TEST_STEP][PASSED] - Assert.assertEquals(Error message validation failed at row $i, replaceAll("[^a-zA-Z0-9 ]", "").trim(), replaceAll("[^a-zA-Z0-9 ]", "").trim()): null

25-03-2025T06:28:12 - [TEST_STEP][PASSED] - invalidEmail = excelData.getValue("email-Address", i): null

25-03-2025T06:28:12 - [TEST_STEP][PASSED] - println(excelData): null

25-03-2025T06:28:12 - [TEST_STEP][PASSED] - println(Testing invalid email from Excel (Row $i): $invalidEmail): null

25-03-2025T06:28:12 - [TEST_STEP][PASSED] - waitForElementPresent(findTestObject("Object Repository/Repo/android.widget.EditText-LoginorSignUp"), 20): Element 'Object Repository/Repo/android.widget.EditText-LoginorSignUp' is present

25-03-2025T06:28:12 - [MESSAGE][PASSED] - Element 'Object Repository/Repo/android.widget.EditText-LoginorSignUp' is present

25-03-2025T06:28:12 - [TEST_STEP][PASSED] - sendKeys(findTestObject("Object Repository/Repo/android.widget.EditText-LoginorSignUp"), invalidEmail): Send keys 'vg@.o' on test object 'Object Repository/Repo/android.widget.EditText-LoginorSignUp' successfully.

25-03-2025T06:28:13 - [MESSAGE][PASSED] - Send keys 'vg@.o' on test object 'Object Repository/Repo/android.widget.EditText-LoginorSignUp' successfully.

25-03-2025T06:28:13 - [TEST_STEP][PASSED] - actualErrorMessage = TextView -  Invalid email format"), 0).trim(): Text of element 'Object Repository/Repo/android.widget.TextView -  Invalid email format' is: ' Invalid email format.
'

25-03-2025T06:28:13 - [MESSAGE][WARNING] - Timeout '0' is invalid. Using default page load timeout: '30'

25-03-2025T06:28:14 - [MESSAGE][PASSED] - Text of element 'Object Repository/Repo/android.widget.TextView -  Invalid email format' is: ' Invalid email format.
'

25-03-2025T06:28:14 - [TEST_STEP][PASSED] - expectedErrorMessage = "Invalid email format": null

25-03-2025T06:28:14 - [TEST_STEP][PASSED] - Assert.assertEquals(Error message validation failed at row $i, replaceAll("[^a-zA-Z0-9 ]", "").trim(), replaceAll("[^a-zA-Z0-9 ]", "").trim()): null

25-03-2025T06:28:14 - [TEST_STEP][PASSED] - invalidEmail = excelData.getValue("email-Address", i): null

25-03-2025T06:28:14 - [TEST_STEP][PASSED] - println(excelData): null

25-03-2025T06:28:14 - [TEST_STEP][PASSED] - println(Testing invalid email from Excel (Row $i): $invalidEmail): null

25-03-2025T06:28:14 - [TEST_STEP][PASSED] - waitForElementPresent(findTestObject("Object Repository/Repo/android.widget.EditText-LoginorSignUp"), 20): Element 'Object Repository/Repo/android.widget.EditText-LoginorSignUp' is present

25-03-2025T06:28:14 - [MESSAGE][PASSED] - Element 'Object Repository/Repo/android.widget.EditText-LoginorSignUp' is present

25-03-2025T06:28:14 - [TEST_STEP][PASSED] - sendKeys(findTestObject("Object Repository/Repo/android.widget.EditText-LoginorSignUp"), invalidEmail): Send keys 'g@21' on test object 'Object Repository/Repo/android.widget.EditText-LoginorSignUp' successfully.

25-03-2025T06:28:15 - [MESSAGE][PASSED] - Send keys 'g@21' on test object 'Object Repository/Repo/android.widget.EditText-LoginorSignUp' successfully.

25-03-2025T06:28:15 - [TEST_STEP][PASSED] - actualErrorMessage = TextView -  Invalid email format"), 0).trim(): Text of element 'Object Repository/Repo/android.widget.TextView -  Invalid email format' is: ' Invalid email format.
'

25-03-2025T06:28:15 - [MESSAGE][WARNING] - Timeout '0' is invalid. Using default page load timeout: '30'

25-03-2025T06:28:16 - [MESSAGE][PASSED] - Text of element 'Object Repository/Repo/android.widget.TextView -  Invalid email format' is: ' Invalid email format.
'

25-03-2025T06:28:16 - [TEST_STEP][PASSED] - expectedErrorMessage = "Invalid email format": null

25-03-2025T06:28:16 - [TEST_STEP][PASSED] - Assert.assertEquals(Error message validation failed at row $i, replaceAll("[^a-zA-Z0-9 ]", "").trim(), replaceAll("[^a-zA-Z0-9 ]", "").trim()): null

25-03-2025T06:28:16 - [TEST_STEP][PASSED] - invalidEmail = excelData.getValue("email-Address", i): null

25-03-2025T06:28:16 - [TEST_STEP][PASSED] - println(excelData): null

25-03-2025T06:28:16 - [TEST_STEP][PASSED] - println(Testing invalid email from Excel (Row $i): $invalidEmail): null

25-03-2025T06:28:16 - [TEST_STEP][PASSED] - waitForElementPresent(findTestObject("Object Repository/Repo/android.widget.EditText-LoginorSignUp"), 20): Element 'Object Repository/Repo/android.widget.EditText-LoginorSignUp' is present

25-03-2025T06:28:16 - [MESSAGE][PASSED] - Element 'Object Repository/Repo/android.widget.EditText-LoginorSignUp' is present

25-03-2025T06:28:16 - [TEST_STEP][PASSED] - sendKeys(findTestObject("Object Repository/Repo/android.widget.EditText-LoginorSignUp"), invalidEmail): Send keys 'v.com' on test object 'Object Repository/Repo/android.widget.EditText-LoginorSignUp' successfully.

25-03-2025T06:28:17 - [MESSAGE][PASSED] - Send keys 'v.com' on test object 'Object Repository/Repo/android.widget.EditText-LoginorSignUp' successfully.

25-03-2025T06:28:17 - [TEST_STEP][PASSED] - actualErrorMessage = TextView -  Invalid email format"), 0).trim(): Text of element 'Object Repository/Repo/android.widget.TextView -  Invalid email format' is: ' Invalid email format.
'

25-03-2025T06:28:17 - [MESSAGE][WARNING] - Timeout '0' is invalid. Using default page load timeout: '30'

25-03-2025T06:28:38 - [MESSAGE][PASSED] - Text of element 'Object Repository/Repo/android.widget.TextView -  Invalid email format' is: ' Invalid email format.
'

25-03-2025T06:28:38 - [TEST_STEP][PASSED] - expectedErrorMessage = "Invalid email format": null

25-03-2025T06:28:38 - [TEST_STEP][PASSED] - Assert.assertEquals(Error message validation failed at row $i, replaceAll("[^a-zA-Z0-9 ]", "").trim(), replaceAll("[^a-zA-Z0-9 ]", "").trim()): null

25-03-2025T06:28:38 - [TEST_STEP][PASSED] - closeApplication(): Close app successfully

25-03-2025T06:28:41 - [MESSAGE][PASSED] - Close app successfully]]></system-out>
         <system-err><![CDATA[]]></system-err>
      </testcase>
      <testcase name="Test Cases/Sprint 2/WRMA-241/C677" time="152.872" classname="Test Cases/Sprint 2/WRMA-241/C677" status="PASSED">
         <system-out><![CDATA[25-03-2025T06:28:41 - [TEST_CASE][PASSED] - Test Cases/Sprint 2/WRMA-241/C677: Test Cases/Sprint 2/WRMA-241/C677

25-03-2025T06:28:41 - [TEST_STEP][PASSED] - emails = findTestData("Data Files/Emails"): null

25-03-2025T06:28:41 - [TEST_STEP][FAILED] - try: Cannot send keys 'o.m' on test object 'Object Repository/Repo/android.widget.EditText-confirm email address'. (Root cause: com.kms.katalon.core.exception.StepFailedException: Cannot send keys 'o.m' on test object 'Object Repository/Repo/android.widget.EditText-confirm email address'.
	at com.kms.katalon.core.mobile.keyword.internal.MobileKeywordMain.stepFailed(MobileKeywordMain.groovy:64)
	at com.kms.katalon.core.mobile.keyword.internal.MobileKeywordMain.runKeyword(MobileKeywordMain.groovy:34)
	at com.kms.katalon.core.mobile.keyword.builtin.SendKeysKeyword.sendKeys(SendKeysKeyword.groovy:56)
	at com.kms.katalon.core.mobile.keyword.builtin.SendKeysKeyword.execute(SendKeysKeyword.groovy:37)
	at com.kms.katalon.core.keyword.internal.KeywordExecutor.executeKeywordForPlatform(KeywordExecutor.groovy:74)
	at com.kms.katalon.core.mobile.keyword.MobileBuiltInKeywords.sendKeys(MobileBuiltInKeywords.groovy:2888)
	at C677.run(C677:45)
	at com.kms.katalon.core.main.ScriptEngine.run(ScriptEngine.java:194)
	at com.kms.katalon.core.main.ScriptEngine.runScriptAsRawText(ScriptEngine.java:119)
	at com.kms.katalon.core.main.TestCaseExecutor.runScript(TestCaseExecutor.java:448)
	at com.kms.katalon.core.main.TestCaseExecutor.doExecute(TestCaseExecutor.java:439)
	at com.kms.katalon.core.main.TestCaseExecutor.processExecutionPhase(TestCaseExecutor.java:418)
	at com.kms.katalon.core.main.TestCaseExecutor.accessMainPhase(TestCaseExecutor.java:410)
	at com.kms.katalon.core.main.TestCaseExecutor.execute(TestCaseExecutor.java:285)
	at com.kms.katalon.core.common.CommonExecutor.accessTestCaseMainPhase(CommonExecutor.java:71)
	at com.kms.katalon.core.main.TestSuiteExecutor.accessTestSuiteMainPhase(TestSuiteExecutor.java:160)
	at com.kms.katalon.core.main.TestSuiteExecutor.execute(TestSuiteExecutor.java:107)
	at com.kms.katalon.core.main.TestCaseMain.startTestSuite(TestCaseMain.java:180)
	at TempTestSuite1742906128989.run(TempTestSuite1742906128989.groovy:35)
	at java.base/jdk.internal.reflect.NativeMethodAccessorImpl.invoke0(Native Method)
	at java.base/jdk.internal.reflect.NativeMethodAccessorImpl.invoke(NativeMethodAccessorImpl.java:77)
	at java.base/jdk.internal.reflect.DelegatingMethodAccessorImpl.invoke(DelegatingMethodAccessorImpl.java:43)
Caused by: com.kms.katalon.core.exception.StepFailedException: Element 'Object Repository/Repo/android.widget.EditText-confirm email address' not found
	at com.kms.katalon.core.mobile.keyword.internal.MobileKeywordMain.stepFailed(MobileKeywordMain.groovy:64)
	at com.kms.katalon.core.mobile.keyword.builtin.SendKeysKeyword$_sendKeys_closure1.doCall(SendKeysKeyword.groovy:48)
	at com.kms.katalon.core.mobile.keyword.builtin.SendKeysKeyword$_sendKeys_closure1.call(SendKeysKeyword.groovy)
	at com.kms.katalon.core.mobile.keyword.internal.MobileKeywordMain.runKeyword(MobileKeywordMain.groovy:30)
	... 20 more
)

25-03-2025T06:28:41 - [TEST_STEP][PASSED] - startApplication("C:\Users\GVVignesh\git\WGR_Android\App Folder\universal.apk", true): Started application: 'C:\Users\GVVignesh\git\WGR_Android\App Folder\universal.apk'

25-03-2025T06:28:41 - [MESSAGE][INFO] - Starting application: 'C:\Users\GVVignesh\git\WGR_Android\App Folder\universal.apk'

25-03-2025T06:28:41 - [MESSAGE][INFO] - User set preference: ['deviceId', '']

25-03-2025T06:28:41 - [MESSAGE][INFO] - Detected NodeJS location: "C:\Program Files\nodejs\node.exe"

25-03-2025T06:28:51 - [MESSAGE][INFO] - PATH: C:\Program Files\nodejs;

25-03-2025T06:28:51 - [MESSAGE][INFO] - APPIUM_HOME: C:\Users\GVVignesh\.appium

25-03-2025T06:28:51 - [MESSAGE][INFO] - appium outlog: C:\Users\GVVignesh\Katalon Studio\WGR-Android-Automation\Reports\20250325_053528\WRMA Sprint1 and Sprint2 Android Report\20250325_053528\appium.log

25-03-2025T06:28:51 - [MESSAGE][INFO] - appium errlog: C:\Users\GVVignesh\Katalon Studio\WGR-Android-Automation\Reports\20250325_053528\WRMA Sprint1 and Sprint2 Android Report\20250325_053528\appium_error.log

25-03-2025T06:28:54 - [MESSAGE][INFO] - Appium server started on port 57,190

25-03-2025T06:30:23 - [MESSAGE][PASSED] - Started application: 'C:\Users\GVVignesh\git\WGR_Android\App Folder\universal.apk'

25-03-2025T06:30:23 - [TEST_STEP][PASSED] - tap(findTestObject("Object Repository/Repo/android.widget.Button - Login or Sign Up"), 10, STOP_ON_FAILURE): Tapped on element 'Object Repository/Repo/android.widget.Button - Login or Sign Up'

25-03-2025T06:30:31 - [MESSAGE][PASSED] - Tapped on element 'Object Repository/Repo/android.widget.Button - Login or Sign Up'

25-03-2025T06:30:31 - [TEST_STEP][PASSED] - email1 = emails.getValue("email", 1): null

25-03-2025T06:30:31 - [TEST_STEP][PASSED] - println(First Email: $email1): null

25-03-2025T06:30:31 - [TEST_STEP][PASSED] - sendKeys(findTestObject("Object Repository/Repo/android.widget.EditText-LoginorSignUp"), email1, STOP_ON_FAILURE): Send keys 'c@y.com' on test object 'Object Repository/Repo/android.widget.EditText-LoginorSignUp' successfully.

25-03-2025T06:30:33 - [MESSAGE][PASSED] - Send keys 'c@y.com' on test object 'Object Repository/Repo/android.widget.EditText-LoginorSignUp' successfully.

25-03-2025T06:30:33 - [TEST_STEP][PASSED] - tap(findTestObject("Object Repository/Repo/android.widget.Button - Next (1)"), 10, STOP_ON_FAILURE): Tapped on element 'Object Repository/Repo/android.widget.Button - Next (1)'

25-03-2025T06:30:33 - [MESSAGE][PASSED] - Tapped on element 'Object Repository/Repo/android.widget.Button - Next (1)'

25-03-2025T06:30:33 - [TEST_STEP][PASSED] - tap(findTestObject("Object Repository/Repo/android.widget.Button - reset"), 10, STOP_ON_FAILURE): Tapped on element 'Object Repository/Repo/android.widget.Button - reset'

25-03-2025T06:30:33 - [MESSAGE][PASSED] - Tapped on element 'Object Repository/Repo/android.widget.Button - reset'

25-03-2025T06:30:33 - [TEST_STEP][PASSED] - hideKeyboard(): Keyboard is hidden

25-03-2025T06:30:34 - [MESSAGE][PASSED] - Keyboard is hidden

25-03-2025T06:30:34 - [TEST_STEP][PASSED] - email2 = emails.getValue("email", 2): null

25-03-2025T06:30:34 - [TEST_STEP][PASSED] - println(Second Email: $email2): null

25-03-2025T06:30:34 - [TEST_STEP][FAILED] - sendKeys(findTestObject("Object Repository/Repo/android.widget.EditText-confirm email address"), email2, STOP_ON_FAILURE): Cannot send keys 'o.m' on test object 'Object Repository/Repo/android.widget.EditText-confirm email address'. (Root cause: com.kms.katalon.core.exception.StepFailedException: Cannot send keys 'o.m' on test object 'Object Repository/Repo/android.widget.EditText-confirm email address'.
	at com.kms.katalon.core.mobile.keyword.internal.MobileKeywordMain.stepFailed(MobileKeywordMain.groovy:64)
	at com.kms.katalon.core.mobile.keyword.internal.MobileKeywordMain.runKeyword(MobileKeywordMain.groovy:34)
	at com.kms.katalon.core.mobile.keyword.builtin.SendKeysKeyword.sendKeys(SendKeysKeyword.groovy:56)
	at com.kms.katalon.core.mobile.keyword.builtin.SendKeysKeyword.execute(SendKeysKeyword.groovy:37)
	at com.kms.katalon.core.keyword.internal.KeywordExecutor.executeKeywordForPlatform(KeywordExecutor.groovy:74)
	at com.kms.katalon.core.mobile.keyword.MobileBuiltInKeywords.sendKeys(MobileBuiltInKeywords.groovy:2888)
	at C677.run(C677:45)
	at com.kms.katalon.core.main.ScriptEngine.run(ScriptEngine.java:194)
	at com.kms.katalon.core.main.ScriptEngine.runScriptAsRawText(ScriptEngine.java:119)
	at com.kms.katalon.core.main.TestCaseExecutor.runScript(TestCaseExecutor.java:448)
	at com.kms.katalon.core.main.TestCaseExecutor.doExecute(TestCaseExecutor.java:439)
	at com.kms.katalon.core.main.TestCaseExecutor.processExecutionPhase(TestCaseExecutor.java:418)
	at com.kms.katalon.core.main.TestCaseExecutor.accessMainPhase(TestCaseExecutor.java:410)
	at com.kms.katalon.core.main.TestCaseExecutor.execute(TestCaseExecutor.java:285)
	at com.kms.katalon.core.common.CommonExecutor.accessTestCaseMainPhase(CommonExecutor.java:71)
	at com.kms.katalon.core.main.TestSuiteExecutor.accessTestSuiteMainPhase(TestSuiteExecutor.java:160)
	at com.kms.katalon.core.main.TestSuiteExecutor.execute(TestSuiteExecutor.java:107)
	at com.kms.katalon.core.main.TestCaseMain.startTestSuite(TestCaseMain.java:180)
	at TempTestSuite1742906128989.run(TempTestSuite1742906128989.groovy:35)
	at java.base/jdk.internal.reflect.NativeMethodAccessorImpl.invoke0(Native Method)
	at java.base/jdk.internal.reflect.NativeMethodAccessorImpl.invoke(NativeMethodAccessorImpl.java:77)
	at java.base/jdk.internal.reflect.DelegatingMethodAccessorImpl.invoke(DelegatingMethodAccessorImpl.java:43)
Caused by: com.kms.katalon.core.exception.StepFailedException: Element 'Object Repository/Repo/android.widget.EditText-confirm email address' not found
	at com.kms.katalon.core.mobile.keyword.internal.MobileKeywordMain.stepFailed(MobileKeywordMain.groovy:64)
	at com.kms.katalon.core.mobile.keyword.builtin.SendKeysKeyword$_sendKeys_closure1.doCall(SendKeysKeyword.groovy:48)
	at com.kms.katalon.core.mobile.keyword.builtin.SendKeysKeyword$_sendKeys_closure1.call(SendKeysKeyword.groovy)
	at com.kms.katalon.core.mobile.keyword.internal.MobileKeywordMain.runKeyword(MobileKeywordMain.groovy:30)
	... 20 more
)

25-03-2025T06:31:07 - [MESSAGE][FAILED] - Element 'Object Repository/Repo/android.widget.EditText-confirm email address' not found (Root cause: com.kms.katalon.core.exception.StepFailedException: Element 'Object Repository/Repo/android.widget.EditText-confirm email address' not found
	at com.kms.katalon.core.mobile.keyword.internal.MobileKeywordMain.stepFailed(MobileKeywordMain.groovy:64)
	at com.kms.katalon.core.mobile.keyword.builtin.SendKeysKeyword$_sendKeys_closure1.doCall(SendKeysKeyword.groovy:48)
	at com.kms.katalon.core.mobile.keyword.builtin.SendKeysKeyword$_sendKeys_closure1.call(SendKeysKeyword.groovy)
	at com.kms.katalon.core.mobile.keyword.internal.MobileKeywordMain.runKeyword(MobileKeywordMain.groovy:30)
	at com.kms.katalon.core.mobile.keyword.builtin.SendKeysKeyword.sendKeys(SendKeysKeyword.groovy:56)
	at com.kms.katalon.core.mobile.keyword.builtin.SendKeysKeyword.execute(SendKeysKeyword.groovy:37)
	at com.kms.katalon.core.keyword.internal.KeywordExecutor.executeKeywordForPlatform(KeywordExecutor.groovy:74)
	at com.kms.katalon.core.mobile.keyword.MobileBuiltInKeywords.sendKeys(MobileBuiltInKeywords.groovy:2888)
	at C677.run(C677:45)
	at com.kms.katalon.core.main.ScriptEngine.run(ScriptEngine.java:194)
	at com.kms.katalon.core.main.ScriptEngine.runScriptAsRawText(ScriptEngine.java:119)
	at com.kms.katalon.core.main.TestCaseExecutor.runScript(TestCaseExecutor.java:448)
	at com.kms.katalon.core.main.TestCaseExecutor.doExecute(TestCaseExecutor.java:439)
	at com.kms.katalon.core.main.TestCaseExecutor.processExecutionPhase(TestCaseExecutor.java:418)
	at com.kms.katalon.core.main.TestCaseExecutor.accessMainPhase(TestCaseExecutor.java:410)
	at com.kms.katalon.core.main.TestCaseExecutor.execute(TestCaseExecutor.java:285)
	at com.kms.katalon.core.common.CommonExecutor.accessTestCaseMainPhase(CommonExecutor.java:71)
	at com.kms.katalon.core.main.TestSuiteExecutor.accessTestSuiteMainPhase(TestSuiteExecutor.java:160)
	at com.kms.katalon.core.main.TestSuiteExecutor.execute(TestSuiteExecutor.java:107)
	at com.kms.katalon.core.main.TestCaseMain.startTestSuite(TestCaseMain.java:180)
	at TempTestSuite1742906128989.run(TempTestSuite1742906128989.groovy:35)
	at java.base/jdk.internal.reflect.NativeMethodAccessorImpl.invoke0(Native Method)
	at java.base/jdk.internal.reflect.NativeMethodAccessorImpl.invoke(NativeMethodAccessorImpl.java:77)
	at java.base/jdk.internal.reflect.DelegatingMethodAccessorImpl.invoke(DelegatingMethodAccessorImpl.java:43)
)
[[ATTACHMENT|C:\\Users\\GVVignesh\\Katalon Studio\\WGR-Android-Automation\\Reports\\20250325_053528\\WRMA Sprint1 and Sprint2 Android Report\\20250325_053528\\1742909464910.png]]

25-03-2025T06:31:09 - [MESSAGE][FAILED] - Cannot send keys 'o.m' on test object 'Object Repository/Repo/android.widget.EditText-confirm email address'. (Root cause: com.kms.katalon.core.exception.StepFailedException: Cannot send keys 'o.m' on test object 'Object Repository/Repo/android.widget.EditText-confirm email address'.
	at com.kms.katalon.core.mobile.keyword.internal.MobileKeywordMain.stepFailed(MobileKeywordMain.groovy:64)
	at com.kms.katalon.core.mobile.keyword.internal.MobileKeywordMain.runKeyword(MobileKeywordMain.groovy:34)
	at com.kms.katalon.core.mobile.keyword.builtin.SendKeysKeyword.sendKeys(SendKeysKeyword.groovy:56)
	at com.kms.katalon.core.mobile.keyword.builtin.SendKeysKeyword.execute(SendKeysKeyword.groovy:37)
	at com.kms.katalon.core.keyword.internal.KeywordExecutor.executeKeywordForPlatform(KeywordExecutor.groovy:74)
	at com.kms.katalon.core.mobile.keyword.MobileBuiltInKeywords.sendKeys(MobileBuiltInKeywords.groovy:2888)
	at C677.run(C677:45)
	at com.kms.katalon.core.main.ScriptEngine.run(ScriptEngine.java:194)
	at com.kms.katalon.core.main.ScriptEngine.runScriptAsRawText(ScriptEngine.java:119)
	at com.kms.katalon.core.main.TestCaseExecutor.runScript(TestCaseExecutor.java:448)
	at com.kms.katalon.core.main.TestCaseExecutor.doExecute(TestCaseExecutor.java:439)
	at com.kms.katalon.core.main.TestCaseExecutor.processExecutionPhase(TestCaseExecutor.java:418)
	at com.kms.katalon.core.main.TestCaseExecutor.accessMainPhase(TestCaseExecutor.java:410)
	at com.kms.katalon.core.main.TestCaseExecutor.execute(TestCaseExecutor.java:285)
	at com.kms.katalon.core.common.CommonExecutor.accessTestCaseMainPhase(CommonExecutor.java:71)
	at com.kms.katalon.core.main.TestSuiteExecutor.accessTestSuiteMainPhase(TestSuiteExecutor.java:160)
	at com.kms.katalon.core.main.TestSuiteExecutor.execute(TestSuiteExecutor.java:107)
	at com.kms.katalon.core.main.TestCaseMain.startTestSuite(TestCaseMain.java:180)
	at TempTestSuite1742906128989.run(TempTestSuite1742906128989.groovy:35)
	at java.base/jdk.internal.reflect.NativeMethodAccessorImpl.invoke0(Native Method)
	at java.base/jdk.internal.reflect.NativeMethodAccessorImpl.invoke(NativeMethodAccessorImpl.java:77)
	at java.base/jdk.internal.reflect.DelegatingMethodAccessorImpl.invoke(DelegatingMethodAccessorImpl.java:43)
Caused by: com.kms.katalon.core.exception.StepFailedException: Element 'Object Repository/Repo/android.widget.EditText-confirm email address' not found
	at com.kms.katalon.core.mobile.keyword.internal.MobileKeywordMain.stepFailed(MobileKeywordMain.groovy:64)
	at com.kms.katalon.core.mobile.keyword.builtin.SendKeysKeyword$_sendKeys_closure1.doCall(SendKeysKeyword.groovy:48)
	at com.kms.katalon.core.mobile.keyword.builtin.SendKeysKeyword$_sendKeys_closure1.call(SendKeysKeyword.groovy)
	at com.kms.katalon.core.mobile.keyword.internal.MobileKeywordMain.runKeyword(MobileKeywordMain.groovy:30)
	... 20 more
)
[[ATTACHMENT|C:\\Users\\GVVignesh\\Katalon Studio\\WGR-Android-Automation\\Reports\\20250325_053528\\WRMA Sprint1 and Sprint2 Android Report\\20250325_053528\\1742909467453.png]]

25-03-2025T06:31:09 - [TEST_STEP][PASSED] - catch (com.kms.katalon.core.exception.StepFailedException e): Screenshot is taken

25-03-2025T06:31:09 - [TEST_STEP][PASSED] - println(❌ An error occurred: $e.getMessage()): null

25-03-2025T06:31:09 - [TEST_STEP][PASSED] - takeScreenshot("C:\Users\GVVIGN~1\AppData\Local\Temp\error_screenshot.png"): Screenshot is taken

25-03-2025T06:31:11 - [MESSAGE][PASSED] - Screenshot is taken
[[ATTACHMENT|C:\Users\GVVIGN~1\AppData\Local\Temp\error_screenshot.png]]

25-03-2025T06:31:11 - [TEST_STEP][PASSED] - closeApplication(): Close app successfully

25-03-2025T06:31:14 - [MESSAGE][PASSED] - Close app successfully]]></system-out>
         <system-err><![CDATA[]]></system-err>
      </testcase>
      <testcase name="Test Cases/Sprint 2/WRMA-241/C678" time="159.294" classname="Test Cases/Sprint 2/WRMA-241/C678" status="PASSED">
         <system-out><![CDATA[25-03-2025T06:31:14 - [TEST_CASE][PASSED] - Test Cases/Sprint 2/WRMA-241/C678: Test Cases/Sprint 2/WRMA-241/C678

25-03-2025T06:31:14 - [TEST_STEP][PASSED] - testData = findTestData("Data Files/C678"): null

25-03-2025T06:31:14 - [TEST_STEP][PASSED] - email1 = testData.getValue("email", 1): null

25-03-2025T06:31:14 - [TEST_STEP][PASSED] - email2 = testData.getValue("email", 2): null

25-03-2025T06:31:14 - [TEST_STEP][PASSED] - startApplication("C:\Users\GVVignesh\git\WGR_Android\App Folder\universal.apk", true): Started application: 'C:\Users\GVVignesh\git\WGR_Android\App Folder\universal.apk'

25-03-2025T06:31:14 - [MESSAGE][INFO] - Starting application: 'C:\Users\GVVignesh\git\WGR_Android\App Folder\universal.apk'

25-03-2025T06:31:14 - [MESSAGE][INFO] - User set preference: ['deviceId', '']

25-03-2025T06:31:14 - [MESSAGE][INFO] - Detected NodeJS location: "C:\Program Files\nodejs\node.exe"

25-03-2025T06:31:24 - [MESSAGE][INFO] - PATH: C:\Program Files\nodejs;

25-03-2025T06:31:24 - [MESSAGE][INFO] - APPIUM_HOME: C:\Users\GVVignesh\.appium

25-03-2025T06:31:24 - [MESSAGE][INFO] - appium outlog: C:\Users\GVVignesh\Katalon Studio\WGR-Android-Automation\Reports\20250325_053528\WRMA Sprint1 and Sprint2 Android Report\20250325_053528\appium.log

25-03-2025T06:31:24 - [MESSAGE][INFO] - appium errlog: C:\Users\GVVignesh\Katalon Studio\WGR-Android-Automation\Reports\20250325_053528\WRMA Sprint1 and Sprint2 Android Report\20250325_053528\appium_error.log

25-03-2025T06:31:27 - [MESSAGE][INFO] - Appium server started on port 57,568

25-03-2025T06:32:27 - [MESSAGE][PASSED] - Started application: 'C:\Users\GVVignesh\git\WGR_Android\App Folder\universal.apk'

25-03-2025T06:32:27 - [TEST_STEP][PASSED] - delay(10): Delayed 10 second(s)

25-03-2025T06:32:37 - [MESSAGE][PASSED] - Delayed 10 second(s)

25-03-2025T06:32:37 - [TEST_STEP][PASSED] - tap(findTestObject("Object Repository/Repo/android.widget.Button - Login or Sign Up"), 0): Tapped on element 'Object Repository/Repo/android.widget.Button - Login or Sign Up'

25-03-2025T06:32:37 - [MESSAGE][WARNING] - Timeout '0' is invalid. Using default page load timeout: '30'

25-03-2025T06:32:37 - [MESSAGE][PASSED] - Tapped on element 'Object Repository/Repo/android.widget.Button - Login or Sign Up'

25-03-2025T06:32:37 - [TEST_STEP][PASSED] - delay(10): Delayed 10 second(s)

25-03-2025T06:32:47 - [MESSAGE][PASSED] - Delayed 10 second(s)

25-03-2025T06:32:47 - [TEST_STEP][PASSED] - sendKeys(findTestObject("Object Repository/Repo/android.widget.EditText-LoginorSignUp"), email1): Send keys 'i@p.com' on test object 'Object Repository/Repo/android.widget.EditText-LoginorSignUp' successfully.

25-03-2025T06:32:48 - [MESSAGE][PASSED] - Send keys 'i@p.com' on test object 'Object Repository/Repo/android.widget.EditText-LoginorSignUp' successfully.

25-03-2025T06:32:48 - [TEST_STEP][PASSED] - delay(10): Delayed 10 second(s)

25-03-2025T06:32:58 - [MESSAGE][PASSED] - Delayed 10 second(s)

25-03-2025T06:32:58 - [TEST_STEP][PASSED] - tap(findTestObject("Object Repository/Repo/android.widget.Button - Next"), 0): Tapped on element 'Object Repository/Repo/android.widget.Button - Next'

25-03-2025T06:32:58 - [MESSAGE][WARNING] - Timeout '0' is invalid. Using default page load timeout: '30'

25-03-2025T06:32:58 - [MESSAGE][PASSED] - Tapped on element 'Object Repository/Repo/android.widget.Button - Next'

25-03-2025T06:32:58 - [TEST_STEP][PASSED] - delay(10): Delayed 10 second(s)

25-03-2025T06:33:08 - [MESSAGE][PASSED] - Delayed 10 second(s)

25-03-2025T06:33:08 - [TEST_STEP][PASSED] - tap(findTestObject("Object Repository/Repo/android.widget.Button - reset"), 0): Tapped on element 'Object Repository/Repo/android.widget.Button - reset'

25-03-2025T06:33:08 - [MESSAGE][WARNING] - Timeout '0' is invalid. Using default page load timeout: '30'

25-03-2025T06:33:09 - [MESSAGE][PASSED] - Tapped on element 'Object Repository/Repo/android.widget.Button - reset'

25-03-2025T06:33:09 - [TEST_STEP][PASSED] - hideKeyboard(): Keyboard is hidden

25-03-2025T06:33:09 - [MESSAGE][PASSED] - Keyboard is hidden

25-03-2025T06:33:09 - [TEST_STEP][PASSED] - delay(20): Delayed 20 second(s)

25-03-2025T06:33:29 - [MESSAGE][PASSED] - Delayed 20 second(s)

25-03-2025T06:33:29 - [TEST_STEP][PASSED] - sendKeys(findTestObject("Object Repository/Repo/android.widget.EditText -"), email2): Send keys 'wg@wgresorts.com' on test object 'Object Repository/Repo/android.widget.EditText -' successfully.

25-03-2025T06:33:30 - [MESSAGE][PASSED] - Send keys 'wg@wgresorts.com' on test object 'Object Repository/Repo/android.widget.EditText -' successfully.

25-03-2025T06:33:30 - [TEST_STEP][PASSED] - delay(10): Delayed 10 second(s)

25-03-2025T06:33:40 - [MESSAGE][PASSED] - Delayed 10 second(s)

25-03-2025T06:33:40 - [TEST_STEP][PASSED] - tap(findTestObject("Object Repository/Repo/android.widget.Button - Next (1)"), 0): Tapped on element 'Object Repository/Repo/android.widget.Button - Next (1)'

25-03-2025T06:33:40 - [MESSAGE][WARNING] - Timeout '0' is invalid. Using default page load timeout: '30'

25-03-2025T06:33:40 - [MESSAGE][PASSED] - Tapped on element 'Object Repository/Repo/android.widget.Button - Next (1)'

25-03-2025T06:33:40 - [TEST_STEP][PASSED] - delay(10): Delayed 10 second(s)

25-03-2025T06:33:50 - [MESSAGE][PASSED] - Delayed 10 second(s)

25-03-2025T06:33:50 - [TEST_STEP][PASSED] - actualText = getText(findTestObject("Object Repository/Repo/android.widget.TextView -  The email address used is a Team Member email address.  Please select Create Team Member Account below"), 0): Text of element 'Object Repository/Repo/android.widget.TextView -  The email address used is a Team Member email address.  Please select Create Team Member Account below' is: ' The email address used is a Team Member email address.  Please select Create Team Member Account below.
'

25-03-2025T06:33:50 - [MESSAGE][WARNING] - Timeout '0' is invalid. Using default page load timeout: '30'

25-03-2025T06:33:50 - [MESSAGE][PASSED] - Text of element 'Object Repository/Repo/android.widget.TextView -  The email address used is a Team Member email address.  Please select Create Team Member Account below' is: ' The email address used is a Team Member email address.  Please select Create Team Member Account below.
'

25-03-2025T06:33:50 - [TEST_STEP][PASSED] - expectedText = " The email address used is a Team Member email address.  Please select Create Team Member Account below.": null

25-03-2025T06:33:50 - [TEST_STEP][PASSED] - assert actualText.contains(expectedText): null

25-03-2025T06:33:50 - [TEST_STEP][PASSED] - closeApplication(): Close app successfully

25-03-2025T06:33:53 - [MESSAGE][PASSED] - Close app successfully]]></system-out>
         <system-err><![CDATA[]]></system-err>
      </testcase>
      <testcase name="Test Cases/Sprint 2/WRMA-241/C679" time="133.49" classname="Test Cases/Sprint 2/WRMA-241/C679" status="PASSED">
         <system-out><![CDATA[25-03-2025T06:33:53 - [TEST_CASE][PASSED] - Test Cases/Sprint 2/WRMA-241/C679: Test Cases/Sprint 2/WRMA-241/C679

25-03-2025T06:33:53 - [TEST_STEP][PASSED] - testData = findTestData("Data Files/C679"): null

25-03-2025T06:33:53 - [TEST_STEP][PASSED] - rowCount = testData.getRowNumbers(): null

25-03-2025T06:33:53 - [TEST_STEP][PASSED] - for ([i = 1, i <= rowCount, (i++)]): null

25-03-2025T06:33:53 - [TEST_STEP][PASSED] - email1 = testData.getValue("email", i): null

25-03-2025T06:33:53 - [TEST_STEP][PASSED] - email2 = testData.getValue("email", i + 1): null

25-03-2025T06:33:53 - [TEST_STEP][PASSED] - startApplication("C:\Users\GVVignesh\git\WGR_Android\App Folder\universal.apk", true): Started application: 'C:\Users\GVVignesh\git\WGR_Android\App Folder\universal.apk'

25-03-2025T06:33:53 - [MESSAGE][INFO] - Starting application: 'C:\Users\GVVignesh\git\WGR_Android\App Folder\universal.apk'

25-03-2025T06:33:53 - [MESSAGE][INFO] - User set preference: ['deviceId', '']

25-03-2025T06:33:53 - [MESSAGE][INFO] - Detected NodeJS location: "C:\Program Files\nodejs\node.exe"

25-03-2025T06:34:03 - [MESSAGE][INFO] - PATH: C:\Program Files\nodejs;

25-03-2025T06:34:03 - [MESSAGE][INFO] - APPIUM_HOME: C:\Users\GVVignesh\.appium

25-03-2025T06:34:03 - [MESSAGE][INFO] - appium outlog: C:\Users\GVVignesh\Katalon Studio\WGR-Android-Automation\Reports\20250325_053528\WRMA Sprint1 and Sprint2 Android Report\20250325_053528\appium.log

25-03-2025T06:34:03 - [MESSAGE][INFO] - appium errlog: C:\Users\GVVignesh\Katalon Studio\WGR-Android-Automation\Reports\20250325_053528\WRMA Sprint1 and Sprint2 Android Report\20250325_053528\appium_error.log

25-03-2025T06:34:06 - [MESSAGE][INFO] - Appium server started on port 57,878

25-03-2025T06:35:12 - [MESSAGE][PASSED] - Started application: 'C:\Users\GVVignesh\git\WGR_Android\App Folder\universal.apk'

25-03-2025T06:35:12 - [TEST_STEP][PASSED] - delay(10): Delayed 10 second(s)

25-03-2025T06:35:22 - [MESSAGE][PASSED] - Delayed 10 second(s)

25-03-2025T06:35:22 - [TEST_STEP][PASSED] - tap(findTestObject("Object Repository/Repo/android.widget.Button - Login or Sign Up"), 0): Tapped on element 'Object Repository/Repo/android.widget.Button - Login or Sign Up'

25-03-2025T06:35:22 - [MESSAGE][WARNING] - Timeout '0' is invalid. Using default page load timeout: '30'

25-03-2025T06:35:22 - [MESSAGE][PASSED] - Tapped on element 'Object Repository/Repo/android.widget.Button - Login or Sign Up'

25-03-2025T06:35:22 - [TEST_STEP][PASSED] - delay(10): Delayed 10 second(s)

25-03-2025T06:35:32 - [MESSAGE][PASSED] - Delayed 10 second(s)

25-03-2025T06:35:32 - [TEST_STEP][PASSED] - sendKeys(findTestObject("Object Repository/Repo/android.widget.EditText-LoginorSignUp"), email1): Send keys 'vignesh@chn.com' on test object 'Object Repository/Repo/android.widget.EditText-LoginorSignUp' successfully.

25-03-2025T06:35:33 - [MESSAGE][PASSED] - Send keys 'vignesh@chn.com' on test object 'Object Repository/Repo/android.widget.EditText-LoginorSignUp' successfully.

25-03-2025T06:35:33 - [TEST_STEP][PASSED] - delay(10): Delayed 10 second(s)

25-03-2025T06:35:43 - [MESSAGE][PASSED] - Delayed 10 second(s)

25-03-2025T06:35:43 - [TEST_STEP][PASSED] - tap(findTestObject("Object Repository/Repo/android.widget.Button - Next"), 0): Tapped on element 'Object Repository/Repo/android.widget.Button - Next'

25-03-2025T06:35:43 - [MESSAGE][WARNING] - Timeout '0' is invalid. Using default page load timeout: '30'

25-03-2025T06:35:43 - [MESSAGE][PASSED] - Tapped on element 'Object Repository/Repo/android.widget.Button - Next'

25-03-2025T06:35:43 - [TEST_STEP][PASSED] - delay(10): Delayed 10 second(s)

25-03-2025T06:35:53 - [MESSAGE][PASSED] - Delayed 10 second(s)

25-03-2025T06:35:53 - [TEST_STEP][PASSED] - sendKeys(findTestObject("Object Repository/Repo/android.widget.EditText-confirm email address"), email2): Send keys 'Vignesh@c.com' on test object 'Object Repository/Repo/android.widget.EditText-confirm email address' successfully.

25-03-2025T06:35:53 - [MESSAGE][PASSED] - Send keys 'Vignesh@c.com' on test object 'Object Repository/Repo/android.widget.EditText-confirm email address' successfully.

25-03-2025T06:35:53 - [TEST_STEP][PASSED] - delay(10): Delayed 10 second(s)

25-03-2025T06:36:03 - [MESSAGE][PASSED] - Delayed 10 second(s)

25-03-2025T06:36:03 - [TEST_STEP][PASSED] - actualText = getText(findTestObject("Object Repository/Repo/android.widget.TextView -  Email addresses must match"), 0): Text of element 'Object Repository/Repo/android.widget.TextView -  Email addresses must match' is: ' Email addresses must match.
'

25-03-2025T06:36:03 - [MESSAGE][WARNING] - Timeout '0' is invalid. Using default page load timeout: '30'

25-03-2025T06:36:03 - [MESSAGE][PASSED] - Text of element 'Object Repository/Repo/android.widget.TextView -  Email addresses must match' is: ' Email addresses must match.
'

25-03-2025T06:36:03 - [TEST_STEP][PASSED] - actualText = actualText.trim(): null

25-03-2025T06:36:03 - [TEST_STEP][PASSED] - expectedText = "Email addresses must match.": null

25-03-2025T06:36:03 - [TEST_STEP][PASSED] - assert actualText == expectedText: null

25-03-2025T06:36:03 - [TEST_STEP][PASSED] - closeApplication(): Close app successfully

25-03-2025T06:36:06 - [MESSAGE][PASSED] - Close app successfully

25-03-2025T06:36:06 - [TEST_STEP][PASSED] - return null: null]]></system-out>
         <system-err><![CDATA[]]></system-err>
      </testcase>
      <testcase name="Test Cases/Sprint 2/WRMA-241/C680" time="182.58" classname="Test Cases/Sprint 2/WRMA-241/C680" status="PASSED">
         <system-out><![CDATA[25-03-2025T06:36:06 - [TEST_CASE][PASSED] - Test Cases/Sprint 2/WRMA-241/C680: Test Cases/Sprint 2/WRMA-241/C680

25-03-2025T06:36:07 - [TEST_STEP][PASSED] - excelData = findTestData("Data Files/C680"): null

25-03-2025T06:36:07 - [TEST_STEP][PASSED] - rowCount = excelData.getRowNumbers(): null

25-03-2025T06:36:07 - [TEST_STEP][PASSED] - for ([i = 1, i <= 2, (i++)]): null

25-03-2025T06:36:07 - [TEST_STEP][PASSED] - email1 = excelData.getValue("email", i): null

25-03-2025T06:36:07 - [TEST_STEP][PASSED] - email2 = excelData.getValue("email", i + 1): null

25-03-2025T06:36:07 - [TEST_STEP][PASSED] - startApplication("C:\Users\GVVignesh\git\WGR_Android\App Folder\universal.apk", true): Started application: 'C:\Users\GVVignesh\git\WGR_Android\App Folder\universal.apk'

25-03-2025T06:36:07 - [MESSAGE][INFO] - Starting application: 'C:\Users\GVVignesh\git\WGR_Android\App Folder\universal.apk'

25-03-2025T06:36:07 - [MESSAGE][INFO] - User set preference: ['deviceId', '']

25-03-2025T06:36:07 - [MESSAGE][INFO] - Detected NodeJS location: "C:\Program Files\nodejs\node.exe"

25-03-2025T06:36:17 - [MESSAGE][INFO] - PATH: C:\Program Files\nodejs;

25-03-2025T06:36:17 - [MESSAGE][INFO] - APPIUM_HOME: C:\Users\GVVignesh\.appium

25-03-2025T06:36:17 - [MESSAGE][INFO] - appium outlog: C:\Users\GVVignesh\Katalon Studio\WGR-Android-Automation\Reports\20250325_053528\WRMA Sprint1 and Sprint2 Android Report\20250325_053528\appium.log

25-03-2025T06:36:17 - [MESSAGE][INFO] - appium errlog: C:\Users\GVVignesh\Katalon Studio\WGR-Android-Automation\Reports\20250325_053528\WRMA Sprint1 and Sprint2 Android Report\20250325_053528\appium_error.log

25-03-2025T06:36:20 - [MESSAGE][INFO] - Appium server started on port 58,146

25-03-2025T06:37:24 - [MESSAGE][PASSED] - Started application: 'C:\Users\GVVignesh\git\WGR_Android\App Folder\universal.apk'

25-03-2025T06:37:24 - [TEST_STEP][PASSED] - delay(10): Delayed 10 second(s)

25-03-2025T06:37:34 - [MESSAGE][PASSED] - Delayed 10 second(s)

25-03-2025T06:37:34 - [TEST_STEP][PASSED] - tap(findTestObject("Object Repository/Repo/android.widget.Button - Login or Sign Up"), 0): Tapped on element 'Object Repository/Repo/android.widget.Button - Login or Sign Up'

25-03-2025T06:37:34 - [MESSAGE][WARNING] - Timeout '0' is invalid. Using default page load timeout: '30'

25-03-2025T06:37:34 - [MESSAGE][PASSED] - Tapped on element 'Object Repository/Repo/android.widget.Button - Login or Sign Up'

25-03-2025T06:37:34 - [TEST_STEP][PASSED] - delay(10): Delayed 10 second(s)

25-03-2025T06:37:44 - [MESSAGE][PASSED] - Delayed 10 second(s)

25-03-2025T06:37:44 - [TEST_STEP][PASSED] - sendKeys(findTestObject("Object Repository/Repo/android.widget.EditText-LoginorSignUp"), email1): Send keys 'm@i.com' on test object 'Object Repository/Repo/android.widget.EditText-LoginorSignUp' successfully.

25-03-2025T06:37:45 - [MESSAGE][PASSED] - Send keys 'm@i.com' on test object 'Object Repository/Repo/android.widget.EditText-LoginorSignUp' successfully.

25-03-2025T06:37:45 - [TEST_STEP][PASSED] - delay(10): Delayed 10 second(s)

25-03-2025T06:37:55 - [MESSAGE][PASSED] - Delayed 10 second(s)

25-03-2025T06:37:55 - [TEST_STEP][PASSED] - tap(findTestObject("Object Repository/Repo/android.widget.Button - Next"), 0): Tapped on element 'Object Repository/Repo/android.widget.Button - Next'

25-03-2025T06:37:55 - [MESSAGE][WARNING] - Timeout '0' is invalid. Using default page load timeout: '30'

25-03-2025T06:37:55 - [MESSAGE][PASSED] - Tapped on element 'Object Repository/Repo/android.widget.Button - Next'

25-03-2025T06:37:55 - [TEST_STEP][PASSED] - delay(10): Delayed 10 second(s)

25-03-2025T06:38:05 - [MESSAGE][PASSED] - Delayed 10 second(s)

25-03-2025T06:38:05 - [TEST_STEP][PASSED] - tap(findTestObject("Object Repository/Repo/android.widget.Button - reset"), 0): Tapped on element 'Object Repository/Repo/android.widget.Button - reset'

25-03-2025T06:38:05 - [MESSAGE][WARNING] - Timeout '0' is invalid. Using default page load timeout: '30'

25-03-2025T06:38:05 - [MESSAGE][PASSED] - Tapped on element 'Object Repository/Repo/android.widget.Button - reset'

25-03-2025T06:38:05 - [TEST_STEP][PASSED] - delay(10): Delayed 10 second(s)

25-03-2025T06:38:15 - [MESSAGE][PASSED] - Delayed 10 second(s)

25-03-2025T06:38:15 - [TEST_STEP][PASSED] - hideKeyboard(): Keyboard is hidden

25-03-2025T06:38:16 - [MESSAGE][PASSED] - Keyboard is hidden

25-03-2025T06:38:16 - [TEST_STEP][PASSED] - delay(10): Delayed 10 second(s)

25-03-2025T06:38:26 - [MESSAGE][PASSED] - Delayed 10 second(s)

25-03-2025T06:38:26 - [TEST_STEP][PASSED] - sendKeys(findTestObject("Object Repository/Repo/android.widget.EditText -"), email2): Send keys '03205179TM@WG.COM' on test object 'Object Repository/Repo/android.widget.EditText -' successfully.

25-03-2025T06:38:26 - [MESSAGE][PASSED] - Send keys '03205179TM@WG.COM' on test object 'Object Repository/Repo/android.widget.EditText -' successfully.

25-03-2025T06:38:26 - [TEST_STEP][PASSED] - delay(10): Delayed 10 second(s)

25-03-2025T06:38:36 - [MESSAGE][PASSED] - Delayed 10 second(s)

25-03-2025T06:38:36 - [TEST_STEP][PASSED] - tap(findTestObject("Object Repository/Repo/android.widget.EditText-confirm email address"), 0): Tapped on element 'Object Repository/Repo/android.widget.EditText-confirm email address'

25-03-2025T06:38:36 - [MESSAGE][WARNING] - Timeout '0' is invalid. Using default page load timeout: '30'

25-03-2025T06:38:37 - [MESSAGE][PASSED] - Tapped on element 'Object Repository/Repo/android.widget.EditText-confirm email address'

25-03-2025T06:38:37 - [TEST_STEP][PASSED] - delay(10): Delayed 10 second(s)

25-03-2025T06:38:47 - [MESSAGE][PASSED] - Delayed 10 second(s)

25-03-2025T06:38:47 - [TEST_STEP][PASSED] - hideKeyboard(): Keyboard is hidden

25-03-2025T06:38:47 - [MESSAGE][PASSED] - Keyboard is hidden

25-03-2025T06:38:47 - [TEST_STEP][PASSED] - tap(findTestObject("Object Repository/Repo/android.widget.EditText-confirm email address"), 0): Tapped on element 'Object Repository/Repo/android.widget.EditText-confirm email address'

25-03-2025T06:38:47 - [MESSAGE][WARNING] - Timeout '0' is invalid. Using default page load timeout: '30'

25-03-2025T06:38:48 - [MESSAGE][PASSED] - Tapped on element 'Object Repository/Repo/android.widget.EditText-confirm email address'

25-03-2025T06:38:48 - [TEST_STEP][PASSED] - hideKeyboard(): Keyboard is hidden

25-03-2025T06:38:49 - [MESSAGE][PASSED] - Keyboard is hidden

25-03-2025T06:38:49 - [TEST_STEP][PASSED] - delay(10): Delayed 10 second(s)

25-03-2025T06:38:59 - [MESSAGE][PASSED] - Delayed 10 second(s)

25-03-2025T06:38:59 - [TEST_STEP][PASSED] - actualText = getText(findTestObject("Object Repository/Repo/android.widget.TextView -  The email address is already in use"), 0): Text of element 'Object Repository/Repo/android.widget.TextView -  The email address is already in use' is: ' The email address is already in use.
'

25-03-2025T06:39:00 - [MESSAGE][WARNING] - Timeout '0' is invalid. Using default page load timeout: '30'

25-03-2025T06:39:00 - [MESSAGE][PASSED] - Text of element 'Object Repository/Repo/android.widget.TextView -  The email address is already in use' is: ' The email address is already in use.
'

25-03-2025T06:39:00 - [TEST_STEP][PASSED] - expectedText = " The email address is already in use.": null

25-03-2025T06:39:00 - [TEST_STEP][PASSED] - assert actualText.contains(expectedText): null

25-03-2025T06:39:00 - [TEST_STEP][PASSED] - delay(5): Delayed 5 second(s)

25-03-2025T06:39:05 - [MESSAGE][PASSED] - Delayed 5 second(s)

25-03-2025T06:39:05 - [TEST_STEP][PASSED] - closeApplication(): Close app successfully

25-03-2025T06:39:09 - [MESSAGE][PASSED] - Close app successfully

25-03-2025T06:39:09 - [TEST_STEP][PASSED] - return null: null]]></system-out>
         <system-err><![CDATA[]]></system-err>
      </testcase>
      <testcase name="Test Cases/Sprint 2/WRMA-241/C681" time="129.072" classname="Test Cases/Sprint 2/WRMA-241/C681" status="PASSED">
         <system-out><![CDATA[25-03-2025T06:39:09 - [TEST_CASE][PASSED] - Test Cases/Sprint 2/WRMA-241/C681: Test Cases/Sprint 2/WRMA-241/C681

25-03-2025T06:39:09 - [TEST_STEP][PASSED] - testData = findTestData("Data Files/C681"): null

25-03-2025T06:39:09 - [TEST_STEP][PASSED] - email1 = testData.getValue("email", 1): null

25-03-2025T06:39:09 - [TEST_STEP][PASSED] - startApplication("C:\Users\GVVignesh\git\WGR_Android\App Folder\universal.apk", true): Started application: 'C:\Users\GVVignesh\git\WGR_Android\App Folder\universal.apk'

25-03-2025T06:39:09 - [MESSAGE][INFO] - Starting application: 'C:\Users\GVVignesh\git\WGR_Android\App Folder\universal.apk'

25-03-2025T06:39:09 - [MESSAGE][INFO] - User set preference: ['deviceId', '']

25-03-2025T06:39:10 - [MESSAGE][INFO] - Detected NodeJS location: "C:\Program Files\nodejs\node.exe"

25-03-2025T06:39:20 - [MESSAGE][INFO] - PATH: C:\Program Files\nodejs;

25-03-2025T06:39:20 - [MESSAGE][INFO] - APPIUM_HOME: C:\Users\GVVignesh\.appium

25-03-2025T06:39:20 - [MESSAGE][INFO] - appium outlog: C:\Users\GVVignesh\Katalon Studio\WGR-Android-Automation\Reports\20250325_053528\WRMA Sprint1 and Sprint2 Android Report\20250325_053528\appium.log

25-03-2025T06:39:20 - [MESSAGE][INFO] - appium errlog: C:\Users\GVVignesh\Katalon Studio\WGR-Android-Automation\Reports\20250325_053528\WRMA Sprint1 and Sprint2 Android Report\20250325_053528\appium_error.log

25-03-2025T06:39:23 - [MESSAGE][INFO] - Appium server started on port 58,642

25-03-2025T06:40:26 - [MESSAGE][PASSED] - Started application: 'C:\Users\GVVignesh\git\WGR_Android\App Folder\universal.apk'

25-03-2025T06:40:26 - [TEST_STEP][PASSED] - tap(findTestObject("Object Repository/Repo/android.widget.Button - Login or Sign Up"), 0): Tapped on element 'Object Repository/Repo/android.widget.Button - Login or Sign Up'

25-03-2025T06:40:26 - [MESSAGE][WARNING] - Timeout '0' is invalid. Using default page load timeout: '30'

25-03-2025T06:40:33 - [MESSAGE][PASSED] - Tapped on element 'Object Repository/Repo/android.widget.Button - Login or Sign Up'

25-03-2025T06:40:33 - [TEST_STEP][PASSED] - delay(10): Delayed 10 second(s)

25-03-2025T06:40:43 - [MESSAGE][PASSED] - Delayed 10 second(s)

25-03-2025T06:40:43 - [TEST_STEP][PASSED] - sendKeys(findTestObject("Object Repository/Repo/android.widget.EditText-LoginorSignUp"), email1): Send keys 'b@k.com' on test object 'Object Repository/Repo/android.widget.EditText-LoginorSignUp' successfully.

25-03-2025T06:40:43 - [MESSAGE][PASSED] - Send keys 'b@k.com' on test object 'Object Repository/Repo/android.widget.EditText-LoginorSignUp' successfully.

25-03-2025T06:40:43 - [TEST_STEP][PASSED] - delay(10): Delayed 10 second(s)

25-03-2025T06:40:53 - [MESSAGE][PASSED] - Delayed 10 second(s)

25-03-2025T06:40:53 - [TEST_STEP][PASSED] - tap(findTestObject("Object Repository/Repo/android.widget.Button - Next (1)"), 0): Tapped on element 'Object Repository/Repo/android.widget.Button - Next (1)'

25-03-2025T06:40:53 - [MESSAGE][WARNING] - Timeout '0' is invalid. Using default page load timeout: '30'

25-03-2025T06:40:53 - [MESSAGE][PASSED] - Tapped on element 'Object Repository/Repo/android.widget.Button - Next (1)'

25-03-2025T06:40:53 - [TEST_STEP][PASSED] - delay(20): Delayed 20 second(s)

25-03-2025T06:41:13 - [MESSAGE][PASSED] - Delayed 20 second(s)

25-03-2025T06:41:13 - [TEST_STEP][PASSED] - tapAndHold(findTestObject("Object Repository/Repo/android.widget.EditText - vt.com"), 0, 0): Tapped and held on element 'Object Repository/Repo/android.widget.EditText - vt.com' with duration (default)

25-03-2025T06:41:13 - [MESSAGE][WARNING] - Timeout '0' is invalid. Using default page load timeout: '30'

25-03-2025T06:41:14 - [MESSAGE][PASSED] - Tapped and held on element 'Object Repository/Repo/android.widget.EditText - vt.com' with duration (default)

25-03-2025T06:41:14 - [TEST_STEP][FAILED] - try: Failed to tap on element (Root cause: com.kms.katalon.core.exception.StepFailedException: Failed to tap on element
	at com.kms.katalon.core.mobile.keyword.internal.MobileKeywordMain.stepFailed(MobileKeywordMain.groovy:64)
	at com.kms.katalon.core.mobile.keyword.internal.MobileKeywordMain.runKeyword(MobileKeywordMain.groovy:34)
	at com.kms.katalon.core.mobile.keyword.builtin.TapKeyword.tap(TapKeyword.groovy:51)
	at com.kms.katalon.core.mobile.keyword.builtin.TapKeyword.execute(TapKeyword.groovy:35)
	at com.kms.katalon.core.keyword.internal.KeywordExecutor.executeKeywordForPlatform(KeywordExecutor.groovy:74)
	at com.kms.katalon.core.mobile.keyword.MobileBuiltInKeywords.tap(MobileBuiltInKeywords.groovy:1461)
	at C681.run(C681:54)
	at com.kms.katalon.core.main.ScriptEngine.run(ScriptEngine.java:194)
	at com.kms.katalon.core.main.ScriptEngine.runScriptAsRawText(ScriptEngine.java:119)
	at com.kms.katalon.core.main.TestCaseExecutor.runScript(TestCaseExecutor.java:448)
	at com.kms.katalon.core.main.TestCaseExecutor.doExecute(TestCaseExecutor.java:439)
	at com.kms.katalon.core.main.TestCaseExecutor.processExecutionPhase(TestCaseExecutor.java:418)
	at com.kms.katalon.core.main.TestCaseExecutor.accessMainPhase(TestCaseExecutor.java:410)
	at com.kms.katalon.core.main.TestCaseExecutor.execute(TestCaseExecutor.java:285)
	at com.kms.katalon.core.common.CommonExecutor.accessTestCaseMainPhase(CommonExecutor.java:71)
	at com.kms.katalon.core.main.TestSuiteExecutor.accessTestSuiteMainPhase(TestSuiteExecutor.java:160)
	at com.kms.katalon.core.main.TestSuiteExecutor.execute(TestSuiteExecutor.java:107)
	at com.kms.katalon.core.main.TestCaseMain.startTestSuite(TestCaseMain.java:180)
	at TempTestSuite1742906128989.run(TempTestSuite1742906128989.groovy:35)
	at java.base/jdk.internal.reflect.NativeMethodAccessorImpl.invoke0(Native Method)
	at java.base/jdk.internal.reflect.NativeMethodAccessorImpl.invoke(NativeMethodAccessorImpl.java:77)
	at java.base/jdk.internal.reflect.DelegatingMethodAccessorImpl.invoke(DelegatingMethodAccessorImpl.java:43)
Caused by: java.lang.IllegalArgumentException: Object is null
	at com.kms.katalon.core.helper.KeywordHelper.checkTestObjectParameter(KeywordHelper.java:33)
	at com.kms.katalon.core.mobile.keyword.builtin.TapKeyword$_tap_closure1.doCall(TapKeyword.groovy:41)
	at com.kms.katalon.core.mobile.keyword.builtin.TapKeyword$_tap_closure1.call(TapKeyword.groovy)
	at com.kms.katalon.core.mobile.keyword.internal.MobileKeywordMain.runKeyword(MobileKeywordMain.groovy:30)
	at com.kms.katalon.core.mobile.keyword.builtin.TapKeyword.tap(TapKeyword.groovy:51)
	at com.kms.katalon.core.mobile.keyword.builtin.TapKeyword.execute(TapKeyword.groovy:35)
	at com.kms.katalon.core.keyword.internal.KeywordExecutor.executeKeywordForPlatform(KeywordExecutor.groovy:74)
	at com.kms.katalon.core.mobile.keyword.MobileBuiltInKeywords.tap(MobileBuiltInKeywords.groovy:1461)
	at Script1741690279486.run(Script1741690279486.groovy:54)
	... 15 more
)

25-03-2025T06:41:14 - [TEST_STEP][FAILED] - tap(findTestObject("Object Repository/TextField"), 0): Failed to tap on element (Root cause: com.kms.katalon.core.exception.StepFailedException: Failed to tap on element
	at com.kms.katalon.core.mobile.keyword.internal.MobileKeywordMain.stepFailed(MobileKeywordMain.groovy:64)
	at com.kms.katalon.core.mobile.keyword.internal.MobileKeywordMain.runKeyword(MobileKeywordMain.groovy:34)
	at com.kms.katalon.core.mobile.keyword.builtin.TapKeyword.tap(TapKeyword.groovy:51)
	at com.kms.katalon.core.mobile.keyword.builtin.TapKeyword.execute(TapKeyword.groovy:35)
	at com.kms.katalon.core.keyword.internal.KeywordExecutor.executeKeywordForPlatform(KeywordExecutor.groovy:74)
	at com.kms.katalon.core.mobile.keyword.MobileBuiltInKeywords.tap(MobileBuiltInKeywords.groovy:1461)
	at C681.run(C681:54)
	at com.kms.katalon.core.main.ScriptEngine.run(ScriptEngine.java:194)
	at com.kms.katalon.core.main.ScriptEngine.runScriptAsRawText(ScriptEngine.java:119)
	at com.kms.katalon.core.main.TestCaseExecutor.runScript(TestCaseExecutor.java:448)
	at com.kms.katalon.core.main.TestCaseExecutor.doExecute(TestCaseExecutor.java:439)
	at com.kms.katalon.core.main.TestCaseExecutor.processExecutionPhase(TestCaseExecutor.java:418)
	at com.kms.katalon.core.main.TestCaseExecutor.accessMainPhase(TestCaseExecutor.java:410)
	at com.kms.katalon.core.main.TestCaseExecutor.execute(TestCaseExecutor.java:285)
	at com.kms.katalon.core.common.CommonExecutor.accessTestCaseMainPhase(CommonExecutor.java:71)
	at com.kms.katalon.core.main.TestSuiteExecutor.accessTestSuiteMainPhase(TestSuiteExecutor.java:160)
	at com.kms.katalon.core.main.TestSuiteExecutor.execute(TestSuiteExecutor.java:107)
	at com.kms.katalon.core.main.TestCaseMain.startTestSuite(TestCaseMain.java:180)
	at TempTestSuite1742906128989.run(TempTestSuite1742906128989.groovy:35)
	at java.base/jdk.internal.reflect.NativeMethodAccessorImpl.invoke0(Native Method)
	at java.base/jdk.internal.reflect.NativeMethodAccessorImpl.invoke(NativeMethodAccessorImpl.java:77)
	at java.base/jdk.internal.reflect.DelegatingMethodAccessorImpl.invoke(DelegatingMethodAccessorImpl.java:43)
Caused by: java.lang.IllegalArgumentException: Object is null
	at com.kms.katalon.core.helper.KeywordHelper.checkTestObjectParameter(KeywordHelper.java:33)
	at com.kms.katalon.core.mobile.keyword.builtin.TapKeyword$_tap_closure1.doCall(TapKeyword.groovy:41)
	at com.kms.katalon.core.mobile.keyword.builtin.TapKeyword$_tap_closure1.call(TapKeyword.groovy)
	at com.kms.katalon.core.mobile.keyword.internal.MobileKeywordMain.runKeyword(MobileKeywordMain.groovy:30)
	at com.kms.katalon.core.mobile.keyword.builtin.TapKeyword.tap(TapKeyword.groovy:51)
	at com.kms.katalon.core.mobile.keyword.builtin.TapKeyword.execute(TapKeyword.groovy:35)
	at com.kms.katalon.core.keyword.internal.KeywordExecutor.executeKeywordForPlatform(KeywordExecutor.groovy:74)
	at com.kms.katalon.core.mobile.keyword.MobileBuiltInKeywords.tap(MobileBuiltInKeywords.groovy:1461)
	at Script1741690279486.run(Script1741690279486.groovy:54)
	... 15 more
)

25-03-2025T06:41:14 - [MESSAGE][WARNING] - Test object with id 'Object Repository/TextField' does not exist

25-03-2025T06:41:14 - [MESSAGE][WARNING] - Test object with id 'Object Repository/' does not exist

25-03-2025T06:41:15 - [MESSAGE][FAILED] - Failed to tap on element (Root cause: com.kms.katalon.core.exception.StepFailedException: Failed to tap on element
	at com.kms.katalon.core.mobile.keyword.internal.MobileKeywordMain.stepFailed(MobileKeywordMain.groovy:64)
	at com.kms.katalon.core.mobile.keyword.internal.MobileKeywordMain.runKeyword(MobileKeywordMain.groovy:34)
	at com.kms.katalon.core.mobile.keyword.builtin.TapKeyword.tap(TapKeyword.groovy:51)
	at com.kms.katalon.core.mobile.keyword.builtin.TapKeyword.execute(TapKeyword.groovy:35)
	at com.kms.katalon.core.keyword.internal.KeywordExecutor.executeKeywordForPlatform(KeywordExecutor.groovy:74)
	at com.kms.katalon.core.mobile.keyword.MobileBuiltInKeywords.tap(MobileBuiltInKeywords.groovy:1461)
	at C681.run(C681:54)
	at com.kms.katalon.core.main.ScriptEngine.run(ScriptEngine.java:194)
	at com.kms.katalon.core.main.ScriptEngine.runScriptAsRawText(ScriptEngine.java:119)
	at com.kms.katalon.core.main.TestCaseExecutor.runScript(TestCaseExecutor.java:448)
	at com.kms.katalon.core.main.TestCaseExecutor.doExecute(TestCaseExecutor.java:439)
	at com.kms.katalon.core.main.TestCaseExecutor.processExecutionPhase(TestCaseExecutor.java:418)
	at com.kms.katalon.core.main.TestCaseExecutor.accessMainPhase(TestCaseExecutor.java:410)
	at com.kms.katalon.core.main.TestCaseExecutor.execute(TestCaseExecutor.java:285)
	at com.kms.katalon.core.common.CommonExecutor.accessTestCaseMainPhase(CommonExecutor.java:71)
	at com.kms.katalon.core.main.TestSuiteExecutor.accessTestSuiteMainPhase(TestSuiteExecutor.java:160)
	at com.kms.katalon.core.main.TestSuiteExecutor.execute(TestSuiteExecutor.java:107)
	at com.kms.katalon.core.main.TestCaseMain.startTestSuite(TestCaseMain.java:180)
	at TempTestSuite1742906128989.run(TempTestSuite1742906128989.groovy:35)
	at java.base/jdk.internal.reflect.NativeMethodAccessorImpl.invoke0(Native Method)
	at java.base/jdk.internal.reflect.NativeMethodAccessorImpl.invoke(NativeMethodAccessorImpl.java:77)
	at java.base/jdk.internal.reflect.DelegatingMethodAccessorImpl.invoke(DelegatingMethodAccessorImpl.java:43)
Caused by: java.lang.IllegalArgumentException: Object is null
	at com.kms.katalon.core.helper.KeywordHelper.checkTestObjectParameter(KeywordHelper.java:33)
	at com.kms.katalon.core.mobile.keyword.builtin.TapKeyword$_tap_closure1.doCall(TapKeyword.groovy:41)
	at com.kms.katalon.core.mobile.keyword.builtin.TapKeyword$_tap_closure1.call(TapKeyword.groovy)
	at com.kms.katalon.core.mobile.keyword.internal.MobileKeywordMain.runKeyword(MobileKeywordMain.groovy:30)
	at com.kms.katalon.core.mobile.keyword.builtin.TapKeyword.tap(TapKeyword.groovy:51)
	at com.kms.katalon.core.mobile.keyword.builtin.TapKeyword.execute(TapKeyword.groovy:35)
	at com.kms.katalon.core.keyword.internal.KeywordExecutor.executeKeywordForPlatform(KeywordExecutor.groovy:74)
	at com.kms.katalon.core.mobile.keyword.MobileBuiltInKeywords.tap(MobileBuiltInKeywords.groovy:1461)
	at Script1741690279486.run(Script1741690279486.groovy:54)
	... 15 more
)
[[ATTACHMENT|C:\\Users\\GVVignesh\\Katalon Studio\\WGR-Android-Automation\\Reports\\20250325_053528\\WRMA Sprint1 and Sprint2 Android Report\\20250325_053528\\1742910074136.png]]

25-03-2025T06:41:15 - [TEST_STEP][PASSED] - catch (com.kms.katalon.core.exception.StepFailedException e): null

25-03-2025T06:41:15 - [TEST_STEP][PASSED] - println("⚠️ Error occurred: " + e.getMessage()): null

25-03-2025T06:41:15 - [TEST_STEP][FAILED] - try: Failed to tap on element (Root cause: com.kms.katalon.core.exception.StepFailedException: Failed to tap on element
	at com.kms.katalon.core.mobile.keyword.internal.MobileKeywordMain.stepFailed(MobileKeywordMain.groovy:64)
	at com.kms.katalon.core.mobile.keyword.internal.MobileKeywordMain.runKeyword(MobileKeywordMain.groovy:34)
	at com.kms.katalon.core.mobile.keyword.builtin.TapKeyword.tap(TapKeyword.groovy:51)
	at com.kms.katalon.core.mobile.keyword.builtin.TapKeyword.execute(TapKeyword.groovy:35)
	at com.kms.katalon.core.keyword.internal.KeywordExecutor.executeKeywordForPlatform(KeywordExecutor.groovy:74)
	at com.kms.katalon.core.mobile.keyword.MobileBuiltInKeywords.tap(MobileBuiltInKeywords.groovy:1461)
	at C681.run(C681:80)
	at com.kms.katalon.core.main.ScriptEngine.run(ScriptEngine.java:194)
	at com.kms.katalon.core.main.ScriptEngine.runScriptAsRawText(ScriptEngine.java:119)
	at com.kms.katalon.core.main.TestCaseExecutor.runScript(TestCaseExecutor.java:448)
	at com.kms.katalon.core.main.TestCaseExecutor.doExecute(TestCaseExecutor.java:439)
	at com.kms.katalon.core.main.TestCaseExecutor.processExecutionPhase(TestCaseExecutor.java:418)
	at com.kms.katalon.core.main.TestCaseExecutor.accessMainPhase(TestCaseExecutor.java:410)
	at com.kms.katalon.core.main.TestCaseExecutor.execute(TestCaseExecutor.java:285)
	at com.kms.katalon.core.common.CommonExecutor.accessTestCaseMainPhase(CommonExecutor.java:71)
	at com.kms.katalon.core.main.TestSuiteExecutor.accessTestSuiteMainPhase(TestSuiteExecutor.java:160)
	at com.kms.katalon.core.main.TestSuiteExecutor.execute(TestSuiteExecutor.java:107)
	at com.kms.katalon.core.main.TestCaseMain.startTestSuite(TestCaseMain.java:180)
	at TempTestSuite1742906128989.run(TempTestSuite1742906128989.groovy:35)
	at java.base/jdk.internal.reflect.NativeMethodAccessorImpl.invoke0(Native Method)
	at java.base/jdk.internal.reflect.NativeMethodAccessorImpl.invoke(NativeMethodAccessorImpl.java:77)
	at java.base/jdk.internal.reflect.DelegatingMethodAccessorImpl.invoke(DelegatingMethodAccessorImpl.java:43)
Caused by: java.lang.IllegalArgumentException: Object is null
	at com.kms.katalon.core.helper.KeywordHelper.checkTestObjectParameter(KeywordHelper.java:33)
	at com.kms.katalon.core.mobile.keyword.builtin.TapKeyword$_tap_closure1.doCall(TapKeyword.groovy:41)
	at com.kms.katalon.core.mobile.keyword.builtin.TapKeyword$_tap_closure1.call(TapKeyword.groovy)
	at com.kms.katalon.core.mobile.keyword.internal.MobileKeywordMain.runKeyword(MobileKeywordMain.groovy:30)
	at com.kms.katalon.core.mobile.keyword.builtin.TapKeyword.tap(TapKeyword.groovy:51)
	at com.kms.katalon.core.mobile.keyword.builtin.TapKeyword.execute(TapKeyword.groovy:35)
	at com.kms.katalon.core.keyword.internal.KeywordExecutor.executeKeywordForPlatform(KeywordExecutor.groovy:74)
	at com.kms.katalon.core.mobile.keyword.MobileBuiltInKeywords.tap(MobileBuiltInKeywords.groovy:1461)
	at Script1741690279486.run(Script1741690279486.groovy:80)
	... 15 more
)

25-03-2025T06:41:15 - [TEST_STEP][FAILED] - tap(findTestObject("Object Repository/ConfirmEmailField"), 0): Failed to tap on element (Root cause: com.kms.katalon.core.exception.StepFailedException: Failed to tap on element
	at com.kms.katalon.core.mobile.keyword.internal.MobileKeywordMain.stepFailed(MobileKeywordMain.groovy:64)
	at com.kms.katalon.core.mobile.keyword.internal.MobileKeywordMain.runKeyword(MobileKeywordMain.groovy:34)
	at com.kms.katalon.core.mobile.keyword.builtin.TapKeyword.tap(TapKeyword.groovy:51)
	at com.kms.katalon.core.mobile.keyword.builtin.TapKeyword.execute(TapKeyword.groovy:35)
	at com.kms.katalon.core.keyword.internal.KeywordExecutor.executeKeywordForPlatform(KeywordExecutor.groovy:74)
	at com.kms.katalon.core.mobile.keyword.MobileBuiltInKeywords.tap(MobileBuiltInKeywords.groovy:1461)
	at C681.run(C681:80)
	at com.kms.katalon.core.main.ScriptEngine.run(ScriptEngine.java:194)
	at com.kms.katalon.core.main.ScriptEngine.runScriptAsRawText(ScriptEngine.java:119)
	at com.kms.katalon.core.main.TestCaseExecutor.runScript(TestCaseExecutor.java:448)
	at com.kms.katalon.core.main.TestCaseExecutor.doExecute(TestCaseExecutor.java:439)
	at com.kms.katalon.core.main.TestCaseExecutor.processExecutionPhase(TestCaseExecutor.java:418)
	at com.kms.katalon.core.main.TestCaseExecutor.accessMainPhase(TestCaseExecutor.java:410)
	at com.kms.katalon.core.main.TestCaseExecutor.execute(TestCaseExecutor.java:285)
	at com.kms.katalon.core.common.CommonExecutor.accessTestCaseMainPhase(CommonExecutor.java:71)
	at com.kms.katalon.core.main.TestSuiteExecutor.accessTestSuiteMainPhase(TestSuiteExecutor.java:160)
	at com.kms.katalon.core.main.TestSuiteExecutor.execute(TestSuiteExecutor.java:107)
	at com.kms.katalon.core.main.TestCaseMain.startTestSuite(TestCaseMain.java:180)
	at TempTestSuite1742906128989.run(TempTestSuite1742906128989.groovy:35)
	at java.base/jdk.internal.reflect.NativeMethodAccessorImpl.invoke0(Native Method)
	at java.base/jdk.internal.reflect.NativeMethodAccessorImpl.invoke(NativeMethodAccessorImpl.java:77)
	at java.base/jdk.internal.reflect.DelegatingMethodAccessorImpl.invoke(DelegatingMethodAccessorImpl.java:43)
Caused by: java.lang.IllegalArgumentException: Object is null
	at com.kms.katalon.core.helper.KeywordHelper.checkTestObjectParameter(KeywordHelper.java:33)
	at com.kms.katalon.core.mobile.keyword.builtin.TapKeyword$_tap_closure1.doCall(TapKeyword.groovy:41)
	at com.kms.katalon.core.mobile.keyword.builtin.TapKeyword$_tap_closure1.call(TapKeyword.groovy)
	at com.kms.katalon.core.mobile.keyword.internal.MobileKeywordMain.runKeyword(MobileKeywordMain.groovy:30)
	at com.kms.katalon.core.mobile.keyword.builtin.TapKeyword.tap(TapKeyword.groovy:51)
	at com.kms.katalon.core.mobile.keyword.builtin.TapKeyword.execute(TapKeyword.groovy:35)
	at com.kms.katalon.core.keyword.internal.KeywordExecutor.executeKeywordForPlatform(KeywordExecutor.groovy:74)
	at com.kms.katalon.core.mobile.keyword.MobileBuiltInKeywords.tap(MobileBuiltInKeywords.groovy:1461)
	at Script1741690279486.run(Script1741690279486.groovy:80)
	... 15 more
)

25-03-2025T06:41:15 - [MESSAGE][WARNING] - Test object with id 'Object Repository/ConfirmEmailField' does not exist

25-03-2025T06:41:15 - [MESSAGE][WARNING] - Test object with id 'Object Repository/' does not exist

25-03-2025T06:41:16 - [MESSAGE][FAILED] - Failed to tap on element (Root cause: com.kms.katalon.core.exception.StepFailedException: Failed to tap on element
	at com.kms.katalon.core.mobile.keyword.internal.MobileKeywordMain.stepFailed(MobileKeywordMain.groovy:64)
	at com.kms.katalon.core.mobile.keyword.internal.MobileKeywordMain.runKeyword(MobileKeywordMain.groovy:34)
	at com.kms.katalon.core.mobile.keyword.builtin.TapKeyword.tap(TapKeyword.groovy:51)
	at com.kms.katalon.core.mobile.keyword.builtin.TapKeyword.execute(TapKeyword.groovy:35)
	at com.kms.katalon.core.keyword.internal.KeywordExecutor.executeKeywordForPlatform(KeywordExecutor.groovy:74)
	at com.kms.katalon.core.mobile.keyword.MobileBuiltInKeywords.tap(MobileBuiltInKeywords.groovy:1461)
	at C681.run(C681:80)
	at com.kms.katalon.core.main.ScriptEngine.run(ScriptEngine.java:194)
	at com.kms.katalon.core.main.ScriptEngine.runScriptAsRawText(ScriptEngine.java:119)
	at com.kms.katalon.core.main.TestCaseExecutor.runScript(TestCaseExecutor.java:448)
	at com.kms.katalon.core.main.TestCaseExecutor.doExecute(TestCaseExecutor.java:439)
	at com.kms.katalon.core.main.TestCaseExecutor.processExecutionPhase(TestCaseExecutor.java:418)
	at com.kms.katalon.core.main.TestCaseExecutor.accessMainPhase(TestCaseExecutor.java:410)
	at com.kms.katalon.core.main.TestCaseExecutor.execute(TestCaseExecutor.java:285)
	at com.kms.katalon.core.common.CommonExecutor.accessTestCaseMainPhase(CommonExecutor.java:71)
	at com.kms.katalon.core.main.TestSuiteExecutor.accessTestSuiteMainPhase(TestSuiteExecutor.java:160)
	at com.kms.katalon.core.main.TestSuiteExecutor.execute(TestSuiteExecutor.java:107)
	at com.kms.katalon.core.main.TestCaseMain.startTestSuite(TestCaseMain.java:180)
	at TempTestSuite1742906128989.run(TempTestSuite1742906128989.groovy:35)
	at java.base/jdk.internal.reflect.NativeMethodAccessorImpl.invoke0(Native Method)
	at java.base/jdk.internal.reflect.NativeMethodAccessorImpl.invoke(NativeMethodAccessorImpl.java:77)
	at java.base/jdk.internal.reflect.DelegatingMethodAccessorImpl.invoke(DelegatingMethodAccessorImpl.java:43)
Caused by: java.lang.IllegalArgumentException: Object is null
	at com.kms.katalon.core.helper.KeywordHelper.checkTestObjectParameter(KeywordHelper.java:33)
	at com.kms.katalon.core.mobile.keyword.builtin.TapKeyword$_tap_closure1.doCall(TapKeyword.groovy:41)
	at com.kms.katalon.core.mobile.keyword.builtin.TapKeyword$_tap_closure1.call(TapKeyword.groovy)
	at com.kms.katalon.core.mobile.keyword.internal.MobileKeywordMain.runKeyword(MobileKeywordMain.groovy:30)
	at com.kms.katalon.core.mobile.keyword.builtin.TapKeyword.tap(TapKeyword.groovy:51)
	at com.kms.katalon.core.mobile.keyword.builtin.TapKeyword.execute(TapKeyword.groovy:35)
	at com.kms.katalon.core.keyword.internal.KeywordExecutor.executeKeywordForPlatform(KeywordExecutor.groovy:74)
	at com.kms.katalon.core.mobile.keyword.MobileBuiltInKeywords.tap(MobileBuiltInKeywords.groovy:1461)
	at Script1741690279486.run(Script1741690279486.groovy:80)
	... 15 more
)
[[ATTACHMENT|C:\\Users\\GVVignesh\\Katalon Studio\\WGR-Android-Automation\\Reports\\20250325_053528\\WRMA Sprint1 and Sprint2 Android Report\\20250325_053528\\1742910075314.png]]

25-03-2025T06:41:16 - [TEST_STEP][PASSED] - catch (com.kms.katalon.core.exception.StepFailedException e): null

25-03-2025T06:41:16 - [TEST_STEP][PASSED] - println("⚠️ Error occurred: " + e.getMessage()): null

25-03-2025T06:41:16 - [TEST_STEP][PASSED] - closeApplication(): Close app successfully

25-03-2025T06:41:18 - [MESSAGE][PASSED] - Close app successfully]]></system-out>
         <system-err><![CDATA[]]></system-err>
      </testcase>
      <testcase name="Test Cases/Sprint 2/WRMA-257/C682" time="168.429" classname="Test Cases/Sprint 2/WRMA-257/C682" status="PASSED">
         <system-out><![CDATA[25-03-2025T06:41:18 - [TEST_CASE][PASSED] - Test Cases/Sprint 2/WRMA-257/C682: Test Cases/Sprint 2/WRMA-257/C682

25-03-2025T06:41:18 - [TEST_STEP][PASSED] - testData = findTestData("Data Files/C682 (1)"): null

25-03-2025T06:41:18 - [TEST_STEP][PASSED] - email = testData.getValue("email", 1): null

25-03-2025T06:41:18 - [TEST_STEP][PASSED] - firstname = testData.getValue("firstname", 1): null

25-03-2025T06:41:18 - [TEST_STEP][PASSED] - lastname = testData.getValue("lastname", 1): null

25-03-2025T06:41:18 - [TEST_STEP][PASSED] - startApplication("C:\Users\GVVignesh\git\WGR_Android\App Folder\universal.apk", true): Started application: 'C:\Users\GVVignesh\git\WGR_Android\App Folder\universal.apk'

25-03-2025T06:41:18 - [MESSAGE][INFO] - Starting application: 'C:\Users\GVVignesh\git\WGR_Android\App Folder\universal.apk'

25-03-2025T06:41:18 - [MESSAGE][INFO] - User set preference: ['deviceId', '']

25-03-2025T06:41:18 - [MESSAGE][INFO] - Detected NodeJS location: "C:\Program Files\nodejs\node.exe"

25-03-2025T06:41:28 - [MESSAGE][INFO] - PATH: C:\Program Files\nodejs;

25-03-2025T06:41:28 - [MESSAGE][INFO] - APPIUM_HOME: C:\Users\GVVignesh\.appium

25-03-2025T06:41:28 - [MESSAGE][INFO] - appium outlog: C:\Users\GVVignesh\Katalon Studio\WGR-Android-Automation\Reports\20250325_053528\WRMA Sprint1 and Sprint2 Android Report\20250325_053528\appium.log

25-03-2025T06:41:28 - [MESSAGE][INFO] - appium errlog: C:\Users\GVVignesh\Katalon Studio\WGR-Android-Automation\Reports\20250325_053528\WRMA Sprint1 and Sprint2 Android Report\20250325_053528\appium_error.log

25-03-2025T06:41:31 - [MESSAGE][INFO] - Appium server started on port 58,950

25-03-2025T06:42:31 - [MESSAGE][PASSED] - Started application: 'C:\Users\GVVignesh\git\WGR_Android\App Folder\universal.apk'

25-03-2025T06:42:31 - [TEST_STEP][PASSED] - delay(10): Delayed 10 second(s)

25-03-2025T06:42:41 - [MESSAGE][PASSED] - Delayed 10 second(s)

25-03-2025T06:42:41 - [TEST_STEP][PASSED] - tap(findTestObject("Object Repository/Repo/android.widget.Button - Login or Sign Up"), 0): Tapped on element 'Object Repository/Repo/android.widget.Button - Login or Sign Up'

25-03-2025T06:42:41 - [MESSAGE][WARNING] - Timeout '0' is invalid. Using default page load timeout: '30'

25-03-2025T06:42:41 - [MESSAGE][PASSED] - Tapped on element 'Object Repository/Repo/android.widget.Button - Login or Sign Up'

25-03-2025T06:42:41 - [TEST_STEP][PASSED] - delay(10): Delayed 10 second(s)

25-03-2025T06:42:51 - [MESSAGE][PASSED] - Delayed 10 second(s)

25-03-2025T06:42:51 - [TEST_STEP][PASSED] - setText(findTestObject("Object Repository/Repo/android.widget.EditText-LoginorSignUp"), email, 0): Text 'ipl@icc.com' has been set to element 'Object Repository/Repo/android.widget.EditText-LoginorSignUp'

25-03-2025T06:42:52 - [MESSAGE][WARNING] - Timeout '0' is invalid. Using default page load timeout: '30'

25-03-2025T06:42:52 - [MESSAGE][PASSED] - Text 'ipl@icc.com' has been set to element 'Object Repository/Repo/android.widget.EditText-LoginorSignUp'

25-03-2025T06:42:52 - [TEST_STEP][PASSED] - hideKeyboard(): Keyboard is hidden

25-03-2025T06:42:53 - [MESSAGE][PASSED] - Keyboard is hidden

25-03-2025T06:42:53 - [TEST_STEP][PASSED] - delay(10): Delayed 10 second(s)

25-03-2025T06:43:03 - [MESSAGE][PASSED] - Delayed 10 second(s)

25-03-2025T06:43:03 - [TEST_STEP][PASSED] - tap(findTestObject("Object Repository/Repo/android.widget.Button - Next"), 0): Tapped on element 'Object Repository/Repo/android.widget.Button - Next'

25-03-2025T06:43:03 - [MESSAGE][WARNING] - Timeout '0' is invalid. Using default page load timeout: '30'

25-03-2025T06:43:03 - [MESSAGE][PASSED] - Tapped on element 'Object Repository/Repo/android.widget.Button - Next'

25-03-2025T06:43:03 - [TEST_STEP][PASSED] - delay(10): Delayed 10 second(s)

25-03-2025T06:43:13 - [MESSAGE][PASSED] - Delayed 10 second(s)

25-03-2025T06:43:13 - [TEST_STEP][PASSED] - setText(findTestObject("Object Repository/Repo/android.widget.EditText-confirm email address"), email, 0): Text 'ipl@icc.com' has been set to element 'Object Repository/Repo/android.widget.EditText-confirm email address'

25-03-2025T06:43:13 - [MESSAGE][WARNING] - Timeout '0' is invalid. Using default page load timeout: '30'

25-03-2025T06:43:13 - [MESSAGE][PASSED] - Text 'ipl@icc.com' has been set to element 'Object Repository/Repo/android.widget.EditText-confirm email address'

25-03-2025T06:43:13 - [TEST_STEP][PASSED] - hideKeyboard(): Keyboard is hidden

25-03-2025T06:43:14 - [MESSAGE][PASSED] - Keyboard is hidden

25-03-2025T06:43:14 - [TEST_STEP][PASSED] - delay(10): Delayed 10 second(s)

25-03-2025T06:43:24 - [MESSAGE][PASSED] - Delayed 10 second(s)

25-03-2025T06:43:24 - [TEST_STEP][PASSED] - tap(findTestObject("Object Repository/Repo/android.widget.Button - Next (1)"), 0): Tapped on element 'Object Repository/Repo/android.widget.Button - Next (1)'

25-03-2025T06:43:24 - [MESSAGE][WARNING] - Timeout '0' is invalid. Using default page load timeout: '30'

25-03-2025T06:43:24 - [MESSAGE][PASSED] - Tapped on element 'Object Repository/Repo/android.widget.Button - Next (1)'

25-03-2025T06:43:24 - [TEST_STEP][PASSED] - delay(10): Delayed 10 second(s)

25-03-2025T06:43:34 - [MESSAGE][PASSED] - Delayed 10 second(s)

25-03-2025T06:43:34 - [TEST_STEP][PASSED] - setText(findTestObject("Object Repository/Repo/android.widget.EditText-FirstName"), firstname, 0): Text 'bm1(@' has been set to element 'Object Repository/Repo/android.widget.EditText-FirstName'

25-03-2025T06:43:34 - [MESSAGE][WARNING] - Timeout '0' is invalid. Using default page load timeout: '30'

25-03-2025T06:43:35 - [MESSAGE][PASSED] - Text 'bm1(@' has been set to element 'Object Repository/Repo/android.widget.EditText-FirstName'

25-03-2025T06:43:35 - [TEST_STEP][PASSED] - hideKeyboard(): Keyboard is hidden

25-03-2025T06:43:35 - [MESSAGE][PASSED] - Keyboard is hidden

25-03-2025T06:43:35 - [TEST_STEP][PASSED] - delay(10): Delayed 10 second(s)

25-03-2025T06:43:45 - [MESSAGE][PASSED] - Delayed 10 second(s)

25-03-2025T06:43:45 - [TEST_STEP][PASSED] - tap(findTestObject("Object Repository/Repo/android.widget.Button - Next (2)"), 0): Tapped on element 'Object Repository/Repo/android.widget.Button - Next (2)'

25-03-2025T06:43:45 - [MESSAGE][WARNING] - Timeout '0' is invalid. Using default page load timeout: '30'

25-03-2025T06:43:46 - [MESSAGE][PASSED] - Tapped on element 'Object Repository/Repo/android.widget.Button - Next (2)'

25-03-2025T06:43:46 - [TEST_STEP][PASSED] - setText(findTestObject("Object Repository/Repo/android.widget.EditText-LastName"), lastname, 0): Text 'po0*' has been set to element 'Object Repository/Repo/android.widget.EditText-LastName'

25-03-2025T06:43:46 - [MESSAGE][WARNING] - Timeout '0' is invalid. Using default page load timeout: '30'

25-03-2025T06:43:47 - [MESSAGE][PASSED] - Text 'po0*' has been set to element 'Object Repository/Repo/android.widget.EditText-LastName'

25-03-2025T06:43:47 - [TEST_STEP][PASSED] - hideKeyboard(): Keyboard is hidden

25-03-2025T06:43:48 - [MESSAGE][PASSED] - Keyboard is hidden

25-03-2025T06:43:48 - [TEST_STEP][PASSED] - delay(5): Delayed 5 second(s)

25-03-2025T06:43:53 - [MESSAGE][PASSED] - Delayed 5 second(s)

25-03-2025T06:43:53 - [TEST_STEP][PASSED] - tap(findTestObject("Object Repository/Repo/android.widget.Button - Next (2)"), 0): Tapped on element 'Object Repository/Repo/android.widget.Button - Next (2)'

25-03-2025T06:43:53 - [MESSAGE][WARNING] - Timeout '0' is invalid. Using default page load timeout: '30'

25-03-2025T06:43:53 - [MESSAGE][PASSED] - Tapped on element 'Object Repository/Repo/android.widget.Button - Next (2)'

25-03-2025T06:43:53 - [TEST_STEP][PASSED] - verifyElementExist(findTestObject("Object Repository/Repo/android.widget.TextView -  Names cannot contain numbers"), 0): Element 'Object Repository/Repo/android.widget.TextView -  Names cannot contain numbers' is exist

25-03-2025T06:43:53 - [MESSAGE][WARNING] - Timeout '0' is invalid. Using default page load timeout: '30'

25-03-2025T06:43:54 - [MESSAGE][PASSED] - Element 'Object Repository/Repo/android.widget.TextView -  Names cannot contain numbers' is exist

25-03-2025T06:43:54 - [TEST_STEP][PASSED] - delay(5): Delayed 5 second(s)

25-03-2025T06:43:59 - [MESSAGE][PASSED] - Delayed 5 second(s)

25-03-2025T06:43:59 - [TEST_STEP][PASSED] - actualErrorMessage = getText(findTestObject("Object Repository/Repo/android.widget.TextView -  Names cannot contain numbers"), 0): Text of element 'Object Repository/Repo/android.widget.TextView -  Names cannot contain numbers' is: ' Names cannot contain numbers.
'

25-03-2025T06:43:59 - [MESSAGE][WARNING] - Timeout '0' is invalid. Using default page load timeout: '30'

25-03-2025T06:43:59 - [MESSAGE][PASSED] - Text of element 'Object Repository/Repo/android.widget.TextView -  Names cannot contain numbers' is: ' Names cannot contain numbers.
'

25-03-2025T06:43:59 - [TEST_STEP][PASSED] - expectedPartialText = " Names cannot contain numbers.": null

25-03-2025T06:43:59 - [TEST_STEP][PASSED] - assert actualErrorMessage.contains(expectedPartialText): null

25-03-2025T06:43:59 - [TEST_STEP][PASSED] - println("Actual Error Message: " + actualErrorMessage): null

25-03-2025T06:43:59 - [TEST_STEP][PASSED] - println("Expected Partial Text: " + expectedPartialText): null

25-03-2025T06:43:59 - [TEST_STEP][PASSED] - delay(5): Delayed 5 second(s)

25-03-2025T06:44:04 - [MESSAGE][PASSED] - Delayed 5 second(s)

25-03-2025T06:44:04 - [TEST_STEP][PASSED] - closeApplication(): Close app successfully

25-03-2025T06:44:07 - [MESSAGE][PASSED] - Close app successfully]]></system-out>
         <system-err><![CDATA[]]></system-err>
      </testcase>
      <testcase name="Test Cases/Sprint 2/WRMA-257/C683" time="234.808" classname="Test Cases/Sprint 2/WRMA-257/C683" status="PASSED">
         <system-out><![CDATA[25-03-2025T06:44:07 - [TEST_CASE][PASSED] - Test Cases/Sprint 2/WRMA-257/C683: Test Cases/Sprint 2/WRMA-257/C683

25-03-2025T06:44:07 - [TEST_STEP][PASSED] - testData = findTestData("Data Files/C683"): null

25-03-2025T06:44:07 - [TEST_STEP][PASSED] - email = testData.getValue("Email", 1): null

25-03-2025T06:44:07 - [TEST_STEP][PASSED] - username = testData.getValue("Username", 1): null

25-03-2025T06:44:07 - [TEST_STEP][PASSED] - firstName = testData.getValue("FirstName", 1): null

25-03-2025T06:44:07 - [TEST_STEP][PASSED] - lastName = testData.getValue("LastName", 1): null

25-03-2025T06:44:07 - [TEST_STEP][PASSED] - password = testData.getValue("Password", 1): null

25-03-2025T06:44:07 - [TEST_STEP][PASSED] - confirmPassword = testData.getValue("ConfirmPassword", 1): null

25-03-2025T06:44:07 - [TEST_STEP][PASSED] - startApplication("C:\Users\GVVignesh\git\WGR_Android\App Folder\universal.apk", true): Started application: 'C:\Users\GVVignesh\git\WGR_Android\App Folder\universal.apk'

25-03-2025T06:44:07 - [MESSAGE][INFO] - Starting application: 'C:\Users\GVVignesh\git\WGR_Android\App Folder\universal.apk'

25-03-2025T06:44:07 - [MESSAGE][INFO] - User set preference: ['deviceId', '']

25-03-2025T06:44:07 - [MESSAGE][INFO] - Detected NodeJS location: "C:\Program Files\nodejs\node.exe"

25-03-2025T06:44:17 - [MESSAGE][INFO] - PATH: C:\Program Files\nodejs;

25-03-2025T06:44:17 - [MESSAGE][INFO] - APPIUM_HOME: C:\Users\GVVignesh\.appium

25-03-2025T06:44:17 - [MESSAGE][INFO] - appium outlog: C:\Users\GVVignesh\Katalon Studio\WGR-Android-Automation\Reports\20250325_053528\WRMA Sprint1 and Sprint2 Android Report\20250325_053528\appium.log

25-03-2025T06:44:17 - [MESSAGE][INFO] - appium errlog: C:\Users\GVVignesh\Katalon Studio\WGR-Android-Automation\Reports\20250325_053528\WRMA Sprint1 and Sprint2 Android Report\20250325_053528\appium_error.log

25-03-2025T06:44:19 - [MESSAGE][INFO] - Appium server started on port 59,338

25-03-2025T06:45:17 - [MESSAGE][PASSED] - Started application: 'C:\Users\GVVignesh\git\WGR_Android\App Folder\universal.apk'

25-03-2025T06:45:17 - [TEST_STEP][PASSED] - delay(10): Delayed 10 second(s)

25-03-2025T06:45:27 - [MESSAGE][PASSED] - Delayed 10 second(s)

25-03-2025T06:45:27 - [TEST_STEP][PASSED] - tap(findTestObject("Object Repository/Repo/android.widget.Button - Login or Sign Up"), 0): Tapped on element 'Object Repository/Repo/android.widget.Button - Login or Sign Up'

25-03-2025T06:45:27 - [MESSAGE][WARNING] - Timeout '0' is invalid. Using default page load timeout: '30'

25-03-2025T06:45:28 - [MESSAGE][PASSED] - Tapped on element 'Object Repository/Repo/android.widget.Button - Login or Sign Up'

25-03-2025T06:45:28 - [TEST_STEP][PASSED] - delay(10): Delayed 10 second(s)

25-03-2025T06:45:38 - [MESSAGE][PASSED] - Delayed 10 second(s)

25-03-2025T06:45:38 - [TEST_STEP][PASSED] - setText(findTestObject("Object Repository/Repo/android.widget.EditText-LoginorSignUp"), email, 0): Text 'a@dhl.com' has been set to element 'Object Repository/Repo/android.widget.EditText-LoginorSignUp'

25-03-2025T06:45:38 - [MESSAGE][WARNING] - Timeout '0' is invalid. Using default page load timeout: '30'

25-03-2025T06:45:39 - [MESSAGE][PASSED] - Text 'a@dhl.com' has been set to element 'Object Repository/Repo/android.widget.EditText-LoginorSignUp'

25-03-2025T06:45:39 - [TEST_STEP][PASSED] - hideKeyboard(): Keyboard is hidden

25-03-2025T06:45:40 - [MESSAGE][PASSED] - Keyboard is hidden

25-03-2025T06:45:40 - [TEST_STEP][PASSED] - delay(10): Delayed 10 second(s)

25-03-2025T06:45:50 - [MESSAGE][PASSED] - Delayed 10 second(s)

25-03-2025T06:45:50 - [TEST_STEP][PASSED] - tap(findTestObject("Object Repository/Repo/android.widget.Button - Next"), 0): Tapped on element 'Object Repository/Repo/android.widget.Button - Next'

25-03-2025T06:45:50 - [MESSAGE][WARNING] - Timeout '0' is invalid. Using default page load timeout: '30'

25-03-2025T06:45:51 - [MESSAGE][PASSED] - Tapped on element 'Object Repository/Repo/android.widget.Button - Next'

25-03-2025T06:45:51 - [TEST_STEP][PASSED] - delay(10): Delayed 10 second(s)

25-03-2025T06:46:01 - [MESSAGE][PASSED] - Delayed 10 second(s)

25-03-2025T06:46:01 - [TEST_STEP][PASSED] - setText(findTestObject("Object Repository/Repo/android.widget.EditText-confirm email address"), username, 0): Text 'a@dhl.com' has been set to element 'Object Repository/Repo/android.widget.EditText-confirm email address'

25-03-2025T06:46:01 - [MESSAGE][WARNING] - Timeout '0' is invalid. Using default page load timeout: '30'

25-03-2025T06:46:01 - [MESSAGE][PASSED] - Text 'a@dhl.com' has been set to element 'Object Repository/Repo/android.widget.EditText-confirm email address'

25-03-2025T06:46:01 - [TEST_STEP][PASSED] - hideKeyboard(): Keyboard is hidden

25-03-2025T06:46:02 - [MESSAGE][PASSED] - Keyboard is hidden

25-03-2025T06:46:02 - [TEST_STEP][PASSED] - delay(10): Delayed 10 second(s)

25-03-2025T06:46:12 - [MESSAGE][PASSED] - Delayed 10 second(s)

25-03-2025T06:46:12 - [TEST_STEP][PASSED] - tap(findTestObject("Object Repository/Repo/android.widget.Button - Next (1)"), 0): Tapped on element 'Object Repository/Repo/android.widget.Button - Next (1)'

25-03-2025T06:46:12 - [MESSAGE][WARNING] - Timeout '0' is invalid. Using default page load timeout: '30'

25-03-2025T06:46:12 - [MESSAGE][PASSED] - Tapped on element 'Object Repository/Repo/android.widget.Button - Next (1)'

25-03-2025T06:46:12 - [TEST_STEP][PASSED] - delay(10): Delayed 10 second(s)

25-03-2025T06:46:22 - [MESSAGE][PASSED] - Delayed 10 second(s)

25-03-2025T06:46:22 - [TEST_STEP][PASSED] - setText(findTestObject("Object Repository/Repo/android.widget.EditText-FirstName"), firstName, 0): Text 'a' has been set to element 'Object Repository/Repo/android.widget.EditText-FirstName'

25-03-2025T06:46:22 - [MESSAGE][WARNING] - Timeout '0' is invalid. Using default page load timeout: '30'

25-03-2025T06:46:23 - [MESSAGE][PASSED] - Text 'a' has been set to element 'Object Repository/Repo/android.widget.EditText-FirstName'

25-03-2025T06:46:23 - [TEST_STEP][PASSED] - hideKeyboard(): Keyboard is hidden

25-03-2025T06:46:23 - [MESSAGE][PASSED] - Keyboard is hidden

25-03-2025T06:46:23 - [TEST_STEP][PASSED] - delay(10): Delayed 10 second(s)

25-03-2025T06:46:33 - [MESSAGE][PASSED] - Delayed 10 second(s)

25-03-2025T06:46:33 - [TEST_STEP][PASSED] - setText(findTestObject("Object Repository/Repo/android.widget.EditText-LastName"), lastName, 0): Text 'b' has been set to element 'Object Repository/Repo/android.widget.EditText-LastName'

25-03-2025T06:46:33 - [MESSAGE][WARNING] - Timeout '0' is invalid. Using default page load timeout: '30'

25-03-2025T06:46:34 - [MESSAGE][PASSED] - Text 'b' has been set to element 'Object Repository/Repo/android.widget.EditText-LastName'

25-03-2025T06:46:34 - [TEST_STEP][PASSED] - hideKeyboard(): Keyboard is hidden

25-03-2025T06:46:34 - [MESSAGE][PASSED] - Keyboard is hidden

25-03-2025T06:46:34 - [TEST_STEP][PASSED] - delay(10): Delayed 10 second(s)

25-03-2025T06:46:44 - [MESSAGE][PASSED] - Delayed 10 second(s)

25-03-2025T06:46:44 - [TEST_STEP][PASSED] - sendKeys(findTestObject("Object Repository/Repo/android.widget.EditText-Password"), password): Send keys 'A1b2' on test object 'Object Repository/Repo/android.widget.EditText-Password' successfully.

25-03-2025T06:46:45 - [MESSAGE][PASSED] - Send keys 'A1b2' on test object 'Object Repository/Repo/android.widget.EditText-Password' successfully.

25-03-2025T06:46:45 - [TEST_STEP][PASSED] - delay(10): Delayed 10 second(s)

25-03-2025T06:46:55 - [MESSAGE][PASSED] - Delayed 10 second(s)

25-03-2025T06:46:55 - [TEST_STEP][PASSED] - sendKeys(findTestObject("Object Repository/Repo/android.widget.EditText-ConfirmPassword"), confirmPassword): Send keys 'A1b2' on test object 'Object Repository/Repo/android.widget.EditText-ConfirmPassword' successfully.

25-03-2025T06:46:55 - [MESSAGE][PASSED] - Send keys 'A1b2' on test object 'Object Repository/Repo/android.widget.EditText-ConfirmPassword' successfully.

25-03-2025T06:46:55 - [TEST_STEP][PASSED] - delay(10): Delayed 10 second(s)

25-03-2025T06:47:05 - [MESSAGE][PASSED] - Delayed 10 second(s)

25-03-2025T06:47:05 - [TEST_STEP][PASSED] - tap(findTestObject("Object Repository/Repo/android.widget.TextView - New User Registration"), 0): Tapped on element 'Object Repository/Repo/android.widget.TextView - New User Registration'

25-03-2025T06:47:05 - [MESSAGE][WARNING] - Timeout '0' is invalid. Using default page load timeout: '30'

25-03-2025T06:47:05 - [MESSAGE][PASSED] - Tapped on element 'Object Repository/Repo/android.widget.TextView - New User Registration'

25-03-2025T06:47:05 - [TEST_STEP][PASSED] - delay(15): Delayed 15 second(s)

25-03-2025T06:47:20 - [MESSAGE][PASSED] - Delayed 15 second(s)

25-03-2025T06:47:20 - [TEST_STEP][PASSED] - tap(findTestObject("Object Repository/Repo/android.widget.EditText-Password"), 0): Tapped on element 'Object Repository/Repo/android.widget.EditText-Password'

25-03-2025T06:47:20 - [MESSAGE][WARNING] - Timeout '0' is invalid. Using default page load timeout: '30'

25-03-2025T06:47:20 - [MESSAGE][PASSED] - Tapped on element 'Object Repository/Repo/android.widget.EditText-Password'

25-03-2025T06:47:20 - [TEST_STEP][PASSED] - hideKeyboard(): Keyboard is hidden

25-03-2025T06:47:21 - [MESSAGE][PASSED] - Keyboard is hidden

25-03-2025T06:47:21 - [TEST_STEP][PASSED] - sendKeys(findTestObject("Object Repository/Repo/android.widget.EditText-Password"), password): Send keys 'A1b2' on test object 'Object Repository/Repo/android.widget.EditText-Password' successfully.

25-03-2025T06:47:22 - [MESSAGE][PASSED] - Send keys 'A1b2' on test object 'Object Repository/Repo/android.widget.EditText-Password' successfully.

25-03-2025T06:47:22 - [TEST_STEP][PASSED] - delay(15): Delayed 15 second(s)

25-03-2025T06:47:37 - [MESSAGE][PASSED] - Delayed 15 second(s)

25-03-2025T06:47:37 - [TEST_STEP][PASSED] - tap(findTestObject("Object Repository/Repo/android.widget.TextView - Your password must be between 8 and 20 characters and may not contain spaces"), 0): Tapped on element 'Object Repository/Repo/android.widget.TextView - Your password must be between 8 and 20 characters and may not contain spaces'

25-03-2025T06:47:37 - [MESSAGE][WARNING] - Timeout '0' is invalid. Using default page load timeout: '30'

25-03-2025T06:47:37 - [MESSAGE][PASSED] - Tapped on element 'Object Repository/Repo/android.widget.TextView - Your password must be between 8 and 20 characters and may not contain spaces'

25-03-2025T06:47:37 - [TEST_STEP][PASSED] - verifyElementExist(findTestObject("Object Repository/Repo/android.widget.TextView -  Password does not meet security requirements"), 0): Element 'Object Repository/Repo/android.widget.TextView -  Password does not meet security requirements' is exist

25-03-2025T06:47:37 - [MESSAGE][WARNING] - Timeout '0' is invalid. Using default page load timeout: '30'

25-03-2025T06:47:38 - [MESSAGE][PASSED] - Element 'Object Repository/Repo/android.widget.TextView -  Password does not meet security requirements' is exist

25-03-2025T06:47:38 - [TEST_STEP][PASSED] - delay(15): Delayed 15 second(s)

25-03-2025T06:47:53 - [MESSAGE][PASSED] - Delayed 15 second(s)

25-03-2025T06:47:53 - [TEST_STEP][PASSED] - errorMessage = getText(findTestObject("Object Repository/Repo/android.widget.TextView -  Password does not meet security requirements"), 0): Text of element 'Object Repository/Repo/android.widget.TextView -  Password does not meet security requirements' is: ' Password does not meet security requirements.
'

25-03-2025T06:47:53 - [MESSAGE][WARNING] - Timeout '0' is invalid. Using default page load timeout: '30'

25-03-2025T06:47:53 - [MESSAGE][PASSED] - Text of element 'Object Repository/Repo/android.widget.TextView -  Password does not meet security requirements' is: ' Password does not meet security requirements.
'

25-03-2025T06:47:53 - [TEST_STEP][PASSED] - errorMessage = errorMessage.trim(): null

25-03-2025T06:47:53 - [TEST_STEP][PASSED] - expectedPartialText = "Password does not meet security requirements": null

25-03-2025T06:47:53 - [TEST_STEP][PASSED] - assert errorMessage.contains(expectedPartialText): null

25-03-2025T06:47:53 - [TEST_STEP][PASSED] - delay(5): Delayed 5 second(s)

25-03-2025T06:47:58 - [MESSAGE][PASSED] - Delayed 5 second(s)

25-03-2025T06:47:58 - [TEST_STEP][PASSED] - closeApplication(): Close app successfully

25-03-2025T06:48:01 - [MESSAGE][PASSED] - Close app successfully]]></system-out>
         <system-err><![CDATA[]]></system-err>
      </testcase>
      <testcase name="Test Cases/Sprint 2/WRMA-257/C684" time="255.929" classname="Test Cases/Sprint 2/WRMA-257/C684" status="PASSED">
         <system-out><![CDATA[25-03-2025T06:48:01 - [TEST_CASE][PASSED] - Test Cases/Sprint 2/WRMA-257/C684: Test Cases/Sprint 2/WRMA-257/C684

25-03-2025T06:48:02 - [TEST_STEP][PASSED] - testData = findTestData("Data Files/C684 (1)"): null

25-03-2025T06:48:02 - [TEST_STEP][PASSED] - email = testData.getValue("Email", 1): null

25-03-2025T06:48:02 - [TEST_STEP][PASSED] - username = testData.getValue("Username", 1): null

25-03-2025T06:48:02 - [TEST_STEP][PASSED] - password = testData.getValue("Password", 1): null

25-03-2025T06:48:02 - [TEST_STEP][PASSED] - confirmPassword = testData.getValue("ConfirmPassword", 1): null

25-03-2025T06:48:02 - [TEST_STEP][PASSED] - firstName = testData.getValue("FirstName", 1): null

25-03-2025T06:48:02 - [TEST_STEP][PASSED] - lastName = testData.getValue("LastName", 1): null

25-03-2025T06:48:02 - [TEST_STEP][PASSED] - startApplication("C:\Users\GVVignesh\git\WGR_Android\App Folder\universal.apk", true): Started application: 'C:\Users\GVVignesh\git\WGR_Android\App Folder\universal.apk'

25-03-2025T06:48:02 - [MESSAGE][INFO] - Starting application: 'C:\Users\GVVignesh\git\WGR_Android\App Folder\universal.apk'

25-03-2025T06:48:02 - [MESSAGE][INFO] - User set preference: ['deviceId', '']

25-03-2025T06:48:02 - [MESSAGE][INFO] - Detected NodeJS location: "C:\Program Files\nodejs\node.exe"

25-03-2025T06:48:12 - [MESSAGE][INFO] - PATH: C:\Program Files\nodejs;

25-03-2025T06:48:12 - [MESSAGE][INFO] - APPIUM_HOME: C:\Users\GVVignesh\.appium

25-03-2025T06:48:12 - [MESSAGE][INFO] - appium outlog: C:\Users\GVVignesh\Katalon Studio\WGR-Android-Automation\Reports\20250325_053528\WRMA Sprint1 and Sprint2 Android Report\20250325_053528\appium.log

25-03-2025T06:48:12 - [MESSAGE][INFO] - appium errlog: C:\Users\GVVignesh\Katalon Studio\WGR-Android-Automation\Reports\20250325_053528\WRMA Sprint1 and Sprint2 Android Report\20250325_053528\appium_error.log

25-03-2025T06:48:14 - [MESSAGE][INFO] - Appium server started on port 59,770

25-03-2025T06:49:19 - [MESSAGE][PASSED] - Started application: 'C:\Users\GVVignesh\git\WGR_Android\App Folder\universal.apk'

25-03-2025T06:49:19 - [TEST_STEP][PASSED] - delay(10): Delayed 10 second(s)

25-03-2025T06:49:29 - [MESSAGE][PASSED] - Delayed 10 second(s)

25-03-2025T06:49:29 - [TEST_STEP][PASSED] - tap(findTestObject("Object Repository/Repo/android.widget.Button - Login or Sign Up"), 0): Tapped on element 'Object Repository/Repo/android.widget.Button - Login or Sign Up'

25-03-2025T06:49:29 - [MESSAGE][WARNING] - Timeout '0' is invalid. Using default page load timeout: '30'

25-03-2025T06:49:30 - [MESSAGE][PASSED] - Tapped on element 'Object Repository/Repo/android.widget.Button - Login or Sign Up'

25-03-2025T06:49:30 - [TEST_STEP][PASSED] - delay(10): Delayed 10 second(s)

25-03-2025T06:49:40 - [MESSAGE][PASSED] - Delayed 10 second(s)

25-03-2025T06:49:40 - [TEST_STEP][PASSED] - setText(findTestObject("Object Repository/Repo/android.widget.EditText-LoginorSignUp"), email, 0): Text 'a@dhl.com' has been set to element 'Object Repository/Repo/android.widget.EditText-LoginorSignUp'

25-03-2025T06:49:40 - [MESSAGE][WARNING] - Timeout '0' is invalid. Using default page load timeout: '30'

25-03-2025T06:49:40 - [MESSAGE][PASSED] - Text 'a@dhl.com' has been set to element 'Object Repository/Repo/android.widget.EditText-LoginorSignUp'

25-03-2025T06:49:40 - [TEST_STEP][PASSED] - hideKeyboard(): Keyboard is hidden

25-03-2025T06:49:41 - [MESSAGE][PASSED] - Keyboard is hidden

25-03-2025T06:49:41 - [TEST_STEP][PASSED] - delay(10): Delayed 10 second(s)

25-03-2025T06:49:51 - [MESSAGE][PASSED] - Delayed 10 second(s)

25-03-2025T06:49:51 - [TEST_STEP][PASSED] - tap(findTestObject("Object Repository/Repo/android.widget.Button - Next"), 0): Tapped on element 'Object Repository/Repo/android.widget.Button - Next'

25-03-2025T06:49:51 - [MESSAGE][WARNING] - Timeout '0' is invalid. Using default page load timeout: '30'

25-03-2025T06:49:52 - [MESSAGE][PASSED] - Tapped on element 'Object Repository/Repo/android.widget.Button - Next'

25-03-2025T06:49:52 - [TEST_STEP][PASSED] - delay(10): Delayed 10 second(s)

25-03-2025T06:50:02 - [MESSAGE][PASSED] - Delayed 10 second(s)

25-03-2025T06:50:02 - [TEST_STEP][PASSED] - setText(findTestObject("Object Repository/Repo/android.widget.EditText-confirm email address"), username, 0): Text 'a@dhl.com' has been set to element 'Object Repository/Repo/android.widget.EditText-confirm email address'

25-03-2025T06:50:02 - [MESSAGE][WARNING] - Timeout '0' is invalid. Using default page load timeout: '30'

25-03-2025T06:50:02 - [MESSAGE][PASSED] - Text 'a@dhl.com' has been set to element 'Object Repository/Repo/android.widget.EditText-confirm email address'

25-03-2025T06:50:02 - [TEST_STEP][PASSED] - hideKeyboard(): Keyboard is hidden

25-03-2025T06:50:03 - [MESSAGE][PASSED] - Keyboard is hidden

25-03-2025T06:50:03 - [TEST_STEP][PASSED] - delay(10): Delayed 10 second(s)

25-03-2025T06:50:13 - [MESSAGE][PASSED] - Delayed 10 second(s)

25-03-2025T06:50:13 - [TEST_STEP][PASSED] - tap(findTestObject("Object Repository/Repo/android.widget.Button - Next (1)"), 0): Tapped on element 'Object Repository/Repo/android.widget.Button - Next (1)'

25-03-2025T06:50:13 - [MESSAGE][WARNING] - Timeout '0' is invalid. Using default page load timeout: '30'

25-03-2025T06:50:13 - [MESSAGE][PASSED] - Tapped on element 'Object Repository/Repo/android.widget.Button - Next (1)'

25-03-2025T06:50:13 - [TEST_STEP][PASSED] - delay(10): Delayed 10 second(s)

25-03-2025T06:50:23 - [MESSAGE][PASSED] - Delayed 10 second(s)

25-03-2025T06:50:23 - [TEST_STEP][PASSED] - setText(findTestObject("Object Repository/Repo/android.widget.EditText-FirstName"), firstName, 0): Text 'a' has been set to element 'Object Repository/Repo/android.widget.EditText-FirstName'

25-03-2025T06:50:23 - [MESSAGE][WARNING] - Timeout '0' is invalid. Using default page load timeout: '30'

25-03-2025T06:50:24 - [MESSAGE][PASSED] - Text 'a' has been set to element 'Object Repository/Repo/android.widget.EditText-FirstName'

25-03-2025T06:50:24 - [TEST_STEP][PASSED] - hideKeyboard(): Keyboard is hidden

25-03-2025T06:50:24 - [MESSAGE][PASSED] - Keyboard is hidden

25-03-2025T06:50:24 - [TEST_STEP][PASSED] - delay(10): Delayed 10 second(s)

25-03-2025T06:50:34 - [MESSAGE][PASSED] - Delayed 10 second(s)

25-03-2025T06:50:34 - [TEST_STEP][PASSED] - setText(findTestObject("Object Repository/Repo/android.widget.EditText-LastName"), lastName, 0): Text 'b' has been set to element 'Object Repository/Repo/android.widget.EditText-LastName'

25-03-2025T06:50:34 - [MESSAGE][WARNING] - Timeout '0' is invalid. Using default page load timeout: '30'

25-03-2025T06:50:35 - [MESSAGE][PASSED] - Text 'b' has been set to element 'Object Repository/Repo/android.widget.EditText-LastName'

25-03-2025T06:50:35 - [TEST_STEP][PASSED] - hideKeyboard(): Keyboard is hidden

25-03-2025T06:50:35 - [MESSAGE][PASSED] - Keyboard is hidden

25-03-2025T06:50:35 - [TEST_STEP][PASSED] - delay(10): Delayed 10 second(s)

25-03-2025T06:50:45 - [MESSAGE][PASSED] - Delayed 10 second(s)

25-03-2025T06:50:45 - [TEST_STEP][PASSED] - sendKeys(findTestObject("Object Repository/Repo/android.widget.EditText-Password"), password): Send keys 'A1b2c3d4e5f6g7h8i9j0kq' on test object 'Object Repository/Repo/android.widget.EditText-Password' successfully.

25-03-2025T06:50:45 - [MESSAGE][PASSED] - Send keys 'A1b2c3d4e5f6g7h8i9j0kq' on test object 'Object Repository/Repo/android.widget.EditText-Password' successfully.

25-03-2025T06:50:45 - [TEST_STEP][PASSED] - delay(10): Delayed 10 second(s)

25-03-2025T06:50:55 - [MESSAGE][PASSED] - Delayed 10 second(s)

25-03-2025T06:50:56 - [TEST_STEP][PASSED] - sendKeys(findTestObject("Object Repository/Repo/android.widget.EditText-ConfirmPassword"), confirmPassword): Send keys 'A1b2c3d4e5f6g7h8i9j0kq' on test object 'Object Repository/Repo/android.widget.EditText-ConfirmPassword' successfully.

25-03-2025T06:50:56 - [MESSAGE][PASSED] - Send keys 'A1b2c3d4e5f6g7h8i9j0kq' on test object 'Object Repository/Repo/android.widget.EditText-ConfirmPassword' successfully.

25-03-2025T06:50:56 - [TEST_STEP][PASSED] - delay(10): Delayed 10 second(s)

25-03-2025T06:51:06 - [MESSAGE][PASSED] - Delayed 10 second(s)

25-03-2025T06:51:06 - [TEST_STEP][PASSED] - tap(findTestObject("Object Repository/Repo/android.widget.TextView - New User Registration"), 0): Tapped on element 'Object Repository/Repo/android.widget.TextView - New User Registration'

25-03-2025T06:51:06 - [MESSAGE][WARNING] - Timeout '0' is invalid. Using default page load timeout: '30'

25-03-2025T06:51:06 - [MESSAGE][PASSED] - Tapped on element 'Object Repository/Repo/android.widget.TextView - New User Registration'

25-03-2025T06:51:06 - [TEST_STEP][PASSED] - delay(15): Delayed 15 second(s)

25-03-2025T06:51:22 - [MESSAGE][PASSED] - Delayed 15 second(s)

25-03-2025T06:51:22 - [TEST_STEP][PASSED] - tap(findTestObject("Object Repository/Repo/android.widget.EditText-Password"), 0): Tapped on element 'Object Repository/Repo/android.widget.EditText-Password'

25-03-2025T06:51:22 - [MESSAGE][WARNING] - Timeout '0' is invalid. Using default page load timeout: '30'

25-03-2025T06:51:22 - [MESSAGE][PASSED] - Tapped on element 'Object Repository/Repo/android.widget.EditText-Password'

25-03-2025T06:51:22 - [TEST_STEP][PASSED] - hideKeyboard(): Keyboard is hidden

25-03-2025T06:51:23 - [MESSAGE][PASSED] - Keyboard is hidden

25-03-2025T06:51:23 - [TEST_STEP][PASSED] - sendKeys(findTestObject("Object Repository/Repo/android.widget.EditText-Password"), password): Send keys 'A1b2c3d4e5f6g7h8i9j0kq' on test object 'Object Repository/Repo/android.widget.EditText-Password' successfully.

25-03-2025T06:51:24 - [MESSAGE][PASSED] - Send keys 'A1b2c3d4e5f6g7h8i9j0kq' on test object 'Object Repository/Repo/android.widget.EditText-Password' successfully.

25-03-2025T06:51:24 - [TEST_STEP][PASSED] - delay(15): Delayed 15 second(s)

25-03-2025T06:51:39 - [MESSAGE][PASSED] - Delayed 15 second(s)

25-03-2025T06:51:39 - [TEST_STEP][PASSED] - tap(findTestObject("Object Repository/Repo/android.widget.TextView - Your password must be between 8 and 20 characters and may not contain spaces"), 0): Tapped on element 'Object Repository/Repo/android.widget.TextView - Your password must be between 8 and 20 characters and may not contain spaces'

25-03-2025T06:51:39 - [MESSAGE][WARNING] - Timeout '0' is invalid. Using default page load timeout: '30'

25-03-2025T06:51:39 - [MESSAGE][PASSED] - Tapped on element 'Object Repository/Repo/android.widget.TextView - Your password must be between 8 and 20 characters and may not contain spaces'

25-03-2025T06:51:39 - [TEST_STEP][PASSED] - hideKeyboard(): Keyboard is hidden

25-03-2025T06:51:39 - [MESSAGE][PASSED] - Keyboard is hidden

25-03-2025T06:51:39 - [TEST_STEP][PASSED] - delay(15): Delayed 15 second(s)

25-03-2025T06:51:54 - [MESSAGE][PASSED] - Delayed 15 second(s)

25-03-2025T06:51:54 - [TEST_STEP][PASSED] - verifyElementExist(findTestObject("Object Repository/Repo/android.widget.TextView -  Password does not meet security requirements"), 0): Element 'Object Repository/Repo/android.widget.TextView -  Password does not meet security requirements' is exist

25-03-2025T06:51:54 - [MESSAGE][WARNING] - Timeout '0' is invalid. Using default page load timeout: '30'

25-03-2025T06:51:54 - [MESSAGE][PASSED] - Element 'Object Repository/Repo/android.widget.TextView -  Password does not meet security requirements' is exist

25-03-2025T06:51:54 - [TEST_STEP][PASSED] - delay(15): Delayed 15 second(s)

25-03-2025T06:52:09 - [MESSAGE][PASSED] - Delayed 15 second(s)

25-03-2025T06:52:09 - [TEST_STEP][PASSED] - errorMessage = getText(findTestObject("Object Repository/Repo/android.widget.TextView -  Password does not meet security requirements"), 0): Text of element 'Object Repository/Repo/android.widget.TextView -  Password does not meet security requirements' is: ' Password does not meet security requirements.
'

25-03-2025T06:52:09 - [MESSAGE][WARNING] - Timeout '0' is invalid. Using default page load timeout: '30'

25-03-2025T06:52:10 - [MESSAGE][PASSED] - Text of element 'Object Repository/Repo/android.widget.TextView -  Password does not meet security requirements' is: ' Password does not meet security requirements.
'

25-03-2025T06:52:10 - [TEST_STEP][PASSED] - errorMessage = errorMessage.trim(): null

25-03-2025T06:52:10 - [TEST_STEP][PASSED] - expectedPartialText = "Password does not meet security requirements": null

25-03-2025T06:52:10 - [TEST_STEP][PASSED] - assert errorMessage.contains(expectedPartialText): null

25-03-2025T06:52:10 - [TEST_STEP][PASSED] - delay(5): Delayed 5 second(s)

25-03-2025T06:52:15 - [MESSAGE][PASSED] - Delayed 5 second(s)

25-03-2025T06:52:15 - [TEST_STEP][PASSED] - closeApplication(): Close app successfully

25-03-2025T06:52:17 - [MESSAGE][PASSED] - Close app successfully]]></system-out>
         <system-err><![CDATA[]]></system-err>
      </testcase>
      <testcase name="Test Cases/Sprint 2/WRMA-257/C685" time="206.185" classname="Test Cases/Sprint 2/WRMA-257/C685" status="PASSED">
         <system-out><![CDATA[25-03-2025T06:52:17 - [TEST_CASE][PASSED] - Test Cases/Sprint 2/WRMA-257/C685: Test Cases/Sprint 2/WRMA-257/C685

25-03-2025T06:52:17 - [TEST_STEP][PASSED] - testData = findTestData("Data Files/C685 (1)"): null

25-03-2025T06:52:18 - [TEST_STEP][PASSED] - email = testData.getValue("Email", 1): null

25-03-2025T06:52:18 - [TEST_STEP][PASSED] - username = testData.getValue("Username", 1): null

25-03-2025T06:52:18 - [TEST_STEP][PASSED] - firstName = testData.getValue("FirstName", 1): null

25-03-2025T06:52:18 - [TEST_STEP][PASSED] - lastName = testData.getValue("LastName", 1): null

25-03-2025T06:52:18 - [TEST_STEP][PASSED] - password = testData.getValue("Password", 1): null

25-03-2025T06:52:18 - [TEST_STEP][PASSED] - confirmPassword = testData.getValue("ConfirmPassword", 1): null

25-03-2025T06:52:18 - [TEST_STEP][PASSED] - startApplication("C:\Users\GVVignesh\git\WGR_Android\App Folder\universal.apk", true): Started application: 'C:\Users\GVVignesh\git\WGR_Android\App Folder\universal.apk'

25-03-2025T06:52:18 - [MESSAGE][INFO] - Starting application: 'C:\Users\GVVignesh\git\WGR_Android\App Folder\universal.apk'

25-03-2025T06:52:18 - [MESSAGE][INFO] - User set preference: ['deviceId', '']

25-03-2025T06:52:18 - [MESSAGE][INFO] - Detected NodeJS location: "C:\Program Files\nodejs\node.exe"

25-03-2025T06:52:28 - [MESSAGE][INFO] - PATH: C:\Program Files\nodejs;

25-03-2025T06:52:28 - [MESSAGE][INFO] - APPIUM_HOME: C:\Users\GVVignesh\.appium

25-03-2025T06:52:28 - [MESSAGE][INFO] - appium outlog: C:\Users\GVVignesh\Katalon Studio\WGR-Android-Automation\Reports\20250325_053528\WRMA Sprint1 and Sprint2 Android Report\20250325_053528\appium.log

25-03-2025T06:52:28 - [MESSAGE][INFO] - appium errlog: C:\Users\GVVignesh\Katalon Studio\WGR-Android-Automation\Reports\20250325_053528\WRMA Sprint1 and Sprint2 Android Report\20250325_053528\appium_error.log

25-03-2025T06:52:30 - [MESSAGE][INFO] - Appium server started on port 60,284

25-03-2025T06:53:44 - [MESSAGE][PASSED] - Started application: 'C:\Users\GVVignesh\git\WGR_Android\App Folder\universal.apk'

25-03-2025T06:53:44 - [TEST_STEP][PASSED] - delay(10): Delayed 10 second(s)

25-03-2025T06:53:54 - [MESSAGE][PASSED] - Delayed 10 second(s)

25-03-2025T06:53:54 - [TEST_STEP][PASSED] - tap(findTestObject("Object Repository/Repo/android.widget.Button - Login or Sign Up"), 0): Tapped on element 'Object Repository/Repo/android.widget.Button - Login or Sign Up'

25-03-2025T06:53:54 - [MESSAGE][WARNING] - Timeout '0' is invalid. Using default page load timeout: '30'

25-03-2025T06:53:54 - [MESSAGE][PASSED] - Tapped on element 'Object Repository/Repo/android.widget.Button - Login or Sign Up'

25-03-2025T06:53:54 - [TEST_STEP][PASSED] - delay(10): Delayed 10 second(s)

25-03-2025T06:54:04 - [MESSAGE][PASSED] - Delayed 10 second(s)

25-03-2025T06:54:04 - [TEST_STEP][PASSED] - setText(findTestObject("Object Repository/Repo/android.widget.EditText-LoginorSignUp"), email, 0): Text 'gv@sh.com' has been set to element 'Object Repository/Repo/android.widget.EditText-LoginorSignUp'

25-03-2025T06:54:04 - [MESSAGE][WARNING] - Timeout '0' is invalid. Using default page load timeout: '30'

25-03-2025T06:54:05 - [MESSAGE][PASSED] - Text 'gv@sh.com' has been set to element 'Object Repository/Repo/android.widget.EditText-LoginorSignUp'

25-03-2025T06:54:05 - [TEST_STEP][PASSED] - hideKeyboard(): Keyboard is hidden

25-03-2025T06:54:06 - [MESSAGE][PASSED] - Keyboard is hidden

25-03-2025T06:54:06 - [TEST_STEP][PASSED] - delay(10): Delayed 10 second(s)

25-03-2025T06:54:16 - [MESSAGE][PASSED] - Delayed 10 second(s)

25-03-2025T06:54:16 - [TEST_STEP][PASSED] - tap(findTestObject("Object Repository/Repo/android.widget.Button - Next"), 0): Tapped on element 'Object Repository/Repo/android.widget.Button - Next'

25-03-2025T06:54:16 - [MESSAGE][WARNING] - Timeout '0' is invalid. Using default page load timeout: '30'

25-03-2025T06:54:16 - [MESSAGE][PASSED] - Tapped on element 'Object Repository/Repo/android.widget.Button - Next'

25-03-2025T06:54:16 - [TEST_STEP][PASSED] - delay(10): Delayed 10 second(s)

25-03-2025T06:54:26 - [MESSAGE][PASSED] - Delayed 10 second(s)

25-03-2025T06:54:26 - [TEST_STEP][PASSED] - setText(findTestObject("Object Repository/Repo/android.widget.EditText-confirm email address"), username, 0): Text 'gv@sh.com' has been set to element 'Object Repository/Repo/android.widget.EditText-confirm email address'

25-03-2025T06:54:26 - [MESSAGE][WARNING] - Timeout '0' is invalid. Using default page load timeout: '30'

25-03-2025T06:54:27 - [MESSAGE][PASSED] - Text 'gv@sh.com' has been set to element 'Object Repository/Repo/android.widget.EditText-confirm email address'

25-03-2025T06:54:27 - [TEST_STEP][PASSED] - hideKeyboard(): Keyboard is hidden

25-03-2025T06:54:27 - [MESSAGE][PASSED] - Keyboard is hidden

25-03-2025T06:54:27 - [TEST_STEP][PASSED] - delay(10): Delayed 10 second(s)

25-03-2025T06:54:37 - [MESSAGE][PASSED] - Delayed 10 second(s)

25-03-2025T06:54:37 - [TEST_STEP][PASSED] - tap(findTestObject("Object Repository/Repo/android.widget.Button - Next (1)"), 0): Tapped on element 'Object Repository/Repo/android.widget.Button - Next (1)'

25-03-2025T06:54:37 - [MESSAGE][WARNING] - Timeout '0' is invalid. Using default page load timeout: '30'

25-03-2025T06:54:38 - [MESSAGE][PASSED] - Tapped on element 'Object Repository/Repo/android.widget.Button - Next (1)'

25-03-2025T06:54:38 - [TEST_STEP][PASSED] - delay(10): Delayed 10 second(s)

25-03-2025T06:54:48 - [MESSAGE][PASSED] - Delayed 10 second(s)

25-03-2025T06:54:48 - [TEST_STEP][PASSED] - setText(findTestObject("Object Repository/Repo/android.widget.EditText-FirstName"), firstName, 0): Text 'g' has been set to element 'Object Repository/Repo/android.widget.EditText-FirstName'

25-03-2025T06:54:48 - [MESSAGE][WARNING] - Timeout '0' is invalid. Using default page load timeout: '30'

25-03-2025T06:54:48 - [MESSAGE][PASSED] - Text 'g' has been set to element 'Object Repository/Repo/android.widget.EditText-FirstName'

25-03-2025T06:54:48 - [TEST_STEP][PASSED] - hideKeyboard(): Keyboard is hidden

25-03-2025T06:54:49 - [MESSAGE][PASSED] - Keyboard is hidden

25-03-2025T06:54:49 - [TEST_STEP][PASSED] - delay(10): Delayed 10 second(s)

25-03-2025T06:54:59 - [MESSAGE][PASSED] - Delayed 10 second(s)

25-03-2025T06:54:59 - [TEST_STEP][PASSED] - setText(findTestObject("Object Repository/Repo/android.widget.EditText-LastName"), lastName, 0): Text 'v' has been set to element 'Object Repository/Repo/android.widget.EditText-LastName'

25-03-2025T06:54:59 - [MESSAGE][WARNING] - Timeout '0' is invalid. Using default page load timeout: '30'

25-03-2025T06:54:59 - [MESSAGE][PASSED] - Text 'v' has been set to element 'Object Repository/Repo/android.widget.EditText-LastName'

25-03-2025T06:54:59 - [TEST_STEP][PASSED] - hideKeyboard(): Keyboard is hidden

25-03-2025T06:55:00 - [MESSAGE][PASSED] - Keyboard is hidden

25-03-2025T06:55:00 - [TEST_STEP][PASSED] - delay(10): Delayed 10 second(s)

25-03-2025T06:55:10 - [MESSAGE][PASSED] - Delayed 10 second(s)

25-03-2025T06:55:10 - [TEST_STEP][PASSED] - sendKeys(findTestObject("Object Repository/Repo/android.widget.EditText-Password"), password): Send keys 'abcd1234' on test object 'Object Repository/Repo/android.widget.EditText-Password' successfully.

25-03-2025T06:55:10 - [MESSAGE][PASSED] - Send keys 'abcd1234' on test object 'Object Repository/Repo/android.widget.EditText-Password' successfully.

25-03-2025T06:55:10 - [TEST_STEP][PASSED] - delay(10): Delayed 10 second(s)

25-03-2025T06:55:20 - [MESSAGE][PASSED] - Delayed 10 second(s)

25-03-2025T06:55:20 - [TEST_STEP][PASSED] - sendKeys(findTestObject("Object Repository/Repo/android.widget.EditText-ConfirmPassword"), confirmPassword): Send keys 'abcd12345' on test object 'Object Repository/Repo/android.widget.EditText-ConfirmPassword' successfully.

25-03-2025T06:55:20 - [MESSAGE][PASSED] - Send keys 'abcd12345' on test object 'Object Repository/Repo/android.widget.EditText-ConfirmPassword' successfully.

25-03-2025T06:55:20 - [TEST_STEP][PASSED] - delay(10): Delayed 10 second(s)

25-03-2025T06:55:30 - [MESSAGE][PASSED] - Delayed 10 second(s)

25-03-2025T06:55:30 - [TEST_STEP][PASSED] - actualErrorMessage = TextView -  Passwords must match"), 0).trim(): Text of element 'Object Repository/Repo/android.widget.TextView -  Passwords must match' is: ' Passwords must match.
'

25-03-2025T06:55:30 - [MESSAGE][WARNING] - Timeout '0' is invalid. Using default page load timeout: '30'

25-03-2025T06:55:31 - [MESSAGE][PASSED] - Text of element 'Object Repository/Repo/android.widget.TextView -  Passwords must match' is: ' Passwords must match.
'

25-03-2025T06:55:31 - [TEST_STEP][PASSED] - expectedPartialMessage = "Passwords must match": null

25-03-2025T06:55:31 - [TEST_STEP][PASSED] - assert actualErrorMessage.contains(expectedPartialMessage): null

25-03-2025T06:55:31 - [TEST_STEP][PASSED] - println(Actual Error Message: '$actualErrorMessage'): null

25-03-2025T06:55:31 - [TEST_STEP][PASSED] - verifyElementExist(findTestObject("Object Repository/Repo/android.widget.TextView -  Passwords must match"), 0): Element 'Object Repository/Repo/android.widget.TextView -  Passwords must match' is exist

25-03-2025T06:55:31 - [MESSAGE][WARNING] - Timeout '0' is invalid. Using default page load timeout: '30'

25-03-2025T06:55:31 - [MESSAGE][PASSED] - Element 'Object Repository/Repo/android.widget.TextView -  Passwords must match' is exist

25-03-2025T06:55:31 - [TEST_STEP][PASSED] - delay(10): Delayed 10 second(s)

25-03-2025T06:55:41 - [MESSAGE][PASSED] - Delayed 10 second(s)

25-03-2025T06:55:41 - [TEST_STEP][PASSED] - closeApplication(): Close app successfully

25-03-2025T06:55:44 - [MESSAGE][PASSED] - Close app successfully]]></system-out>
         <system-err><![CDATA[]]></system-err>
      </testcase>
      <testcase name="Test Cases/Sprint 2/WRMA-257/C686" time="203.908" classname="Test Cases/Sprint 2/WRMA-257/C686" status="PASSED">
         <system-out><![CDATA[25-03-2025T06:55:44 - [TEST_CASE][PASSED] - Test Cases/Sprint 2/WRMA-257/C686: Test Cases/Sprint 2/WRMA-257/C686

25-03-2025T06:55:44 - [TEST_STEP][PASSED] - testData = findTestData("Data Files/C686"): null

25-03-2025T06:55:44 - [TEST_STEP][PASSED] - email = testData.getValue("email", 1): null

25-03-2025T06:55:44 - [TEST_STEP][PASSED] - firstName = testData.getValue("firstName", 1): null

25-03-2025T06:55:44 - [TEST_STEP][PASSED] - resetFirstName = testData.getValue("resetFirstName", 1): null

25-03-2025T06:55:44 - [TEST_STEP][PASSED] - startApplication("C:\Users\GVVignesh\git\WGR_Android\App Folder\universal.apk", true): Started application: 'C:\Users\GVVignesh\git\WGR_Android\App Folder\universal.apk'

25-03-2025T06:55:44 - [MESSAGE][INFO] - Starting application: 'C:\Users\GVVignesh\git\WGR_Android\App Folder\universal.apk'

25-03-2025T06:55:44 - [MESSAGE][INFO] - User set preference: ['deviceId', '']

25-03-2025T06:55:44 - [MESSAGE][INFO] - Detected NodeJS location: "C:\Program Files\nodejs\node.exe"

25-03-2025T06:55:54 - [MESSAGE][INFO] - PATH: C:\Program Files\nodejs;

25-03-2025T06:55:54 - [MESSAGE][INFO] - APPIUM_HOME: C:\Users\GVVignesh\.appium

25-03-2025T06:55:54 - [MESSAGE][INFO] - appium outlog: C:\Users\GVVignesh\Katalon Studio\WGR-Android-Automation\Reports\20250325_053528\WRMA Sprint1 and Sprint2 Android Report\20250325_053528\appium.log

25-03-2025T06:55:54 - [MESSAGE][INFO] - appium errlog: C:\Users\GVVignesh\Katalon Studio\WGR-Android-Automation\Reports\20250325_053528\WRMA Sprint1 and Sprint2 Android Report\20250325_053528\appium_error.log

25-03-2025T06:55:56 - [MESSAGE][INFO] - Appium server started on port 60,709

25-03-2025T06:56:58 - [MESSAGE][PASSED] - Started application: 'C:\Users\GVVignesh\git\WGR_Android\App Folder\universal.apk'

25-03-2025T06:56:58 - [TEST_STEP][PASSED] - delay(10): Delayed 10 second(s)

25-03-2025T06:57:08 - [MESSAGE][PASSED] - Delayed 10 second(s)

25-03-2025T06:57:08 - [TEST_STEP][PASSED] - tap(findTestObject("Object Repository/Repo/android.widget.Button - Login or Sign Up"), 0): Tapped on element 'Object Repository/Repo/android.widget.Button - Login or Sign Up'

25-03-2025T06:57:08 - [MESSAGE][WARNING] - Timeout '0' is invalid. Using default page load timeout: '30'

25-03-2025T06:57:09 - [MESSAGE][PASSED] - Tapped on element 'Object Repository/Repo/android.widget.Button - Login or Sign Up'

25-03-2025T06:57:09 - [TEST_STEP][PASSED] - delay(10): Delayed 10 second(s)

25-03-2025T06:57:19 - [MESSAGE][PASSED] - Delayed 10 second(s)

25-03-2025T06:57:19 - [TEST_STEP][PASSED] - setText(findTestObject("Object Repository/Repo/android.widget.EditText-LoginorSignUp"), email, 0): Text 'a@jkl.com' has been set to element 'Object Repository/Repo/android.widget.EditText-LoginorSignUp'

25-03-2025T06:57:19 - [MESSAGE][WARNING] - Timeout '0' is invalid. Using default page load timeout: '30'

25-03-2025T06:57:20 - [MESSAGE][PASSED] - Text 'a@jkl.com' has been set to element 'Object Repository/Repo/android.widget.EditText-LoginorSignUp'

25-03-2025T06:57:20 - [TEST_STEP][PASSED] - hideKeyboard(): Keyboard is hidden

25-03-2025T06:57:21 - [MESSAGE][PASSED] - Keyboard is hidden

25-03-2025T06:57:21 - [TEST_STEP][PASSED] - delay(5): Delayed 5 second(s)

25-03-2025T06:57:26 - [MESSAGE][PASSED] - Delayed 5 second(s)

25-03-2025T06:57:26 - [TEST_STEP][PASSED] - tap(findTestObject("Object Repository/Repo/android.widget.Button - Next"), 0): Tapped on element 'Object Repository/Repo/android.widget.Button - Next'

25-03-2025T06:57:26 - [MESSAGE][WARNING] - Timeout '0' is invalid. Using default page load timeout: '30'

25-03-2025T06:57:26 - [MESSAGE][PASSED] - Tapped on element 'Object Repository/Repo/android.widget.Button - Next'

25-03-2025T06:57:26 - [TEST_STEP][PASSED] - delay(10): Delayed 10 second(s)

25-03-2025T06:57:36 - [MESSAGE][PASSED] - Delayed 10 second(s)

25-03-2025T06:57:36 - [TEST_STEP][PASSED] - setText(findTestObject("Object Repository/Repo/android.widget.EditText-confirm email address"), email, 0): Text 'a@jkl.com' has been set to element 'Object Repository/Repo/android.widget.EditText-confirm email address'

25-03-2025T06:57:36 - [MESSAGE][WARNING] - Timeout '0' is invalid. Using default page load timeout: '30'

25-03-2025T06:57:38 - [MESSAGE][PASSED] - Text 'a@jkl.com' has been set to element 'Object Repository/Repo/android.widget.EditText-confirm email address'

25-03-2025T06:57:38 - [TEST_STEP][PASSED] - hideKeyboard(): Keyboard is hidden

25-03-2025T06:57:38 - [MESSAGE][PASSED] - Keyboard is hidden

25-03-2025T06:57:38 - [TEST_STEP][PASSED] - delay(5): Delayed 5 second(s)

25-03-2025T06:57:43 - [MESSAGE][PASSED] - Delayed 5 second(s)

25-03-2025T06:57:43 - [TEST_STEP][PASSED] - tap(findTestObject("Object Repository/Repo/android.widget.Button - Next (1)"), 0): Tapped on element 'Object Repository/Repo/android.widget.Button - Next (1)'

25-03-2025T06:57:43 - [MESSAGE][WARNING] - Timeout '0' is invalid. Using default page load timeout: '30'

25-03-2025T06:57:44 - [MESSAGE][PASSED] - Tapped on element 'Object Repository/Repo/android.widget.Button - Next (1)'

25-03-2025T06:57:44 - [TEST_STEP][PASSED] - delay(10): Delayed 10 second(s)

25-03-2025T06:57:54 - [MESSAGE][PASSED] - Delayed 10 second(s)

25-03-2025T06:57:54 - [TEST_STEP][PASSED] - setText(findTestObject("Object Repository/Repo/android.widget.EditText-FirstName"), firstName, 0): Text 'JonathanChristopherMaximilianAlexanderMontgomeryWilliams' has been set to element 'Object Repository/Repo/android.widget.EditText-FirstName'

25-03-2025T06:57:54 - [MESSAGE][WARNING] - Timeout '0' is invalid. Using default page load timeout: '30'

25-03-2025T06:57:54 - [MESSAGE][PASSED] - Text 'JonathanChristopherMaximilianAlexanderMontgomeryWilliams' has been set to element 'Object Repository/Repo/android.widget.EditText-FirstName'

25-03-2025T06:57:54 - [TEST_STEP][PASSED] - hideKeyboard(): Keyboard is hidden

25-03-2025T06:57:55 - [MESSAGE][PASSED] - Keyboard is hidden

25-03-2025T06:57:55 - [TEST_STEP][PASSED] - delay(10): Delayed 10 second(s)

25-03-2025T06:58:05 - [MESSAGE][PASSED] - Delayed 10 second(s)

25-03-2025T06:58:05 - [TEST_STEP][PASSED] - enteredFirstName = getText(findTestObject("Object Repository/Repo/android.widget.EditText - JonathanChristopherMaximilianAlexanderMontgomeryWilliams"), 0): Text of element 'Object Repository/Repo/android.widget.EditText - JonathanChristopherMaximilianAlexanderMontgomeryWilliams' is: 'JonathanChristopherMaximilianAlexanderMontgomeryWilliams'

25-03-2025T06:58:05 - [MESSAGE][WARNING] - Timeout '0' is invalid. Using default page load timeout: '30'

25-03-2025T06:58:05 - [MESSAGE][PASSED] - Text of element 'Object Repository/Repo/android.widget.EditText - JonathanChristopherMaximilianAlexanderMontgomeryWilliams' is: 'JonathanChristopherMaximilianAlexanderMontgomeryWilliams'

25-03-2025T06:58:05 - [TEST_STEP][PASSED] - delay(10): Delayed 10 second(s)

25-03-2025T06:58:15 - [MESSAGE][PASSED] - Delayed 10 second(s)

25-03-2025T06:58:15 - [TEST_STEP][PASSED] - tap(findTestObject("Object Repository/Repo/android.widget.Button - reset"), 0): Tapped on element 'Object Repository/Repo/android.widget.Button - reset'

25-03-2025T06:58:15 - [MESSAGE][WARNING] - Timeout '0' is invalid. Using default page load timeout: '30'

25-03-2025T06:58:15 - [MESSAGE][PASSED] - Tapped on element 'Object Repository/Repo/android.widget.Button - reset'

25-03-2025T06:58:15 - [TEST_STEP][PASSED] - hideKeyboard(): Keyboard is hidden

25-03-2025T06:58:16 - [MESSAGE][PASSED] - Keyboard is hidden

25-03-2025T06:58:16 - [TEST_STEP][PASSED] - delay(10): Delayed 10 second(s)

25-03-2025T06:58:26 - [MESSAGE][PASSED] - Delayed 10 second(s)

25-03-2025T06:58:26 - [TEST_STEP][PASSED] - setText(findTestObject("Object Repository/Repo/android.widget.EditText-FirstName"), resetFirstName, 0): Text 'JonathanChristopherMaximilianAlexanderMontgomeryWilliamson' has been set to element 'Object Repository/Repo/android.widget.EditText-FirstName'

25-03-2025T06:58:26 - [MESSAGE][WARNING] - Timeout '0' is invalid. Using default page load timeout: '30'

25-03-2025T06:58:26 - [MESSAGE][PASSED] - Text 'JonathanChristopherMaximilianAlexanderMontgomeryWilliamson' has been set to element 'Object Repository/Repo/android.widget.EditText-FirstName'

25-03-2025T06:58:26 - [TEST_STEP][PASSED] - hideKeyboard(): Keyboard is hidden

25-03-2025T06:58:27 - [MESSAGE][PASSED] - Keyboard is hidden

25-03-2025T06:58:27 - [TEST_STEP][PASSED] - delay(10): Delayed 10 second(s)

25-03-2025T06:58:37 - [MESSAGE][PASSED] - Delayed 10 second(s)

25-03-2025T06:58:37 - [TEST_STEP][PASSED] - setText(findTestObject("Object Repository/Repo/android.widget.EditText-FirstName"), resetFirstName, 0): Text 'JonathanChristopherMaximilianAlexanderMontgomeryWilliamson' has been set to element 'Object Repository/Repo/android.widget.EditText-FirstName'

25-03-2025T06:58:37 - [MESSAGE][WARNING] - Timeout '0' is invalid. Using default page load timeout: '30'

25-03-2025T06:58:39 - [MESSAGE][PASSED] - Text 'JonathanChristopherMaximilianAlexanderMontgomeryWilliamson' has been set to element 'Object Repository/Repo/android.widget.EditText-FirstName'

25-03-2025T06:58:39 - [TEST_STEP][PASSED] - hideKeyboard(): Keyboard is hidden

25-03-2025T06:58:39 - [MESSAGE][PASSED] - Keyboard is hidden

25-03-2025T06:58:39 - [TEST_STEP][PASSED] - delay(10): Delayed 10 second(s)

25-03-2025T06:58:49 - [MESSAGE][PASSED] - Delayed 10 second(s)

25-03-2025T06:58:49 - [TEST_STEP][PASSED] - tap(findTestObject("Object Repository/Repo/android.widget.Button - Next (1)"), 0): Tapped on element 'Object Repository/Repo/android.widget.Button - Next (1)'

25-03-2025T06:58:49 - [MESSAGE][WARNING] - Timeout '0' is invalid. Using default page load timeout: '30'

25-03-2025T06:58:50 - [MESSAGE][PASSED] - Tapped on element 'Object Repository/Repo/android.widget.Button - Next (1)'

25-03-2025T06:58:50 - [TEST_STEP][PASSED] - delay(10): Delayed 10 second(s)

25-03-2025T06:59:00 - [MESSAGE][PASSED] - Delayed 10 second(s)

25-03-2025T06:59:00 - [TEST_STEP][PASSED] - errorMessage = getText(findTestObject("Object Repository/Repo/android.widget.TextView -  First name must be 50 characters or less"), 0): Text of element 'Object Repository/Repo/android.widget.TextView -  First name must be 50 characters or less' is: ' First name must be 50 characters or less.
'

25-03-2025T06:59:00 - [MESSAGE][WARNING] - Timeout '0' is invalid. Using default page load timeout: '30'

25-03-2025T06:59:00 - [MESSAGE][PASSED] - Text of element 'Object Repository/Repo/android.widget.TextView -  First name must be 50 characters or less' is: ' First name must be 50 characters or less.
'

25-03-2025T06:59:00 - [TEST_STEP][PASSED] - errorMessage = errorMessage.trim(): null

25-03-2025T06:59:00 - [TEST_STEP][PASSED] - println("Error Message: " + errorMessage): null

25-03-2025T06:59:00 - [TEST_STEP][PASSED] - expectedPartialText = "First name must be 50 characters or less": null

25-03-2025T06:59:00 - [TEST_STEP][PASSED] - assert errorMessage.contains(expectedPartialText): null

25-03-2025T06:59:00 - [TEST_STEP][PASSED] - println(Error message assertion passed. Actual message: '$errorMessage'): null

25-03-2025T06:59:00 - [TEST_STEP][PASSED] - delay(5): Delayed 5 second(s)

25-03-2025T06:59:05 - [MESSAGE][PASSED] - Delayed 5 second(s)

25-03-2025T06:59:05 - [TEST_STEP][PASSED] - verifyElementExist(findTestObject("Object Repository/Repo/android.widget.TextView -  First name must be 50 characters or less"), 0): Element 'Object Repository/Repo/android.widget.TextView -  First name must be 50 characters or less' is exist

25-03-2025T06:59:05 - [MESSAGE][WARNING] - Timeout '0' is invalid. Using default page load timeout: '30'

25-03-2025T06:59:05 - [MESSAGE][PASSED] - Element 'Object Repository/Repo/android.widget.TextView -  First name must be 50 characters or less' is exist

25-03-2025T06:59:05 - [TEST_STEP][PASSED] - closeApplication(): Close app successfully

25-03-2025T06:59:07 - [MESSAGE][PASSED] - Close app successfully]]></system-out>
         <system-err><![CDATA[]]></system-err>
      </testcase>
      <testcase name="Test Cases/Sprint 2/WRMA-257/C687" time="200.778" classname="Test Cases/Sprint 2/WRMA-257/C687" status="PASSED">
         <system-out><![CDATA[25-03-2025T06:59:08 - [TEST_CASE][PASSED] - Test Cases/Sprint 2/WRMA-257/C687: Test Cases/Sprint 2/WRMA-257/C687

25-03-2025T06:59:08 - [TEST_STEP][PASSED] - testData = findTestData("Data Files/C687"): null

25-03-2025T06:59:08 - [TEST_STEP][PASSED] - email = testData.getValue("email", 1): null

25-03-2025T06:59:08 - [TEST_STEP][PASSED] - firstName = testData.getValue("firstName", 1): null

25-03-2025T06:59:08 - [TEST_STEP][PASSED] - lastName = testData.getValue("lastName", 1): null

25-03-2025T06:59:08 - [TEST_STEP][PASSED] - password = testData.getValue("password", 1): null

25-03-2025T06:59:08 - [TEST_STEP][PASSED] - confirmPassword = testData.getValue("confirmPassword", 1): null

25-03-2025T06:59:08 - [TEST_STEP][PASSED] - startApplication("C:\Users\GVVignesh\git\WGR_Android\App Folder\universal.apk", true): Started application: 'C:\Users\GVVignesh\git\WGR_Android\App Folder\universal.apk'

25-03-2025T06:59:08 - [MESSAGE][INFO] - Starting application: 'C:\Users\GVVignesh\git\WGR_Android\App Folder\universal.apk'

25-03-2025T06:59:08 - [MESSAGE][INFO] - User set preference: ['deviceId', '']

25-03-2025T06:59:08 - [MESSAGE][INFO] - Detected NodeJS location: "C:\Program Files\nodejs\node.exe"

25-03-2025T06:59:18 - [MESSAGE][INFO] - PATH: C:\Program Files\nodejs;

25-03-2025T06:59:18 - [MESSAGE][INFO] - APPIUM_HOME: C:\Users\GVVignesh\.appium

25-03-2025T06:59:18 - [MESSAGE][INFO] - appium outlog: C:\Users\GVVignesh\Katalon Studio\WGR-Android-Automation\Reports\20250325_053528\WRMA Sprint1 and Sprint2 Android Report\20250325_053528\appium.log

25-03-2025T06:59:18 - [MESSAGE][INFO] - appium errlog: C:\Users\GVVignesh\Katalon Studio\WGR-Android-Automation\Reports\20250325_053528\WRMA Sprint1 and Sprint2 Android Report\20250325_053528\appium_error.log

25-03-2025T06:59:20 - [MESSAGE][INFO] - Appium server started on port 61,163

25-03-2025T07:00:10 - [MESSAGE][PASSED] - Started application: 'C:\Users\GVVignesh\git\WGR_Android\App Folder\universal.apk'

25-03-2025T07:00:10 - [TEST_STEP][PASSED] - delay(10): Delayed 10 second(s)

25-03-2025T07:00:20 - [MESSAGE][PASSED] - Delayed 10 second(s)

25-03-2025T07:00:20 - [TEST_STEP][PASSED] - tap(findTestObject("Object Repository/Repo/android.widget.Button - Login or Sign Up"), 0): Tapped on element 'Object Repository/Repo/android.widget.Button - Login or Sign Up'

25-03-2025T07:00:20 - [MESSAGE][WARNING] - Timeout '0' is invalid. Using default page load timeout: '30'

25-03-2025T07:00:21 - [MESSAGE][PASSED] - Tapped on element 'Object Repository/Repo/android.widget.Button - Login or Sign Up'

25-03-2025T07:00:21 - [TEST_STEP][PASSED] - delay(10): Delayed 10 second(s)

25-03-2025T07:00:31 - [MESSAGE][PASSED] - Delayed 10 second(s)

25-03-2025T07:00:31 - [TEST_STEP][PASSED] - setText(findTestObject("Object Repository/Repo/android.widget.EditText-LoginorSignUp"), email, 0): Text 'abq@dhl.com' has been set to element 'Object Repository/Repo/android.widget.EditText-LoginorSignUp'

25-03-2025T07:00:31 - [MESSAGE][WARNING] - Timeout '0' is invalid. Using default page load timeout: '30'

25-03-2025T07:00:33 - [MESSAGE][PASSED] - Text 'abq@dhl.com' has been set to element 'Object Repository/Repo/android.widget.EditText-LoginorSignUp'

25-03-2025T07:00:33 - [TEST_STEP][PASSED] - hideKeyboard(): Keyboard is hidden

25-03-2025T07:00:34 - [MESSAGE][PASSED] - Keyboard is hidden

25-03-2025T07:00:34 - [TEST_STEP][PASSED] - delay(10): Delayed 10 second(s)

25-03-2025T07:00:44 - [MESSAGE][PASSED] - Delayed 10 second(s)

25-03-2025T07:00:44 - [TEST_STEP][PASSED] - tap(findTestObject("Object Repository/Repo/android.widget.Button - Next"), 0): Tapped on element 'Object Repository/Repo/android.widget.Button - Next'

25-03-2025T07:00:44 - [MESSAGE][WARNING] - Timeout '0' is invalid. Using default page load timeout: '30'

25-03-2025T07:00:45 - [MESSAGE][PASSED] - Tapped on element 'Object Repository/Repo/android.widget.Button - Next'

25-03-2025T07:00:45 - [TEST_STEP][PASSED] - delay(20): Delayed 20 second(s)

25-03-2025T07:01:05 - [MESSAGE][PASSED] - Delayed 20 second(s)

25-03-2025T07:01:05 - [TEST_STEP][PASSED] - setText(findTestObject("Object Repository/Repo/android.widget.EditText-confirm email address"), email, 0): Text 'abq@dhl.com' has been set to element 'Object Repository/Repo/android.widget.EditText-confirm email address'

25-03-2025T07:01:05 - [MESSAGE][WARNING] - Timeout '0' is invalid. Using default page load timeout: '30'

25-03-2025T07:01:05 - [MESSAGE][PASSED] - Text 'abq@dhl.com' has been set to element 'Object Repository/Repo/android.widget.EditText-confirm email address'

25-03-2025T07:01:05 - [TEST_STEP][PASSED] - hideKeyboard(): Keyboard is hidden

25-03-2025T07:01:06 - [MESSAGE][PASSED] - Keyboard is hidden

25-03-2025T07:01:06 - [TEST_STEP][PASSED] - delay(10): Delayed 10 second(s)

25-03-2025T07:01:16 - [MESSAGE][PASSED] - Delayed 10 second(s)

25-03-2025T07:01:16 - [TEST_STEP][PASSED] - tap(findTestObject("Object Repository/Repo/android.widget.Button - Next (1)"), 0): Tapped on element 'Object Repository/Repo/android.widget.Button - Next (1)'

25-03-2025T07:01:16 - [MESSAGE][WARNING] - Timeout '0' is invalid. Using default page load timeout: '30'

25-03-2025T07:01:16 - [MESSAGE][PASSED] - Tapped on element 'Object Repository/Repo/android.widget.Button - Next (1)'

25-03-2025T07:01:16 - [TEST_STEP][PASSED] - delay(10): Delayed 10 second(s)

25-03-2025T07:01:26 - [MESSAGE][PASSED] - Delayed 10 second(s)

25-03-2025T07:01:26 - [TEST_STEP][PASSED] - setText(findTestObject("Object Repository/Repo/android.widget.EditText-FirstName"), firstName, 0): Text 'z' has been set to element 'Object Repository/Repo/android.widget.EditText-FirstName'

25-03-2025T07:01:26 - [MESSAGE][WARNING] - Timeout '0' is invalid. Using default page load timeout: '30'

25-03-2025T07:01:27 - [MESSAGE][PASSED] - Text 'z' has been set to element 'Object Repository/Repo/android.widget.EditText-FirstName'

25-03-2025T07:01:27 - [TEST_STEP][PASSED] - hideKeyboard(): Keyboard is hidden

25-03-2025T07:01:27 - [MESSAGE][PASSED] - Keyboard is hidden

25-03-2025T07:01:27 - [TEST_STEP][PASSED] - delay(10): Delayed 10 second(s)

25-03-2025T07:01:38 - [MESSAGE][PASSED] - Delayed 10 second(s)

25-03-2025T07:01:38 - [TEST_STEP][PASSED] - setText(findTestObject("Object Repository/Repo/android.widget.EditText-LastName"), lastName, 0): Text 'd' has been set to element 'Object Repository/Repo/android.widget.EditText-LastName'

25-03-2025T07:01:38 - [MESSAGE][WARNING] - Timeout '0' is invalid. Using default page load timeout: '30'

25-03-2025T07:01:38 - [MESSAGE][PASSED] - Text 'd' has been set to element 'Object Repository/Repo/android.widget.EditText-LastName'

25-03-2025T07:01:38 - [TEST_STEP][PASSED] - hideKeyboard(): Keyboard is hidden

25-03-2025T07:01:39 - [MESSAGE][PASSED] - Keyboard is hidden

25-03-2025T07:01:39 - [TEST_STEP][PASSED] - delay(10): Delayed 10 second(s)

25-03-2025T07:01:49 - [MESSAGE][PASSED] - Delayed 10 second(s)

25-03-2025T07:01:49 - [TEST_STEP][PASSED] - sendKeys(findTestObject("Object Repository/Repo/android.widget.EditText-Password"), password): Send keys 'password' on test object 'Object Repository/Repo/android.widget.EditText-Password' successfully.

25-03-2025T07:01:49 - [MESSAGE][PASSED] - Send keys 'password' on test object 'Object Repository/Repo/android.widget.EditText-Password' successfully.

25-03-2025T07:01:49 - [TEST_STEP][PASSED] - delay(10): Delayed 10 second(s)

25-03-2025T07:01:59 - [MESSAGE][PASSED] - Delayed 10 second(s)

25-03-2025T07:01:59 - [TEST_STEP][PASSED] - sendKeys(findTestObject("Object Repository/Repo/android.widget.EditText-ConfirmPassword"), confirmPassword): Send keys 'password' on test object 'Object Repository/Repo/android.widget.EditText-ConfirmPassword' successfully.

25-03-2025T07:01:59 - [MESSAGE][PASSED] - Send keys 'password' on test object 'Object Repository/Repo/android.widget.EditText-ConfirmPassword' successfully.

25-03-2025T07:01:59 - [TEST_STEP][PASSED] - delay(10): Delayed 10 second(s)

25-03-2025T07:02:09 - [MESSAGE][PASSED] - Delayed 10 second(s)

25-03-2025T07:02:09 - [TEST_STEP][PASSED] - verifyElementExist(findTestObject("Object Repository/Repo/android.widget.Button - Next (2)"), 0): Element 'Object Repository/Repo/android.widget.Button - Next (2)' is exist

25-03-2025T07:02:09 - [MESSAGE][WARNING] - Timeout '0' is invalid. Using default page load timeout: '30'

25-03-2025T07:02:10 - [MESSAGE][PASSED] - Element 'Object Repository/Repo/android.widget.Button - Next (2)' is exist

25-03-2025T07:02:10 - [TEST_STEP][PASSED] - delay(5): Delayed 5 second(s)

25-03-2025T07:02:15 - [MESSAGE][PASSED] - Delayed 5 second(s)

25-03-2025T07:02:15 - [TEST_STEP][PASSED] - tap(findTestObject("Object Repository/Repo/android.widget.Button - Next (3)"), 0): Tapped on element 'Object Repository/Repo/android.widget.Button - Next (3)'

25-03-2025T07:02:15 - [MESSAGE][WARNING] - Timeout '0' is invalid. Using default page load timeout: '30'

25-03-2025T07:02:15 - [MESSAGE][PASSED] - Tapped on element 'Object Repository/Repo/android.widget.Button - Next (3)'

25-03-2025T07:02:15 - [TEST_STEP][PASSED] - delay(5): Delayed 5 second(s)

25-03-2025T07:02:20 - [MESSAGE][PASSED] - Delayed 5 second(s)

25-03-2025T07:02:20 - [TEST_STEP][PASSED] - termsText = getText(findTestObject("Object Repository/Repo/android.widget.TextView - Terms and Conditions"), 0): Text of element 'Object Repository/Repo/android.widget.TextView - Terms and Conditions' is: 'Terms and Conditions'

25-03-2025T07:02:20 - [MESSAGE][WARNING] - Timeout '0' is invalid. Using default page load timeout: '30'

25-03-2025T07:02:20 - [MESSAGE][PASSED] - Text of element 'Object Repository/Repo/android.widget.TextView - Terms and Conditions' is: 'Terms and Conditions'

25-03-2025T07:02:20 - [TEST_STEP][PASSED] - println("Retrieved Terms and Conditions Text: " + termsText): null

25-03-2025T07:02:20 - [TEST_STEP][PASSED] - expectedTermsText = "Terms and Conditions": null

25-03-2025T07:02:20 - [TEST_STEP][PASSED] - assert termsText.trim() == expectedTermsText: null

25-03-2025T07:02:20 - [TEST_STEP][PASSED] - println(Terms and Conditions text assertion passed. Actual text: '$termsText'): null

25-03-2025T07:02:20 - [TEST_STEP][PASSED] - delay(5): Delayed 5 second(s)

25-03-2025T07:02:25 - [MESSAGE][PASSED] - Delayed 5 second(s)

25-03-2025T07:02:25 - [TEST_STEP][PASSED] - closeApplication(): Close app successfully

25-03-2025T07:02:28 - [MESSAGE][PASSED] - Close app successfully]]></system-out>
         <system-err><![CDATA[]]></system-err>
      </testcase>
      <testcase name="Test Cases/Sprint 2/WRMA-257/C688" time="157.837" classname="Test Cases/Sprint 2/WRMA-257/C688" status="PASSED">
         <system-out><![CDATA[25-03-2025T07:02:28 - [TEST_CASE][PASSED] - Test Cases/Sprint 2/WRMA-257/C688: Test Cases/Sprint 2/WRMA-257/C688

25-03-2025T07:02:28 - [TEST_STEP][PASSED] - testData = findTestData("Data Files/C688 (1)"): null

25-03-2025T07:02:28 - [TEST_STEP][PASSED] - email = testData.getValue("email", 1): null

25-03-2025T07:02:28 - [TEST_STEP][PASSED] - lastName = testData.getValue("lastNamee", 1): null

25-03-2025T07:02:28 - [TEST_STEP][PASSED] - password = testData.getValue("password", 1): null

25-03-2025T07:02:28 - [TEST_STEP][PASSED] - confirmPassword = testData.getValue("confirmPassword", 1): null

25-03-2025T07:02:28 - [TEST_STEP][PASSED] - startApplication("C:\Users\GVVignesh\git\WGR_Android\App Folder\universal.apk", true): Started application: 'C:\Users\GVVignesh\git\WGR_Android\App Folder\universal.apk'

25-03-2025T07:02:28 - [MESSAGE][INFO] - Starting application: 'C:\Users\GVVignesh\git\WGR_Android\App Folder\universal.apk'

25-03-2025T07:02:28 - [MESSAGE][INFO] - User set preference: ['deviceId', '']

25-03-2025T07:02:29 - [MESSAGE][INFO] - Detected NodeJS location: "C:\Program Files\nodejs\node.exe"

25-03-2025T07:02:39 - [MESSAGE][INFO] - PATH: C:\Program Files\nodejs;

25-03-2025T07:02:39 - [MESSAGE][INFO] - APPIUM_HOME: C:\Users\GVVignesh\.appium

25-03-2025T07:02:39 - [MESSAGE][INFO] - appium outlog: C:\Users\GVVignesh\Katalon Studio\WGR-Android-Automation\Reports\20250325_053528\WRMA Sprint1 and Sprint2 Android Report\20250325_053528\appium.log

25-03-2025T07:02:39 - [MESSAGE][INFO] - appium errlog: C:\Users\GVVignesh\Katalon Studio\WGR-Android-Automation\Reports\20250325_053528\WRMA Sprint1 and Sprint2 Android Report\20250325_053528\appium_error.log

25-03-2025T07:02:41 - [MESSAGE][INFO] - Appium server started on port 61,579

25-03-2025T07:03:14 - [MESSAGE][PASSED] - Started application: 'C:\Users\GVVignesh\git\WGR_Android\App Folder\universal.apk'

25-03-2025T07:03:14 - [TEST_STEP][PASSED] - delay(10): Delayed 10 second(s)

25-03-2025T07:03:24 - [MESSAGE][PASSED] - Delayed 10 second(s)

25-03-2025T07:03:24 - [TEST_STEP][PASSED] - tap(findTestObject("Object Repository/Repo/android.widget.Button - Login or Sign Up"), 0): Tapped on element 'Object Repository/Repo/android.widget.Button - Login or Sign Up'

25-03-2025T07:03:24 - [MESSAGE][WARNING] - Timeout '0' is invalid. Using default page load timeout: '30'

25-03-2025T07:03:24 - [MESSAGE][PASSED] - Tapped on element 'Object Repository/Repo/android.widget.Button - Login or Sign Up'

25-03-2025T07:03:24 - [TEST_STEP][PASSED] - delay(10): Delayed 10 second(s)

25-03-2025T07:03:34 - [MESSAGE][PASSED] - Delayed 10 second(s)

25-03-2025T07:03:34 - [TEST_STEP][PASSED] - setText(findTestObject("Object Repository/Repo/android.widget.EditText-LoginorSignUp"), email, 0): Text 'dhoni@gmail.com' has been set to element 'Object Repository/Repo/android.widget.EditText-LoginorSignUp'

25-03-2025T07:03:34 - [MESSAGE][WARNING] - Timeout '0' is invalid. Using default page load timeout: '30'

25-03-2025T07:03:36 - [MESSAGE][PASSED] - Text 'dhoni@gmail.com' has been set to element 'Object Repository/Repo/android.widget.EditText-LoginorSignUp'

25-03-2025T07:03:36 - [TEST_STEP][PASSED] - hideKeyboard(): Keyboard is hidden

25-03-2025T07:03:37 - [MESSAGE][PASSED] - Keyboard is hidden

25-03-2025T07:03:37 - [TEST_STEP][PASSED] - delay(10): Delayed 10 second(s)

25-03-2025T07:03:47 - [MESSAGE][PASSED] - Delayed 10 second(s)

25-03-2025T07:03:47 - [TEST_STEP][PASSED] - tap(findTestObject("Object Repository/Repo/android.widget.Button - Next"), 0): Tapped on element 'Object Repository/Repo/android.widget.Button - Next'

25-03-2025T07:03:47 - [MESSAGE][WARNING] - Timeout '0' is invalid. Using default page load timeout: '30'

25-03-2025T07:03:48 - [MESSAGE][PASSED] - Tapped on element 'Object Repository/Repo/android.widget.Button - Next'

25-03-2025T07:03:48 - [TEST_STEP][PASSED] - delay(10): Delayed 10 second(s)

25-03-2025T07:03:58 - [MESSAGE][PASSED] - Delayed 10 second(s)

25-03-2025T07:03:58 - [TEST_STEP][PASSED] - setText(findTestObject("Object Repository/Repo/android.widget.EditText-confirm email address"), email, 0): Text 'dhoni@gmail.com' has been set to element 'Object Repository/Repo/android.widget.EditText-confirm email address'

25-03-2025T07:03:58 - [MESSAGE][WARNING] - Timeout '0' is invalid. Using default page load timeout: '30'

25-03-2025T07:03:58 - [MESSAGE][PASSED] - Text 'dhoni@gmail.com' has been set to element 'Object Repository/Repo/android.widget.EditText-confirm email address'

25-03-2025T07:03:58 - [TEST_STEP][PASSED] - hideKeyboard(): Keyboard is hidden

25-03-2025T07:03:59 - [MESSAGE][PASSED] - Keyboard is hidden

25-03-2025T07:03:59 - [TEST_STEP][PASSED] - delay(10): Delayed 10 second(s)

25-03-2025T07:04:09 - [MESSAGE][PASSED] - Delayed 10 second(s)

25-03-2025T07:04:09 - [TEST_STEP][PASSED] - tap(findTestObject("Object Repository/Repo/android.widget.Button - Next (1)"), 0): Tapped on element 'Object Repository/Repo/android.widget.Button - Next (1)'

25-03-2025T07:04:09 - [MESSAGE][WARNING] - Timeout '0' is invalid. Using default page load timeout: '30'

25-03-2025T07:04:09 - [MESSAGE][PASSED] - Tapped on element 'Object Repository/Repo/android.widget.Button - Next (1)'

25-03-2025T07:04:09 - [TEST_STEP][PASSED] - delay(10): Delayed 10 second(s)

25-03-2025T07:04:19 - [MESSAGE][PASSED] - Delayed 10 second(s)

25-03-2025T07:04:19 - [TEST_STEP][PASSED] - setText(findTestObject("Object Repository/Repo/android.widget.EditText-LastName"), lastName, 0): Text 'Dhoni' has been set to element 'Object Repository/Repo/android.widget.EditText-LastName'

25-03-2025T07:04:19 - [MESSAGE][WARNING] - Timeout '0' is invalid. Using default page load timeout: '30'

25-03-2025T07:04:21 - [MESSAGE][PASSED] - Text 'Dhoni' has been set to element 'Object Repository/Repo/android.widget.EditText-LastName'

25-03-2025T07:04:21 - [TEST_STEP][PASSED] - hideKeyboard(): Keyboard is hidden

25-03-2025T07:04:21 - [MESSAGE][PASSED] - Keyboard is hidden

25-03-2025T07:04:21 - [TEST_STEP][PASSED] - delay(10): Delayed 10 second(s)

25-03-2025T07:04:31 - [MESSAGE][PASSED] - Delayed 10 second(s)

25-03-2025T07:04:31 - [TEST_STEP][PASSED] - sendKeys(findTestObject("Object Repository/Repo/android.widget.EditText-Password"), password): Send keys 'password' on test object 'Object Repository/Repo/android.widget.EditText-Password' successfully.

25-03-2025T07:04:32 - [MESSAGE][PASSED] - Send keys 'password' on test object 'Object Repository/Repo/android.widget.EditText-Password' successfully.

25-03-2025T07:04:32 - [TEST_STEP][PASSED] - delay(10): Delayed 10 second(s)

25-03-2025T07:04:42 - [MESSAGE][PASSED] - Delayed 10 second(s)

25-03-2025T07:04:42 - [TEST_STEP][PASSED] - sendKeys(findTestObject("Object Repository/Repo/android.widget.EditText-ConfirmPassword"), confirmPassword): Send keys 'password' on test object 'Object Repository/Repo/android.widget.EditText-ConfirmPassword' successfully.

25-03-2025T07:04:42 - [MESSAGE][PASSED] - Send keys 'password' on test object 'Object Repository/Repo/android.widget.EditText-ConfirmPassword' successfully.

25-03-2025T07:04:42 - [TEST_STEP][PASSED] - delay(10): Delayed 10 second(s)

25-03-2025T07:04:52 - [MESSAGE][PASSED] - Delayed 10 second(s)

25-03-2025T07:04:52 - [TEST_STEP][PASSED] - tap(findTestObject("Object Repository/Repo/android.widget.Button - Next (2)"), 0): Tapped on element 'Object Repository/Repo/android.widget.Button - Next (2)'

25-03-2025T07:04:52 - [MESSAGE][WARNING] - Timeout '0' is invalid. Using default page load timeout: '30'

25-03-2025T07:04:52 - [MESSAGE][PASSED] - Tapped on element 'Object Repository/Repo/android.widget.Button - Next (2)'

25-03-2025T07:04:52 - [TEST_STEP][PASSED] - try: null

25-03-2025T07:04:52 - [TEST_STEP][PASSED] - tap(findTestObject("Object Repository/Repo/android.widget.Button - Next (2)"), 0): Tapped on element 'Object Repository/Repo/android.widget.Button - Next (2)'

25-03-2025T07:04:52 - [MESSAGE][WARNING] - Timeout '0' is invalid. Using default page load timeout: '30'

25-03-2025T07:04:53 - [MESSAGE][PASSED] - Tapped on element 'Object Repository/Repo/android.widget.Button - Next (2)'

25-03-2025T07:04:53 - [TEST_STEP][PASSED] - println("Button is not clickable as expected."): null

25-03-2025T07:04:53 - [TEST_STEP][PASSED] - assert true : "Button is not clickable as expected.": null

25-03-2025T07:04:53 - [TEST_STEP][PASSED] - delay(10): Delayed 10 second(s)

25-03-2025T07:05:03 - [MESSAGE][PASSED] - Delayed 10 second(s)

25-03-2025T07:05:03 - [TEST_STEP][PASSED] - verifyElementExist(findTestObject("Object Repository/Repo/android.widget.Button - Next (2)"), 0): Element 'Object Repository/Repo/android.widget.Button - Next (2)' is exist

25-03-2025T07:05:03 - [MESSAGE][WARNING] - Timeout '0' is invalid. Using default page load timeout: '30'

25-03-2025T07:05:03 - [MESSAGE][PASSED] - Element 'Object Repository/Repo/android.widget.Button - Next (2)' is exist

25-03-2025T07:05:03 - [TEST_STEP][PASSED] - closeApplication(): Close app successfully

25-03-2025T07:05:06 - [MESSAGE][PASSED] - Close app successfully]]></system-out>
         <system-err><![CDATA[]]></system-err>
      </testcase>
      <testcase name="Test Cases/Sprint 2/WRMA-258/C698-C696" time="351.491" classname="Test Cases/Sprint 2/WRMA-258/C698-C696" status="PASSED">
         <system-out><![CDATA[25-03-2025T07:07:05 - [TEST_CASE][PASSED] - Test Cases/Sprint 2/WRMA-258/C698-C696: Test Cases/Sprint 2/WRMA-258/C698-C696

25-03-2025T07:07:05 - [TEST_STEP][PASSED] - testData = findTestData("Data Files/C698-C696 (1)"): null

25-03-2025T07:07:05 - [TEST_STEP][PASSED] - email = testData.getValue("email", 1): null

25-03-2025T07:07:05 - [TEST_STEP][PASSED] - firstName = testData.getValue("firstname", 1): null

25-03-2025T07:07:05 - [TEST_STEP][PASSED] - lastName = testData.getValue("lastname", 1): null

25-03-2025T07:07:05 - [TEST_STEP][PASSED] - password = testData.getValue("password", 1): null

25-03-2025T07:07:05 - [TEST_STEP][PASSED] - confirmPassword = testData.getValue("confirmpassword", 1): null

25-03-2025T07:07:05 - [TEST_STEP][PASSED] - startApplication("C:\Users\GVVignesh\git\WGR_Android\App Folder\universal.apk", true): Started application: 'C:\Users\GVVignesh\git\WGR_Android\App Folder\universal.apk'

25-03-2025T07:07:05 - [MESSAGE][INFO] - Starting application: 'C:\Users\GVVignesh\git\WGR_Android\App Folder\universal.apk'

25-03-2025T07:07:05 - [MESSAGE][INFO] - User set preference: ['deviceId', '']

25-03-2025T07:07:46 - [MESSAGE][PASSED] - Started application: 'C:\Users\GVVignesh\git\WGR_Android\App Folder\universal.apk'

25-03-2025T07:07:46 - [TEST_STEP][PASSED] - delay(10): Delayed 10 second(s)

25-03-2025T07:07:56 - [MESSAGE][PASSED] - Delayed 10 second(s)

25-03-2025T07:07:56 - [TEST_STEP][PASSED] - tap(findTestObject("Object Repository/Repo/android.widget.Button - Login or Sign Up"), 0): Tapped on element 'Object Repository/Repo/android.widget.Button - Login or Sign Up'

25-03-2025T07:07:56 - [MESSAGE][WARNING] - Timeout '0' is invalid. Using default page load timeout: '30'

25-03-2025T07:07:57 - [MESSAGE][PASSED] - Tapped on element 'Object Repository/Repo/android.widget.Button - Login or Sign Up'

25-03-2025T07:07:57 - [TEST_STEP][PASSED] - delay(10): Delayed 10 second(s)

25-03-2025T07:08:07 - [MESSAGE][PASSED] - Delayed 10 second(s)

25-03-2025T07:08:07 - [TEST_STEP][PASSED] - setText(findTestObject("Object Repository/Repo/android.widget.EditText-LoginorSignUp"), email, 0): Text 'teknikosvignesh@teknikos.com' has been set to element 'Object Repository/Repo/android.widget.EditText-LoginorSignUp'

25-03-2025T07:08:07 - [MESSAGE][WARNING] - Timeout '0' is invalid. Using default page load timeout: '30'

25-03-2025T07:08:08 - [MESSAGE][PASSED] - Text 'teknikosvignesh@teknikos.com' has been set to element 'Object Repository/Repo/android.widget.EditText-LoginorSignUp'

25-03-2025T07:08:08 - [TEST_STEP][PASSED] - hideKeyboard(): Keyboard is hidden

25-03-2025T07:08:09 - [MESSAGE][PASSED] - Keyboard is hidden

25-03-2025T07:08:09 - [TEST_STEP][PASSED] - delay(10): Delayed 10 second(s)

25-03-2025T07:08:19 - [MESSAGE][PASSED] - Delayed 10 second(s)

25-03-2025T07:08:19 - [TEST_STEP][PASSED] - tap(findTestObject("Object Repository/Repo/android.widget.Button - Next"), 0): Tapped on element 'Object Repository/Repo/android.widget.Button - Next'

25-03-2025T07:08:19 - [MESSAGE][WARNING] - Timeout '0' is invalid. Using default page load timeout: '30'

25-03-2025T07:08:19 - [MESSAGE][PASSED] - Tapped on element 'Object Repository/Repo/android.widget.Button - Next'

25-03-2025T07:08:19 - [TEST_STEP][PASSED] - delay(10): Delayed 10 second(s)

25-03-2025T07:08:29 - [MESSAGE][PASSED] - Delayed 10 second(s)

25-03-2025T07:08:29 - [TEST_STEP][PASSED] - setText(findTestObject("Object Repository/Repo/android.widget.EditText-confirm email address"), email, 0): Text 'teknikosvignesh@teknikos.com' has been set to element 'Object Repository/Repo/android.widget.EditText-confirm email address'

25-03-2025T07:08:29 - [MESSAGE][WARNING] - Timeout '0' is invalid. Using default page load timeout: '30'

25-03-2025T07:08:29 - [MESSAGE][PASSED] - Text 'teknikosvignesh@teknikos.com' has been set to element 'Object Repository/Repo/android.widget.EditText-confirm email address'

25-03-2025T07:08:29 - [TEST_STEP][PASSED] - hideKeyboard(): Keyboard is hidden

25-03-2025T07:08:30 - [MESSAGE][PASSED] - Keyboard is hidden

25-03-2025T07:08:30 - [TEST_STEP][PASSED] - delay(10): Delayed 10 second(s)

25-03-2025T07:08:40 - [MESSAGE][PASSED] - Delayed 10 second(s)

25-03-2025T07:08:40 - [TEST_STEP][PASSED] - tap(findTestObject("Object Repository/Repo/android.widget.Button - Next (1)"), 0): Tapped on element 'Object Repository/Repo/android.widget.Button - Next (1)'

25-03-2025T07:08:40 - [MESSAGE][WARNING] - Timeout '0' is invalid. Using default page load timeout: '30'

25-03-2025T07:08:41 - [MESSAGE][PASSED] - Tapped on element 'Object Repository/Repo/android.widget.Button - Next (1)'

25-03-2025T07:08:41 - [TEST_STEP][PASSED] - delay(20): Delayed 20 second(s)

25-03-2025T07:09:01 - [MESSAGE][PASSED] - Delayed 20 second(s)

25-03-2025T07:09:01 - [TEST_STEP][PASSED] - setText(findTestObject("Object Repository/Repo/android.widget.EditText-FirstName"), firstName, 0): Text 'GV' has been set to element 'Object Repository/Repo/android.widget.EditText-FirstName'

25-03-2025T07:09:01 - [MESSAGE][WARNING] - Timeout '0' is invalid. Using default page load timeout: '30'

25-03-2025T07:09:02 - [MESSAGE][PASSED] - Text 'GV' has been set to element 'Object Repository/Repo/android.widget.EditText-FirstName'

25-03-2025T07:09:02 - [TEST_STEP][PASSED] - hideKeyboard(): Keyboard is hidden

25-03-2025T07:09:03 - [MESSAGE][PASSED] - Keyboard is hidden

25-03-2025T07:09:03 - [TEST_STEP][PASSED] - delay(10): Delayed 10 second(s)

25-03-2025T07:09:13 - [MESSAGE][PASSED] - Delayed 10 second(s)

25-03-2025T07:09:13 - [TEST_STEP][PASSED] - setText(findTestObject("Object Repository/Repo/android.widget.EditText-LastName"), lastName, 0): Text 'Vignesh' has been set to element 'Object Repository/Repo/android.widget.EditText-LastName'

25-03-2025T07:09:13 - [MESSAGE][WARNING] - Timeout '0' is invalid. Using default page load timeout: '30'

25-03-2025T07:09:13 - [MESSAGE][PASSED] - Text 'Vignesh' has been set to element 'Object Repository/Repo/android.widget.EditText-LastName'

25-03-2025T07:09:13 - [TEST_STEP][PASSED] - hideKeyboard(): Keyboard is hidden

25-03-2025T07:09:14 - [MESSAGE][PASSED] - Keyboard is hidden

25-03-2025T07:09:14 - [TEST_STEP][PASSED] - delay(10): Delayed 10 second(s)

25-03-2025T07:09:24 - [MESSAGE][PASSED] - Delayed 10 second(s)

25-03-2025T07:09:24 - [TEST_STEP][PASSED] - sendKeys(findTestObject("Object Repository/Repo/android.widget.EditText-Password"), password): Send keys 'password' on test object 'Object Repository/Repo/android.widget.EditText-Password' successfully.

25-03-2025T07:09:24 - [MESSAGE][PASSED] - Send keys 'password' on test object 'Object Repository/Repo/android.widget.EditText-Password' successfully.

25-03-2025T07:09:24 - [TEST_STEP][PASSED] - hideKeyboard(): Keyboard is hidden

25-03-2025T07:09:24 - [MESSAGE][PASSED] - Keyboard is hidden

25-03-2025T07:09:24 - [TEST_STEP][PASSED] - delay(10): Delayed 10 second(s)

25-03-2025T07:09:34 - [MESSAGE][PASSED] - Delayed 10 second(s)

25-03-2025T07:09:34 - [TEST_STEP][PASSED] - sendKeys(findTestObject("Object Repository/Repo/android.widget.EditText-ConfirmPassword"), confirmPassword): Send keys 'password' on test object 'Object Repository/Repo/android.widget.EditText-ConfirmPassword' successfully.

25-03-2025T07:09:35 - [MESSAGE][PASSED] - Send keys 'password' on test object 'Object Repository/Repo/android.widget.EditText-ConfirmPassword' successfully.

25-03-2025T07:09:35 - [TEST_STEP][PASSED] - hideKeyboard(): Keyboard is hidden

25-03-2025T07:09:35 - [MESSAGE][PASSED] - Keyboard is hidden

25-03-2025T07:09:35 - [TEST_STEP][PASSED] - delay(10): Delayed 10 second(s)

25-03-2025T07:09:45 - [MESSAGE][PASSED] - Delayed 10 second(s)

25-03-2025T07:09:45 - [TEST_STEP][PASSED] - tap(findTestObject("Object Repository/Repo/android.widget.Button - Next (2)"), 0): Tapped on element 'Object Repository/Repo/android.widget.Button - Next (2)'

25-03-2025T07:09:45 - [MESSAGE][WARNING] - Timeout '0' is invalid. Using default page load timeout: '30'

25-03-2025T07:09:46 - [MESSAGE][PASSED] - Tapped on element 'Object Repository/Repo/android.widget.Button - Next (2)'

25-03-2025T07:09:46 - [TEST_STEP][PASSED] - delay(10): Delayed 10 second(s)

25-03-2025T07:09:56 - [MESSAGE][PASSED] - Delayed 10 second(s)

25-03-2025T07:09:56 - [TEST_STEP][PASSED] - scrollToText("etc)."): Scrolling to text 'etc).' successfully

25-03-2025T07:09:59 - [MESSAGE][PASSED] - Scrolling to text 'etc).' successfully

25-03-2025T07:09:59 - [TEST_STEP][PASSED] - delay(10): Delayed 10 second(s)

25-03-2025T07:10:09 - [MESSAGE][PASSED] - Delayed 10 second(s)

25-03-2025T07:10:09 - [TEST_STEP][PASSED] - tap(findTestObject("Object Repository/Repo/android.widget.Button - Agree to Terms  Conditions"), 0): Tapped on element 'Object Repository/Repo/android.widget.Button - Agree to Terms  Conditions'

25-03-2025T07:10:09 - [MESSAGE][WARNING] - Timeout '0' is invalid. Using default page load timeout: '30'

25-03-2025T07:10:09 - [MESSAGE][PASSED] - Tapped on element 'Object Repository/Repo/android.widget.Button - Agree to Terms  Conditions'

25-03-2025T07:10:09 - [TEST_STEP][PASSED] - delay(30): Delayed 30 second(s)

25-03-2025T07:10:39 - [MESSAGE][PASSED] - Delayed 30 second(s)

25-03-2025T07:10:39 - [TEST_STEP][PASSED] - setText(findTestObject("Object Repository/Repo/android.widget.EditText-OAM(Login)"), email, 0): Text 'teknikosvignesh@teknikos.com' has been set to element 'Object Repository/Repo/android.widget.EditText-OAM(Login)'

25-03-2025T07:10:39 - [MESSAGE][WARNING] - Timeout '0' is invalid. Using default page load timeout: '30'

25-03-2025T07:10:40 - [MESSAGE][PASSED] - Text 'teknikosvignesh@teknikos.com' has been set to element 'Object Repository/Repo/android.widget.EditText-OAM(Login)'

25-03-2025T07:10:40 - [TEST_STEP][PASSED] - hideKeyboard(): Keyboard is hidden

25-03-2025T07:10:40 - [MESSAGE][PASSED] - Keyboard is hidden

25-03-2025T07:10:40 - [TEST_STEP][PASSED] - delay(30): Delayed 30 second(s)

25-03-2025T07:11:11 - [MESSAGE][PASSED] - Delayed 30 second(s)

25-03-2025T07:11:11 - [TEST_STEP][PASSED] - setText(findTestObject("Object Repository/Repo/android.widget.EditText-OAM(Password)"), password, 0): Text 'password' has been set to element 'Object Repository/Repo/android.widget.EditText-OAM(Password)'

25-03-2025T07:11:11 - [MESSAGE][WARNING] - Timeout '0' is invalid. Using default page load timeout: '30'

25-03-2025T07:11:11 - [MESSAGE][PASSED] - Text 'password' has been set to element 'Object Repository/Repo/android.widget.EditText-OAM(Password)'

25-03-2025T07:11:11 - [TEST_STEP][PASSED] - hideKeyboard(): Keyboard is hidden

25-03-2025T07:11:11 - [MESSAGE][PASSED] - Keyboard is hidden

25-03-2025T07:11:11 - [TEST_STEP][PASSED] - delay(30): Delayed 30 second(s)

25-03-2025T07:11:41 - [MESSAGE][PASSED] - Delayed 30 second(s)

25-03-2025T07:11:41 - [TEST_STEP][PASSED] - tap(findTestObject("Object Repository/Repo/android.widget.Button - LOGIN"), 0): Tapped on element 'Object Repository/Repo/android.widget.Button - LOGIN'

25-03-2025T07:11:41 - [MESSAGE][WARNING] - Timeout '0' is invalid. Using default page load timeout: '30'

25-03-2025T07:11:42 - [MESSAGE][PASSED] - Tapped on element 'Object Repository/Repo/android.widget.Button - LOGIN'

25-03-2025T07:11:42 - [TEST_STEP][PASSED] - delay(30): Delayed 30 second(s)

25-03-2025T07:12:12 - [MESSAGE][PASSED] - Delayed 30 second(s)

25-03-2025T07:12:12 - [TEST_STEP][PASSED] - delay(10): Delayed 10 second(s)

25-03-2025T07:12:22 - [MESSAGE][PASSED] - Delayed 10 second(s)

25-03-2025T07:12:22 - [TEST_STEP][PASSED] - verifyElementExist(findTestObject("Object Repository/Repo/android.widget.TextView - Resend Confirmation Email"), 0): Element 'Object Repository/Repo/android.widget.TextView - Resend Confirmation Email' is exist

25-03-2025T07:12:22 - [MESSAGE][WARNING] - Timeout '0' is invalid. Using default page load timeout: '30'

25-03-2025T07:12:22 - [MESSAGE][PASSED] - Element 'Object Repository/Repo/android.widget.TextView - Resend Confirmation Email' is exist

25-03-2025T07:12:22 - [TEST_STEP][PASSED] - elementText = TextView - Resend Confirmation Email"), 0).trim(): Text of element 'Object Repository/Repo/android.widget.TextView - Resend Confirmation Email' is: 'Resend Confirmation Email'

25-03-2025T07:12:22 - [MESSAGE][WARNING] - Timeout '0' is invalid. Using default page load timeout: '30'

25-03-2025T07:12:22 - [MESSAGE][PASSED] - Text of element 'Object Repository/Repo/android.widget.TextView - Resend Confirmation Email' is: 'Resend Confirmation Email'

25-03-2025T07:12:22 - [TEST_STEP][PASSED] - println("Text of the element: " + elementText): null

25-03-2025T07:12:22 - [TEST_STEP][PASSED] - expectedText = "Resend Confirmation Email".trim(): null

25-03-2025T07:12:22 - [TEST_STEP][PASSED] - assert elementText.equals(expectedText): null

25-03-2025T07:12:22 - [TEST_STEP][PASSED] - delay(10): Delayed 10 second(s)

25-03-2025T07:12:32 - [MESSAGE][PASSED] - Delayed 10 second(s)

25-03-2025T07:12:32 - [TEST_STEP][PASSED] - tap(findTestObject("Object Repository/Repo/android.widget.TextView - Resend Confirmation Email"), 0): Tapped on element 'Object Repository/Repo/android.widget.TextView - Resend Confirmation Email'

25-03-2025T07:12:32 - [MESSAGE][WARNING] - Timeout '0' is invalid. Using default page load timeout: '30'

25-03-2025T07:12:32 - [MESSAGE][PASSED] - Tapped on element 'Object Repository/Repo/android.widget.TextView - Resend Confirmation Email'

25-03-2025T07:12:32 - [TEST_STEP][PASSED] - verifyElementExist(findTestObject("Object Repository/Repo/android.widget.Button - Next (3)"), 0): Element 'Object Repository/Repo/android.widget.Button - Next (3)' is exist

25-03-2025T07:12:32 - [MESSAGE][WARNING] - Timeout '0' is invalid. Using default page load timeout: '30'

25-03-2025T07:12:33 - [MESSAGE][PASSED] - Element 'Object Repository/Repo/android.widget.Button - Next (3)' is exist

25-03-2025T07:12:33 - [TEST_STEP][PASSED] - delay(5): Delayed 5 second(s)

25-03-2025T07:12:38 - [MESSAGE][PASSED] - Delayed 5 second(s)

25-03-2025T07:12:38 - [TEST_STEP][PASSED] - tap(findTestObject("Object Repository/Repo/android.widget.Button - Next (3)"), 0): Tapped on element 'Object Repository/Repo/android.widget.Button - Next (3)'

25-03-2025T07:12:38 - [MESSAGE][WARNING] - Timeout '0' is invalid. Using default page load timeout: '30'

25-03-2025T07:12:38 - [MESSAGE][PASSED] - Tapped on element 'Object Repository/Repo/android.widget.Button - Next (3)'

25-03-2025T07:12:38 - [TEST_STEP][PASSED] - delay(5): Delayed 5 second(s)

25-03-2025T07:12:43 - [MESSAGE][PASSED] - Delayed 5 second(s)

25-03-2025T07:12:43 - [TEST_STEP][PASSED] - println("All text assertions passed successfully!"): null

25-03-2025T07:12:43 - [TEST_STEP][PASSED] - delay(10): Delayed 10 second(s)

25-03-2025T07:12:53 - [MESSAGE][PASSED] - Delayed 10 second(s)

25-03-2025T07:12:53 - [TEST_STEP][PASSED] - closeApplication(): Close app successfully

25-03-2025T07:12:56 - [MESSAGE][PASSED] - Close app successfully]]></system-out>
         <system-err><![CDATA[]]></system-err>
      </testcase>
      <testcase name="Test Cases/Sprint 2/WRMA-266/C661" time="210.627" classname="Test Cases/Sprint 2/WRMA-266/C661" status="PASSED">
         <system-out><![CDATA[25-03-2025T07:15:16 - [TEST_CASE][PASSED] - Test Cases/Sprint 2/WRMA-266/C661: Test Cases/Sprint 2/WRMA-266/C661

25-03-2025T07:15:16 - [TEST_STEP][PASSED] - testData = findTestData("Data Files/C661"): null

25-03-2025T07:15:16 - [TEST_STEP][PASSED] - email = testData.getValue("email", 1): null

25-03-2025T07:15:16 - [TEST_STEP][PASSED] - password = testData.getValue("password", 1): null

25-03-2025T07:15:16 - [TEST_STEP][PASSED] - startApplication("C:\Users\GVVignesh\git\WGR_Android\App Folder\universal.apk", true): Started application: 'C:\Users\GVVignesh\git\WGR_Android\App Folder\universal.apk'

25-03-2025T07:15:16 - [MESSAGE][INFO] - Starting application: 'C:\Users\GVVignesh\git\WGR_Android\App Folder\universal.apk'

25-03-2025T07:15:16 - [MESSAGE][INFO] - User set preference: ['deviceId', '']

25-03-2025T07:15:53 - [MESSAGE][PASSED] - Started application: 'C:\Users\GVVignesh\git\WGR_Android\App Folder\universal.apk'

25-03-2025T07:15:53 - [TEST_STEP][PASSED] - delay(10): Delayed 10 second(s)

25-03-2025T07:16:03 - [MESSAGE][PASSED] - Delayed 10 second(s)

25-03-2025T07:16:03 - [TEST_STEP][PASSED] - tap(findTestObject("Object Repository/Repo/android.widget.Button - Login or Sign Up"), 0): Tapped on element 'Object Repository/Repo/android.widget.Button - Login or Sign Up'

25-03-2025T07:16:03 - [MESSAGE][WARNING] - Timeout '0' is invalid. Using default page load timeout: '30'

25-03-2025T07:16:05 - [MESSAGE][PASSED] - Tapped on element 'Object Repository/Repo/android.widget.Button - Login or Sign Up'

25-03-2025T07:16:05 - [TEST_STEP][PASSED] - delay(10): Delayed 10 second(s)

25-03-2025T07:16:15 - [MESSAGE][PASSED] - Delayed 10 second(s)

25-03-2025T07:16:15 - [TEST_STEP][PASSED] - setText(findTestObject("Object Repository/Repo/android.widget.EditText-LoginorSignUp"), email, 0): Text '03205179TM@WG.COM' has been set to element 'Object Repository/Repo/android.widget.EditText-LoginorSignUp'

25-03-2025T07:16:15 - [MESSAGE][WARNING] - Timeout '0' is invalid. Using default page load timeout: '30'

25-03-2025T07:16:16 - [MESSAGE][PASSED] - Text '03205179TM@WG.COM' has been set to element 'Object Repository/Repo/android.widget.EditText-LoginorSignUp'

25-03-2025T07:16:16 - [TEST_STEP][PASSED] - hideKeyboard(): Keyboard is hidden

25-03-2025T07:16:17 - [MESSAGE][PASSED] - Keyboard is hidden

25-03-2025T07:16:17 - [TEST_STEP][PASSED] - delay(10): Delayed 10 second(s)

25-03-2025T07:16:27 - [MESSAGE][PASSED] - Delayed 10 second(s)

25-03-2025T07:16:27 - [TEST_STEP][PASSED] - tap(findTestObject("Object Repository/Repo/android.widget.Button - Next"), 0): Tapped on element 'Object Repository/Repo/android.widget.Button - Next'

25-03-2025T07:16:27 - [MESSAGE][WARNING] - Timeout '0' is invalid. Using default page load timeout: '30'

25-03-2025T07:16:27 - [MESSAGE][PASSED] - Tapped on element 'Object Repository/Repo/android.widget.Button - Next'

25-03-2025T07:16:27 - [TEST_STEP][PASSED] - delay(30): Delayed 30 second(s)

25-03-2025T07:16:57 - [MESSAGE][PASSED] - Delayed 30 second(s)

25-03-2025T07:16:57 - [TEST_STEP][PASSED] - setText(findTestObject("Object Repository/Repo/android.widget.EditText-OAM(Login)"), email, 0): Text '03205179TM@WG.COM' has been set to element 'Object Repository/Repo/android.widget.EditText-OAM(Login)'

25-03-2025T07:16:57 - [MESSAGE][WARNING] - Timeout '0' is invalid. Using default page load timeout: '30'

25-03-2025T07:16:58 - [MESSAGE][PASSED] - Text '03205179TM@WG.COM' has been set to element 'Object Repository/Repo/android.widget.EditText-OAM(Login)'

25-03-2025T07:16:58 - [TEST_STEP][PASSED] - hideKeyboard(): Keyboard is hidden

25-03-2025T07:16:58 - [MESSAGE][PASSED] - Keyboard is hidden

25-03-2025T07:16:58 - [TEST_STEP][PASSED] - delay(30): Delayed 30 second(s)

25-03-2025T07:17:28 - [MESSAGE][PASSED] - Delayed 30 second(s)

25-03-2025T07:17:28 - [TEST_STEP][PASSED] - setText(findTestObject("Object Repository/Repo/android.widget.EditText-OAM(Password)"), password, 0): Text 'password' has been set to element 'Object Repository/Repo/android.widget.EditText-OAM(Password)'

25-03-2025T07:17:28 - [MESSAGE][WARNING] - Timeout '0' is invalid. Using default page load timeout: '30'

25-03-2025T07:17:30 - [MESSAGE][PASSED] - Text 'password' has been set to element 'Object Repository/Repo/android.widget.EditText-OAM(Password)'

25-03-2025T07:17:30 - [TEST_STEP][PASSED] - hideKeyboard(): Keyboard is hidden

25-03-2025T07:17:32 - [MESSAGE][PASSED] - Keyboard is hidden

25-03-2025T07:17:32 - [TEST_STEP][PASSED] - delay(30): Delayed 30 second(s)

25-03-2025T07:18:02 - [MESSAGE][PASSED] - Delayed 30 second(s)

25-03-2025T07:18:02 - [TEST_STEP][PASSED] - tap(findTestObject("Object Repository/Repo/android.widget.Button -OAM(Login)"), 0): Tapped on element 'Object Repository/Repo/android.widget.Button -OAM(Login)'

25-03-2025T07:18:02 - [MESSAGE][WARNING] - Timeout '0' is invalid. Using default page load timeout: '30'

25-03-2025T07:18:02 - [MESSAGE][PASSED] - Tapped on element 'Object Repository/Repo/android.widget.Button -OAM(Login)'

25-03-2025T07:18:02 - [TEST_STEP][PASSED] - delay(20): Delayed 20 second(s)

25-03-2025T07:18:22 - [MESSAGE][PASSED] - Delayed 20 second(s)

25-03-2025T07:18:22 - [TEST_STEP][PASSED] - verifyElementExist(findTestObject("Object Repository/Repo/android.view.View - My Stay"), 0): Element 'Object Repository/Repo/android.view.View - My Stay' is exist

25-03-2025T07:18:22 - [MESSAGE][WARNING] - Timeout '0' is invalid. Using default page load timeout: '30'

25-03-2025T07:18:22 - [MESSAGE][PASSED] - Element 'Object Repository/Repo/android.view.View - My Stay' is exist

25-03-2025T07:18:22 - [TEST_STEP][PASSED] - delay(5): Delayed 5 second(s)

25-03-2025T07:18:27 - [MESSAGE][PASSED] - Delayed 5 second(s)

25-03-2025T07:18:27 - [TEST_STEP][PASSED] - verifyElementExist(findTestObject("Object Repository/Repo/android.view.View - My Account"), 0): Element 'Object Repository/Repo/android.view.View - My Account' is exist

25-03-2025T07:18:27 - [MESSAGE][WARNING] - Timeout '0' is invalid. Using default page load timeout: '30'

25-03-2025T07:18:28 - [MESSAGE][PASSED] - Element 'Object Repository/Repo/android.view.View - My Account' is exist

25-03-2025T07:18:28 - [TEST_STEP][PASSED] - delay(5): Delayed 5 second(s)

25-03-2025T07:18:33 - [MESSAGE][PASSED] - Delayed 5 second(s)

25-03-2025T07:18:33 - [TEST_STEP][PASSED] - verifyElementExist(findTestObject("Object Repository/Repo/android.view.View - Home"), 0): Element 'Object Repository/Repo/android.view.View - Home' is exist

25-03-2025T07:18:33 - [MESSAGE][WARNING] - Timeout '0' is invalid. Using default page load timeout: '30'

25-03-2025T07:18:33 - [MESSAGE][PASSED] - Element 'Object Repository/Repo/android.view.View - Home' is exist

25-03-2025T07:18:33 - [TEST_STEP][PASSED] - delay(5): Delayed 5 second(s)

25-03-2025T07:18:38 - [MESSAGE][PASSED] - Delayed 5 second(s)

25-03-2025T07:18:38 - [TEST_STEP][PASSED] - myStayText = getText(findTestObject("Object Repository/Repo/android.view.View - My Stay"), 0): Text of element 'Object Repository/Repo/android.view.View - My Stay' is: 'My Stay'

25-03-2025T07:18:38 - [MESSAGE][WARNING] - Timeout '0' is invalid. Using default page load timeout: '30'

25-03-2025T07:18:38 - [MESSAGE][PASSED] - Text of element 'Object Repository/Repo/android.view.View - My Stay' is: 'My Stay'

25-03-2025T07:18:38 - [TEST_STEP][PASSED] - assert myStayText == "My Stay": null

25-03-2025T07:18:38 - [TEST_STEP][PASSED] - myAccountText = getText(findTestObject("Object Repository/Repo/android.view.View - My Account"), 0): Text of element 'Object Repository/Repo/android.view.View - My Account' is: 'My Account'

25-03-2025T07:18:38 - [MESSAGE][WARNING] - Timeout '0' is invalid. Using default page load timeout: '30'

25-03-2025T07:18:38 - [MESSAGE][PASSED] - Text of element 'Object Repository/Repo/android.view.View - My Account' is: 'My Account'

25-03-2025T07:18:38 - [TEST_STEP][PASSED] - assert myAccountText == "My Account": null

25-03-2025T07:18:38 - [TEST_STEP][PASSED] - homeText = getText(findTestObject("Object Repository/Repo/android.view.View - Home"), 0): Text of element 'Object Repository/Repo/android.view.View - Home' is: 'Home'

25-03-2025T07:18:38 - [MESSAGE][WARNING] - Timeout '0' is invalid. Using default page load timeout: '30'

25-03-2025T07:18:39 - [MESSAGE][PASSED] - Text of element 'Object Repository/Repo/android.view.View - Home' is: 'Home'

25-03-2025T07:18:39 - [TEST_STEP][PASSED] - assert homeText == "Home": null

25-03-2025T07:18:39 - [TEST_STEP][PASSED] - tap(findTestObject("Object Repository/Repo/android.view.View - Home"), 0): Tapped on element 'Object Repository/Repo/android.view.View - Home'

25-03-2025T07:18:39 - [MESSAGE][WARNING] - Timeout '0' is invalid. Using default page load timeout: '30'

25-03-2025T07:18:39 - [MESSAGE][PASSED] - Tapped on element 'Object Repository/Repo/android.view.View - Home'

25-03-2025T07:18:39 - [TEST_STEP][PASSED] - delay(5): Delayed 5 second(s)

25-03-2025T07:18:44 - [MESSAGE][PASSED] - Delayed 5 second(s)

25-03-2025T07:18:44 - [TEST_STEP][PASSED] - closeApplication(): Close app successfully

25-03-2025T07:18:47 - [MESSAGE][PASSED] - Close app successfully]]></system-out>
         <system-err><![CDATA[]]></system-err>
      </testcase>
      <testcase name="Test Cases/Sprint 2/WRMA-56/C699" time="360.039" classname="Test Cases/Sprint 2/WRMA-56/C699" status="PASSED">
         <system-out><![CDATA[25-03-2025T07:18:47 - [TEST_CASE][PASSED] - Test Cases/Sprint 2/WRMA-56/C699: Test Cases/Sprint 2/WRMA-56/C699

25-03-2025T07:18:47 - [TEST_STEP][PASSED] - testData = findTestData("Data Files/C699"): null

25-03-2025T07:18:47 - [TEST_STEP][PASSED] - email = testData.getValue("email", 1): null

25-03-2025T07:18:47 - [TEST_STEP][PASSED] - firstName = testData.getValue("firstname", 1): null

25-03-2025T07:18:47 - [TEST_STEP][PASSED] - lastName = testData.getValue("lastname", 1): null

25-03-2025T07:18:47 - [TEST_STEP][PASSED] - password = testData.getValue("password", 1): null

25-03-2025T07:18:47 - [TEST_STEP][PASSED] - confirmPassword = testData.getValue("confirm password", 1): null

25-03-2025T07:18:47 - [TEST_STEP][PASSED] - startApplication("C:\Users\GVVignesh\git\WGR_Android\App Folder\universal.apk", true): Started application: 'C:\Users\GVVignesh\git\WGR_Android\App Folder\universal.apk'

25-03-2025T07:18:47 - [MESSAGE][INFO] - Starting application: 'C:\Users\GVVignesh\git\WGR_Android\App Folder\universal.apk'

25-03-2025T07:18:47 - [MESSAGE][INFO] - User set preference: ['deviceId', '']

25-03-2025T07:18:47 - [MESSAGE][INFO] - Detected NodeJS location: "C:\Program Files\nodejs\node.exe"

25-03-2025T07:18:57 - [MESSAGE][INFO] - PATH: C:\Program Files\nodejs;

25-03-2025T07:18:57 - [MESSAGE][INFO] - APPIUM_HOME: C:\Users\GVVignesh\.appium

25-03-2025T07:18:57 - [MESSAGE][INFO] - appium outlog: C:\Users\GVVignesh\Katalon Studio\WGR-Android-Automation\Reports\20250325_053528\WRMA Sprint1 and Sprint2 Android Report\20250325_053528\appium.log

25-03-2025T07:18:57 - [MESSAGE][INFO] - appium errlog: C:\Users\GVVignesh\Katalon Studio\WGR-Android-Automation\Reports\20250325_053528\WRMA Sprint1 and Sprint2 Android Report\20250325_053528\appium_error.log

25-03-2025T07:19:00 - [MESSAGE][INFO] - Appium server started on port 63,405

25-03-2025T07:19:36 - [MESSAGE][PASSED] - Started application: 'C:\Users\GVVignesh\git\WGR_Android\App Folder\universal.apk'

25-03-2025T07:19:36 - [TEST_STEP][PASSED] - delay(10): Delayed 10 second(s)

25-03-2025T07:19:46 - [MESSAGE][PASSED] - Delayed 10 second(s)

25-03-2025T07:19:46 - [TEST_STEP][PASSED] - tap(findTestObject("Object Repository/Repo/android.widget.Button - Login or Sign Up"), 0): Tapped on element 'Object Repository/Repo/android.widget.Button - Login or Sign Up'

25-03-2025T07:19:46 - [MESSAGE][WARNING] - Timeout '0' is invalid. Using default page load timeout: '30'

25-03-2025T07:19:47 - [MESSAGE][PASSED] - Tapped on element 'Object Repository/Repo/android.widget.Button - Login or Sign Up'

25-03-2025T07:19:47 - [TEST_STEP][PASSED] - delay(10): Delayed 10 second(s)

25-03-2025T07:19:57 - [MESSAGE][PASSED] - Delayed 10 second(s)

25-03-2025T07:19:57 - [TEST_STEP][PASSED] - setText(findTestObject("Object Repository/Repo/android.widget.EditText-LoginorSignUp"), email, 0): Text 'ishakthigvvignesh@gmail.com' has been set to element 'Object Repository/Repo/android.widget.EditText-LoginorSignUp'

25-03-2025T07:19:57 - [MESSAGE][WARNING] - Timeout '0' is invalid. Using default page load timeout: '30'

25-03-2025T07:19:57 - [MESSAGE][PASSED] - Text 'ishakthigvvignesh@gmail.com' has been set to element 'Object Repository/Repo/android.widget.EditText-LoginorSignUp'

25-03-2025T07:19:57 - [TEST_STEP][PASSED] - hideKeyboard(): Keyboard is hidden

25-03-2025T07:19:58 - [MESSAGE][PASSED] - Keyboard is hidden

25-03-2025T07:19:58 - [TEST_STEP][PASSED] - delay(10): Delayed 10 second(s)

25-03-2025T07:20:08 - [MESSAGE][PASSED] - Delayed 10 second(s)

25-03-2025T07:20:08 - [TEST_STEP][PASSED] - tap(findTestObject("Object Repository/Repo/android.widget.Button - Next"), 0): Tapped on element 'Object Repository/Repo/android.widget.Button - Next'

25-03-2025T07:20:08 - [MESSAGE][WARNING] - Timeout '0' is invalid. Using default page load timeout: '30'

25-03-2025T07:20:09 - [MESSAGE][PASSED] - Tapped on element 'Object Repository/Repo/android.widget.Button - Next'

25-03-2025T07:20:09 - [TEST_STEP][PASSED] - delay(10): Delayed 10 second(s)

25-03-2025T07:20:19 - [MESSAGE][PASSED] - Delayed 10 second(s)

25-03-2025T07:20:19 - [TEST_STEP][PASSED] - setText(findTestObject("Object Repository/Repo/android.widget.EditText-confirm email address"), email, 0): Text 'ishakthigvvignesh@gmail.com' has been set to element 'Object Repository/Repo/android.widget.EditText-confirm email address'

25-03-2025T07:20:19 - [MESSAGE][WARNING] - Timeout '0' is invalid. Using default page load timeout: '30'

25-03-2025T07:20:20 - [MESSAGE][PASSED] - Text 'ishakthigvvignesh@gmail.com' has been set to element 'Object Repository/Repo/android.widget.EditText-confirm email address'

25-03-2025T07:20:20 - [TEST_STEP][PASSED] - hideKeyboard(): Keyboard is hidden

25-03-2025T07:20:20 - [MESSAGE][PASSED] - Keyboard is hidden

25-03-2025T07:20:20 - [TEST_STEP][PASSED] - delay(10): Delayed 10 second(s)

25-03-2025T07:20:30 - [MESSAGE][PASSED] - Delayed 10 second(s)

25-03-2025T07:20:30 - [TEST_STEP][PASSED] - tap(findTestObject("Object Repository/Repo/android.widget.Button - Next (1)"), 0): Tapped on element 'Object Repository/Repo/android.widget.Button - Next (1)'

25-03-2025T07:20:30 - [MESSAGE][WARNING] - Timeout '0' is invalid. Using default page load timeout: '30'

25-03-2025T07:20:31 - [MESSAGE][PASSED] - Tapped on element 'Object Repository/Repo/android.widget.Button - Next (1)'

25-03-2025T07:20:31 - [TEST_STEP][PASSED] - delay(10): Delayed 10 second(s)

25-03-2025T07:20:41 - [MESSAGE][PASSED] - Delayed 10 second(s)

25-03-2025T07:20:41 - [TEST_STEP][PASSED] - setText(findTestObject("Object Repository/Repo/android.widget.EditText-FirstName"), firstName, 0): Text 'MS' has been set to element 'Object Repository/Repo/android.widget.EditText-FirstName'

25-03-2025T07:20:41 - [MESSAGE][WARNING] - Timeout '0' is invalid. Using default page load timeout: '30'

25-03-2025T07:20:41 - [MESSAGE][PASSED] - Text 'MS' has been set to element 'Object Repository/Repo/android.widget.EditText-FirstName'

25-03-2025T07:20:41 - [TEST_STEP][PASSED] - hideKeyboard(): Keyboard is hidden

25-03-2025T07:20:42 - [MESSAGE][PASSED] - Keyboard is hidden

25-03-2025T07:20:42 - [TEST_STEP][PASSED] - delay(10): Delayed 10 second(s)

25-03-2025T07:20:52 - [MESSAGE][PASSED] - Delayed 10 second(s)

25-03-2025T07:20:52 - [TEST_STEP][PASSED] - setText(findTestObject("Object Repository/Repo/android.widget.EditText-LastName"), lastName, 0): Text 'Dhoni' has been set to element 'Object Repository/Repo/android.widget.EditText-LastName'

25-03-2025T07:20:52 - [MESSAGE][WARNING] - Timeout '0' is invalid. Using default page load timeout: '30'

25-03-2025T07:20:52 - [MESSAGE][PASSED] - Text 'Dhoni' has been set to element 'Object Repository/Repo/android.widget.EditText-LastName'

25-03-2025T07:20:52 - [TEST_STEP][PASSED] - hideKeyboard(): Keyboard is hidden

25-03-2025T07:20:53 - [MESSAGE][PASSED] - Keyboard is hidden

25-03-2025T07:20:53 - [TEST_STEP][PASSED] - delay(10): Delayed 10 second(s)

25-03-2025T07:21:03 - [MESSAGE][PASSED] - Delayed 10 second(s)

25-03-2025T07:21:03 - [TEST_STEP][PASSED] - sendKeys(findTestObject("Object Repository/Repo/android.widget.EditText-Password"), password): Send keys 'password' on test object 'Object Repository/Repo/android.widget.EditText-Password' successfully.

25-03-2025T07:21:03 - [MESSAGE][PASSED] - Send keys 'password' on test object 'Object Repository/Repo/android.widget.EditText-Password' successfully.

25-03-2025T07:21:03 - [TEST_STEP][PASSED] - delay(10): Delayed 10 second(s)

25-03-2025T07:21:13 - [MESSAGE][PASSED] - Delayed 10 second(s)

25-03-2025T07:21:13 - [TEST_STEP][PASSED] - sendKeys(findTestObject("Object Repository/Repo/android.widget.EditText-ConfirmPassword"), confirmPassword): Send keys 'password' on test object 'Object Repository/Repo/android.widget.EditText-ConfirmPassword' successfully.

25-03-2025T07:21:14 - [MESSAGE][PASSED] - Send keys 'password' on test object 'Object Repository/Repo/android.widget.EditText-ConfirmPassword' successfully.

25-03-2025T07:21:14 - [TEST_STEP][PASSED] - delay(10): Delayed 10 second(s)

25-03-2025T07:21:24 - [MESSAGE][PASSED] - Delayed 10 second(s)

25-03-2025T07:21:24 - [TEST_STEP][PASSED] - tap(findTestObject("Object Repository/Repo/android.widget.Button - Next (2)"), 0): Tapped on element 'Object Repository/Repo/android.widget.Button - Next (2)'

25-03-2025T07:21:24 - [MESSAGE][WARNING] - Timeout '0' is invalid. Using default page load timeout: '30'

25-03-2025T07:21:24 - [MESSAGE][PASSED] - Tapped on element 'Object Repository/Repo/android.widget.Button - Next (2)'

25-03-2025T07:21:24 - [TEST_STEP][PASSED] - delay(20): Delayed 20 second(s)

25-03-2025T07:21:44 - [MESSAGE][PASSED] - Delayed 20 second(s)

25-03-2025T07:21:44 - [TEST_STEP][PASSED] - scrollToText("etc)."): Scrolling to text 'etc).' successfully

25-03-2025T07:21:45 - [MESSAGE][PASSED] - Scrolling to text 'etc).' successfully

25-03-2025T07:21:45 - [TEST_STEP][PASSED] - delay(5): Delayed 5 second(s)

25-03-2025T07:21:50 - [MESSAGE][PASSED] - Delayed 5 second(s)

25-03-2025T07:21:50 - [TEST_STEP][PASSED] - tap(findTestObject("Object Repository/Repo/android.widget.Button - Agree to Terms  Conditions"), 0): Tapped on element 'Object Repository/Repo/android.widget.Button - Agree to Terms  Conditions'

25-03-2025T07:21:50 - [MESSAGE][WARNING] - Timeout '0' is invalid. Using default page load timeout: '30'

25-03-2025T07:21:50 - [MESSAGE][PASSED] - Tapped on element 'Object Repository/Repo/android.widget.Button - Agree to Terms  Conditions'

25-03-2025T07:21:50 - [TEST_STEP][PASSED] - delay(30): Delayed 30 second(s)

25-03-2025T07:22:20 - [MESSAGE][PASSED] - Delayed 30 second(s)

25-03-2025T07:22:20 - [TEST_STEP][PASSED] - setText(findTestObject("Object Repository/Repo/android.widget.EditText-OAM(Login)"), email, 0): Text 'ishakthigvvignesh@gmail.com' has been set to element 'Object Repository/Repo/android.widget.EditText-OAM(Login)'

25-03-2025T07:22:20 - [MESSAGE][WARNING] - Timeout '0' is invalid. Using default page load timeout: '30'

25-03-2025T07:22:21 - [MESSAGE][PASSED] - Text 'ishakthigvvignesh@gmail.com' has been set to element 'Object Repository/Repo/android.widget.EditText-OAM(Login)'

25-03-2025T07:22:21 - [TEST_STEP][PASSED] - hideKeyboard(): Keyboard is hidden

25-03-2025T07:22:21 - [MESSAGE][PASSED] - Keyboard is hidden

25-03-2025T07:22:21 - [TEST_STEP][PASSED] - delay(30): Delayed 30 second(s)

25-03-2025T07:22:51 - [MESSAGE][PASSED] - Delayed 30 second(s)

25-03-2025T07:22:51 - [TEST_STEP][PASSED] - setText(findTestObject("Object Repository/Repo/android.widget.EditText-OAM(Password)"), password, 0): Text 'password' has been set to element 'Object Repository/Repo/android.widget.EditText-OAM(Password)'

25-03-2025T07:22:51 - [MESSAGE][WARNING] - Timeout '0' is invalid. Using default page load timeout: '30'

25-03-2025T07:22:52 - [MESSAGE][PASSED] - Text 'password' has been set to element 'Object Repository/Repo/android.widget.EditText-OAM(Password)'

25-03-2025T07:22:52 - [TEST_STEP][PASSED] - hideKeyboard(): Keyboard is hidden

25-03-2025T07:22:52 - [MESSAGE][PASSED] - Keyboard is hidden

25-03-2025T07:22:52 - [TEST_STEP][PASSED] - delay(30): Delayed 30 second(s)

25-03-2025T07:23:22 - [MESSAGE][PASSED] - Delayed 30 second(s)

25-03-2025T07:23:22 - [TEST_STEP][PASSED] - tap(findTestObject("Object Repository/Repo/android.widget.Button -OAM(Login)"), 0): Tapped on element 'Object Repository/Repo/android.widget.Button -OAM(Login)'

25-03-2025T07:23:22 - [MESSAGE][WARNING] - Timeout '0' is invalid. Using default page load timeout: '30'

25-03-2025T07:23:23 - [MESSAGE][PASSED] - Tapped on element 'Object Repository/Repo/android.widget.Button -OAM(Login)'

25-03-2025T07:23:23 - [TEST_STEP][PASSED] - delay(30): Delayed 30 second(s)

25-03-2025T07:23:53 - [MESSAGE][PASSED] - Delayed 30 second(s)

25-03-2025T07:23:53 - [TEST_STEP][PASSED] - tap(findTestObject("Object Repository/Repo/android.widget.Button - Next-(VerifyAccount)"), 0): Tapped on element 'Object Repository/Repo/android.widget.Button - Next-(VerifyAccount)'

25-03-2025T07:23:53 - [MESSAGE][WARNING] - Timeout '0' is invalid. Using default page load timeout: '30'

25-03-2025T07:23:53 - [MESSAGE][PASSED] - Tapped on element 'Object Repository/Repo/android.widget.Button - Next-(VerifyAccount)'

25-03-2025T07:23:53 - [TEST_STEP][PASSED] - delay(10): Delayed 10 second(s)

25-03-2025T07:24:03 - [MESSAGE][PASSED] - Delayed 10 second(s)

25-03-2025T07:24:03 - [TEST_STEP][PASSED] - verifyElementExist(findTestObject("Object Repository/Repo/android.widget.TextView - Youve chosen to skip the email verification process. While you can explore the app as a guest, please note that certain features and functionalities may be limited"), 0): Element 'Object Repository/Repo/android.widget.TextView - Youve chosen to skip the email verification process. While you can explore the app as a guest, please note that certain features and functionalities may be limited' is exist

25-03-2025T07:24:03 - [MESSAGE][WARNING] - Timeout '0' is invalid. Using default page load timeout: '30'

25-03-2025T07:24:03 - [MESSAGE][PASSED] - Element 'Object Repository/Repo/android.widget.TextView - Youve chosen to skip the email verification process. While you can explore the app as a guest, please note that certain features and functionalities may be limited' is exist

25-03-2025T07:24:03 - [TEST_STEP][PASSED] - delay(10): Delayed 10 second(s)

25-03-2025T07:24:13 - [MESSAGE][PASSED] - Delayed 10 second(s)

25-03-2025T07:24:13 - [TEST_STEP][PASSED] - verifyElementExist(findTestObject("Object Repository/Repo/android.widget.TextView - To fully access all features"), 0): Element 'Object Repository/Repo/android.widget.TextView - To fully access all features' is exist

25-03-2025T07:24:13 - [MESSAGE][WARNING] - Timeout '0' is invalid. Using default page load timeout: '30'

25-03-2025T07:24:13 - [MESSAGE][PASSED] - Element 'Object Repository/Repo/android.widget.TextView - To fully access all features' is exist

25-03-2025T07:24:13 - [TEST_STEP][PASSED] - delay(10): Delayed 10 second(s)

25-03-2025T07:24:23 - [MESSAGE][PASSED] - Delayed 10 second(s)

25-03-2025T07:24:23 - [TEST_STEP][PASSED] - actualText = getText(findTestObject("Object Repository/Repo/android.widget.TextView - Youve chosen to skip the email verification process. While you can explore the app as a guest, please note that certain features and functionalities may be limited"), 0): Text of element 'Object Repository/Repo/android.widget.TextView - Youve chosen to skip the email verification process. While you can explore the app as a guest, please note that certain features and functionalities may be limited' is: 'You've chosen to skip the email verification process. While you can explore the app as a guest, please note that certain features and functionalities may be limited.'

25-03-2025T07:24:23 - [MESSAGE][WARNING] - Timeout '0' is invalid. Using default page load timeout: '30'

25-03-2025T07:24:24 - [MESSAGE][PASSED] - Text of element 'Object Repository/Repo/android.widget.TextView - Youve chosen to skip the email verification process. While you can explore the app as a guest, please note that certain features and functionalities may be limited' is: 'You've chosen to skip the email verification process. While you can explore the app as a guest, please note that certain features and functionalities may be limited.'

25-03-2025T07:24:24 - [TEST_STEP][PASSED] - expectedText = "You've chosen to skip the email verification process. While you can explore the app as a guest, please note that certain features and functionalities may be limited.": null

25-03-2025T07:24:24 - [TEST_STEP][PASSED] - assert actualText == expectedText: null

25-03-2025T07:24:24 - [TEST_STEP][PASSED] - verifyElementExist(findTestObject("Object Repository/Repo/android.widget.Button - Next (2)"), 0): Element 'Object Repository/Repo/android.widget.Button - Next (2)' is exist

25-03-2025T07:24:24 - [MESSAGE][WARNING] - Timeout '0' is invalid. Using default page load timeout: '30'

25-03-2025T07:24:24 - [MESSAGE][PASSED] - Element 'Object Repository/Repo/android.widget.Button - Next (2)' is exist

25-03-2025T07:24:24 - [TEST_STEP][PASSED] - delay(10): Delayed 10 second(s)

25-03-2025T07:24:34 - [MESSAGE][PASSED] - Delayed 10 second(s)

25-03-2025T07:24:34 - [TEST_STEP][PASSED] - tap(findTestObject("Object Repository/Repo/android.widget.Button - Next (2)"), 0): Tapped on element 'Object Repository/Repo/android.widget.Button - Next (2)'

25-03-2025T07:24:34 - [MESSAGE][WARNING] - Timeout '0' is invalid. Using default page load timeout: '30'

25-03-2025T07:24:34 - [MESSAGE][PASSED] - Tapped on element 'Object Repository/Repo/android.widget.Button - Next (2)'

25-03-2025T07:24:34 - [TEST_STEP][PASSED] - delay(10): Delayed 10 second(s)

25-03-2025T07:24:44 - [MESSAGE][PASSED] - Delayed 10 second(s)

25-03-2025T07:24:44 - [TEST_STEP][PASSED] - closeApplication(): Close app successfully

25-03-2025T07:24:47 - [MESSAGE][PASSED] - Close app successfully]]></system-out>
         <system-err><![CDATA[]]></system-err>
      </testcase>
      <testcase name="Test Cases/Sprint 2/WRMA-60/C728" time="106.585" classname="Test Cases/Sprint 2/WRMA-60/C728" status="PASSED">
         <system-out><![CDATA[25-03-2025T07:24:47 - [TEST_CASE][PASSED] - Test Cases/Sprint 2/WRMA-60/C728: Test Cases/Sprint 2/WRMA-60/C728

25-03-2025T07:24:47 - [TEST_STEP][PASSED] - startApplication("C:\Users\GVVignesh\git\WGR_Android\App Folder\universal.apk", true): Started application: 'C:\Users\GVVignesh\git\WGR_Android\App Folder\universal.apk'

25-03-2025T07:24:47 - [MESSAGE][INFO] - Starting application: 'C:\Users\GVVignesh\git\WGR_Android\App Folder\universal.apk'

25-03-2025T07:24:47 - [MESSAGE][INFO] - User set preference: ['deviceId', '']

25-03-2025T07:24:47 - [MESSAGE][INFO] - Detected NodeJS location: "C:\Program Files\nodejs\node.exe"

25-03-2025T07:24:57 - [MESSAGE][INFO] - PATH: C:\Program Files\nodejs;

25-03-2025T07:24:57 - [MESSAGE][INFO] - APPIUM_HOME: C:\Users\GVVignesh\.appium

25-03-2025T07:24:57 - [MESSAGE][INFO] - appium outlog: C:\Users\GVVignesh\Katalon Studio\WGR-Android-Automation\Reports\20250325_053528\WRMA Sprint1 and Sprint2 Android Report\20250325_053528\appium.log

25-03-2025T07:24:57 - [MESSAGE][INFO] - appium errlog: C:\Users\GVVignesh\Katalon Studio\WGR-Android-Automation\Reports\20250325_053528\WRMA Sprint1 and Sprint2 Android Report\20250325_053528\appium_error.log

25-03-2025T07:25:00 - [MESSAGE][INFO] - Appium server started on port 63,894

25-03-2025T07:25:35 - [MESSAGE][PASSED] - Started application: 'C:\Users\GVVignesh\git\WGR_Android\App Folder\universal.apk'

25-03-2025T07:25:35 - [TEST_STEP][PASSED] - delay(5): Delayed 5 second(s)

25-03-2025T07:25:40 - [MESSAGE][PASSED] - Delayed 5 second(s)

25-03-2025T07:25:40 - [TEST_STEP][PASSED] - tap(findTestObject("Object Repository/Repo/android.widget.Button - Login or Sign Up"), 0): Tapped on element 'Object Repository/Repo/android.widget.Button - Login or Sign Up'

25-03-2025T07:25:40 - [MESSAGE][WARNING] - Timeout '0' is invalid. Using default page load timeout: '30'

25-03-2025T07:25:42 - [MESSAGE][PASSED] - Tapped on element 'Object Repository/Repo/android.widget.Button - Login or Sign Up'

25-03-2025T07:25:42 - [TEST_STEP][PASSED] - delay(10): Delayed 10 second(s)

25-03-2025T07:25:52 - [MESSAGE][PASSED] - Delayed 10 second(s)

25-03-2025T07:25:52 - [TEST_STEP][PASSED] - testData = findTestData("Data Files/C728 (1)"): null

25-03-2025T07:25:52 - [TEST_STEP][PASSED] - email = testData.getValue("email", 1): null

25-03-2025T07:25:52 - [TEST_STEP][PASSED] - sendKeys(findTestObject("Object Repository/Repo/android.widget.EditText-LoginorSignUp"), email): Send keys 'emailuser@domain.com' on test object 'Object Repository/Repo/android.widget.EditText-LoginorSignUp' successfully.

25-03-2025T07:25:52 - [MESSAGE][PASSED] - Send keys 'emailuser@domain.com' on test object 'Object Repository/Repo/android.widget.EditText-LoginorSignUp' successfully.

25-03-2025T07:25:52 - [TEST_STEP][PASSED] - delay(10): Delayed 10 second(s)

25-03-2025T07:26:02 - [MESSAGE][PASSED] - Delayed 10 second(s)

25-03-2025T07:26:02 - [TEST_STEP][PASSED] - tap(findTestObject("Object Repository/Repo/android.widget.Button - Next"), 0): Tapped on element 'Object Repository/Repo/android.widget.Button - Next'

25-03-2025T07:26:02 - [MESSAGE][WARNING] - Timeout '0' is invalid. Using default page load timeout: '30'

25-03-2025T07:26:03 - [MESSAGE][PASSED] - Tapped on element 'Object Repository/Repo/android.widget.Button - Next'

25-03-2025T07:26:03 - [TEST_STEP][PASSED] - delay(10): Delayed 10 second(s)

25-03-2025T07:26:13 - [MESSAGE][PASSED] - Delayed 10 second(s)

25-03-2025T07:26:13 - [TEST_STEP][PASSED] - tap(findTestObject("Object Repository/Repo/android.widget.Button - reset"), 0): Tapped on element 'Object Repository/Repo/android.widget.Button - reset'

25-03-2025T07:26:13 - [MESSAGE][WARNING] - Timeout '0' is invalid. Using default page load timeout: '30'

25-03-2025T07:26:13 - [MESSAGE][PASSED] - Tapped on element 'Object Repository/Repo/android.widget.Button - reset'

25-03-2025T07:26:13 - [TEST_STEP][PASSED] - hideKeyboard(): Keyboard is hidden

25-03-2025T07:26:14 - [MESSAGE][PASSED] - Keyboard is hidden

25-03-2025T07:26:14 - [TEST_STEP][PASSED] - delay(10): Delayed 10 second(s)

25-03-2025T07:26:25 - [MESSAGE][PASSED] - Delayed 10 second(s)

25-03-2025T07:26:25 - [TEST_STEP][PASSED] - sendKeys(findTestObject("Object Repository/Repo/android.widget.EditText-NewUserEmail"), email): Send keys 'emailuser@domain.com' on test object 'Object Repository/Repo/android.widget.EditText-NewUserEmail' successfully.

25-03-2025T07:26:25 - [MESSAGE][PASSED] - Send keys 'emailuser@domain.com' on test object 'Object Repository/Repo/android.widget.EditText-NewUserEmail' successfully.

25-03-2025T07:26:25 - [TEST_STEP][PASSED] - enteredEmail = getText(findTestObject("Object Repository/Repo/android.widget.EditText-NewUserEmail"), 0): Text of element 'Object Repository/Repo/android.widget.EditText-NewUserEmail' is: 'emailuser@domain.com'

25-03-2025T07:26:25 - [MESSAGE][WARNING] - Timeout '0' is invalid. Using default page load timeout: '30'

25-03-2025T07:26:26 - [MESSAGE][PASSED] - Text of element 'Object Repository/Repo/android.widget.EditText-NewUserEmail' is: 'emailuser@domain.com'

25-03-2025T07:26:26 - [TEST_STEP][PASSED] - assert enteredEmail == email: null

25-03-2025T07:26:26 - [TEST_STEP][PASSED] - delay(5): Delayed 5 second(s)

25-03-2025T07:26:31 - [MESSAGE][PASSED] - Delayed 5 second(s)

25-03-2025T07:26:31 - [TEST_STEP][PASSED] - closeApplication(): Close app successfully

25-03-2025T07:26:34 - [MESSAGE][PASSED] - Close app successfully]]></system-out>
         <system-err><![CDATA[]]></system-err>
      </testcase>
      <system-out><![CDATA[25-03-2025T05:35:42 - [TEST_SUITE][FAILED] - WRMA Sprint1 and Sprint2 Android Report: Test Cases/Sprint 2/WRMA-161/C722 FAILED.
Reason:
com.kms.katalon.core.exception.StepFailedException: Failed to check for element 'Object Repository/Repo/android.widget.Button - LOGOUT' exist
	at com.kms.katalon.core.mobile.keyword.internal.MobileKeywordMain.stepFailed(MobileKeywordMain.groovy:64)
	at com.kms.katalon.core.mobile.keyword.internal.MobileKeywordMain.runKeyword(MobileKeywordMain.groovy:34)
	at com.kms.katalon.core.mobile.keyword.builtin.VerifyElementExistKeyword.verifyElementExist(VerifyElementExistKeyword.groovy:51)
	at com.kms.katalon.core.mobile.keyword.builtin.VerifyElementExistKeyword.execute(VerifyElementExistKeyword.groovy:35)
	at com.kms.katalon.core.keyword.internal.KeywordExecutor.executeKeywordForPlatform(KeywordExecutor.groovy:74)
	at com.kms.katalon.core.mobile.keyword.MobileBuiltInKeywords.verifyElementExist(MobileBuiltInKeywords.groovy:1726)
	at C722.run(C722:87)
	at com.kms.katalon.core.main.ScriptEngine.run(ScriptEngine.java:194)
	at com.kms.katalon.core.main.ScriptEngine.runScriptAsRawText(ScriptEngine.java:119)
	at com.kms.katalon.core.main.TestCaseExecutor.runScript(TestCaseExecutor.java:448)
	at com.kms.katalon.core.main.TestCaseExecutor.doExecute(TestCaseExecutor.java:439)
	at com.kms.katalon.core.main.TestCaseExecutor.processExecutionPhase(TestCaseExecutor.java:418)
	at com.kms.katalon.core.main.TestCaseExecutor.accessMainPhase(TestCaseExecutor.java:410)
	at com.kms.katalon.core.main.TestCaseExecutor.execute(TestCaseExecutor.java:285)
	at com.kms.katalon.core.common.CommonExecutor.accessTestCaseMainPhase(CommonExecutor.java:71)
	at com.kms.katalon.core.main.TestSuiteExecutor.accessTestSuiteMainPhase(TestSuiteExecutor.java:160)
	at com.kms.katalon.core.main.TestSuiteExecutor.execute(TestSuiteExecutor.java:107)
	at com.kms.katalon.core.main.TestCaseMain.startTestSuite(TestCaseMain.java:180)
	at TempTestSuite1742906128989.run(TempTestSuite1742906128989.groovy:35)
	at java.base/jdk.internal.reflect.NativeMethodAccessorImpl.invoke0(Native Method)
	at java.base/jdk.internal.reflect.NativeMethodAccessorImpl.invoke(NativeMethodAccessorImpl.java:77)
	at java.base/jdk.internal.reflect.DelegatingMethodAccessorImpl.invoke(DelegatingMethodAccessorImpl.java:43)
Caused by: com.kms.katalon.core.exception.StepFailedException: Element 'Object Repository/Repo/android.widget.Button - LOGOUT' not found
	at com.kms.katalon.core.mobile.keyword.internal.MobileKeywordMain.stepFailed(MobileKeywordMain.groovy:64)
	at com.kms.katalon.core.mobile.keyword.builtin.VerifyElementExistKeyword$_verifyElementExist_closure1.doCall(VerifyElementExistKeyword.groovy:48)
	at com.kms.katalon.core.mobile.keyword.builtin.VerifyElementExistKeyword$_verifyElementExist_closure1.call(VerifyElementExistKeyword.groovy)
	at com.kms.katalon.core.mobile.keyword.internal.MobileKeywordMain.runKeyword(MobileKeywordMain.groovy:30)
	... 20 more]]></system-out>
      <system-err><![CDATA[25-03-2025T05:35:42 - [TEST_SUITE][FAILED] - WRMA Sprint1 and Sprint2 Android Report: Test Cases/Sprint 2/WRMA-161/C722 FAILED.
Reason:
com.kms.katalon.core.exception.StepFailedException: Failed to check for element 'Object Repository/Repo/android.widget.Button - LOGOUT' exist
	at com.kms.katalon.core.mobile.keyword.internal.MobileKeywordMain.stepFailed(MobileKeywordMain.groovy:64)
	at com.kms.katalon.core.mobile.keyword.internal.MobileKeywordMain.runKeyword(MobileKeywordMain.groovy:34)
	at com.kms.katalon.core.mobile.keyword.builtin.VerifyElementExistKeyword.verifyElementExist(VerifyElementExistKeyword.groovy:51)
	at com.kms.katalon.core.mobile.keyword.builtin.VerifyElementExistKeyword.execute(VerifyElementExistKeyword.groovy:35)
	at com.kms.katalon.core.keyword.internal.KeywordExecutor.executeKeywordForPlatform(KeywordExecutor.groovy:74)
	at com.kms.katalon.core.mobile.keyword.MobileBuiltInKeywords.verifyElementExist(MobileBuiltInKeywords.groovy:1726)
	at C722.run(C722:87)
	at com.kms.katalon.core.main.ScriptEngine.run(ScriptEngine.java:194)
	at com.kms.katalon.core.main.ScriptEngine.runScriptAsRawText(ScriptEngine.java:119)
	at com.kms.katalon.core.main.TestCaseExecutor.runScript(TestCaseExecutor.java:448)
	at com.kms.katalon.core.main.TestCaseExecutor.doExecute(TestCaseExecutor.java:439)
	at com.kms.katalon.core.main.TestCaseExecutor.processExecutionPhase(TestCaseExecutor.java:418)
	at com.kms.katalon.core.main.TestCaseExecutor.accessMainPhase(TestCaseExecutor.java:410)
	at com.kms.katalon.core.main.TestCaseExecutor.execute(TestCaseExecutor.java:285)
	at com.kms.katalon.core.common.CommonExecutor.accessTestCaseMainPhase(CommonExecutor.java:71)
	at com.kms.katalon.core.main.TestSuiteExecutor.accessTestSuiteMainPhase(TestSuiteExecutor.java:160)
	at com.kms.katalon.core.main.TestSuiteExecutor.execute(TestSuiteExecutor.java:107)
	at com.kms.katalon.core.main.TestCaseMain.startTestSuite(TestCaseMain.java:180)
	at TempTestSuite1742906128989.run(TempTestSuite1742906128989.groovy:35)
	at java.base/jdk.internal.reflect.NativeMethodAccessorImpl.invoke0(Native Method)
	at java.base/jdk.internal.reflect.NativeMethodAccessorImpl.invoke(NativeMethodAccessorImpl.java:77)
	at java.base/jdk.internal.reflect.DelegatingMethodAccessorImpl.invoke(DelegatingMethodAccessorImpl.java:43)
Caused by: com.kms.katalon.core.exception.StepFailedException: Element 'Object Repository/Repo/android.widget.Button - LOGOUT' not found
	at com.kms.katalon.core.mobile.keyword.internal.MobileKeywordMain.stepFailed(MobileKeywordMain.groovy:64)
	at com.kms.katalon.core.mobile.keyword.builtin.VerifyElementExistKeyword$_verifyElementExist_closure1.doCall(VerifyElementExistKeyword.groovy:48)
	at com.kms.katalon.core.mobile.keyword.builtin.VerifyElementExistKeyword$_verifyElementExist_closure1.call(VerifyElementExistKeyword.groovy)
	at com.kms.katalon.core.mobile.keyword.internal.MobileKeywordMain.runKeyword(MobileKeywordMain.groovy:30)
	... 20 more]]></system-err>
   </testsuite>
</testsuites>
