<?xml version="1.0" encoding="UTF-8"?>
<testsuites name="WRMA-119" time="264.154" tests="1" failures="0" errors="0">
   <testsuite name="WRMA-119" tests="1" failures="0" errors="0" time="264.154" skipped="0" timestamp="25-03-2025T04:22:52" hostname="**********" id="Test Suites/WRMA-119">
      <properties>
         <property name="deviceName" value="samsung SM-A146B (Android 14)"/>
         <property name="devicePlatform" value="Android"/>
         <property name="logFolder" value="C:\\Users\\GVVignesh\\Katalon Studio\\WGR-Android-Automation\\Reports\\20250325_042249\\WRMA-119\\20250325_042249"/>
         <property name="logFiles" value="C:\\Users\\GVVignesh\\Katalon Studio\\WGR-Android-Automation\\Reports\\20250325_042249\\WRMA-119\\20250325_042249\\appium.log, C:\\Users\\GVVignesh\\Katalon Studio\\WGR-Android-Automation\\Reports\\20250325_042249\\WRMA-119\\20250325_042249\\appium_error.log, C:\\Users\\GVVignesh\\Katalon Studio\\WGR-Android-Automation\\Reports\\20250325_042249\\WRMA-119\\20250325_042249\\execution0.log"/>
         <property name="attachments" value=""/>
         <property name="hostName" value="**********"/>
         <property name="os" value="Windows 11 64bit"/>
         <property name="appiumServerStatus" value="{&quot;value&quot;:{&quot;ready&quot;:true,&quot;message&quot;:&quot;The server is ready to accept new connections&quot;,&quot;build&quot;:{&quot;version&quot;:&quot;2.16.0&quot;}}}"/>
         <property name="katalonVersion" value="10.1.1.0"/>
         <property name="deviceOS" value="Android"/>
         <property name="appiumVersion" value="2.16.0"/>
         <property name="deviceModel" value="SM-A146B"/>
         <property name="hostAddress" value="**********"/>
         <property name="deviceManufacturer" value="samsung"/>
         <property name="deviceId" value="adb-RZCW811B2MK-cCoIXY._adb-tls-connect._tcp"/>
         <property name="deviceName" value="samsung SM-A146B (Android 14)"/>
         <property name="deviceOSVersion" value="14"/>
      </properties>
      <testcase name="Test Cases/Sprint 2/WRMA-119/C764" time="263.954" classname="Test Cases/Sprint 2/WRMA-119/C764" status="PASSED">
         <system-out><![CDATA[25-03-2025T04:22:52 - [TEST_CASE][PASSED] - Test Cases/Sprint 2/WRMA-119/C764: Test Cases/Sprint 2/WRMA-119/C764

25-03-2025T04:22:53 - [TEST_STEP][PASSED] - startApplication("C:\Users\GVVignesh\git\WGR_Android\App Folder\app-debug.apk", true): Started application: 'C:\Users\GVVignesh\git\WGR_Android\App Folder\app-debug.apk'

25-03-2025T04:22:53 - [MESSAGE][INFO] - Starting application: 'C:\Users\GVVignesh\git\WGR_Android\App Folder\app-debug.apk'

25-03-2025T04:22:53 - [MESSAGE][INFO] - User set preference: ['deviceId', '']

25-03-2025T04:22:53 - [MESSAGE][INFO] - Detected NodeJS location: "C:\Program Files\nodejs\node.exe"

25-03-2025T04:23:03 - [MESSAGE][INFO] - PATH: C:\Program Files\nodejs;

25-03-2025T04:23:03 - [MESSAGE][INFO] - APPIUM_HOME: C:\Users\GVVignesh\.appium

25-03-2025T04:23:03 - [MESSAGE][INFO] - appium outlog: C:\Users\GVVignesh\Katalon Studio\WGR-Android-Automation\Reports\20250325_042249\WRMA-119\20250325_042249\appium.log

25-03-2025T04:23:03 - [MESSAGE][INFO] - appium errlog: C:\Users\GVVignesh\Katalon Studio\WGR-Android-Automation\Reports\20250325_042249\WRMA-119\20250325_042249\appium_error.log

25-03-2025T04:23:06 - [MESSAGE][INFO] - Appium server started on port 58,833

25-03-2025T04:24:13 - [MESSAGE][PASSED] - Started application: 'C:\Users\GVVignesh\git\WGR_Android\App Folder\app-debug.apk'

25-03-2025T04:24:13 - [TEST_STEP][PASSED] - delay(10): Delayed 10 second(s)

25-03-2025T04:24:23 - [MESSAGE][PASSED] - Delayed 10 second(s)

25-03-2025T04:24:23 - [TEST_STEP][PASSED] - verifyElementExist(findTestObject("Object Repository/Repo/android.view.View - Home"), 0): Element 'Object Repository/Repo/android.view.View - Home' is exist

25-03-2025T04:24:23 - [MESSAGE][WARNING] - Timeout '0' is invalid. Using default page load timeout: '30'

25-03-2025T04:24:24 - [MESSAGE][PASSED] - Element 'Object Repository/Repo/android.view.View - Home' is exist

25-03-2025T04:24:24 - [TEST_STEP][PASSED] - delay(5): Delayed 5 second(s)

25-03-2025T04:24:29 - [MESSAGE][PASSED] - Delayed 5 second(s)

25-03-2025T04:24:29 - [TEST_STEP][PASSED] - tap(findTestObject("Object Repository/Repo/android.view.View - Home"), 0): Tapped on element 'Object Repository/Repo/android.view.View - Home'

25-03-2025T04:24:29 - [MESSAGE][WARNING] - Timeout '0' is invalid. Using default page load timeout: '30'

25-03-2025T04:24:30 - [MESSAGE][PASSED] - Tapped on element 'Object Repository/Repo/android.view.View - Home'

25-03-2025T04:24:30 - [TEST_STEP][PASSED] - delay(10): Delayed 10 second(s)

25-03-2025T04:24:40 - [MESSAGE][PASSED] - Delayed 10 second(s)

25-03-2025T04:24:40 - [TEST_STEP][PASSED] - verifyElementExist(findTestObject("Object Repository/Repo/android.view.View - Home (1)"), 0): Element 'Object Repository/Repo/android.view.View - Home (1)' is exist

25-03-2025T04:24:40 - [MESSAGE][WARNING] - Timeout '0' is invalid. Using default page load timeout: '30'

25-03-2025T04:24:41 - [MESSAGE][PASSED] - Element 'Object Repository/Repo/android.view.View - Home (1)' is exist

25-03-2025T04:24:41 - [TEST_STEP][PASSED] - delay(5): Delayed 5 second(s)

25-03-2025T04:24:46 - [MESSAGE][PASSED] - Delayed 5 second(s)

25-03-2025T04:24:46 - [TEST_STEP][PASSED] - verifyElementExist(findTestObject("Object Repository/Repo/android.widget.TextView-Slide"), 0): Element 'Object Repository/Repo/android.widget.TextView-Slide' is exist

25-03-2025T04:24:46 - [MESSAGE][WARNING] - Timeout '0' is invalid. Using default page load timeout: '30'

25-03-2025T04:24:46 - [MESSAGE][PASSED] - Element 'Object Repository/Repo/android.widget.TextView-Slide' is exist

25-03-2025T04:24:46 - [TEST_STEP][PASSED] - startX = 1000: null

25-03-2025T04:24:46 - [TEST_STEP][PASSED] - startY = 2000: null

25-03-2025T04:24:46 - [TEST_STEP][PASSED] - endX = 200: null

25-03-2025T04:24:46 - [TEST_STEP][PASSED] - endY = 1000: null

25-03-2025T04:24:46 - [TEST_STEP][PASSED] - swipe(startX, startY, endX, endY): Swiped from 1,000,2,000 to 200,1,000

25-03-2025T04:24:48 - [MESSAGE][PASSED] - Swiped from 1,000,2,000 to 200,1,000

25-03-2025T04:24:48 - [TEST_STEP][PASSED] - delay(5): Delayed 5 second(s)

25-03-2025T04:24:53 - [MESSAGE][PASSED] - Delayed 5 second(s)

25-03-2025T04:24:53 - [TEST_STEP][PASSED] - homeText = View - Home (1)"), 0).trim(): Text of element 'Object Repository/Repo/android.view.View - Home (1)' is: 'Home'

25-03-2025T04:24:53 - [MESSAGE][WARNING] - Timeout '0' is invalid. Using default page load timeout: '30'

25-03-2025T04:24:53 - [MESSAGE][PASSED] - Text of element 'Object Repository/Repo/android.view.View - Home (1)' is: 'Home'

25-03-2025T04:24:53 - [TEST_STEP][PASSED] - println("Home Text: " + homeText): null

25-03-2025T04:24:53 - [TEST_STEP][PASSED] - verifyEqual(homeText, "Home", STOP_ON_FAILURE): Actual object 'Home' and expected object 'Home' are equal

25-03-2025T04:24:53 - [MESSAGE][PASSED] - Actual object 'Home' and expected object 'Home' are equal

25-03-2025T04:24:53 - [TEST_STEP][PASSED] - delay(5): Delayed 5 second(s)

25-03-2025T04:24:58 - [MESSAGE][PASSED] - Delayed 5 second(s)

25-03-2025T04:24:58 - [TEST_STEP][PASSED] - verifyElementExist(findTestObject("Object Repository/Repo/android.view.View - My Account (1)"), 0): Element 'Object Repository/Repo/android.view.View - My Account (1)' is exist

25-03-2025T04:24:58 - [MESSAGE][WARNING] - Timeout '0' is invalid. Using default page load timeout: '30'

25-03-2025T04:24:58 - [MESSAGE][PASSED] - Element 'Object Repository/Repo/android.view.View - My Account (1)' is exist

25-03-2025T04:24:58 - [TEST_STEP][PASSED] - delay(5): Delayed 5 second(s)

25-03-2025T04:25:03 - [MESSAGE][PASSED] - Delayed 5 second(s)

25-03-2025T04:25:03 - [TEST_STEP][PASSED] - myAccountText = View - My Account (1)"), 0).trim(): Text of element 'Object Repository/Repo/android.view.View - My Account (1)' is: 'My Account'

25-03-2025T04:25:03 - [MESSAGE][WARNING] - Timeout '0' is invalid. Using default page load timeout: '30'

25-03-2025T04:25:04 - [MESSAGE][PASSED] - Text of element 'Object Repository/Repo/android.view.View - My Account (1)' is: 'My Account'

25-03-2025T04:25:04 - [TEST_STEP][PASSED] - println("My Account Text: " + myAccountText): null

25-03-2025T04:25:04 - [TEST_STEP][PASSED] - verifyEqual(myAccountText, "My Account", STOP_ON_FAILURE): Actual object 'My Account' and expected object 'My Account' are equal

25-03-2025T04:25:04 - [MESSAGE][PASSED] - Actual object 'My Account' and expected object 'My Account' are equal

25-03-2025T04:25:04 - [TEST_STEP][PASSED] - delay(15): Delayed 15 second(s)

25-03-2025T04:25:19 - [MESSAGE][PASSED] - Delayed 15 second(s)

25-03-2025T04:25:19 - [TEST_STEP][PASSED] - scrollToText("Recommended for you"): Scrolling to text 'Recommended for you' successfully

25-03-2025T04:25:20 - [MESSAGE][PASSED] - Scrolling to text 'Recommended for you' successfully

25-03-2025T04:25:20 - [TEST_STEP][PASSED] - delay(5): Delayed 5 second(s)

25-03-2025T04:25:25 - [MESSAGE][PASSED] - Delayed 5 second(s)

25-03-2025T04:25:25 - [TEST_STEP][PASSED] - delay(5): Delayed 5 second(s)

25-03-2025T04:25:30 - [MESSAGE][PASSED] - Delayed 5 second(s)

25-03-2025T04:25:30 - [TEST_STEP][PASSED] - verifyElementExist(findTestObject("Object Repository/Repo/android.widget.TextView - RECOMMENDED FOR YOU"), 0): Element 'Object Repository/Repo/android.widget.TextView - RECOMMENDED FOR YOU' is exist

25-03-2025T04:25:30 - [MESSAGE][WARNING] - Timeout '0' is invalid. Using default page load timeout: '30'

25-03-2025T04:25:30 - [MESSAGE][PASSED] - Element 'Object Repository/Repo/android.widget.TextView - RECOMMENDED FOR YOU' is exist

25-03-2025T04:25:30 - [TEST_STEP][PASSED] - delay(5): Delayed 5 second(s)

25-03-2025T04:25:35 - [MESSAGE][PASSED] - Delayed 5 second(s)

25-03-2025T04:25:35 - [TEST_STEP][PASSED] - recommendedText = TextView - RECOMMENDED FOR YOU"), 0).trim(): Text of element 'Object Repository/Repo/android.widget.TextView - RECOMMENDED FOR YOU' is: 'RECOMMENDED FOR YOU'

25-03-2025T04:25:35 - [MESSAGE][WARNING] - Timeout '0' is invalid. Using default page load timeout: '30'

25-03-2025T04:25:36 - [MESSAGE][PASSED] - Text of element 'Object Repository/Repo/android.widget.TextView - RECOMMENDED FOR YOU' is: 'RECOMMENDED FOR YOU'

25-03-2025T04:25:36 - [TEST_STEP][PASSED] - println("Recommended Text: " + recommendedText): null

25-03-2025T04:25:36 - [TEST_STEP][PASSED] - verifyEqual(recommendedText, "RECOMMENDED FOR YOU", STOP_ON_FAILURE): Actual object 'RECOMMENDED FOR YOU' and expected object 'RECOMMENDED FOR YOU' are equal

25-03-2025T04:25:36 - [MESSAGE][PASSED] - Actual object 'RECOMMENDED FOR YOU' and expected object 'RECOMMENDED FOR YOU' are equal

25-03-2025T04:25:36 - [TEST_STEP][PASSED] - delay(5): Delayed 5 second(s)

25-03-2025T04:25:41 - [MESSAGE][PASSED] - Delayed 5 second(s)

25-03-2025T04:25:41 - [TEST_STEP][PASSED] - verifyElementExist(findTestObject("Object Repository/Repo/android.widget.TextView - THINGS TO DO"), 0): Element 'Object Repository/Repo/android.widget.TextView - THINGS TO DO' is exist

25-03-2025T04:25:41 - [MESSAGE][WARNING] - Timeout '0' is invalid. Using default page load timeout: '30'

25-03-2025T04:25:41 - [MESSAGE][PASSED] - Element 'Object Repository/Repo/android.widget.TextView - THINGS TO DO' is exist

25-03-2025T04:25:41 - [TEST_STEP][PASSED] - delay(5): Delayed 5 second(s)

25-03-2025T04:25:46 - [MESSAGE][PASSED] - Delayed 5 second(s)

25-03-2025T04:25:46 - [TEST_STEP][PASSED] - thingsToDoText = TextView - THINGS TO DO"), 0).trim(): Text of element 'Object Repository/Repo/android.widget.TextView - THINGS TO DO' is: 'THINGS TO DO'

25-03-2025T04:25:46 - [MESSAGE][WARNING] - Timeout '0' is invalid. Using default page load timeout: '30'

25-03-2025T04:25:46 - [MESSAGE][PASSED] - Text of element 'Object Repository/Repo/android.widget.TextView - THINGS TO DO' is: 'THINGS TO DO'

25-03-2025T04:25:46 - [TEST_STEP][PASSED] - println("Things to Do Text: " + thingsToDoText): null

25-03-2025T04:25:46 - [TEST_STEP][PASSED] - verifyEqual(thingsToDoText, "THINGS TO DO", STOP_ON_FAILURE): Actual object 'THINGS TO DO' and expected object 'THINGS TO DO' are equal

25-03-2025T04:25:46 - [MESSAGE][PASSED] - Actual object 'THINGS TO DO' and expected object 'THINGS TO DO' are equal

25-03-2025T04:25:46 - [TEST_STEP][PASSED] - delay(5): Delayed 5 second(s)

25-03-2025T04:25:51 - [MESSAGE][PASSED] - Delayed 5 second(s)

25-03-2025T04:25:51 - [TEST_STEP][PASSED] - verifyElementExist(findTestObject("Object Repository/Repo/android.view.View-gain access"), 0): Element 'Object Repository/Repo/android.view.View-gain access' is exist

25-03-2025T04:25:51 - [MESSAGE][WARNING] - Timeout '0' is invalid. Using default page load timeout: '30'

25-03-2025T04:25:52 - [MESSAGE][PASSED] - Element 'Object Repository/Repo/android.view.View-gain access' is exist

25-03-2025T04:25:52 - [TEST_STEP][PASSED] - delay(5): Delayed 5 second(s)

25-03-2025T04:25:57 - [MESSAGE][PASSED] - Delayed 5 second(s)

25-03-2025T04:25:57 - [TEST_STEP][PASSED] - gainAccessText = TextView - Gain access to a"), 0).trim(): Text of element 'Object Repository/Repo/android.widget.TextView - Gain access to a' is: 'Gain access to a'

25-03-2025T04:25:57 - [MESSAGE][WARNING] - Timeout '0' is invalid. Using default page load timeout: '30'

25-03-2025T04:25:57 - [MESSAGE][PASSED] - Text of element 'Object Repository/Repo/android.widget.TextView - Gain access to a' is: 'Gain access to a'

25-03-2025T04:25:57 - [TEST_STEP][PASSED] - println("Gain Access Text: " + gainAccessText): null

25-03-2025T04:25:57 - [TEST_STEP][PASSED] - verifyEqual(gainAccessText, "Gain access to a", STOP_ON_FAILURE): Actual object 'Gain access to a' and expected object 'Gain access to a' are equal

25-03-2025T04:25:57 - [MESSAGE][PASSED] - Actual object 'Gain access to a' and expected object 'Gain access to a' are equal

25-03-2025T04:25:57 - [TEST_STEP][PASSED] - delay(5): Delayed 5 second(s)

25-03-2025T04:26:02 - [MESSAGE][PASSED] - Delayed 5 second(s)

25-03-2025T04:26:02 - [TEST_STEP][PASSED] - customizedExperienceText = TextView - customized experience"), 0).trim(): Text of element 'Object Repository/Repo/android.widget.TextView - customized experience' is: 'customized experience'

25-03-2025T04:26:02 - [MESSAGE][WARNING] - Timeout '0' is invalid. Using default page load timeout: '30'

25-03-2025T04:26:02 - [MESSAGE][PASSED] - Text of element 'Object Repository/Repo/android.widget.TextView - customized experience' is: 'customized experience'

25-03-2025T04:26:02 - [TEST_STEP][PASSED] - println("Customized Experience Text: " + customizedExperienceText): null

25-03-2025T04:26:02 - [TEST_STEP][PASSED] - verifyEqual(customizedExperienceText, "customized experience", STOP_ON_FAILURE): Actual object 'customized experience' and expected object 'customized experience' are equal

25-03-2025T04:26:02 - [MESSAGE][PASSED] - Actual object 'customized experience' and expected object 'customized experience' are equal

25-03-2025T04:26:02 - [TEST_STEP][PASSED] - delay(5): Delayed 5 second(s)

25-03-2025T04:26:07 - [MESSAGE][PASSED] - Delayed 5 second(s)

25-03-2025T04:26:07 - [TEST_STEP][PASSED] - verifyElementExist(findTestObject("Object Repository/Repo/android.widget.TextView - Login"), 0): Element 'Object Repository/Repo/android.widget.TextView - Login' is exist

25-03-2025T04:26:07 - [MESSAGE][WARNING] - Timeout '0' is invalid. Using default page load timeout: '30'

25-03-2025T04:26:09 - [MESSAGE][PASSED] - Element 'Object Repository/Repo/android.widget.TextView - Login' is exist

25-03-2025T04:26:09 - [TEST_STEP][PASSED] - delay(5): Delayed 5 second(s)

25-03-2025T04:26:14 - [MESSAGE][PASSED] - Delayed 5 second(s)

25-03-2025T04:26:14 - [TEST_STEP][PASSED] - loginText = TextView - Login"), 0).trim(): Text of element 'Object Repository/Repo/android.widget.TextView - Login' is: 'Login'

25-03-2025T04:26:14 - [MESSAGE][WARNING] - Timeout '0' is invalid. Using default page load timeout: '30'

25-03-2025T04:26:14 - [MESSAGE][PASSED] - Text of element 'Object Repository/Repo/android.widget.TextView - Login' is: 'Login'

25-03-2025T04:26:14 - [TEST_STEP][PASSED] - println("Login Text: " + loginText): null

25-03-2025T04:26:14 - [TEST_STEP][PASSED] - verifyEqual(loginText, "Login", STOP_ON_FAILURE): Actual object 'Login' and expected object 'Login' are equal

25-03-2025T04:26:14 - [MESSAGE][PASSED] - Actual object 'Login' and expected object 'Login' are equal

25-03-2025T04:26:14 - [TEST_STEP][PASSED] - tap(findTestObject("Object Repository/Repo/android.widget.TextView - Login"), 0): Tapped on element 'Object Repository/Repo/android.widget.TextView - Login'

25-03-2025T04:26:14 - [MESSAGE][WARNING] - Timeout '0' is invalid. Using default page load timeout: '30'

25-03-2025T04:26:15 - [MESSAGE][PASSED] - Tapped on element 'Object Repository/Repo/android.widget.TextView - Login'

25-03-2025T04:26:15 - [TEST_STEP][PASSED] - delay(30): Delayed 30 second(s)

25-03-2025T04:26:45 - [MESSAGE][PASSED] - Delayed 30 second(s)

25-03-2025T04:26:45 - [TEST_STEP][PASSED] - verifyElementExist(findTestObject("Object Repository/Repo/android.widget.TextView - WESTGATE Online Account Management"), 0): Element 'Object Repository/Repo/android.widget.TextView - WESTGATE Online Account Management' is exist

25-03-2025T04:26:45 - [MESSAGE][WARNING] - Timeout '0' is invalid. Using default page load timeout: '30'

25-03-2025T04:27:07 - [MESSAGE][PASSED] - Element 'Object Repository/Repo/android.widget.TextView - WESTGATE Online Account Management' is exist

25-03-2025T04:27:07 - [TEST_STEP][PASSED] - delay(5): Delayed 5 second(s)

25-03-2025T04:27:12 - [MESSAGE][PASSED] - Delayed 5 second(s)

25-03-2025T04:27:12 - [TEST_STEP][PASSED] - westgateText = TextView - WESTGATE Online Account Management"), 0).trim(): Text of element 'Object Repository/Repo/android.widget.TextView - WESTGATE Online Account Management' is: 'WESTGATE Online Account Management'

25-03-2025T04:27:12 - [MESSAGE][WARNING] - Timeout '0' is invalid. Using default page load timeout: '30'

25-03-2025T04:27:13 - [MESSAGE][PASSED] - Text of element 'Object Repository/Repo/android.widget.TextView - WESTGATE Online Account Management' is: 'WESTGATE Online Account Management'

25-03-2025T04:27:13 - [TEST_STEP][PASSED] - println("WESTGATE Text: " + westgateText): null

25-03-2025T04:27:13 - [TEST_STEP][PASSED] - verifyEqual(westgateText, "WESTGATE Online Account Management", STOP_ON_FAILURE): Actual object 'WESTGATE Online Account Management' and expected object 'WESTGATE Online Account Management' are equal

25-03-2025T04:27:13 - [MESSAGE][PASSED] - Actual object 'WESTGATE Online Account Management' and expected object 'WESTGATE Online Account Management' are equal

25-03-2025T04:27:13 - [TEST_STEP][PASSED] - closeApplication(): Close app successfully

25-03-2025T04:27:16 - [MESSAGE][PASSED] - Close app successfully]]></system-out>
         <system-err><![CDATA[]]></system-err>
      </testcase>
      <system-out><![CDATA[25-03-2025T04:22:52 - [TEST_SUITE][PASSED] - WRMA-119: Test Cases/Sprint 2/WRMA-119/C764]]></system-out>
      <system-err><![CDATA[]]></system-err>
   </testsuite>
</testsuites>
