<?xml version="1.0" encoding="UTF-8"?>
<testsuites name="New Test Suite" time="946.162" tests="5" failures="0" errors="0">
   <testsuite name="New Test Suite" tests="5" failures="0" errors="0" time="946.162" skipped="0" timestamp="25-03-2025T05:17:52" hostname="**********" id="Test Suites/New Test Suite">
      <properties>
         <property name="deviceName" value="samsung SM-A146B (Android 14)"/>
         <property name="devicePlatform" value="Android"/>
         <property name="logFolder" value="C:\\Users\\GVVignesh\\Katalon Studio\\WGR-Android-Automation\\Reports\\20250325_051739\\New Test Suite\\20250325_051739"/>
         <property name="logFiles" value="C:\\Users\\GVVignesh\\Katalon Studio\\WGR-Android-Automation\\Reports\\20250325_051739\\New Test Suite\\20250325_051739\\appium.log, C:\\Users\\GVVignesh\\Katalon Studio\\WGR-Android-Automation\\Reports\\20250325_051739\\New Test Suite\\20250325_051739\\appium_error.log, C:\\Users\\GVVignesh\\Katalon Studio\\WGR-Android-Automation\\Reports\\20250325_051739\\New Test Suite\\20250325_051739\\execution0.log"/>
         <property name="attachments" value=""/>
         <property name="hostName" value="**********"/>
         <property name="os" value="Windows 11 64bit"/>
         <property name="appiumServerStatus" value="{&quot;value&quot;:{&quot;ready&quot;:true,&quot;message&quot;:&quot;The server is ready to accept new connections&quot;,&quot;build&quot;:{&quot;version&quot;:&quot;2.16.0&quot;}}}"/>
         <property name="katalonVersion" value="10.1.1.0"/>
         <property name="deviceOS" value="Android"/>
         <property name="appiumVersion" value="2.16.0"/>
         <property name="deviceModel" value="SM-A146B"/>
         <property name="hostAddress" value="**********"/>
         <property name="deviceManufacturer" value="samsung"/>
         <property name="deviceId" value="adb-RZCW811B2MK-cCoIXY._adb-tls-connect._tcp"/>
         <property name="deviceName" value="samsung SM-A146B (Android 14)"/>
         <property name="deviceOSVersion" value="14"/>
      </properties>
      <testcase name="Test Cases/Sprint 2/WRMA-257/C684" time="238.29" classname="Test Cases/Sprint 2/WRMA-257/C684" status="PASSED">
         <system-out><![CDATA[25-03-2025T05:17:52 - [TEST_CASE][PASSED] - Test Cases/Sprint 2/WRMA-257/C684: Test Cases/Sprint 2/WRMA-257/C684

25-03-2025T05:17:52 - [TEST_STEP][PASSED] - testData = findTestData("Data Files/C684 (1)"): null

25-03-2025T05:17:53 - [TEST_STEP][PASSED] - email = testData.getValue("Email", 1): null

25-03-2025T05:17:53 - [TEST_STEP][PASSED] - username = testData.getValue("Username", 1): null

25-03-2025T05:17:53 - [TEST_STEP][PASSED] - password = testData.getValue("Password", 1): null

25-03-2025T05:17:53 - [TEST_STEP][PASSED] - confirmPassword = testData.getValue("ConfirmPassword", 1): null

25-03-2025T05:17:53 - [TEST_STEP][PASSED] - firstName = testData.getValue("FirstName", 1): null

25-03-2025T05:17:53 - [TEST_STEP][PASSED] - lastName = testData.getValue("LastName", 1): null

25-03-2025T05:17:53 - [TEST_STEP][PASSED] - startApplication("C:\Users\GVVignesh\git\WGR_Android\App Folder\universal.apk", true): Started application: 'C:\Users\GVVignesh\git\WGR_Android\App Folder\universal.apk'

25-03-2025T05:17:53 - [MESSAGE][INFO] - Starting application: 'C:\Users\GVVignesh\git\WGR_Android\App Folder\universal.apk'

25-03-2025T05:17:53 - [MESSAGE][INFO] - User set preference: ['deviceId', '']

25-03-2025T05:17:53 - [MESSAGE][INFO] - Detected NodeJS location: "C:\Program Files\nodejs\node.exe"

25-03-2025T05:18:03 - [MESSAGE][INFO] - PATH: C:\Program Files\nodejs;

25-03-2025T05:18:03 - [MESSAGE][INFO] - APPIUM_HOME: C:\Users\GVVignesh\.appium

25-03-2025T05:18:03 - [MESSAGE][INFO] - appium outlog: C:\Users\GVVignesh\Katalon Studio\WGR-Android-Automation\Reports\20250325_051739\New Test Suite\20250325_051739\appium.log

25-03-2025T05:18:03 - [MESSAGE][INFO] - appium errlog: C:\Users\GVVignesh\Katalon Studio\WGR-Android-Automation\Reports\20250325_051739\New Test Suite\20250325_051739\appium_error.log

25-03-2025T05:18:06 - [MESSAGE][INFO] - Appium server started on port 49,227

25-03-2025T05:18:47 - [MESSAGE][PASSED] - Started application: 'C:\Users\GVVignesh\git\WGR_Android\App Folder\universal.apk'

25-03-2025T05:18:47 - [TEST_STEP][PASSED] - delay(10): Delayed 10 second(s)

25-03-2025T05:18:57 - [MESSAGE][PASSED] - Delayed 10 second(s)

25-03-2025T05:18:57 - [TEST_STEP][PASSED] - tap(findTestObject("Object Repository/Repo/android.widget.Button - Login or Sign Up"), 0): Tapped on element 'Object Repository/Repo/android.widget.Button - Login or Sign Up'

25-03-2025T05:18:57 - [MESSAGE][WARNING] - Timeout '0' is invalid. Using default page load timeout: '30'

25-03-2025T05:18:58 - [MESSAGE][PASSED] - Tapped on element 'Object Repository/Repo/android.widget.Button - Login or Sign Up'

25-03-2025T05:18:58 - [TEST_STEP][PASSED] - delay(10): Delayed 10 second(s)

25-03-2025T05:19:08 - [MESSAGE][PASSED] - Delayed 10 second(s)

25-03-2025T05:19:08 - [TEST_STEP][PASSED] - setText(findTestObject("Object Repository/Repo/android.widget.EditText-LoginorSignUp"), email, 0): Text 'a@dhl.com' has been set to element 'Object Repository/Repo/android.widget.EditText-LoginorSignUp'

25-03-2025T05:19:08 - [MESSAGE][WARNING] - Timeout '0' is invalid. Using default page load timeout: '30'

25-03-2025T05:19:10 - [MESSAGE][PASSED] - Text 'a@dhl.com' has been set to element 'Object Repository/Repo/android.widget.EditText-LoginorSignUp'

25-03-2025T05:19:10 - [TEST_STEP][PASSED] - hideKeyboard(): Keyboard is hidden

25-03-2025T05:19:11 - [MESSAGE][PASSED] - Keyboard is hidden

25-03-2025T05:19:11 - [TEST_STEP][PASSED] - delay(10): Delayed 10 second(s)

25-03-2025T05:19:21 - [MESSAGE][PASSED] - Delayed 10 second(s)

25-03-2025T05:19:21 - [TEST_STEP][PASSED] - tap(findTestObject("Object Repository/Repo/android.widget.Button - Next"), 0): Tapped on element 'Object Repository/Repo/android.widget.Button - Next'

25-03-2025T05:19:21 - [MESSAGE][WARNING] - Timeout '0' is invalid. Using default page load timeout: '30'

25-03-2025T05:19:21 - [MESSAGE][PASSED] - Tapped on element 'Object Repository/Repo/android.widget.Button - Next'

25-03-2025T05:19:21 - [TEST_STEP][PASSED] - delay(10): Delayed 10 second(s)

25-03-2025T05:19:31 - [MESSAGE][PASSED] - Delayed 10 second(s)

25-03-2025T05:19:31 - [TEST_STEP][PASSED] - setText(findTestObject("Object Repository/Repo/android.widget.EditText-confirm email address"), username, 0): Text 'a@dhl.com' has been set to element 'Object Repository/Repo/android.widget.EditText-confirm email address'

25-03-2025T05:19:31 - [MESSAGE][WARNING] - Timeout '0' is invalid. Using default page load timeout: '30'

25-03-2025T05:19:32 - [MESSAGE][PASSED] - Text 'a@dhl.com' has been set to element 'Object Repository/Repo/android.widget.EditText-confirm email address'

25-03-2025T05:19:32 - [TEST_STEP][PASSED] - hideKeyboard(): Keyboard is hidden

25-03-2025T05:19:33 - [MESSAGE][PASSED] - Keyboard is hidden

25-03-2025T05:19:33 - [TEST_STEP][PASSED] - delay(10): Delayed 10 second(s)

25-03-2025T05:19:43 - [MESSAGE][PASSED] - Delayed 10 second(s)

25-03-2025T05:19:43 - [TEST_STEP][PASSED] - tap(findTestObject("Object Repository/Repo/android.widget.Button - Next (1)"), 0): Tapped on element 'Object Repository/Repo/android.widget.Button - Next (1)'

25-03-2025T05:19:43 - [MESSAGE][WARNING] - Timeout '0' is invalid. Using default page load timeout: '30'

25-03-2025T05:19:43 - [MESSAGE][PASSED] - Tapped on element 'Object Repository/Repo/android.widget.Button - Next (1)'

25-03-2025T05:19:43 - [TEST_STEP][PASSED] - delay(10): Delayed 10 second(s)

25-03-2025T05:19:53 - [MESSAGE][PASSED] - Delayed 10 second(s)

25-03-2025T05:19:53 - [TEST_STEP][PASSED] - setText(findTestObject("Object Repository/Repo/android.widget.EditText-FirstName"), firstName, 0): Text 'a' has been set to element 'Object Repository/Repo/android.widget.EditText-FirstName'

25-03-2025T05:19:53 - [MESSAGE][WARNING] - Timeout '0' is invalid. Using default page load timeout: '30'

25-03-2025T05:19:53 - [MESSAGE][PASSED] - Text 'a' has been set to element 'Object Repository/Repo/android.widget.EditText-FirstName'

25-03-2025T05:19:53 - [TEST_STEP][PASSED] - hideKeyboard(): Keyboard is hidden

25-03-2025T05:19:54 - [MESSAGE][PASSED] - Keyboard is hidden

25-03-2025T05:19:54 - [TEST_STEP][PASSED] - delay(10): Delayed 10 second(s)

25-03-2025T05:20:04 - [MESSAGE][PASSED] - Delayed 10 second(s)

25-03-2025T05:20:04 - [TEST_STEP][PASSED] - setText(findTestObject("Object Repository/Repo/android.widget.EditText-LastName"), lastName, 0): Text 'b' has been set to element 'Object Repository/Repo/android.widget.EditText-LastName'

25-03-2025T05:20:04 - [MESSAGE][WARNING] - Timeout '0' is invalid. Using default page load timeout: '30'

25-03-2025T05:20:06 - [MESSAGE][PASSED] - Text 'b' has been set to element 'Object Repository/Repo/android.widget.EditText-LastName'

25-03-2025T05:20:06 - [TEST_STEP][PASSED] - hideKeyboard(): Keyboard is hidden

25-03-2025T05:20:07 - [MESSAGE][PASSED] - Keyboard is hidden

25-03-2025T05:20:07 - [TEST_STEP][PASSED] - delay(10): Delayed 10 second(s)

25-03-2025T05:20:17 - [MESSAGE][PASSED] - Delayed 10 second(s)

25-03-2025T05:20:17 - [TEST_STEP][PASSED] - sendKeys(findTestObject("Object Repository/Repo/android.widget.EditText-Password"), password): Send keys 'A1b2c3d4e5f6g7h8i9j0kq' on test object 'Object Repository/Repo/android.widget.EditText-Password' successfully.

25-03-2025T05:20:17 - [MESSAGE][PASSED] - Send keys 'A1b2c3d4e5f6g7h8i9j0kq' on test object 'Object Repository/Repo/android.widget.EditText-Password' successfully.

25-03-2025T05:20:17 - [TEST_STEP][PASSED] - delay(10): Delayed 10 second(s)

25-03-2025T05:20:27 - [MESSAGE][PASSED] - Delayed 10 second(s)

25-03-2025T05:20:27 - [TEST_STEP][PASSED] - sendKeys(findTestObject("Object Repository/Repo/android.widget.EditText-ConfirmPassword"), confirmPassword): Send keys 'A1b2c3d4e5f6g7h8i9j0kq' on test object 'Object Repository/Repo/android.widget.EditText-ConfirmPassword' successfully.

25-03-2025T05:20:27 - [MESSAGE][PASSED] - Send keys 'A1b2c3d4e5f6g7h8i9j0kq' on test object 'Object Repository/Repo/android.widget.EditText-ConfirmPassword' successfully.

25-03-2025T05:20:27 - [TEST_STEP][PASSED] - delay(10): Delayed 10 second(s)

25-03-2025T05:20:37 - [MESSAGE][PASSED] - Delayed 10 second(s)

25-03-2025T05:20:37 - [TEST_STEP][PASSED] - tap(findTestObject("Object Repository/Repo/android.widget.TextView - New User Registration"), 0): Tapped on element 'Object Repository/Repo/android.widget.TextView - New User Registration'

25-03-2025T05:20:37 - [MESSAGE][WARNING] - Timeout '0' is invalid. Using default page load timeout: '30'

25-03-2025T05:20:38 - [MESSAGE][PASSED] - Tapped on element 'Object Repository/Repo/android.widget.TextView - New User Registration'

25-03-2025T05:20:38 - [TEST_STEP][PASSED] - delay(15): Delayed 15 second(s)

25-03-2025T05:20:53 - [MESSAGE][PASSED] - Delayed 15 second(s)

25-03-2025T05:20:53 - [TEST_STEP][PASSED] - tap(findTestObject("Object Repository/Repo/android.widget.EditText-Password"), 0): Tapped on element 'Object Repository/Repo/android.widget.EditText-Password'

25-03-2025T05:20:53 - [MESSAGE][WARNING] - Timeout '0' is invalid. Using default page load timeout: '30'

25-03-2025T05:20:53 - [MESSAGE][PASSED] - Tapped on element 'Object Repository/Repo/android.widget.EditText-Password'

25-03-2025T05:20:53 - [TEST_STEP][PASSED] - hideKeyboard(): Keyboard is hidden

25-03-2025T05:20:54 - [MESSAGE][PASSED] - Keyboard is hidden

25-03-2025T05:20:54 - [TEST_STEP][PASSED] - sendKeys(findTestObject("Object Repository/Repo/android.widget.EditText-Password"), password): Send keys 'A1b2c3d4e5f6g7h8i9j0kq' on test object 'Object Repository/Repo/android.widget.EditText-Password' successfully.

25-03-2025T05:20:55 - [MESSAGE][PASSED] - Send keys 'A1b2c3d4e5f6g7h8i9j0kq' on test object 'Object Repository/Repo/android.widget.EditText-Password' successfully.

25-03-2025T05:20:55 - [TEST_STEP][PASSED] - delay(15): Delayed 15 second(s)

25-03-2025T05:21:10 - [MESSAGE][PASSED] - Delayed 15 second(s)

25-03-2025T05:21:10 - [TEST_STEP][PASSED] - tap(findTestObject("Object Repository/Repo/android.widget.TextView - Your password must be between 8 and 20 characters and may not contain spaces"), 0): Tapped on element 'Object Repository/Repo/android.widget.TextView - Your password must be between 8 and 20 characters and may not contain spaces'

25-03-2025T05:21:10 - [MESSAGE][WARNING] - Timeout '0' is invalid. Using default page load timeout: '30'

25-03-2025T05:21:11 - [MESSAGE][PASSED] - Tapped on element 'Object Repository/Repo/android.widget.TextView - Your password must be between 8 and 20 characters and may not contain spaces'

25-03-2025T05:21:11 - [TEST_STEP][PASSED] - hideKeyboard(): Keyboard is hidden

25-03-2025T05:21:11 - [MESSAGE][PASSED] - Keyboard is hidden

25-03-2025T05:21:11 - [TEST_STEP][PASSED] - delay(15): Delayed 15 second(s)

25-03-2025T05:21:26 - [MESSAGE][PASSED] - Delayed 15 second(s)

25-03-2025T05:21:26 - [TEST_STEP][PASSED] - verifyElementExist(findTestObject("Object Repository/Repo/android.widget.TextView -  Password does not meet security requirements"), 0): Element 'Object Repository/Repo/android.widget.TextView -  Password does not meet security requirements' is exist

25-03-2025T05:21:26 - [MESSAGE][WARNING] - Timeout '0' is invalid. Using default page load timeout: '30'

25-03-2025T05:21:26 - [MESSAGE][PASSED] - Element 'Object Repository/Repo/android.widget.TextView -  Password does not meet security requirements' is exist

25-03-2025T05:21:26 - [TEST_STEP][PASSED] - delay(15): Delayed 15 second(s)

25-03-2025T05:21:41 - [MESSAGE][PASSED] - Delayed 15 second(s)

25-03-2025T05:21:41 - [TEST_STEP][PASSED] - errorMessage = getText(findTestObject("Object Repository/Repo/android.widget.TextView -  Password does not meet security requirements"), 0): Text of element 'Object Repository/Repo/android.widget.TextView -  Password does not meet security requirements' is: ' Password does not meet security requirements.
'

25-03-2025T05:21:41 - [MESSAGE][WARNING] - Timeout '0' is invalid. Using default page load timeout: '30'

25-03-2025T05:21:42 - [MESSAGE][PASSED] - Text of element 'Object Repository/Repo/android.widget.TextView -  Password does not meet security requirements' is: ' Password does not meet security requirements.
'

25-03-2025T05:21:42 - [TEST_STEP][PASSED] - errorMessage = errorMessage.trim(): null

25-03-2025T05:21:42 - [TEST_STEP][PASSED] - expectedPartialText = "Password does not meet security requirements": null

25-03-2025T05:21:42 - [TEST_STEP][PASSED] - assert errorMessage.contains(expectedPartialText): null

25-03-2025T05:21:42 - [TEST_STEP][PASSED] - delay(5): Delayed 5 second(s)

25-03-2025T05:21:47 - [MESSAGE][PASSED] - Delayed 5 second(s)

25-03-2025T05:21:47 - [TEST_STEP][PASSED] - closeApplication(): Close app successfully

25-03-2025T05:21:50 - [MESSAGE][PASSED] - Close app successfully]]></system-out>
         <system-err><![CDATA[]]></system-err>
      </testcase>
      <testcase name="Test Cases/Sprint 2/WRMA-257/C685" time="170.248" classname="Test Cases/Sprint 2/WRMA-257/C685" status="PASSED">
         <system-out><![CDATA[25-03-2025T05:21:50 - [TEST_CASE][PASSED] - Test Cases/Sprint 2/WRMA-257/C685: Test Cases/Sprint 2/WRMA-257/C685

25-03-2025T05:21:50 - [TEST_STEP][PASSED] - testData = findTestData("Data Files/C685 (1)"): null

25-03-2025T05:21:50 - [TEST_STEP][PASSED] - email = testData.getValue("Email", 1): null

25-03-2025T05:21:50 - [TEST_STEP][PASSED] - username = testData.getValue("Username", 1): null

25-03-2025T05:21:50 - [TEST_STEP][PASSED] - firstName = testData.getValue("FirstName", 1): null

25-03-2025T05:21:50 - [TEST_STEP][PASSED] - lastName = testData.getValue("LastName", 1): null

25-03-2025T05:21:50 - [TEST_STEP][PASSED] - password = testData.getValue("Password", 1): null

25-03-2025T05:21:50 - [TEST_STEP][PASSED] - confirmPassword = testData.getValue("ConfirmPassword", 1): null

25-03-2025T05:21:50 - [TEST_STEP][PASSED] - startApplication("C:\Users\GVVignesh\git\WGR_Android\App Folder\universal.apk", true): Started application: 'C:\Users\GVVignesh\git\WGR_Android\App Folder\universal.apk'

25-03-2025T05:21:50 - [MESSAGE][INFO] - Starting application: 'C:\Users\GVVignesh\git\WGR_Android\App Folder\universal.apk'

25-03-2025T05:21:50 - [MESSAGE][INFO] - User set preference: ['deviceId', '']

25-03-2025T05:21:50 - [MESSAGE][INFO] - Detected NodeJS location: "C:\Program Files\nodejs\node.exe"

25-03-2025T05:22:01 - [MESSAGE][INFO] - PATH: C:\Program Files\nodejs;

25-03-2025T05:22:01 - [MESSAGE][INFO] - APPIUM_HOME: C:\Users\GVVignesh\.appium

25-03-2025T05:22:01 - [MESSAGE][INFO] - appium outlog: C:\Users\GVVignesh\Katalon Studio\WGR-Android-Automation\Reports\20250325_051739\New Test Suite\20250325_051739\appium.log

25-03-2025T05:22:01 - [MESSAGE][INFO] - appium errlog: C:\Users\GVVignesh\Katalon Studio\WGR-Android-Automation\Reports\20250325_051739\New Test Suite\20250325_051739\appium_error.log

25-03-2025T05:22:03 - [MESSAGE][INFO] - Appium server started on port 49,987

25-03-2025T05:22:38 - [MESSAGE][PASSED] - Started application: 'C:\Users\GVVignesh\git\WGR_Android\App Folder\universal.apk'

25-03-2025T05:22:38 - [TEST_STEP][PASSED] - delay(10): Delayed 10 second(s)

25-03-2025T05:22:48 - [MESSAGE][PASSED] - Delayed 10 second(s)

25-03-2025T05:22:48 - [TEST_STEP][PASSED] - tap(findTestObject("Object Repository/Repo/android.widget.Button - Login or Sign Up"), 0): Tapped on element 'Object Repository/Repo/android.widget.Button - Login or Sign Up'

25-03-2025T05:22:48 - [MESSAGE][WARNING] - Timeout '0' is invalid. Using default page load timeout: '30'

25-03-2025T05:22:49 - [MESSAGE][PASSED] - Tapped on element 'Object Repository/Repo/android.widget.Button - Login or Sign Up'

25-03-2025T05:22:49 - [TEST_STEP][PASSED] - delay(10): Delayed 10 second(s)

25-03-2025T05:22:59 - [MESSAGE][PASSED] - Delayed 10 second(s)

25-03-2025T05:22:59 - [TEST_STEP][PASSED] - setText(findTestObject("Object Repository/Repo/android.widget.EditText-LoginorSignUp"), email, 0): Text 'gv@sh.com' has been set to element 'Object Repository/Repo/android.widget.EditText-LoginorSignUp'

25-03-2025T05:22:59 - [MESSAGE][WARNING] - Timeout '0' is invalid. Using default page load timeout: '30'

25-03-2025T05:23:00 - [MESSAGE][PASSED] - Text 'gv@sh.com' has been set to element 'Object Repository/Repo/android.widget.EditText-LoginorSignUp'

25-03-2025T05:23:00 - [TEST_STEP][PASSED] - hideKeyboard(): Keyboard is hidden

25-03-2025T05:23:01 - [MESSAGE][PASSED] - Keyboard is hidden

25-03-2025T05:23:01 - [TEST_STEP][PASSED] - delay(10): Delayed 10 second(s)

25-03-2025T05:23:11 - [MESSAGE][PASSED] - Delayed 10 second(s)

25-03-2025T05:23:11 - [TEST_STEP][PASSED] - tap(findTestObject("Object Repository/Repo/android.widget.Button - Next"), 0): Tapped on element 'Object Repository/Repo/android.widget.Button - Next'

25-03-2025T05:23:11 - [MESSAGE][WARNING] - Timeout '0' is invalid. Using default page load timeout: '30'

25-03-2025T05:23:11 - [MESSAGE][PASSED] - Tapped on element 'Object Repository/Repo/android.widget.Button - Next'

25-03-2025T05:23:11 - [TEST_STEP][PASSED] - delay(10): Delayed 10 second(s)

25-03-2025T05:23:21 - [MESSAGE][PASSED] - Delayed 10 second(s)

25-03-2025T05:23:21 - [TEST_STEP][PASSED] - setText(findTestObject("Object Repository/Repo/android.widget.EditText-confirm email address"), username, 0): Text 'gv@sh.com' has been set to element 'Object Repository/Repo/android.widget.EditText-confirm email address'

25-03-2025T05:23:22 - [MESSAGE][WARNING] - Timeout '0' is invalid. Using default page load timeout: '30'

25-03-2025T05:23:22 - [MESSAGE][PASSED] - Text 'gv@sh.com' has been set to element 'Object Repository/Repo/android.widget.EditText-confirm email address'

25-03-2025T05:23:22 - [TEST_STEP][PASSED] - hideKeyboard(): Keyboard is hidden

25-03-2025T05:23:23 - [MESSAGE][PASSED] - Keyboard is hidden

25-03-2025T05:23:23 - [TEST_STEP][PASSED] - delay(10): Delayed 10 second(s)

25-03-2025T05:23:33 - [MESSAGE][PASSED] - Delayed 10 second(s)

25-03-2025T05:23:33 - [TEST_STEP][PASSED] - tap(findTestObject("Object Repository/Repo/android.widget.Button - Next (1)"), 0): Tapped on element 'Object Repository/Repo/android.widget.Button - Next (1)'

25-03-2025T05:23:33 - [MESSAGE][WARNING] - Timeout '0' is invalid. Using default page load timeout: '30'

25-03-2025T05:23:33 - [MESSAGE][PASSED] - Tapped on element 'Object Repository/Repo/android.widget.Button - Next (1)'

25-03-2025T05:23:33 - [TEST_STEP][PASSED] - delay(10): Delayed 10 second(s)

25-03-2025T05:23:43 - [MESSAGE][PASSED] - Delayed 10 second(s)

25-03-2025T05:23:43 - [TEST_STEP][PASSED] - setText(findTestObject("Object Repository/Repo/android.widget.EditText-FirstName"), firstName, 0): Text 'g' has been set to element 'Object Repository/Repo/android.widget.EditText-FirstName'

25-03-2025T05:23:43 - [MESSAGE][WARNING] - Timeout '0' is invalid. Using default page load timeout: '30'

25-03-2025T05:23:44 - [MESSAGE][PASSED] - Text 'g' has been set to element 'Object Repository/Repo/android.widget.EditText-FirstName'

25-03-2025T05:23:44 - [TEST_STEP][PASSED] - hideKeyboard(): Keyboard is hidden

25-03-2025T05:23:45 - [MESSAGE][PASSED] - Keyboard is hidden

25-03-2025T05:23:45 - [TEST_STEP][PASSED] - delay(10): Delayed 10 second(s)

25-03-2025T05:23:55 - [MESSAGE][PASSED] - Delayed 10 second(s)

25-03-2025T05:23:55 - [TEST_STEP][PASSED] - setText(findTestObject("Object Repository/Repo/android.widget.EditText-LastName"), lastName, 0): Text 'v' has been set to element 'Object Repository/Repo/android.widget.EditText-LastName'

25-03-2025T05:23:55 - [MESSAGE][WARNING] - Timeout '0' is invalid. Using default page load timeout: '30'

25-03-2025T05:23:55 - [MESSAGE][PASSED] - Text 'v' has been set to element 'Object Repository/Repo/android.widget.EditText-LastName'

25-03-2025T05:23:55 - [TEST_STEP][PASSED] - hideKeyboard(): Keyboard is hidden

25-03-2025T05:23:56 - [MESSAGE][PASSED] - Keyboard is hidden

25-03-2025T05:23:56 - [TEST_STEP][PASSED] - delay(10): Delayed 10 second(s)

25-03-2025T05:24:06 - [MESSAGE][PASSED] - Delayed 10 second(s)

25-03-2025T05:24:06 - [TEST_STEP][PASSED] - sendKeys(findTestObject("Object Repository/Repo/android.widget.EditText-Password"), password): Send keys 'abcd1234' on test object 'Object Repository/Repo/android.widget.EditText-Password' successfully.

25-03-2025T05:24:06 - [MESSAGE][PASSED] - Send keys 'abcd1234' on test object 'Object Repository/Repo/android.widget.EditText-Password' successfully.

25-03-2025T05:24:06 - [TEST_STEP][PASSED] - delay(10): Delayed 10 second(s)

25-03-2025T05:24:16 - [MESSAGE][PASSED] - Delayed 10 second(s)

25-03-2025T05:24:17 - [TEST_STEP][PASSED] - sendKeys(findTestObject("Object Repository/Repo/android.widget.EditText-ConfirmPassword"), confirmPassword): Send keys 'abcd12345' on test object 'Object Repository/Repo/android.widget.EditText-ConfirmPassword' successfully.

25-03-2025T05:24:17 - [MESSAGE][PASSED] - Send keys 'abcd12345' on test object 'Object Repository/Repo/android.widget.EditText-ConfirmPassword' successfully.

25-03-2025T05:24:17 - [TEST_STEP][PASSED] - delay(10): Delayed 10 second(s)

25-03-2025T05:24:27 - [MESSAGE][PASSED] - Delayed 10 second(s)

25-03-2025T05:24:27 - [TEST_STEP][PASSED] - actualErrorMessage = TextView -  Passwords must match"), 0).trim(): Text of element 'Object Repository/Repo/android.widget.TextView -  Passwords must match' is: ' Passwords must match.
'

25-03-2025T05:24:27 - [MESSAGE][WARNING] - Timeout '0' is invalid. Using default page load timeout: '30'

25-03-2025T05:24:27 - [MESSAGE][PASSED] - Text of element 'Object Repository/Repo/android.widget.TextView -  Passwords must match' is: ' Passwords must match.
'

25-03-2025T05:24:27 - [TEST_STEP][PASSED] - expectedPartialMessage = "Passwords must match": null

25-03-2025T05:24:27 - [TEST_STEP][PASSED] - assert actualErrorMessage.contains(expectedPartialMessage): null

25-03-2025T05:24:27 - [TEST_STEP][PASSED] - println(Actual Error Message: '$actualErrorMessage'): null

25-03-2025T05:24:27 - [TEST_STEP][PASSED] - verifyElementExist(findTestObject("Object Repository/Repo/android.widget.TextView -  Passwords must match"), 0): Element 'Object Repository/Repo/android.widget.TextView -  Passwords must match' is exist

25-03-2025T05:24:27 - [MESSAGE][WARNING] - Timeout '0' is invalid. Using default page load timeout: '30'

25-03-2025T05:24:28 - [MESSAGE][PASSED] - Element 'Object Repository/Repo/android.widget.TextView -  Passwords must match' is exist

25-03-2025T05:24:28 - [TEST_STEP][PASSED] - delay(10): Delayed 10 second(s)

25-03-2025T05:24:38 - [MESSAGE][PASSED] - Delayed 10 second(s)

25-03-2025T05:24:38 - [TEST_STEP][PASSED] - closeApplication(): Close app successfully

25-03-2025T05:24:40 - [MESSAGE][PASSED] - Close app successfully]]></system-out>
         <system-err><![CDATA[]]></system-err>
      </testcase>
      <testcase name="Test Cases/Sprint 2/WRMA-257/C686" time="183.718" classname="Test Cases/Sprint 2/WRMA-257/C686" status="PASSED">
         <system-out><![CDATA[25-03-2025T05:24:40 - [TEST_CASE][PASSED] - Test Cases/Sprint 2/WRMA-257/C686: Test Cases/Sprint 2/WRMA-257/C686

25-03-2025T05:24:40 - [TEST_STEP][PASSED] - testData = findTestData("Data Files/C686"): null

25-03-2025T05:24:40 - [TEST_STEP][PASSED] - email = testData.getValue("email", 1): null

25-03-2025T05:24:40 - [TEST_STEP][PASSED] - firstName = testData.getValue("firstName", 1): null

25-03-2025T05:24:40 - [TEST_STEP][PASSED] - resetFirstName = testData.getValue("resetFirstName", 1): null

25-03-2025T05:24:40 - [TEST_STEP][PASSED] - startApplication("C:\Users\GVVignesh\git\WGR_Android\App Folder\universal.apk", true): Started application: 'C:\Users\GVVignesh\git\WGR_Android\App Folder\universal.apk'

25-03-2025T05:24:40 - [MESSAGE][INFO] - Starting application: 'C:\Users\GVVignesh\git\WGR_Android\App Folder\universal.apk'

25-03-2025T05:24:40 - [MESSAGE][INFO] - User set preference: ['deviceId', '']

25-03-2025T05:24:41 - [MESSAGE][INFO] - Detected NodeJS location: "C:\Program Files\nodejs\node.exe"

25-03-2025T05:24:51 - [MESSAGE][INFO] - PATH: C:\Program Files\nodejs;

25-03-2025T05:24:51 - [MESSAGE][INFO] - APPIUM_HOME: C:\Users\GVVignesh\.appium

25-03-2025T05:24:51 - [MESSAGE][INFO] - appium outlog: C:\Users\GVVignesh\Katalon Studio\WGR-Android-Automation\Reports\20250325_051739\New Test Suite\20250325_051739\appium.log

25-03-2025T05:24:51 - [MESSAGE][INFO] - appium errlog: C:\Users\GVVignesh\Katalon Studio\WGR-Android-Automation\Reports\20250325_051739\New Test Suite\20250325_051739\appium_error.log

25-03-2025T05:24:53 - [MESSAGE][INFO] - Appium server started on port 50,395

25-03-2025T05:25:31 - [MESSAGE][PASSED] - Started application: 'C:\Users\GVVignesh\git\WGR_Android\App Folder\universal.apk'

25-03-2025T05:25:31 - [TEST_STEP][PASSED] - delay(10): Delayed 10 second(s)

25-03-2025T05:25:41 - [MESSAGE][PASSED] - Delayed 10 second(s)

25-03-2025T05:25:41 - [TEST_STEP][PASSED] - tap(findTestObject("Object Repository/Repo/android.widget.Button - Login or Sign Up"), 0): Tapped on element 'Object Repository/Repo/android.widget.Button - Login or Sign Up'

25-03-2025T05:25:41 - [MESSAGE][WARNING] - Timeout '0' is invalid. Using default page load timeout: '30'

25-03-2025T05:25:42 - [MESSAGE][PASSED] - Tapped on element 'Object Repository/Repo/android.widget.Button - Login or Sign Up'

25-03-2025T05:25:42 - [TEST_STEP][PASSED] - delay(10): Delayed 10 second(s)

25-03-2025T05:25:52 - [MESSAGE][PASSED] - Delayed 10 second(s)

25-03-2025T05:25:52 - [TEST_STEP][PASSED] - setText(findTestObject("Object Repository/Repo/android.widget.EditText-LoginorSignUp"), email, 0): Text 'a@jkl.com' has been set to element 'Object Repository/Repo/android.widget.EditText-LoginorSignUp'

25-03-2025T05:25:52 - [MESSAGE][WARNING] - Timeout '0' is invalid. Using default page load timeout: '30'

25-03-2025T05:25:52 - [MESSAGE][PASSED] - Text 'a@jkl.com' has been set to element 'Object Repository/Repo/android.widget.EditText-LoginorSignUp'

25-03-2025T05:25:52 - [TEST_STEP][PASSED] - hideKeyboard(): Keyboard is hidden

25-03-2025T05:25:53 - [MESSAGE][PASSED] - Keyboard is hidden

25-03-2025T05:25:53 - [TEST_STEP][PASSED] - delay(5): Delayed 5 second(s)

25-03-2025T05:25:58 - [MESSAGE][PASSED] - Delayed 5 second(s)

25-03-2025T05:25:58 - [TEST_STEP][PASSED] - tap(findTestObject("Object Repository/Repo/android.widget.Button - Next"), 0): Tapped on element 'Object Repository/Repo/android.widget.Button - Next'

25-03-2025T05:25:58 - [MESSAGE][WARNING] - Timeout '0' is invalid. Using default page load timeout: '30'

25-03-2025T05:25:59 - [MESSAGE][PASSED] - Tapped on element 'Object Repository/Repo/android.widget.Button - Next'

25-03-2025T05:25:59 - [TEST_STEP][PASSED] - delay(10): Delayed 10 second(s)

25-03-2025T05:26:09 - [MESSAGE][PASSED] - Delayed 10 second(s)

25-03-2025T05:26:09 - [TEST_STEP][PASSED] - setText(findTestObject("Object Repository/Repo/android.widget.EditText-confirm email address"), email, 0): Text 'a@jkl.com' has been set to element 'Object Repository/Repo/android.widget.EditText-confirm email address'

25-03-2025T05:26:09 - [MESSAGE][WARNING] - Timeout '0' is invalid. Using default page load timeout: '30'

25-03-2025T05:26:11 - [MESSAGE][PASSED] - Text 'a@jkl.com' has been set to element 'Object Repository/Repo/android.widget.EditText-confirm email address'

25-03-2025T05:26:11 - [TEST_STEP][PASSED] - hideKeyboard(): Keyboard is hidden

25-03-2025T05:26:11 - [MESSAGE][PASSED] - Keyboard is hidden

25-03-2025T05:26:11 - [TEST_STEP][PASSED] - delay(5): Delayed 5 second(s)

25-03-2025T05:26:16 - [MESSAGE][PASSED] - Delayed 5 second(s)

25-03-2025T05:26:16 - [TEST_STEP][PASSED] - tap(findTestObject("Object Repository/Repo/android.widget.Button - Next (1)"), 0): Tapped on element 'Object Repository/Repo/android.widget.Button - Next (1)'

25-03-2025T05:26:16 - [MESSAGE][WARNING] - Timeout '0' is invalid. Using default page load timeout: '30'

25-03-2025T05:26:17 - [MESSAGE][PASSED] - Tapped on element 'Object Repository/Repo/android.widget.Button - Next (1)'

25-03-2025T05:26:17 - [TEST_STEP][PASSED] - delay(10): Delayed 10 second(s)

25-03-2025T05:26:27 - [MESSAGE][PASSED] - Delayed 10 second(s)

25-03-2025T05:26:27 - [TEST_STEP][PASSED] - setText(findTestObject("Object Repository/Repo/android.widget.EditText-FirstName"), firstName, 0): Text 'JonathanChristopherMaximilianAlexanderMontgomeryWilliams' has been set to element 'Object Repository/Repo/android.widget.EditText-FirstName'

25-03-2025T05:26:27 - [MESSAGE][WARNING] - Timeout '0' is invalid. Using default page load timeout: '30'

25-03-2025T05:26:27 - [MESSAGE][PASSED] - Text 'JonathanChristopherMaximilianAlexanderMontgomeryWilliams' has been set to element 'Object Repository/Repo/android.widget.EditText-FirstName'

25-03-2025T05:26:27 - [TEST_STEP][PASSED] - hideKeyboard(): Keyboard is hidden

25-03-2025T05:26:28 - [MESSAGE][PASSED] - Keyboard is hidden

25-03-2025T05:26:28 - [TEST_STEP][PASSED] - delay(10): Delayed 10 second(s)

25-03-2025T05:26:38 - [MESSAGE][PASSED] - Delayed 10 second(s)

25-03-2025T05:26:38 - [TEST_STEP][PASSED] - enteredFirstName = getText(findTestObject("Object Repository/Repo/android.widget.EditText - JonathanChristopherMaximilianAlexanderMontgomeryWilliams"), 0): Text of element 'Object Repository/Repo/android.widget.EditText - JonathanChristopherMaximilianAlexanderMontgomeryWilliams' is: 'JonathanChristopherMaximilianAlexanderMontgomeryWilliams'

25-03-2025T05:26:38 - [MESSAGE][WARNING] - Timeout '0' is invalid. Using default page load timeout: '30'

25-03-2025T05:26:38 - [MESSAGE][PASSED] - Text of element 'Object Repository/Repo/android.widget.EditText - JonathanChristopherMaximilianAlexanderMontgomeryWilliams' is: 'JonathanChristopherMaximilianAlexanderMontgomeryWilliams'

25-03-2025T05:26:38 - [TEST_STEP][PASSED] - delay(10): Delayed 10 second(s)

25-03-2025T05:26:48 - [MESSAGE][PASSED] - Delayed 10 second(s)

25-03-2025T05:26:48 - [TEST_STEP][PASSED] - tap(findTestObject("Object Repository/Repo/android.widget.Button - reset"), 0): Tapped on element 'Object Repository/Repo/android.widget.Button - reset'

25-03-2025T05:26:49 - [MESSAGE][WARNING] - Timeout '0' is invalid. Using default page load timeout: '30'

25-03-2025T05:26:49 - [MESSAGE][PASSED] - Tapped on element 'Object Repository/Repo/android.widget.Button - reset'

25-03-2025T05:26:49 - [TEST_STEP][PASSED] - hideKeyboard(): Keyboard is hidden

25-03-2025T05:26:50 - [MESSAGE][PASSED] - Keyboard is hidden

25-03-2025T05:26:50 - [TEST_STEP][PASSED] - delay(10): Delayed 10 second(s)

25-03-2025T05:27:00 - [MESSAGE][PASSED] - Delayed 10 second(s)

25-03-2025T05:27:00 - [TEST_STEP][PASSED] - setText(findTestObject("Object Repository/Repo/android.widget.EditText-FirstName"), resetFirstName, 0): Text 'JonathanChristopherMaximilianAlexanderMontgomeryWilliamson' has been set to element 'Object Repository/Repo/android.widget.EditText-FirstName'

25-03-2025T05:27:00 - [MESSAGE][WARNING] - Timeout '0' is invalid. Using default page load timeout: '30'

25-03-2025T05:27:01 - [MESSAGE][PASSED] - Text 'JonathanChristopherMaximilianAlexanderMontgomeryWilliamson' has been set to element 'Object Repository/Repo/android.widget.EditText-FirstName'

25-03-2025T05:27:01 - [TEST_STEP][PASSED] - hideKeyboard(): Keyboard is hidden

25-03-2025T05:27:02 - [MESSAGE][PASSED] - Keyboard is hidden

25-03-2025T05:27:02 - [TEST_STEP][PASSED] - delay(10): Delayed 10 second(s)

25-03-2025T05:27:12 - [MESSAGE][PASSED] - Delayed 10 second(s)

25-03-2025T05:27:12 - [TEST_STEP][PASSED] - setText(findTestObject("Object Repository/Repo/android.widget.EditText-FirstName"), resetFirstName, 0): Text 'JonathanChristopherMaximilianAlexanderMontgomeryWilliamson' has been set to element 'Object Repository/Repo/android.widget.EditText-FirstName'

25-03-2025T05:27:12 - [MESSAGE][WARNING] - Timeout '0' is invalid. Using default page load timeout: '30'

25-03-2025T05:27:14 - [MESSAGE][PASSED] - Text 'JonathanChristopherMaximilianAlexanderMontgomeryWilliamson' has been set to element 'Object Repository/Repo/android.widget.EditText-FirstName'

25-03-2025T05:27:14 - [TEST_STEP][PASSED] - hideKeyboard(): Keyboard is hidden

25-03-2025T05:27:14 - [MESSAGE][PASSED] - Keyboard is hidden

25-03-2025T05:27:14 - [TEST_STEP][PASSED] - delay(10): Delayed 10 second(s)

25-03-2025T05:27:24 - [MESSAGE][PASSED] - Delayed 10 second(s)

25-03-2025T05:27:24 - [TEST_STEP][PASSED] - tap(findTestObject("Object Repository/Repo/android.widget.Button - Next (1)"), 0): Tapped on element 'Object Repository/Repo/android.widget.Button - Next (1)'

25-03-2025T05:27:24 - [MESSAGE][WARNING] - Timeout '0' is invalid. Using default page load timeout: '30'

25-03-2025T05:27:25 - [MESSAGE][PASSED] - Tapped on element 'Object Repository/Repo/android.widget.Button - Next (1)'

25-03-2025T05:27:25 - [TEST_STEP][PASSED] - delay(10): Delayed 10 second(s)

25-03-2025T05:27:35 - [MESSAGE][PASSED] - Delayed 10 second(s)

25-03-2025T05:27:35 - [TEST_STEP][PASSED] - errorMessage = getText(findTestObject("Object Repository/Repo/android.widget.TextView -  First name must be 50 characters or less"), 0): Text of element 'Object Repository/Repo/android.widget.TextView -  First name must be 50 characters or less' is: ' First name must be 50 characters or less.
'

25-03-2025T05:27:35 - [MESSAGE][WARNING] - Timeout '0' is invalid. Using default page load timeout: '30'

25-03-2025T05:27:35 - [MESSAGE][PASSED] - Text of element 'Object Repository/Repo/android.widget.TextView -  First name must be 50 characters or less' is: ' First name must be 50 characters or less.
'

25-03-2025T05:27:35 - [TEST_STEP][PASSED] - errorMessage = errorMessage.trim(): null

25-03-2025T05:27:35 - [TEST_STEP][PASSED] - println("Error Message: " + errorMessage): null

25-03-2025T05:27:35 - [TEST_STEP][PASSED] - expectedPartialText = "First name must be 50 characters or less": null

25-03-2025T05:27:35 - [TEST_STEP][PASSED] - assert errorMessage.contains(expectedPartialText): null

25-03-2025T05:27:35 - [TEST_STEP][PASSED] - println(Error message assertion passed. Actual message: '$errorMessage'): null

25-03-2025T05:27:35 - [TEST_STEP][PASSED] - delay(5): Delayed 5 second(s)

25-03-2025T05:27:40 - [MESSAGE][PASSED] - Delayed 5 second(s)

25-03-2025T05:27:40 - [TEST_STEP][PASSED] - verifyElementExist(findTestObject("Object Repository/Repo/android.widget.TextView -  First name must be 50 characters or less"), 0): Element 'Object Repository/Repo/android.widget.TextView -  First name must be 50 characters or less' is exist

25-03-2025T05:27:40 - [MESSAGE][WARNING] - Timeout '0' is invalid. Using default page load timeout: '30'

25-03-2025T05:27:40 - [MESSAGE][PASSED] - Element 'Object Repository/Repo/android.widget.TextView -  First name must be 50 characters or less' is exist

25-03-2025T05:27:40 - [TEST_STEP][PASSED] - closeApplication(): Close app successfully

25-03-2025T05:27:44 - [MESSAGE][PASSED] - Close app successfully]]></system-out>
         <system-err><![CDATA[]]></system-err>
      </testcase>
      <testcase name="Test Cases/Sprint 2/WRMA-257/C687" time="191.77" classname="Test Cases/Sprint 2/WRMA-257/C687" status="PASSED">
         <system-out><![CDATA[25-03-2025T05:27:44 - [TEST_CASE][PASSED] - Test Cases/Sprint 2/WRMA-257/C687: Test Cases/Sprint 2/WRMA-257/C687

25-03-2025T05:27:44 - [TEST_STEP][PASSED] - testData = findTestData("Data Files/C687"): null

25-03-2025T05:27:44 - [TEST_STEP][PASSED] - email = testData.getValue("email", 1): null

25-03-2025T05:27:44 - [TEST_STEP][PASSED] - firstName = testData.getValue("firstName", 1): null

25-03-2025T05:27:44 - [TEST_STEP][PASSED] - lastName = testData.getValue("lastName", 1): null

25-03-2025T05:27:44 - [TEST_STEP][PASSED] - password = testData.getValue("password", 1): null

25-03-2025T05:27:44 - [TEST_STEP][PASSED] - confirmPassword = testData.getValue("confirmPassword", 1): null

25-03-2025T05:27:44 - [TEST_STEP][PASSED] - startApplication("C:\Users\GVVignesh\git\WGR_Android\App Folder\universal.apk", true): Started application: 'C:\Users\GVVignesh\git\WGR_Android\App Folder\universal.apk'

25-03-2025T05:27:44 - [MESSAGE][INFO] - Starting application: 'C:\Users\GVVignesh\git\WGR_Android\App Folder\universal.apk'

25-03-2025T05:27:44 - [MESSAGE][INFO] - User set preference: ['deviceId', '']

25-03-2025T05:27:44 - [MESSAGE][INFO] - Detected NodeJS location: "C:\Program Files\nodejs\node.exe"

25-03-2025T05:27:54 - [MESSAGE][INFO] - PATH: C:\Program Files\nodejs;

25-03-2025T05:27:54 - [MESSAGE][INFO] - APPIUM_HOME: C:\Users\GVVignesh\.appium

25-03-2025T05:27:54 - [MESSAGE][INFO] - appium outlog: C:\Users\GVVignesh\Katalon Studio\WGR-Android-Automation\Reports\20250325_051739\New Test Suite\20250325_051739\appium.log

25-03-2025T05:27:54 - [MESSAGE][INFO] - appium errlog: C:\Users\GVVignesh\Katalon Studio\WGR-Android-Automation\Reports\20250325_051739\New Test Suite\20250325_051739\appium_error.log

25-03-2025T05:27:57 - [MESSAGE][INFO] - Appium server started on port 50,882

25-03-2025T05:28:35 - [MESSAGE][PASSED] - Started application: 'C:\Users\GVVignesh\git\WGR_Android\App Folder\universal.apk'

25-03-2025T05:28:35 - [TEST_STEP][PASSED] - delay(10): Delayed 10 second(s)

25-03-2025T05:28:45 - [MESSAGE][PASSED] - Delayed 10 second(s)

25-03-2025T05:28:45 - [TEST_STEP][PASSED] - tap(findTestObject("Object Repository/Repo/android.widget.Button - Login or Sign Up"), 0): Tapped on element 'Object Repository/Repo/android.widget.Button - Login or Sign Up'

25-03-2025T05:28:45 - [MESSAGE][WARNING] - Timeout '0' is invalid. Using default page load timeout: '30'

25-03-2025T05:28:46 - [MESSAGE][PASSED] - Tapped on element 'Object Repository/Repo/android.widget.Button - Login or Sign Up'

25-03-2025T05:28:46 - [TEST_STEP][PASSED] - delay(10): Delayed 10 second(s)

25-03-2025T05:28:56 - [MESSAGE][PASSED] - Delayed 10 second(s)

25-03-2025T05:28:56 - [TEST_STEP][PASSED] - setText(findTestObject("Object Repository/Repo/android.widget.EditText-LoginorSignUp"), email, 0): Text 'abq@dhl.com' has been set to element 'Object Repository/Repo/android.widget.EditText-LoginorSignUp'

25-03-2025T05:28:56 - [MESSAGE][WARNING] - Timeout '0' is invalid. Using default page load timeout: '30'

25-03-2025T05:28:57 - [MESSAGE][PASSED] - Text 'abq@dhl.com' has been set to element 'Object Repository/Repo/android.widget.EditText-LoginorSignUp'

25-03-2025T05:28:57 - [TEST_STEP][PASSED] - hideKeyboard(): Keyboard is hidden

25-03-2025T05:28:57 - [MESSAGE][PASSED] - Keyboard is hidden

25-03-2025T05:28:57 - [TEST_STEP][PASSED] - delay(10): Delayed 10 second(s)

25-03-2025T05:29:07 - [MESSAGE][PASSED] - Delayed 10 second(s)

25-03-2025T05:29:07 - [TEST_STEP][PASSED] - tap(findTestObject("Object Repository/Repo/android.widget.Button - Next"), 0): Tapped on element 'Object Repository/Repo/android.widget.Button - Next'

25-03-2025T05:29:07 - [MESSAGE][WARNING] - Timeout '0' is invalid. Using default page load timeout: '30'

25-03-2025T05:29:08 - [MESSAGE][PASSED] - Tapped on element 'Object Repository/Repo/android.widget.Button - Next'

25-03-2025T05:29:08 - [TEST_STEP][PASSED] - delay(20): Delayed 20 second(s)

25-03-2025T05:29:28 - [MESSAGE][PASSED] - Delayed 20 second(s)

25-03-2025T05:29:28 - [TEST_STEP][PASSED] - setText(findTestObject("Object Repository/Repo/android.widget.EditText-confirm email address"), email, 0): Text 'abq@dhl.com' has been set to element 'Object Repository/Repo/android.widget.EditText-confirm email address'

25-03-2025T05:29:28 - [MESSAGE][WARNING] - Timeout '0' is invalid. Using default page load timeout: '30'

25-03-2025T05:29:30 - [MESSAGE][PASSED] - Text 'abq@dhl.com' has been set to element 'Object Repository/Repo/android.widget.EditText-confirm email address'

25-03-2025T05:29:30 - [TEST_STEP][PASSED] - hideKeyboard(): Keyboard is hidden

25-03-2025T05:29:30 - [MESSAGE][PASSED] - Keyboard is hidden

25-03-2025T05:29:30 - [TEST_STEP][PASSED] - delay(10): Delayed 10 second(s)

25-03-2025T05:29:40 - [MESSAGE][PASSED] - Delayed 10 second(s)

25-03-2025T05:29:40 - [TEST_STEP][PASSED] - tap(findTestObject("Object Repository/Repo/android.widget.Button - Next (1)"), 0): Tapped on element 'Object Repository/Repo/android.widget.Button - Next (1)'

25-03-2025T05:29:40 - [MESSAGE][WARNING] - Timeout '0' is invalid. Using default page load timeout: '30'

25-03-2025T05:29:41 - [MESSAGE][PASSED] - Tapped on element 'Object Repository/Repo/android.widget.Button - Next (1)'

25-03-2025T05:29:41 - [TEST_STEP][PASSED] - delay(10): Delayed 10 second(s)

25-03-2025T05:29:51 - [MESSAGE][PASSED] - Delayed 10 second(s)

25-03-2025T05:29:51 - [TEST_STEP][PASSED] - setText(findTestObject("Object Repository/Repo/android.widget.EditText-FirstName"), firstName, 0): Text 'z' has been set to element 'Object Repository/Repo/android.widget.EditText-FirstName'

25-03-2025T05:29:51 - [MESSAGE][WARNING] - Timeout '0' is invalid. Using default page load timeout: '30'

25-03-2025T05:29:52 - [MESSAGE][PASSED] - Text 'z' has been set to element 'Object Repository/Repo/android.widget.EditText-FirstName'

25-03-2025T05:29:52 - [TEST_STEP][PASSED] - hideKeyboard(): Keyboard is hidden

25-03-2025T05:29:53 - [MESSAGE][PASSED] - Keyboard is hidden

25-03-2025T05:29:53 - [TEST_STEP][PASSED] - delay(10): Delayed 10 second(s)

25-03-2025T05:30:03 - [MESSAGE][PASSED] - Delayed 10 second(s)

25-03-2025T05:30:03 - [TEST_STEP][PASSED] - setText(findTestObject("Object Repository/Repo/android.widget.EditText-LastName"), lastName, 0): Text 'd' has been set to element 'Object Repository/Repo/android.widget.EditText-LastName'

25-03-2025T05:30:03 - [MESSAGE][WARNING] - Timeout '0' is invalid. Using default page load timeout: '30'

25-03-2025T05:30:04 - [MESSAGE][PASSED] - Text 'd' has been set to element 'Object Repository/Repo/android.widget.EditText-LastName'

25-03-2025T05:30:04 - [TEST_STEP][PASSED] - hideKeyboard(): Keyboard is hidden

25-03-2025T05:30:05 - [MESSAGE][PASSED] - Keyboard is hidden

25-03-2025T05:30:05 - [TEST_STEP][PASSED] - delay(10): Delayed 10 second(s)

25-03-2025T05:30:15 - [MESSAGE][PASSED] - Delayed 10 second(s)

25-03-2025T05:30:15 - [TEST_STEP][PASSED] - sendKeys(findTestObject("Object Repository/Repo/android.widget.EditText-Password"), password): Send keys 'password' on test object 'Object Repository/Repo/android.widget.EditText-Password' successfully.

25-03-2025T05:30:15 - [MESSAGE][PASSED] - Send keys 'password' on test object 'Object Repository/Repo/android.widget.EditText-Password' successfully.

25-03-2025T05:30:15 - [TEST_STEP][PASSED] - delay(10): Delayed 10 second(s)

25-03-2025T05:30:25 - [MESSAGE][PASSED] - Delayed 10 second(s)

25-03-2025T05:30:25 - [TEST_STEP][PASSED] - sendKeys(findTestObject("Object Repository/Repo/android.widget.EditText-ConfirmPassword"), confirmPassword): Send keys 'password' on test object 'Object Repository/Repo/android.widget.EditText-ConfirmPassword' successfully.

25-03-2025T05:30:26 - [MESSAGE][PASSED] - Send keys 'password' on test object 'Object Repository/Repo/android.widget.EditText-ConfirmPassword' successfully.

25-03-2025T05:30:26 - [TEST_STEP][PASSED] - delay(10): Delayed 10 second(s)

25-03-2025T05:30:36 - [MESSAGE][PASSED] - Delayed 10 second(s)

25-03-2025T05:30:36 - [TEST_STEP][PASSED] - verifyElementExist(findTestObject("Object Repository/Repo/android.widget.Button - Next (2)"), 0): Element 'Object Repository/Repo/android.widget.Button - Next (2)' is exist

25-03-2025T05:30:36 - [MESSAGE][WARNING] - Timeout '0' is invalid. Using default page load timeout: '30'

25-03-2025T05:30:36 - [MESSAGE][PASSED] - Element 'Object Repository/Repo/android.widget.Button - Next (2)' is exist

25-03-2025T05:30:36 - [TEST_STEP][PASSED] - delay(5): Delayed 5 second(s)

25-03-2025T05:30:41 - [MESSAGE][PASSED] - Delayed 5 second(s)

25-03-2025T05:30:41 - [TEST_STEP][PASSED] - tap(findTestObject("Object Repository/Repo/android.widget.Button - Next (3)"), 0): Tapped on element 'Object Repository/Repo/android.widget.Button - Next (3)'

25-03-2025T05:30:41 - [MESSAGE][WARNING] - Timeout '0' is invalid. Using default page load timeout: '30'

25-03-2025T05:30:42 - [MESSAGE][PASSED] - Tapped on element 'Object Repository/Repo/android.widget.Button - Next (3)'

25-03-2025T05:30:42 - [TEST_STEP][PASSED] - delay(5): Delayed 5 second(s)

25-03-2025T05:30:47 - [MESSAGE][PASSED] - Delayed 5 second(s)

25-03-2025T05:30:47 - [TEST_STEP][PASSED] - termsText = getText(findTestObject("Object Repository/Repo/android.widget.TextView - Terms and Conditions"), 0): Text of element 'Object Repository/Repo/android.widget.TextView - Terms and Conditions' is: 'Terms and Conditions'

25-03-2025T05:30:47 - [MESSAGE][WARNING] - Timeout '0' is invalid. Using default page load timeout: '30'

25-03-2025T05:30:47 - [MESSAGE][PASSED] - Text of element 'Object Repository/Repo/android.widget.TextView - Terms and Conditions' is: 'Terms and Conditions'

25-03-2025T05:30:47 - [TEST_STEP][PASSED] - println("Retrieved Terms and Conditions Text: " + termsText): null

25-03-2025T05:30:47 - [TEST_STEP][PASSED] - expectedTermsText = "Terms and Conditions": null

25-03-2025T05:30:47 - [TEST_STEP][PASSED] - assert termsText.trim() == expectedTermsText: null

25-03-2025T05:30:47 - [TEST_STEP][PASSED] - println(Terms and Conditions text assertion passed. Actual text: '$termsText'): null

25-03-2025T05:30:47 - [TEST_STEP][PASSED] - delay(5): Delayed 5 second(s)

25-03-2025T05:30:52 - [MESSAGE][PASSED] - Delayed 5 second(s)

25-03-2025T05:30:52 - [TEST_STEP][PASSED] - closeApplication(): Close app successfully

25-03-2025T05:30:56 - [MESSAGE][PASSED] - Close app successfully]]></system-out>
         <system-err><![CDATA[]]></system-err>
      </testcase>
      <testcase name="Test Cases/Sprint 2/WRMA-257/C688" time="161.856" classname="Test Cases/Sprint 2/WRMA-257/C688" status="PASSED">
         <system-out><![CDATA[25-03-2025T05:30:56 - [TEST_CASE][PASSED] - Test Cases/Sprint 2/WRMA-257/C688: Test Cases/Sprint 2/WRMA-257/C688

25-03-2025T05:30:56 - [TEST_STEP][PASSED] - testData = findTestData("Data Files/C688 (1)"): null

25-03-2025T05:30:56 - [TEST_STEP][PASSED] - email = testData.getValue("email", 1): null

25-03-2025T05:30:56 - [TEST_STEP][PASSED] - lastName = testData.getValue("lastNamee", 1): null

25-03-2025T05:30:56 - [TEST_STEP][PASSED] - password = testData.getValue("password", 1): null

25-03-2025T05:30:56 - [TEST_STEP][PASSED] - confirmPassword = testData.getValue("confirmPassword", 1): null

25-03-2025T05:30:56 - [TEST_STEP][PASSED] - startApplication("C:\Users\GVVignesh\git\WGR_Android\App Folder\universal.apk", true): Started application: 'C:\Users\GVVignesh\git\WGR_Android\App Folder\universal.apk'

25-03-2025T05:30:56 - [MESSAGE][INFO] - Starting application: 'C:\Users\GVVignesh\git\WGR_Android\App Folder\universal.apk'

25-03-2025T05:30:56 - [MESSAGE][INFO] - User set preference: ['deviceId', '']

25-03-2025T05:30:56 - [MESSAGE][INFO] - Detected NodeJS location: "C:\Program Files\nodejs\node.exe"

25-03-2025T05:31:06 - [MESSAGE][INFO] - PATH: C:\Program Files\nodejs;

25-03-2025T05:31:06 - [MESSAGE][INFO] - APPIUM_HOME: C:\Users\GVVignesh\.appium

25-03-2025T05:31:06 - [MESSAGE][INFO] - appium outlog: C:\Users\GVVignesh\Katalon Studio\WGR-Android-Automation\Reports\20250325_051739\New Test Suite\20250325_051739\appium.log

25-03-2025T05:31:06 - [MESSAGE][INFO] - appium errlog: C:\Users\GVVignesh\Katalon Studio\WGR-Android-Automation\Reports\20250325_051739\New Test Suite\20250325_051739\appium_error.log

25-03-2025T05:31:09 - [MESSAGE][INFO] - Appium server started on port 51,291

25-03-2025T05:31:44 - [MESSAGE][PASSED] - Started application: 'C:\Users\GVVignesh\git\WGR_Android\App Folder\universal.apk'

25-03-2025T05:31:44 - [TEST_STEP][PASSED] - delay(10): Delayed 10 second(s)

25-03-2025T05:31:54 - [MESSAGE][PASSED] - Delayed 10 second(s)

25-03-2025T05:31:54 - [TEST_STEP][PASSED] - tap(findTestObject("Object Repository/Repo/android.widget.Button - Login or Sign Up"), 0): Tapped on element 'Object Repository/Repo/android.widget.Button - Login or Sign Up'

25-03-2025T05:31:55 - [MESSAGE][WARNING] - Timeout '0' is invalid. Using default page load timeout: '30'

25-03-2025T05:31:55 - [MESSAGE][PASSED] - Tapped on element 'Object Repository/Repo/android.widget.Button - Login or Sign Up'

25-03-2025T05:31:55 - [TEST_STEP][PASSED] - delay(10): Delayed 10 second(s)

25-03-2025T05:32:05 - [MESSAGE][PASSED] - Delayed 10 second(s)

25-03-2025T05:32:05 - [TEST_STEP][PASSED] - setText(findTestObject("Object Repository/Repo/android.widget.EditText-LoginorSignUp"), email, 0): Text 'dhoni@gmail.com' has been set to element 'Object Repository/Repo/android.widget.EditText-LoginorSignUp'

25-03-2025T05:32:05 - [MESSAGE][WARNING] - Timeout '0' is invalid. Using default page load timeout: '30'

25-03-2025T05:32:06 - [MESSAGE][PASSED] - Text 'dhoni@gmail.com' has been set to element 'Object Repository/Repo/android.widget.EditText-LoginorSignUp'

25-03-2025T05:32:06 - [TEST_STEP][PASSED] - hideKeyboard(): Keyboard is hidden

25-03-2025T05:32:07 - [MESSAGE][PASSED] - Keyboard is hidden

25-03-2025T05:32:07 - [TEST_STEP][PASSED] - delay(10): Delayed 10 second(s)

25-03-2025T05:32:17 - [MESSAGE][PASSED] - Delayed 10 second(s)

25-03-2025T05:32:17 - [TEST_STEP][PASSED] - tap(findTestObject("Object Repository/Repo/android.widget.Button - Next"), 0): Tapped on element 'Object Repository/Repo/android.widget.Button - Next'

25-03-2025T05:32:17 - [MESSAGE][WARNING] - Timeout '0' is invalid. Using default page load timeout: '30'

25-03-2025T05:32:19 - [MESSAGE][PASSED] - Tapped on element 'Object Repository/Repo/android.widget.Button - Next'

25-03-2025T05:32:19 - [TEST_STEP][PASSED] - delay(10): Delayed 10 second(s)

25-03-2025T05:32:29 - [MESSAGE][PASSED] - Delayed 10 second(s)

25-03-2025T05:32:29 - [TEST_STEP][PASSED] - setText(findTestObject("Object Repository/Repo/android.widget.EditText-confirm email address"), email, 0): Text 'dhoni@gmail.com' has been set to element 'Object Repository/Repo/android.widget.EditText-confirm email address'

25-03-2025T05:32:29 - [MESSAGE][WARNING] - Timeout '0' is invalid. Using default page load timeout: '30'

25-03-2025T05:32:30 - [MESSAGE][PASSED] - Text 'dhoni@gmail.com' has been set to element 'Object Repository/Repo/android.widget.EditText-confirm email address'

25-03-2025T05:32:30 - [TEST_STEP][PASSED] - hideKeyboard(): Keyboard is hidden

25-03-2025T05:32:31 - [MESSAGE][PASSED] - Keyboard is hidden

25-03-2025T05:32:31 - [TEST_STEP][PASSED] - delay(10): Delayed 10 second(s)

25-03-2025T05:32:41 - [MESSAGE][PASSED] - Delayed 10 second(s)

25-03-2025T05:32:41 - [TEST_STEP][PASSED] - tap(findTestObject("Object Repository/Repo/android.widget.Button - Next (1)"), 0): Tapped on element 'Object Repository/Repo/android.widget.Button - Next (1)'

25-03-2025T05:32:41 - [MESSAGE][WARNING] - Timeout '0' is invalid. Using default page load timeout: '30'

25-03-2025T05:32:41 - [MESSAGE][PASSED] - Tapped on element 'Object Repository/Repo/android.widget.Button - Next (1)'

25-03-2025T05:32:41 - [TEST_STEP][PASSED] - delay(10): Delayed 10 second(s)

25-03-2025T05:32:51 - [MESSAGE][PASSED] - Delayed 10 second(s)

25-03-2025T05:32:51 - [TEST_STEP][PASSED] - setText(findTestObject("Object Repository/Repo/android.widget.EditText-LastName"), lastName, 0): Text 'Dhoni' has been set to element 'Object Repository/Repo/android.widget.EditText-LastName'

25-03-2025T05:32:51 - [MESSAGE][WARNING] - Timeout '0' is invalid. Using default page load timeout: '30'

25-03-2025T05:32:53 - [MESSAGE][PASSED] - Text 'Dhoni' has been set to element 'Object Repository/Repo/android.widget.EditText-LastName'

25-03-2025T05:32:53 - [TEST_STEP][PASSED] - hideKeyboard(): Keyboard is hidden

25-03-2025T05:32:54 - [MESSAGE][PASSED] - Keyboard is hidden

25-03-2025T05:32:54 - [TEST_STEP][PASSED] - delay(10): Delayed 10 second(s)

25-03-2025T05:33:04 - [MESSAGE][PASSED] - Delayed 10 second(s)

25-03-2025T05:33:04 - [TEST_STEP][PASSED] - sendKeys(findTestObject("Object Repository/Repo/android.widget.EditText-Password"), password): Send keys 'password' on test object 'Object Repository/Repo/android.widget.EditText-Password' successfully.

25-03-2025T05:33:04 - [MESSAGE][PASSED] - Send keys 'password' on test object 'Object Repository/Repo/android.widget.EditText-Password' successfully.

25-03-2025T05:33:04 - [TEST_STEP][PASSED] - delay(10): Delayed 10 second(s)

25-03-2025T05:33:14 - [MESSAGE][PASSED] - Delayed 10 second(s)

25-03-2025T05:33:14 - [TEST_STEP][PASSED] - sendKeys(findTestObject("Object Repository/Repo/android.widget.EditText-ConfirmPassword"), confirmPassword): Send keys 'password' on test object 'Object Repository/Repo/android.widget.EditText-ConfirmPassword' successfully.

25-03-2025T05:33:14 - [MESSAGE][PASSED] - Send keys 'password' on test object 'Object Repository/Repo/android.widget.EditText-ConfirmPassword' successfully.

25-03-2025T05:33:14 - [TEST_STEP][PASSED] - delay(10): Delayed 10 second(s)

25-03-2025T05:33:24 - [MESSAGE][PASSED] - Delayed 10 second(s)

25-03-2025T05:33:24 - [TEST_STEP][PASSED] - tap(findTestObject("Object Repository/Repo/android.widget.Button - Next (2)"), 0): Tapped on element 'Object Repository/Repo/android.widget.Button - Next (2)'

25-03-2025T05:33:24 - [MESSAGE][WARNING] - Timeout '0' is invalid. Using default page load timeout: '30'

25-03-2025T05:33:25 - [MESSAGE][PASSED] - Tapped on element 'Object Repository/Repo/android.widget.Button - Next (2)'

25-03-2025T05:33:25 - [TEST_STEP][PASSED] - try: null

25-03-2025T05:33:25 - [TEST_STEP][PASSED] - tap(findTestObject("Object Repository/Repo/android.widget.Button - Next (2)"), 0): Tapped on element 'Object Repository/Repo/android.widget.Button - Next (2)'

25-03-2025T05:33:25 - [MESSAGE][WARNING] - Timeout '0' is invalid. Using default page load timeout: '30'

25-03-2025T05:33:25 - [MESSAGE][PASSED] - Tapped on element 'Object Repository/Repo/android.widget.Button - Next (2)'

25-03-2025T05:33:25 - [TEST_STEP][PASSED] - println("Button is not clickable as expected."): null

25-03-2025T05:33:25 - [TEST_STEP][PASSED] - assert true : "Button is not clickable as expected.": null

25-03-2025T05:33:25 - [TEST_STEP][PASSED] - delay(10): Delayed 10 second(s)

25-03-2025T05:33:35 - [MESSAGE][PASSED] - Delayed 10 second(s)

25-03-2025T05:33:35 - [TEST_STEP][PASSED] - verifyElementExist(findTestObject("Object Repository/Repo/android.widget.Button - Next (2)"), 0): Element 'Object Repository/Repo/android.widget.Button - Next (2)' is exist

25-03-2025T05:33:35 - [MESSAGE][WARNING] - Timeout '0' is invalid. Using default page load timeout: '30'

25-03-2025T05:33:35 - [MESSAGE][PASSED] - Element 'Object Repository/Repo/android.widget.Button - Next (2)' is exist

25-03-2025T05:33:35 - [TEST_STEP][PASSED] - closeApplication(): Close app successfully

25-03-2025T05:33:38 - [MESSAGE][PASSED] - Close app successfully]]></system-out>
         <system-err><![CDATA[]]></system-err>
      </testcase>
      <system-out><![CDATA[25-03-2025T05:17:52 - [TEST_SUITE][PASSED] - New Test Suite: Test Cases/Sprint 2/WRMA-257/C688]]></system-out>
      <system-err><![CDATA[]]></system-err>
   </testsuite>
</testsuites>
