<?xml version="1.0" encoding="UTF-8"?>
<testsuites name="Sprint1" time="263.968" tests="1" failures="0" errors="0">
   <testsuite name="Sprint1" tests="1" failures="0" errors="0" time="263.968" skipped="0" timestamp="24-03-2025T22:17:38" hostname="**********" id="Test Suites/Sprint1">
      <properties>
         <property name="deviceName" value="samsung SM-A146B (Android 14)"/>
         <property name="devicePlatform" value="Android"/>
         <property name="logFolder" value="C:\\Users\\GVVignesh\\Katalon Studio\\WGR_Android\\Reports\\20250324_221718\\Sprint1\\20250324_221719"/>
         <property name="logFiles" value="C:\\Users\\GVVignesh\\Katalon Studio\\WGR_Android\\Reports\\20250324_221718\\Sprint1\\20250324_221719\\appium.log, C:\\Users\\GVVignesh\\Katalon Studio\\WGR_Android\\Reports\\20250324_221718\\Sprint1\\20250324_221719\\appium_error.log, C:\\Users\\GVVignesh\\Katalon Studio\\WGR_Android\\Reports\\20250324_221718\\Sprint1\\20250324_221719\\execution0.log"/>
         <property name="attachments" value=""/>
         <property name="hostName" value="**********"/>
         <property name="os" value="Windows 11 64bit"/>
         <property name="appiumServerStatus" value="{&quot;value&quot;:{&quot;ready&quot;:true,&quot;message&quot;:&quot;The server is ready to accept new connections&quot;,&quot;build&quot;:{&quot;version&quot;:&quot;2.16.0&quot;}}}"/>
         <property name="katalonVersion" value="10.1.0.223"/>
         <property name="deviceOS" value="Android"/>
         <property name="appiumVersion" value="2.16.0"/>
         <property name="deviceModel" value="SM-A146B"/>
         <property name="hostAddress" value="**********"/>
         <property name="deviceManufacturer" value="samsung"/>
         <property name="deviceId" value="adb-RZCW811B2MK-cCoIXY._adb-tls-connect._tcp"/>
         <property name="deviceName" value="samsung SM-A146B (Android 14)"/>
         <property name="deviceOSVersion" value="14"/>
      </properties>
      <testcase name="Test Cases/Sprint 1/Internal Demo-Sprint1/C658-C667-C668" time="263.749" classname="Test Cases/Sprint 1/Internal Demo-Sprint1/C658-C667-C668" status="PASSED">
         <system-out><![CDATA[24-03-2025T22:17:38 - [TEST_CASE][PASSED] - Test Cases/Sprint 1/Internal Demo-Sprint1/C658-C667-C668: Test Cases/Sprint 1/Internal Demo-Sprint1/C658-C667-C668

24-03-2025T22:17:39 - [TEST_STEP][PASSED] - startApplication("C:\Users\GVVignesh\git\WGR_Android\App Folder\universal.apk", true): Started application: 'C:\Users\GVVignesh\git\WGR_Android\App Folder\universal.apk'

24-03-2025T22:17:39 - [MESSAGE][INFO] - Starting application: 'C:\Users\GVVignesh\git\WGR_Android\App Folder\universal.apk'

24-03-2025T22:17:39 - [MESSAGE][INFO] - User set preference: ['deviceId', '']

24-03-2025T22:17:39 - [MESSAGE][INFO] - Detected NodeJS location: "C:\Program Files\nodejs\node.exe"

24-03-2025T22:17:49 - [MESSAGE][INFO] - PATH: C:\Program Files\nodejs;

24-03-2025T22:17:49 - [MESSAGE][INFO] - APPIUM_HOME: C:\Users\GVVignesh\.appium

24-03-2025T22:17:49 - [MESSAGE][INFO] - appium outlog: C:\Users\GVVignesh\Katalon Studio\WGR_Android\Reports\20250324_221718\Sprint1\20250324_221719\appium.log

24-03-2025T22:17:49 - [MESSAGE][INFO] - appium errlog: C:\Users\GVVignesh\Katalon Studio\WGR_Android\Reports\20250324_221718\Sprint1\20250324_221719\appium_error.log

24-03-2025T22:17:53 - [MESSAGE][INFO] - Appium server started on port 50,076

24-03-2025T22:18:31 - [MESSAGE][PASSED] - Started application: 'C:\Users\GVVignesh\git\WGR_Android\App Folder\universal.apk'

24-03-2025T22:18:31 - [TEST_STEP][PASSED] - delay(3): Delayed 3 second(s)

24-03-2025T22:18:34 - [MESSAGE][PASSED] - Delayed 3 second(s)

24-03-2025T22:18:34 - [TEST_STEP][PASSED] - verifyElementExist(findTestObject("Object Repository/Repo/android.widget.TextView - Youre Moments Away FromCustomized Vacation Experiences"), 0): Element 'Object Repository/Repo/android.widget.TextView - Youre Moments Away FromCustomized Vacation Experiences' is exist

24-03-2025T22:18:34 - [MESSAGE][WARNING] - Timeout '0' is invalid. Using default page load timeout: '30'

24-03-2025T22:18:38 - [MESSAGE][PASSED] - Element 'Object Repository/Repo/android.widget.TextView - Youre Moments Away FromCustomized Vacation Experiences' is exist

24-03-2025T22:18:38 - [TEST_STEP][PASSED] - delay(3): Delayed 3 second(s)

24-03-2025T22:18:41 - [MESSAGE][PASSED] - Delayed 3 second(s)

24-03-2025T22:18:41 - [TEST_STEP][PASSED] - text = getText(findTestObject("Object Repository/Repo/android.widget.TextView - Youre Moments Away FromCustomized Vacation Experiences"), 0): Text of element 'Object Repository/Repo/android.widget.TextView - Youre Moments Away FromCustomized Vacation Experiences' is: 'You’re Moments Away From
Customized Vacation Experiences.'

24-03-2025T22:18:41 - [MESSAGE][WARNING] - Timeout '0' is invalid. Using default page load timeout: '30'

24-03-2025T22:18:41 - [MESSAGE][PASSED] - Text of element 'Object Repository/Repo/android.widget.TextView - Youre Moments Away FromCustomized Vacation Experiences' is: 'You’re Moments Away From
Customized Vacation Experiences.'

24-03-2025T22:18:41 - [TEST_STEP][PASSED] - println("Text: " + text): null

24-03-2025T22:18:41 - [TEST_STEP][PASSED] - delay(3): Delayed 3 second(s)

24-03-2025T22:18:44 - [MESSAGE][PASSED] - Delayed 3 second(s)

24-03-2025T22:18:44 - [TEST_STEP][PASSED] - verifyElementExist(findTestObject("Object Repository/Repo/android.widget.Button - Login or Sign Up"), 0): Element 'Object Repository/Repo/android.widget.Button - Login or Sign Up' is exist

24-03-2025T22:18:44 - [MESSAGE][WARNING] - Timeout '0' is invalid. Using default page load timeout: '30'

24-03-2025T22:18:44 - [MESSAGE][PASSED] - Element 'Object Repository/Repo/android.widget.Button - Login or Sign Up' is exist

24-03-2025T22:18:44 - [TEST_STEP][PASSED] - delay(3): Delayed 3 second(s)

24-03-2025T22:18:47 - [MESSAGE][PASSED] - Delayed 3 second(s)

24-03-2025T22:18:47 - [TEST_STEP][PASSED] - verifyElementExist(findTestObject("Object Repository/Repo/android.view.View - Home"), 0): Element 'Object Repository/Repo/android.view.View - Home' is exist

24-03-2025T22:18:47 - [MESSAGE][WARNING] - Timeout '0' is invalid. Using default page load timeout: '30'

24-03-2025T22:18:47 - [MESSAGE][PASSED] - Element 'Object Repository/Repo/android.view.View - Home' is exist

24-03-2025T22:18:47 - [TEST_STEP][PASSED] - delay(3): Delayed 3 second(s)

24-03-2025T22:18:50 - [MESSAGE][PASSED] - Delayed 3 second(s)

24-03-2025T22:18:50 - [TEST_STEP][PASSED] - verifyElementExist(findTestObject("Object Repository/Repo/android.view.View - My Account"), 0): Element 'Object Repository/Repo/android.view.View - My Account' is exist

24-03-2025T22:18:50 - [MESSAGE][WARNING] - Timeout '0' is invalid. Using default page load timeout: '30'

24-03-2025T22:18:51 - [MESSAGE][PASSED] - Element 'Object Repository/Repo/android.view.View - My Account' is exist

24-03-2025T22:18:51 - [TEST_STEP][PASSED] - delay(3): Delayed 3 second(s)

24-03-2025T22:18:54 - [MESSAGE][PASSED] - Delayed 3 second(s)

24-03-2025T22:18:54 - [TEST_STEP][PASSED] - tap(findTestObject("Object Repository/Repo/android.widget.TextView - Vacation More. Get More"), 0): Tapped on element 'Object Repository/Repo/android.widget.TextView - Vacation More. Get More'

24-03-2025T22:18:54 - [MESSAGE][WARNING] - Timeout '0' is invalid. Using default page load timeout: '30'

24-03-2025T22:18:54 - [MESSAGE][PASSED] - Tapped on element 'Object Repository/Repo/android.widget.TextView - Vacation More. Get More'

24-03-2025T22:18:54 - [TEST_STEP][PASSED] - delay(3): Delayed 3 second(s)

24-03-2025T22:18:57 - [MESSAGE][PASSED] - Delayed 3 second(s)

24-03-2025T22:18:57 - [TEST_STEP][PASSED] - verifyElementVisible(findTestObject("Object Repository/Repo/android.widget.TextView - Vacation More. Get More"), 0): Element 'Object Repository/Repo/android.widget.TextView - Vacation More. Get More' is visible

24-03-2025T22:18:57 - [MESSAGE][WARNING] - Timeout '0' is invalid. Using default page load timeout: '30'

24-03-2025T22:18:57 - [MESSAGE][PASSED] - Element 'Object Repository/Repo/android.widget.TextView - Vacation More. Get More' is visible

24-03-2025T22:18:57 - [TEST_STEP][PASSED] - delay(3): Delayed 3 second(s)

24-03-2025T22:19:00 - [MESSAGE][PASSED] - Delayed 3 second(s)

24-03-2025T22:19:00 - [TEST_STEP][PASSED] - verifyElementVisible(findTestObject("Object Repository/Repo/android.widget.TextView - Explore Westgate Loyalty"), 0): Element 'Object Repository/Repo/android.widget.TextView - Explore Westgate Loyalty' is visible

24-03-2025T22:19:00 - [MESSAGE][WARNING] - Timeout '0' is invalid. Using default page load timeout: '30'

24-03-2025T22:19:00 - [MESSAGE][PASSED] - Element 'Object Repository/Repo/android.widget.TextView - Explore Westgate Loyalty' is visible

24-03-2025T22:19:00 - [TEST_STEP][PASSED] - delay(3): Delayed 3 second(s)

24-03-2025T22:19:03 - [MESSAGE][PASSED] - Delayed 3 second(s)

24-03-2025T22:19:03 - [TEST_STEP][PASSED] - tap(findTestObject("Object Repository/Repo/android.widget.TextView - Continue as a Guest"), 0): Tapped on element 'Object Repository/Repo/android.widget.TextView - Continue as a Guest'

24-03-2025T22:19:03 - [MESSAGE][WARNING] - Timeout '0' is invalid. Using default page load timeout: '30'

24-03-2025T22:19:04 - [MESSAGE][PASSED] - Tapped on element 'Object Repository/Repo/android.widget.TextView - Continue as a Guest'

24-03-2025T22:19:04 - [TEST_STEP][PASSED] - isElementVisible = waitForElementPresent(findTestObject("Object Repository/Repo/android.widget.TextView - Continue as a Guest"), 10): Element 'Object Repository/Repo/android.widget.TextView - Continue as a Guest' is present

24-03-2025T22:19:04 - [MESSAGE][PASSED] - Element 'Object Repository/Repo/android.widget.TextView - Continue as a Guest' is present

24-03-2025T22:19:04 - [TEST_STEP][PASSED] - if (!(isElementVisible)): null

24-03-2025T22:19:04 - [TEST_STEP][PASSED] - else: Success: Tapped on 'Continue as a Guest' and expected element is present.

24-03-2025T22:19:04 - [TEST_STEP][PASSED] - logInfo("Success: Tapped on 'Continue as a Guest' and expected element is present."): Success: Tapped on 'Continue as a Guest' and expected element is present.

24-03-2025T22:19:04 - [MESSAGE][INFO] - Success: Tapped on 'Continue as a Guest' and expected element is present.

24-03-2025T22:19:04 - [TEST_STEP][PASSED] - delay(5): Delayed 5 second(s)

24-03-2025T22:19:09 - [MESSAGE][PASSED] - Delayed 5 second(s)

24-03-2025T22:19:09 - [TEST_STEP][PASSED] - tap(findTestObject("Object Repository/Repo/android.widget.Button - menu"), 0): Tapped on element 'Object Repository/Repo/android.widget.Button - menu'

24-03-2025T22:19:09 - [MESSAGE][WARNING] - Timeout '0' is invalid. Using default page load timeout: '30'

24-03-2025T22:19:09 - [MESSAGE][PASSED] - Tapped on element 'Object Repository/Repo/android.widget.Button - menu'

24-03-2025T22:19:09 - [TEST_STEP][PASSED] - delay(30): Delayed 30 second(s)

24-03-2025T22:19:39 - [MESSAGE][PASSED] - Delayed 30 second(s)

24-03-2025T22:19:39 - [TEST_STEP][PASSED] - tap(findTestObject("Object Repository/Repo/android.widget.TextView - Terms and Conditions-Menu"), 0): Tapped on element 'Object Repository/Repo/android.widget.TextView - Terms and Conditions-Menu'

24-03-2025T22:19:39 - [MESSAGE][WARNING] - Timeout '0' is invalid. Using default page load timeout: '30'

24-03-2025T22:19:40 - [MESSAGE][PASSED] - Tapped on element 'Object Repository/Repo/android.widget.TextView - Terms and Conditions-Menu'

24-03-2025T22:19:40 - [TEST_STEP][PASSED] - delay(30): Delayed 30 second(s)

24-03-2025T22:20:10 - [MESSAGE][PASSED] - Delayed 30 second(s)

24-03-2025T22:20:10 - [TEST_STEP][PASSED] - isElementPresent = verifyElementExist(findTestObject("Object Repository/Repo/android.view.View-Terms and conditions web"), 10): Element 'Object Repository/Repo/android.view.View-Terms and conditions web' is exist

24-03-2025T22:20:10 - [MESSAGE][PASSED] - Element 'Object Repository/Repo/android.view.View-Terms and conditions web' is exist

24-03-2025T22:20:10 - [TEST_STEP][PASSED] - assert isElementPresent : "Element 'android.view.View - Terms & Conditions-Webview' does not exist": null

24-03-2025T22:20:10 - [TEST_STEP][PASSED] - println(Element exists: $isElementPresent): null

24-03-2025T22:20:10 - [TEST_STEP][PASSED] - delay(30): Delayed 30 second(s)

24-03-2025T22:20:40 - [MESSAGE][PASSED] - Delayed 30 second(s)

24-03-2025T22:20:40 - [TEST_STEP][PASSED] - tap(findTestObject("Object Repository/Repo/android.widget.ImageButton-Cancel web"), 0): Tapped on element 'Object Repository/Repo/android.widget.ImageButton-Cancel web'

24-03-2025T22:20:40 - [MESSAGE][WARNING] - Timeout '0' is invalid. Using default page load timeout: '30'

24-03-2025T22:20:41 - [MESSAGE][PASSED] - Tapped on element 'Object Repository/Repo/android.widget.ImageButton-Cancel web'

24-03-2025T22:20:41 - [TEST_STEP][PASSED] - delay(15): Delayed 15 second(s)

24-03-2025T22:20:56 - [MESSAGE][PASSED] - Delayed 15 second(s)

24-03-2025T22:20:56 - [TEST_STEP][PASSED] - tap(findTestObject("Object Repository/Repo/android.widget.Button - menu"), 0): Tapped on element 'Object Repository/Repo/android.widget.Button - menu'

24-03-2025T22:20:56 - [MESSAGE][WARNING] - Timeout '0' is invalid. Using default page load timeout: '30'

24-03-2025T22:20:57 - [MESSAGE][PASSED] - Tapped on element 'Object Repository/Repo/android.widget.Button - menu'

24-03-2025T22:20:57 - [TEST_STEP][PASSED] - delay(30): Delayed 30 second(s)

24-03-2025T22:21:27 - [MESSAGE][PASSED] - Delayed 30 second(s)

24-03-2025T22:21:27 - [TEST_STEP][PASSED] - tap(findTestObject("Object Repository/Repo/android.widget.TextView - Privacy Policy-Menu"), 0): Tapped on element 'Object Repository/Repo/android.widget.TextView - Privacy Policy-Menu'

24-03-2025T22:21:27 - [MESSAGE][WARNING] - Timeout '0' is invalid. Using default page load timeout: '30'

24-03-2025T22:21:27 - [MESSAGE][PASSED] - Tapped on element 'Object Repository/Repo/android.widget.TextView - Privacy Policy-Menu'

24-03-2025T22:21:27 - [TEST_STEP][PASSED] - delay(30): Delayed 30 second(s)

24-03-2025T22:21:57 - [MESSAGE][PASSED] - Delayed 30 second(s)

24-03-2025T22:21:57 - [TEST_STEP][PASSED] - isPrivacyElementPresent = verifyElementExist(findTestObject("Object Repository/Repo/android.widget.TextView - Privacy Policy-web"), 0): Element 'Object Repository/Repo/android.widget.TextView - Privacy Policy-web' is exist

24-03-2025T22:21:57 - [MESSAGE][WARNING] - Timeout '0' is invalid. Using default page load timeout: '30'

24-03-2025T22:21:58 - [MESSAGE][PASSED] - Element 'Object Repository/Repo/android.widget.TextView - Privacy Policy-web' is exist

24-03-2025T22:21:58 - [TEST_STEP][PASSED] - assert isPrivacyElementPresent : "Element 'android.widget.TextView - Privacy Policy-web' does not exist": null

24-03-2025T22:21:58 - [TEST_STEP][PASSED] - println(Element exists: $isPrivacyElementPresent): null

24-03-2025T22:21:58 - [TEST_STEP][PASSED] - closeApplication(): Close app successfully

24-03-2025T22:22:02 - [MESSAGE][PASSED] - Close app successfully]]></system-out>
         <system-err><![CDATA[]]></system-err>
      </testcase>
      <system-out><![CDATA[24-03-2025T22:17:38 - [TEST_SUITE][PASSED] - Sprint1: Test Cases/Sprint 1/Internal Demo-Sprint1/C658-C667-C668]]></system-out>
      <system-err><![CDATA[]]></system-err>
   </testsuite>
</testsuites>
