<?xml version="1.0" encoding="UTF-8"?>
<testsuites name="Sprint-2" time="106.516" tests="1" failures="0" errors="0">
   <testsuite name="Sprint-2" tests="1" failures="0" errors="0" time="106.516" skipped="0" timestamp="24-03-2025T22:22:16" hostname="**********" id="Test Suites/Sprint-2">
      <properties>
         <property name="deviceName" value="samsung SM-A146B (Android 14)"/>
         <property name="devicePlatform" value="Android"/>
         <property name="logFolder" value="C:\\Users\\GVVignesh\\Katalon Studio\\WGR_Android\\Reports\\20250324_221718\\Sprint-2\\20250324_221721"/>
         <property name="logFiles" value="C:\\Users\\GVVignesh\\Katalon Studio\\WGR_Android\\Reports\\20250324_221718\\Sprint-2\\20250324_221721\\appium.log, C:\\Users\\GVVignesh\\Katalon Studio\\WGR_Android\\Reports\\20250324_221718\\Sprint-2\\20250324_221721\\appium_error.log, C:\\Users\\GVVignesh\\Katalon Studio\\WGR_Android\\Reports\\20250324_221718\\Sprint-2\\20250324_221721\\execution0.log"/>
         <property name="attachments" value=""/>
         <property name="hostName" value="**********"/>
         <property name="os" value="Windows 11 64bit"/>
         <property name="appiumServerStatus" value="{&quot;value&quot;:{&quot;ready&quot;:true,&quot;message&quot;:&quot;The server is ready to accept new connections&quot;,&quot;build&quot;:{&quot;version&quot;:&quot;2.16.0&quot;}}}"/>
         <property name="katalonVersion" value="10.1.0.223"/>
         <property name="deviceOS" value="Android"/>
         <property name="appiumVersion" value="2.16.0"/>
         <property name="deviceModel" value="SM-A146B"/>
         <property name="hostAddress" value="**********"/>
         <property name="deviceManufacturer" value="samsung"/>
         <property name="deviceId" value="adb-RZCW811B2MK-cCoIXY._adb-tls-connect._tcp"/>
         <property name="deviceName" value="samsung SM-A146B (Android 14)"/>
         <property name="deviceOSVersion" value="14"/>
      </properties>
      <testcase name="Test Cases/Sprint 2/WRMA-60/C728" time="106.322" classname="Test Cases/Sprint 2/WRMA-60/C728" status="PASSED">
         <system-out><![CDATA[24-03-2025T22:22:16 - [TEST_CASE][PASSED] - Test Cases/Sprint 2/WRMA-60/C728: Test Cases/Sprint 2/WRMA-60/C728

24-03-2025T22:22:16 - [TEST_STEP][PASSED] - startApplication("C:\Users\GVVignesh\git\WGR_Android\App Folder\universal.apk", true): Started application: 'C:\Users\GVVignesh\git\WGR_Android\App Folder\universal.apk'

24-03-2025T22:22:17 - [MESSAGE][INFO] - Starting application: 'C:\Users\GVVignesh\git\WGR_Android\App Folder\universal.apk'

24-03-2025T22:22:17 - [MESSAGE][INFO] - User set preference: ['deviceId', '']

24-03-2025T22:22:17 - [MESSAGE][INFO] - Detected NodeJS location: "C:\Program Files\nodejs\node.exe"

24-03-2025T22:22:27 - [MESSAGE][INFO] - PATH: C:\Program Files\nodejs;

24-03-2025T22:22:27 - [MESSAGE][INFO] - APPIUM_HOME: C:\Users\GVVignesh\.appium

24-03-2025T22:22:27 - [MESSAGE][INFO] - appium outlog: C:\Users\GVVignesh\Katalon Studio\WGR_Android\Reports\20250324_221718\Sprint-2\20250324_221721\appium.log

24-03-2025T22:22:27 - [MESSAGE][INFO] - appium errlog: C:\Users\GVVignesh\Katalon Studio\WGR_Android\Reports\20250324_221718\Sprint-2\20250324_221721\appium_error.log

24-03-2025T22:22:30 - [MESSAGE][INFO] - Appium server started on port 50,409

24-03-2025T22:23:03 - [MESSAGE][PASSED] - Started application: 'C:\Users\GVVignesh\git\WGR_Android\App Folder\universal.apk'

24-03-2025T22:23:03 - [TEST_STEP][PASSED] - delay(5): Delayed 5 second(s)

24-03-2025T22:23:08 - [MESSAGE][PASSED] - Delayed 5 second(s)

24-03-2025T22:23:08 - [TEST_STEP][PASSED] - tap(findTestObject("Object Repository/Repo/android.widget.Button - Login or Sign Up"), 0): Tapped on element 'Object Repository/Repo/android.widget.Button - Login or Sign Up'

24-03-2025T22:23:08 - [MESSAGE][WARNING] - Timeout '0' is invalid. Using default page load timeout: '30'

24-03-2025T22:23:10 - [MESSAGE][PASSED] - Tapped on element 'Object Repository/Repo/android.widget.Button - Login or Sign Up'

24-03-2025T22:23:10 - [TEST_STEP][PASSED] - delay(10): Delayed 10 second(s)

24-03-2025T22:23:20 - [MESSAGE][PASSED] - Delayed 10 second(s)

24-03-2025T22:23:20 - [TEST_STEP][PASSED] - testData = findTestData("Data Files/C728 (1)"): null

24-03-2025T22:23:20 - [TEST_STEP][PASSED] - email = testData.getValue("email", 1): null

24-03-2025T22:23:20 - [TEST_STEP][PASSED] - sendKeys(findTestObject("Object Repository/Repo/android.widget.EditText-LoginorSignUp"), email): Send keys 'emailuser@domain.com' on test object 'Object Repository/Repo/android.widget.EditText-LoginorSignUp' successfully.

24-03-2025T22:23:21 - [MESSAGE][PASSED] - Send keys 'emailuser@domain.com' on test object 'Object Repository/Repo/android.widget.EditText-LoginorSignUp' successfully.

24-03-2025T22:23:21 - [TEST_STEP][PASSED] - delay(10): Delayed 10 second(s)

24-03-2025T22:23:31 - [MESSAGE][PASSED] - Delayed 10 second(s)

24-03-2025T22:23:31 - [TEST_STEP][PASSED] - tap(findTestObject("Object Repository/Repo/android.widget.Button - Next"), 0): Tapped on element 'Object Repository/Repo/android.widget.Button - Next'

24-03-2025T22:23:31 - [MESSAGE][WARNING] - Timeout '0' is invalid. Using default page load timeout: '30'

24-03-2025T22:23:31 - [MESSAGE][PASSED] - Tapped on element 'Object Repository/Repo/android.widget.Button - Next'

24-03-2025T22:23:31 - [TEST_STEP][PASSED] - delay(10): Delayed 10 second(s)

24-03-2025T22:23:41 - [MESSAGE][PASSED] - Delayed 10 second(s)

24-03-2025T22:23:41 - [TEST_STEP][PASSED] - tap(findTestObject("Object Repository/Repo/android.widget.Button - reset"), 0): Tapped on element 'Object Repository/Repo/android.widget.Button - reset'

24-03-2025T22:23:41 - [MESSAGE][WARNING] - Timeout '0' is invalid. Using default page load timeout: '30'

24-03-2025T22:23:42 - [MESSAGE][PASSED] - Tapped on element 'Object Repository/Repo/android.widget.Button - reset'

24-03-2025T22:23:42 - [TEST_STEP][PASSED] - hideKeyboard(): Keyboard is hidden

24-03-2025T22:23:43 - [MESSAGE][PASSED] - Keyboard is hidden

24-03-2025T22:23:43 - [TEST_STEP][PASSED] - delay(10): Delayed 10 second(s)

24-03-2025T22:23:53 - [MESSAGE][PASSED] - Delayed 10 second(s)

24-03-2025T22:23:53 - [TEST_STEP][PASSED] - sendKeys(findTestObject("Object Repository/Repo/android.widget.EditText-NewUserEmail"), email): Send keys 'emailuser@domain.com' on test object 'Object Repository/Repo/android.widget.EditText-NewUserEmail' successfully.

24-03-2025T22:23:54 - [MESSAGE][PASSED] - Send keys 'emailuser@domain.com' on test object 'Object Repository/Repo/android.widget.EditText-NewUserEmail' successfully.

24-03-2025T22:23:54 - [TEST_STEP][PASSED] - enteredEmail = getText(findTestObject("Object Repository/Repo/android.widget.EditText-NewUserEmail"), 0): Text of element 'Object Repository/Repo/android.widget.EditText-NewUserEmail' is: 'emailuser@domain.com'

24-03-2025T22:23:54 - [MESSAGE][WARNING] - Timeout '0' is invalid. Using default page load timeout: '30'

24-03-2025T22:23:55 - [MESSAGE][PASSED] - Text of element 'Object Repository/Repo/android.widget.EditText-NewUserEmail' is: 'emailuser@domain.com'

24-03-2025T22:23:55 - [TEST_STEP][PASSED] - assert enteredEmail == email: null

24-03-2025T22:23:55 - [TEST_STEP][PASSED] - delay(5): Delayed 5 second(s)

24-03-2025T22:24:00 - [MESSAGE][PASSED] - Delayed 5 second(s)

24-03-2025T22:24:00 - [TEST_STEP][PASSED] - closeApplication(): Close app successfully

24-03-2025T22:24:02 - [MESSAGE][PASSED] - Close app successfully]]></system-out>
         <system-err><![CDATA[]]></system-err>
      </testcase>
      <system-out><![CDATA[24-03-2025T22:22:16 - [TEST_SUITE][PASSED] - Sprint-2: Test Cases/Sprint 2/WRMA-60/C728]]></system-out>
      <system-err><![CDATA[]]></system-err>
   </testsuite>
</testsuites>
